#
# There is insufficient memory for the Java Runtime Environment to continue.
# Native memory allocation (malloc) failed to allocate 262160 bytes for Chunk::new
# Possible reasons:
#   The system is out of physical RAM or swap space
#   In 32 bit mode, the process size limit was hit
# Possible solutions:
#   Reduce memory load on the system
#   Increase physical memory or swap space
#   Check if swap backing store is full
#   Use 64 bit Java on a 64 bit OS
#   Decrease Java heap size (-Xmx/-Xms)
#   Decrease number of Java threads
#   Decrease Java thread stack sizes (-Xss)
#   Set larger code cache with -XX:ReservedCodeCacheSize=
# This output file may be truncated or incomplete.
#
#  Out of Memory Error (allocation.cpp:390), pid=10416, tid=7852
#
# JRE version: Java(TM) SE Runtime Environment (8.0_31-b13) (build 1.8.0_31-b13)
# Java VM: Java HotSpot(TM) 64-Bit Server VM (25.31-b07 mixed mode windows-amd64 compressed oops)
# Failed to write core dump. Minidumps are not enabled by default on client versions of Windows
#

---------------  T H R E A D  ---------------

Current thread (0x0000000017216000):  JavaThread "C2 CompilerThread0" daemon [_thread_in_native, id=7852, stack(0x0000000017790000,0x0000000017890000)]

Stack: [0x0000000017790000,0x0000000017890000]
Native frames: (J=compiled Java code, j=interpreted, Vv=VM code, C=native code)
V  [jvm.dll+0x3169ba]
V  [jvm.dll+0x2674c3]
V  [jvm.dll+0x268103]
V  [jvm.dll+0x25f8f5]
V  [jvm.dll+0xbf025]
V  [jvm.dll+0xbf4cc]
V  [jvm.dll+0xbf774]
V  [jvm.dll+0x4cfb00]
V  [jvm.dll+0x45ec0a]
V  [jvm.dll+0x463410]
V  [jvm.dll+0x465ada]
V  [jvm.dll+0x465d23]
V  [jvm.dll+0x452b83]
V  [jvm.dll+0x454124]
V  [jvm.dll+0x437c62]
V  [jvm.dll+0x988e2]
V  [jvm.dll+0x990d3]
V  [jvm.dll+0x22c194]
V  [jvm.dll+0x28576a]
C  [msvcr100.dll+0x21d9f]
C  [msvcr100.dll+0x21e3b]
C  [KERNEL32.DLL+0x18102]
C  [ntdll.dll+0x5c2e4]


Current CompileTask:
C2:  25163 7047  s    4       java.beans.PropertyDescriptor::setReadMethod (64 bytes)


---------------  P R O C E S S  ---------------

Java Threads: ( => current thread )
  0x00000000173e5800 JavaThread "Forward streams with process: command 'C:\Program Files\Java\jdk1.8.0_31\bin\java.exe' Thread 3" [_thread_in_native, id=4728, stack(0x0000000022e60000,0x0000000022f60000)]
  0x00000000173e8800 JavaThread "Forward streams with process: command 'C:\Program Files\Java\jdk1.8.0_31\bin\java.exe' Thread 2" [_thread_in_native, id=11004, stack(0x0000000022d60000,0x0000000022e60000)]
  0x00000000173e3000 JavaThread "Forward streams with process: command 'C:\Program Files\Java\jdk1.8.0_31\bin\java.exe'" [_thread_blocked, id=11016, stack(0x0000000022c60000,0x0000000022d60000)]
  0x00000000173e1000 JavaThread "Run command 'C:\Program Files\Java\jdk1.8.0_31\bin\java.exe'" [_thread_in_native, id=4772, stack(0x0000000022a60000,0x0000000022b60000)]
  0x00000000173e4800 JavaThread "Forward streams with process: command 'C:\Program Files\Java\jdk1.8.0_31\bin\java.exe' Thread 3" [_thread_in_native, id=10784, stack(0x0000000022960000,0x0000000022a60000)]
  0x00000000173e7000 JavaThread "Forward streams with process: command 'C:\Program Files\Java\jdk1.8.0_31\bin\java.exe' Thread 2" [_thread_in_native, id=10424, stack(0x0000000022860000,0x0000000022960000)]
  0x00000000173e7800 JavaThread "Forward streams with process: command 'C:\Program Files\Java\jdk1.8.0_31\bin\java.exe'" [_thread_blocked, id=4152, stack(0x0000000022760000,0x0000000022860000)]
  0x00000000173e2800 JavaThread "Forward streams with process: command 'C:\Program Files\Java\jdk1.8.0_31\bin\java.exe' Thread 3" [_thread_in_native, id=2204, stack(0x0000000022560000,0x0000000022660000)]
  0x00000000173de800 JavaThread "Forward streams with process: command 'C:\Program Files\Java\jdk1.8.0_31\bin\java.exe' Thread 2" [_thread_in_native, id=9856, stack(0x0000000022460000,0x0000000022560000)]
  0x00000000173e1800 JavaThread "Forward streams with process: command 'C:\Program Files\Java\jdk1.8.0_31\bin\java.exe'" [_thread_blocked, id=10792, stack(0x0000000022360000,0x0000000022460000)]
  0x00000000173de000 JavaThread "Run command 'C:\Program Files\Java\jdk1.8.0_31\bin\java.exe'" [_thread_in_native, id=2752, stack(0x0000000022160000,0x0000000022260000)]
  0x00000000173da000 JavaThread "Forward streams with process: command 'C:\Program Files\Java\jdk1.8.0_31\bin\java.exe' Thread 3" [_thread_in_native, id=3648, stack(0x0000000022060000,0x0000000022160000)]
  0x00000000173d9800 JavaThread "Forward streams with process: command 'C:\Program Files\Java\jdk1.8.0_31\bin\java.exe' Thread 2" [_thread_in_native, id=3188, stack(0x0000000021f60000,0x0000000022060000)]
  0x00000000173dc800 JavaThread "Forward streams with process: command 'C:\Program Files\Java\jdk1.8.0_31\bin\java.exe'" [_thread_blocked, id=10948, stack(0x0000000021e60000,0x0000000021f60000)]
  0x00000000173dd000 JavaThread "Run command 'C:\Program Files\Java\jdk1.8.0_31\bin\java.exe'" [_thread_in_native, id=2232, stack(0x0000000021c60000,0x0000000021d60000)]
  0x00000000173db000 JavaThread "Forward streams with process: command 'C:\Program Files\Java\jdk1.8.0_31\bin\java.exe' Thread 3" [_thread_in_native, id=1172, stack(0x0000000021b60000,0x0000000021c60000)]
  0x00000000173df800 JavaThread "Forward streams with process: command 'C:\Program Files\Java\jdk1.8.0_31\bin\java.exe' Thread 2" [_thread_in_native, id=3728, stack(0x0000000021a60000,0x0000000021b60000)]
  0x00000000173e0000 JavaThread "Forward streams with process: command 'C:\Program Files\Java\jdk1.8.0_31\bin\java.exe'" [_thread_blocked, id=8148, stack(0x0000000021960000,0x0000000021a60000)]
  0x0000000017231000 JavaThread "Forward streams with process: command 'C:\Program Files\Java\jdk1.8.0_31\bin\java.exe' Thread 3" [_thread_in_native, id=7620, stack(0x0000000021760000,0x0000000021860000)]
  0x0000000017232800 JavaThread "Forward streams with process: command 'C:\Program Files\Java\jdk1.8.0_31\bin\java.exe' Thread 2" [_thread_in_native, id=9536, stack(0x0000000021660000,0x0000000021760000)]
  0x0000000017230800 JavaThread "Forward streams with process: command 'C:\Program Files\Java\jdk1.8.0_31\bin\java.exe'" [_thread_blocked, id=10716, stack(0x0000000021560000,0x0000000021660000)]
  0x0000000018e84800 JavaThread "Forward streams with process: command 'C:\Program Files\Java\jdk1.8.0_31\bin\java.exe' Thread 3" [_thread_in_native, id=3256, stack(0x0000000021360000,0x0000000021460000)]
  0x0000000018e83800 JavaThread "Forward streams with process: command 'C:\Program Files\Java\jdk1.8.0_31\bin\java.exe' Thread 2" [_thread_in_native, id=6808, stack(0x0000000021260000,0x0000000021360000)]
  0x0000000018e82000 JavaThread "Forward streams with process: command 'C:\Program Files\Java\jdk1.8.0_31\bin\java.exe'" [_thread_blocked, id=10940, stack(0x0000000021160000,0x0000000021260000)]
  0x0000000018e81800 JavaThread "Run command 'C:\Program Files\Java\jdk1.8.0_31\bin\java.exe'" [_thread_in_native, id=4532, stack(0x0000000020f60000,0x0000000021060000)]
  0x0000000018e7a000 JavaThread "Run command 'C:\Program Files\Java\jdk1.8.0_31\bin\java.exe'" [_thread_in_native, id=10988, stack(0x0000000020e60000,0x0000000020f60000)]
  0x0000000018e80800 JavaThread "Run command 'C:\Program Files\Java\jdk1.8.0_31\bin\java.exe'" [_thread_in_native, id=3620, stack(0x0000000020d60000,0x0000000020e60000)]
  0x0000000018e80000 JavaThread "Run command 'C:\Program Files\Java\jdk1.8.0_31\bin\java.exe'" [_thread_in_native, id=4708, stack(0x0000000020c60000,0x0000000020d60000)]
  0x0000000018e7e800 JavaThread "pool-1-thread-7" [_thread_blocked, id=884, stack(0x0000000020b60000,0x0000000020c60000)]
  0x0000000018e7f000 JavaThread "pool-1-thread-6" [_thread_blocked, id=4008, stack(0x0000000020a60000,0x0000000020b60000)]
  0x0000000018e7d800 JavaThread "pool-1-thread-5" [_thread_blocked, id=6448, stack(0x0000000020960000,0x0000000020a60000)]
  0x0000000018e78800 JavaThread "pool-1-thread-4" [_thread_blocked, id=10364, stack(0x0000000020860000,0x0000000020960000)]
  0x0000000018e7d000 JavaThread "pool-1-thread-3" [_thread_blocked, id=6804, stack(0x0000000020760000,0x0000000020860000)]
  0x0000000018e77800 JavaThread "pool-1-thread-2" [_thread_blocked, id=10328, stack(0x0000000020660000,0x0000000020760000)]
  0x0000000018e75800 JavaThread "pool-1-thread-1" [_thread_blocked, id=208, stack(0x0000000020560000,0x0000000020660000)]
  0x0000000018e7c000 JavaThread "Stdin handler" [_thread_blocked, id=6404, stack(0x0000000020460000,0x0000000020560000)]
  0x0000000018e7b800 JavaThread "Cancel handler" [_thread_blocked, id=6348, stack(0x0000000020360000,0x0000000020460000)]
  0x0000000018e76000 JavaThread "Handler for socket connection from /127.0.0.1:55280 to /127.0.0.1:55308" [_thread_in_native, id=6844, stack(0x0000000020260000,0x0000000020360000)]
  0x0000000018d9d000 JavaThread "File lock request listener" [_thread_in_native, id=10388, stack(0x000000001b3d0000,0x000000001b4d0000)]
  0x0000000018a2a800 JavaThread "Daemon worker" [_thread_blocked, id=10436, stack(0x0000000019c00000,0x0000000019d00000)]
  0x0000000018a25000 JavaThread "Daemon" [_thread_blocked, id=9532, stack(0x0000000019900000,0x0000000019a00000)]
  0x00000000189cb800 JavaThread "Incoming local TCP Connector on port 55280" [_thread_in_native, id=10684, stack(0x00000000195a0000,0x00000000196a0000)]
  0x00000000172bc000 JavaThread "Service Thread" daemon [_thread_blocked, id=5112, stack(0x0000000017b90000,0x0000000017c90000)]
  0x000000001722b800 JavaThread "C1 CompilerThread3" daemon [_thread_blocked, id=1260, stack(0x0000000017a90000,0x0000000017b90000)]
  0x000000001721f800 JavaThread "C2 CompilerThread2" daemon [_thread_blocked, id=10356, stack(0x0000000017990000,0x0000000017a90000)]
  0x0000000017218000 JavaThread "C2 CompilerThread1" daemon [_thread_blocked, id=7032, stack(0x0000000017890000,0x0000000017990000)]
=>0x0000000017216000 JavaThread "C2 CompilerThread0" daemon [_thread_in_native, id=7852, stack(0x0000000017790000,0x0000000017890000)]
  0x0000000017213000 JavaThread "Attach Listener" daemon [_thread_blocked, id=10904, stack(0x0000000017690000,0x0000000017790000)]
  0x0000000017212800 JavaThread "Signal Dispatcher" daemon [_thread_blocked, id=11256, stack(0x0000000017590000,0x0000000017690000)]
  0x0000000002699000 JavaThread "Finalizer" daemon [_thread_blocked, id=7772, stack(0x0000000017090000,0x0000000017190000)]
  0x0000000002692000 JavaThread "Reference Handler" daemon [_thread_blocked, id=5640, stack(0x0000000016f90000,0x0000000017090000)]
  0x00000000025a2800 JavaThread "main" [_thread_blocked, id=6800, stack(0x0000000002420000,0x0000000002520000)]

Other Threads:
  0x00000000151b9000 VMThread [stack: 0x0000000016e90000,0x0000000016f90000] [id=3448]
  0x00000000172bd000 WatcherThread [stack: 0x0000000017c90000,0x0000000017d90000] [id=2096]

VM state:not at safepoint (normal execution)

VM Mutex/Monitor currently owned by a thread: None

Heap:
 PSYoungGen      total 163840K, used 113343K [0x00000000eab00000, 0x00000000f7400000, 0x0000000100000000)
  eden space 141312K, 77% used [0x00000000eab00000,0x00000000f1577f18,0x00000000f3500000)
  from space 22528K, 19% used [0x00000000f4a80000,0x00000000f4eb8000,0x00000000f6080000)
  to   space 22016K, 0% used [0x00000000f3500000,0x00000000f3500000,0x00000000f4a80000)
 ParOldGen       total 115712K, used 38976K [0x00000000c0000000, 0x00000000c7100000, 0x00000000eab00000)
  object space 115712K, 33% used [0x00000000c0000000,0x00000000c2610280,0x00000000c7100000)
 Metaspace       used 45789K, capacity 47780K, committed 48000K, reserved 1091584K
  class space    used 6307K, capacity 6750K, committed 6784K, reserved 1048576K

Card table byte_map: [0x0000000011a60000,0x0000000011c70000] byte_map_base: 0x0000000011460000

Marking Bits: (ParMarkBitMap*) 0x000000005352d4f0
 Begin Bits: [0x00000000125d0000, 0x00000000135d0000)
 End Bits:   [0x00000000135d0000, 0x00000000145d0000)

Polling page: 0x0000000000530000

CodeCache: size=245760Kb used=22866Kb max_used=22975Kb free=222893Kb
 bounds [0x00000000026a0000, 0x0000000003d30000, 0x00000000116a0000]
 total_blobs=7087 nmethods=6401 adapters=598
 compilation: enabled

Compilation events (10 events):
Event: 24.970 Thread 0x000000001722b800 7160       3       java.util.concurrent.SynchronousQueue$TransferStack::shouldSpin (30 bytes)
Event: 24.971 Thread 0x000000001722b800 nmethod 7160 0x000000000355bad0 code [0x000000000355bc40, 0x000000000355bf30]
Event: 24.976 Thread 0x000000001722b800 7161       3       net.rubygrapefruit.platform.internal.FunctionResult::<init> (5 bytes)
Event: 24.977 Thread 0x000000001722b800 nmethod 7161 0x0000000002efd650 code [0x0000000002efd7a0, 0x0000000002efd950]
Event: 24.977 Thread 0x000000001722b800 7162       3       java.lang.ProcessEnvironment::addToEnv (20 bytes)
Event: 24.977 Thread 0x000000001722b800 nmethod 7162 0x0000000002f9e310 code [0x0000000002f9e500, 0x0000000002f9ee38]
Event: 25.031 Thread 0x0000000017218000 7163       4       com.google.common.base.Preconditions::checkNotNull (14 bytes)
Event: 25.031 Thread 0x000000001721f800 7164       4       java.util.ArrayList::toArray (12 bytes)
Event: 25.031 Thread 0x0000000017218000 nmethod 7163 0x000000000384f510 code [0x000000000384f640, 0x000000000384f698]
Event: 25.033 Thread 0x000000001721f800 nmethod 7164 0x0000000002b50890 code [0x0000000002b509e0, 0x0000000002b50bb8]

GC Heap History (10 events):
Event: 4.660 GC heap before
{Heap before GC invocations=11 (full 2):
 PSYoungGen      total 131584K, used 12799K [0x00000000eab00000, 0x00000000f5680000, 0x0000000100000000)
  eden space 118784K, 0% used [0x00000000eab00000,0x00000000eab00000,0x00000000f1f00000)
  from space 12800K, 99% used [0x00000000f1f00000,0x00000000f2b7fe30,0x00000000f2b80000)
  to   space 15872K, 0% used [0x00000000f4700000,0x00000000f4700000,0x00000000f5680000)
 ParOldGen       total 69120K, used 12677K [0x00000000c0000000, 0x00000000c4380000, 0x00000000eab00000)
  object space 69120K, 18% used [0x00000000c0000000,0x00000000c0c61758,0x00000000c4380000)
 Metaspace       used 34610K, capacity 35286K, committed 35496K, reserved 1079296K
  class space    used 4650K, capacity 4834K, committed 4864K, reserved 1048576K
Event: 4.736 GC heap after
Heap after GC invocations=11 (full 2):
 PSYoungGen      total 131584K, used 0K [0x00000000eab00000, 0x00000000f5680000, 0x0000000100000000)
  eden space 118784K, 0% used [0x00000000eab00000,0x00000000eab00000,0x00000000f1f00000)
  from space 12800K, 0% used [0x00000000f1f00000,0x00000000f1f00000,0x00000000f2b80000)
  to   space 15872K, 0% used [0x00000000f4700000,0x00000000f4700000,0x00000000f5680000)
 ParOldGen       total 115712K, used 20967K [0x00000000c0000000, 0x00000000c7100000, 0x00000000eab00000)
  object space 115712K, 18% used [0x00000000c0000000,0x00000000c1479e60,0x00000000c7100000)
 Metaspace       used 34591K, capacity 35264K, committed 35496K, reserved 1079296K
  class space    used 4644K, capacity 4828K, committed 4864K, reserved 1048576K
}
Event: 5.868 GC heap before
{Heap before GC invocations=12 (full 2):
 PSYoungGen      total 131584K, used 118784K [0x00000000eab00000, 0x00000000f5680000, 0x0000000100000000)
  eden space 118784K, 100% used [0x00000000eab00000,0x00000000f1f00000,0x00000000f1f00000)
  from space 12800K, 0% used [0x00000000f1f00000,0x00000000f1f00000,0x00000000f2b80000)
  to   space 15872K, 0% used [0x00000000f4700000,0x00000000f4700000,0x00000000f5680000)
 ParOldGen       total 115712K, used 20967K [0x00000000c0000000, 0x00000000c7100000, 0x00000000eab00000)
  object space 115712K, 18% used [0x00000000c0000000,0x00000000c1479e60,0x00000000c7100000)
 Metaspace       used 38475K, capacity 39384K, committed 39552K, reserved 1083392K
  class space    used 5233K, capacity 5437K, committed 5504K, reserved 1048576K
Event: 5.879 GC heap after
Heap after GC invocations=12 (full 2):
 PSYoungGen      total 156672K, used 15268K [0x00000000eab00000, 0x00000000f5780000, 0x0000000100000000)
  eden space 140800K, 0% used [0x00000000eab00000,0x00000000eab00000,0x00000000f3480000)
  from space 15872K, 96% used [0x00000000f4700000,0x00000000f55e90e8,0x00000000f5680000)
  to   space 17920K, 0% used [0x00000000f3480000,0x00000000f3480000,0x00000000f4600000)
 ParOldGen       total 115712K, used 20975K [0x00000000c0000000, 0x00000000c7100000, 0x00000000eab00000)
  object space 115712K, 18% used [0x00000000c0000000,0x00000000c147be60,0x00000000c7100000)
 Metaspace       used 38475K, capacity 39384K, committed 39552K, reserved 1083392K
  class space    used 5233K, capacity 5437K, committed 5504K, reserved 1048576K
}
Event: 6.739 GC heap before
{Heap before GC invocations=13 (full 2):
 PSYoungGen      total 156672K, used 130843K [0x00000000eab00000, 0x00000000f5780000, 0x0000000100000000)
  eden space 140800K, 82% used [0x00000000eab00000,0x00000000f1bdde60,0x00000000f3480000)
  from space 15872K, 96% used [0x00000000f4700000,0x00000000f55e90e8,0x00000000f5680000)
  to   space 17920K, 0% used [0x00000000f3480000,0x00000000f3480000,0x00000000f4600000)
 ParOldGen       total 115712K, used 20975K [0x00000000c0000000, 0x00000000c7100000, 0x00000000eab00000)
  object space 115712K, 18% used [0x00000000c0000000,0x00000000c147be60,0x00000000c7100000)
 Metaspace       used 42597K, capacity 44138K, committed 44288K, reserved 1087488K
  class space    used 5920K, capacity 6315K, committed 6400K, reserved 1048576K
Event: 6.758 GC heap after
Heap after GC invocations=13 (full 2):
 PSYoungGen      total 158720K, used 17898K [0x00000000eab00000, 0x00000000f6080000, 0x0000000100000000)
  eden space 140800K, 0% used [0x00000000eab00000,0x00000000eab00000,0x00000000f3480000)
  from space 17920K, 99% used [0x00000000f3480000,0x00000000f45faac0,0x00000000f4600000)
  to   space 22528K, 0% used [0x00000000f4a80000,0x00000000f4a80000,0x00000000f6080000)
 ParOldGen       total 115712K, used 25822K [0x00000000c0000000, 0x00000000c7100000, 0x00000000eab00000)
  object space 115712K, 22% used [0x00000000c0000000,0x00000000c1937ba0,0x00000000c7100000)
 Metaspace       used 42597K, capacity 44138K, committed 44288K, reserved 1087488K
  class space    used 5920K, capacity 6315K, committed 6400K, reserved 1048576K
}
Event: 6.758 GC heap before
{Heap before GC invocations=14 (full 3):
 PSYoungGen      total 158720K, used 17898K [0x00000000eab00000, 0x00000000f6080000, 0x0000000100000000)
  eden space 140800K, 0% used [0x00000000eab00000,0x00000000eab00000,0x00000000f3480000)
  from space 17920K, 99% used [0x00000000f3480000,0x00000000f45faac0,0x00000000f4600000)
  to   space 22528K, 0% used [0x00000000f4a80000,0x00000000f4a80000,0x00000000f6080000)
 ParOldGen       total 115712K, used 25822K [0x00000000c0000000, 0x00000000c7100000, 0x00000000eab00000)
  object space 115712K, 22% used [0x00000000c0000000,0x00000000c1937ba0,0x00000000c7100000)
 Metaspace       used 42597K, capacity 44138K, committed 44288K, reserved 1087488K
  class space    used 5920K, capacity 6315K, committed 6400K, reserved 1048576K
Event: 6.958 GC heap after
Heap after GC invocations=14 (full 3):
 PSYoungGen      total 158720K, used 0K [0x00000000eab00000, 0x00000000f6080000, 0x0000000100000000)
  eden space 140800K, 0% used [0x00000000eab00000,0x00000000eab00000,0x00000000f3480000)
  from space 17920K, 0% used [0x00000000f3480000,0x00000000f3480000,0x00000000f4600000)
  to   space 22528K, 0% used [0x00000000f4a80000,0x00000000f4a80000,0x00000000f6080000)
 ParOldGen       total 115712K, used 38968K [0x00000000c0000000, 0x00000000c7100000, 0x00000000eab00000)
  object space 115712K, 33% used [0x00000000c0000000,0x00000000c260e280,0x00000000c7100000)
 Metaspace       used 42597K, capacity 44138K, committed 44288K, reserved 1087488K
  class space    used 5920K, capacity 6315K, committed 6400K, reserved 1048576K
}
Event: 24.035 GC heap before
{Heap before GC invocations=15 (full 3):
 PSYoungGen      total 158720K, used 140800K [0x00000000eab00000, 0x00000000f6080000, 0x0000000100000000)
  eden space 140800K, 100% used [0x00000000eab00000,0x00000000f3480000,0x00000000f3480000)
  from space 17920K, 0% used [0x00000000f3480000,0x00000000f3480000,0x00000000f4600000)
  to   space 22528K, 0% used [0x00000000f4a80000,0x00000000f4a80000,0x00000000f6080000)
 ParOldGen       total 115712K, used 38968K [0x00000000c0000000, 0x00000000c7100000, 0x00000000eab00000)
  object space 115712K, 33% used [0x00000000c0000000,0x00000000c260e280,0x00000000c7100000)
 Metaspace       used 45084K, capacity 47018K, committed 47232K, reserved 1089536K
  class space    used 6222K, capacity 6662K, committed 6784K, reserved 1048576K
Event: 24.041 GC heap after
Heap after GC invocations=15 (full 3):
 PSYoungGen      total 163840K, used 4320K [0x00000000eab00000, 0x00000000f7400000, 0x0000000100000000)
  eden space 141312K, 0% used [0x00000000eab00000,0x00000000eab00000,0x00000000f3500000)
  from space 22528K, 19% used [0x00000000f4a80000,0x00000000f4eb8000,0x00000000f6080000)
  to   space 22016K, 0% used [0x00000000f3500000,0x00000000f3500000,0x00000000f4a80000)
 ParOldGen       total 115712K, used 38976K [0x00000000c0000000, 0x00000000c7100000, 0x00000000eab00000)
  object space 115712K, 33% used [0x00000000c0000000,0x00000000c2610280,0x00000000c7100000)
 Metaspace       used 45084K, capacity 47018K, committed 47232K, reserved 1089536K
  class space    used 6222K, capacity 6662K, committed 6784K, reserved 1048576K
}

Deoptimization events (10 events):
Event: 24.843 Thread 0x0000000018a2a800 Uncommon trap: reason=class_check action=maybe_recompile pc=0x00000000032fe9d4 method=java.util.AbstractList$Itr.hasNext()Z @ 8
Event: 24.843 Thread 0x0000000018a2a800 Uncommon trap: reason=bimorphic action=maybe_recompile pc=0x0000000003316f34 method=java.util.AbstractList$Itr.next()Ljava/lang/Object; @ 14
Event: 24.843 Thread 0x0000000018a2a800 Uncommon trap: reason=class_check action=maybe_recompile pc=0x00000000032fe9d4 method=java.util.AbstractList$Itr.hasNext()Z @ 8
Event: 24.843 Thread 0x0000000018a2a800 Uncommon trap: reason=bimorphic action=maybe_recompile pc=0x0000000003316f34 method=java.util.AbstractList$Itr.next()Ljava/lang/Object; @ 14
Event: 24.843 Thread 0x0000000018a2a800 Uncommon trap: reason=class_check action=maybe_recompile pc=0x00000000032fe9d4 method=java.util.AbstractList$Itr.hasNext()Z @ 8
Event: 24.843 Thread 0x0000000018a2a800 Uncommon trap: reason=bimorphic action=maybe_recompile pc=0x0000000003316f34 method=java.util.AbstractList$Itr.next()Ljava/lang/Object; @ 14
Event: 24.843 Thread 0x0000000018a2a800 Uncommon trap: reason=class_check action=maybe_recompile pc=0x00000000032fe9d4 method=java.util.AbstractList$Itr.hasNext()Z @ 8
Event: 24.843 Thread 0x0000000018a2a800 Uncommon trap: reason=bimorphic action=maybe_recompile pc=0x0000000003316f34 method=java.util.AbstractList$Itr.next()Ljava/lang/Object; @ 14
Event: 24.850 Thread 0x0000000018e7f000 Uncommon trap: reason=unreached action=reinterpret pc=0x000000000306a18c method=java.lang.ThreadLocal.get()Ljava/lang/Object; @ 11
Event: 24.864 Thread 0x0000000018e7f000 Uncommon trap: reason=class_check action=maybe_recompile pc=0x0000000002b840b0 method=java.util.concurrent.ConcurrentHashMap.putVal(Ljava/lang/Object;Ljava/lang/Object;Z)Ljava/lang/Object; @ 192

Internal exceptions (10 events):
Event: 24.887 Thread 0x0000000018e80000 Exception <a 'java/security/PrivilegedActionException'> (0x00000000f0616478) thrown at [C:\workspace\8-2-build-windows-amd64-cygwin\jdk8u31\2394\hotspot\src\share\vm\prims\jvm.cpp, line 1312]
Event: 24.887 Thread 0x0000000018e80000 Exception <a 'java/security/PrivilegedActionException'> (0x00000000f0616ca0) thrown at [C:\workspace\8-2-build-windows-amd64-cygwin\jdk8u31\2394\hotspot\src\share\vm\prims\jvm.cpp, line 1312]
Event: 24.887 Thread 0x0000000018e80000 Exception <a 'java/security/PrivilegedActionException'> (0x00000000f0619c30) thrown at [C:\workspace\8-2-build-windows-amd64-cygwin\jdk8u31\2394\hotspot\src\share\vm\prims\jvm.cpp, line 1312]
Event: 24.888 Thread 0x0000000018e80000 Exception <a 'java/security/PrivilegedActionException'> (0x00000000f061a398) thrown at [C:\workspace\8-2-build-windows-amd64-cygwin\jdk8u31\2394\hotspot\src\share\vm\prims\jvm.cpp, line 1312]
Event: 24.888 Thread 0x0000000018e80000 Exception <a 'java/security/PrivilegedActionException'> (0x00000000f061df08) thrown at [C:\workspace\8-2-build-windows-amd64-cygwin\jdk8u31\2394\hotspot\src\share\vm\prims\jvm.cpp, line 1312]
Event: 24.888 Thread 0x0000000018e80000 Exception <a 'java/security/PrivilegedActionException'> (0x00000000f061e738) thrown at [C:\workspace\8-2-build-windows-amd64-cygwin\jdk8u31\2394\hotspot\src\share\vm\prims\jvm.cpp, line 1312]
Event: 24.889 Thread 0x0000000018e80000 Exception <a 'java/security/PrivilegedActionException'> (0x00000000f0623150) thrown at [C:\workspace\8-2-build-windows-amd64-cygwin\jdk8u31\2394\hotspot\src\share\vm\prims\jvm.cpp, line 1312]
Event: 24.889 Thread 0x0000000018e80000 Exception <a 'java/security/PrivilegedActionException'> (0x00000000f06239e8) thrown at [C:\workspace\8-2-build-windows-amd64-cygwin\jdk8u31\2394\hotspot\src\share\vm\prims\jvm.cpp, line 1312]
Event: 24.889 Thread 0x0000000018e80000 Exception <a 'java/security/PrivilegedActionException'> (0x00000000f0627328) thrown at [C:\workspace\8-2-build-windows-amd64-cygwin\jdk8u31\2394\hotspot\src\share\vm\prims\jvm.cpp, line 1312]
Event: 24.889 Thread 0x0000000018e80000 Exception <a 'java/security/PrivilegedActionException'> (0x00000000f0627cd8) thrown at [C:\workspace\8-2-build-windows-amd64-cygwin\jdk8u31\2394\hotspot\src\share\vm\prims\jvm.cpp, line 1312]

Events (10 events):
Event: 25.031 Thread 0x00000000173e1000 Thread added: 0x00000000173e1000
Event: 25.064 Thread 0x00000000173db800 Thread added: 0x00000000173db800
Event: 25.065 Thread 0x00000000173e3000 Thread added: 0x00000000173e3000
Event: 25.065 Thread 0x00000000173e8800 Thread added: 0x00000000173e8800
Event: 25.065 Thread 0x00000000173e5800 Thread added: 0x00000000173e5800
Event: 25.102 Executing VM operation: RevokeBias
Event: 25.130 Executing VM operation: RevokeBias done
Event: 25.130 Thread 0x00000000173db800 Thread exited: 0x00000000173db800
Event: 25.130 Executing VM operation: RevokeBias
Event: 25.130 Executing VM operation: RevokeBias done


Dynamic libraries:
0x00007ff7e2a80000 - 0x00007ff7e2ab4000 	C:\Program Files\Java\jdk1.8.0_31\bin\java.exe
0x00007fff81a90000 - 0x00007fff81c51000 	C:\WINDOWS\SYSTEM32\ntdll.dll
0x00007fff7f050000 - 0x00007fff7f0fd000 	C:\WINDOWS\system32\KERNEL32.DLL
0x00007fff7def0000 - 0x00007fff7e0d8000 	C:\WINDOWS\system32\KERNELBASE.dll
0x00007fff7f2e0000 - 0x00007fff7f387000 	C:\WINDOWS\system32\ADVAPI32.dll
0x00007fff7f750000 - 0x00007fff7f7ed000 	C:\WINDOWS\system32\msvcrt.dll
0x00007fff7ed40000 - 0x00007fff7ed9b000 	C:\WINDOWS\system32\sechost.dll
0x00007fff7f9d0000 - 0x00007fff7faec000 	C:\WINDOWS\system32\RPCRT4.dll
0x00007fff7f390000 - 0x00007fff7f4e6000 	C:\WINDOWS\system32\USER32.dll
0x00007fff7eda0000 - 0x00007fff7ef26000 	C:\WINDOWS\system32\GDI32.dll
0x00007fff72c20000 - 0x00007fff72e94000 	C:\WINDOWS\WinSxS\amd64_microsoft.windows.common-controls_6595b64144ccf1df_6.0.10586.0_none_8c15ae12515e1c22\COMCTL32.dll
0x00007fff801a0000 - 0x00007fff8041d000 	C:\WINDOWS\system32\combase.dll
0x00007fff7e160000 - 0x00007fff7e1ca000 	C:\WINDOWS\system32\bcryptPrimitives.dll
0x00007fff7f230000 - 0x00007fff7f26b000 	C:\WINDOWS\system32\IMM32.DLL
0x0000000052560000 - 0x0000000052632000 	C:\Program Files\Java\jdk1.8.0_31\jre\bin\msvcr100.dll
0x0000000052d50000 - 0x00000000535aa000 	C:\Program Files\Java\jdk1.8.0_31\jre\bin\server\jvm.dll
0x00007fff7eb30000 - 0x00007fff7eb53000 	C:\WINDOWS\system32\WINMM.dll
0x00007fff7deb0000 - 0x00007fff7dedc000 	C:\WINDOWS\system32\WINMMBASE.dll
0x00007fff74720000 - 0x00007fff74729000 	C:\WINDOWS\SYSTEM32\WSOCK32.dll
0x00007fff7eae0000 - 0x00007fff7eb23000 	C:\WINDOWS\system32\cfgmgr32.dll
0x00007fff7ef90000 - 0x00007fff7ef98000 	C:\WINDOWS\system32\PSAPI.DLL
0x00007fff7f270000 - 0x00007fff7f2db000 	C:\WINDOWS\system32\WS2_32.dll
0x0000000052c60000 - 0x0000000052c6f000 	C:\Program Files\Java\jdk1.8.0_31\jre\bin\verify.dll
0x0000000052c30000 - 0x0000000052c58000 	C:\Program Files\Java\jdk1.8.0_31\jre\bin\java.dll
0x0000000052c10000 - 0x0000000052c26000 	C:\Program Files\Java\jdk1.8.0_31\jre\bin\zip.dll
0x00007fff80530000 - 0x00007fff81a8f000 	C:\WINDOWS\system32\SHELL32.dll
0x00007fff7e1d0000 - 0x00007fff7e814000 	C:\WINDOWS\system32\windows.storage.dll
0x00007fff7f100000 - 0x00007fff7f152000 	C:\WINDOWS\system32\shlwapi.dll
0x00007fff7dea0000 - 0x00007fff7deaf000 	C:\WINDOWS\system32\kernel.appcore.dll
0x00007fff7eb60000 - 0x00007fff7ec15000 	C:\WINDOWS\system32\shcore.dll
0x00007fff7e0f0000 - 0x00007fff7e13b000 	C:\WINDOWS\system32\powrprof.dll
0x00007fff7de80000 - 0x00007fff7de94000 	C:\WINDOWS\system32\profapi.dll
0x0000000052bf0000 - 0x0000000052c0a000 	C:\Program Files\Java\jdk1.8.0_31\jre\bin\net.dll
0x00007fff7d7b0000 - 0x00007fff7d80c000 	C:\WINDOWS\system32\mswsock.dll
0x0000000052bd0000 - 0x0000000052be1000 	C:\Program Files\Java\jdk1.8.0_31\jre\bin\nio.dll
0x00007fff78b20000 - 0x00007fff78b32000 	C:\Users\Administrator\.gradle\native\19\windows-amd64\native-platform.dll
0x00007fff7ab10000 - 0x00007fff7ab48000 	C:\WINDOWS\SYSTEM32\IPHLPAPI.DLL
0x00007fff800f0000 - 0x00007fff800f8000 	C:\WINDOWS\system32\NSI.dll
0x00007fff79f40000 - 0x00007fff79f56000 	C:\WINDOWS\SYSTEM32\dhcpcsvc6.DLL
0x00007fff7a040000 - 0x00007fff7a05a000 	C:\WINDOWS\SYSTEM32\dhcpcsvc.DLL
0x00007fff7d860000 - 0x00007fff7d877000 	C:\WINDOWS\SYSTEM32\CRYPTSP.dll
0x00007fff7d490000 - 0x00007fff7d4c4000 	C:\WINDOWS\system32\rsaenh.dll
0x00007fff7ddb0000 - 0x00007fff7ddd9000 	C:\WINDOWS\SYSTEM32\bcrypt.dll
0x00007fff7d5e0000 - 0x00007fff7d5ff000 	C:\WINDOWS\SYSTEM32\USERENV.dll
0x00007fff7d980000 - 0x00007fff7d98b000 	C:\WINDOWS\SYSTEM32\CRYPTBASE.dll
0x00000000529d0000 - 0x00000000529dd000 	C:\Program Files\Java\jdk1.8.0_31\jre\bin\management.dll
0x00007fff548f0000 - 0x00007fff54a7c000 	C:\WINDOWS\SYSTEM32\dbghelp.dll

VM Arguments:
jvm_args: -XX:MaxPermSize=256m -XX:+HeapDumpOnOutOfMemoryError -Xmx1024m -Dfile.encoding=GBK -Duser.country=CN -Duser.language=zh -Duser.variant 
java_command: org.gradle.launcher.daemon.bootstrap.GradleDaemon 2.8
java_class_path (initial): C:\Program Files\Android\Android Studio\gradle\gradle-2.8\lib\gradle-launcher-2.8.jar
Launcher Type: SUN_STANDARD

Environment Variables:
JAVA_HOME=C:\Program Files\Java\jdk1.8.0_31
CLASSPATH=C:\Program Files\Java\jdk1.8.0_31\lib\dt.jar;C:\Program Files\Java\jdk1.8.0_31\bin.tools.jar;.
PATH=C:\ProgramData\Oracle\Java\javapath;C:\WINDOWS\system32;C:\WINDOWS;C:\WINDOWS\System32\Wbem;C:\WINDOWS\System32\WindowsPowerShell\v1.0\;C:\Program Files (x86)\AMD\ATI.ACE\Core-Static;C:\Program Files (x86)\Microsoft SQL Server\100\Tools\Binn\;C:\Program Files\Microsoft SQL Server\100\Tools\Binn\;C:\Program Files\Microsoft SQL Server\100\DTS\Binn\;C:\Program Files (x86)\IDM Computer Solutions\UltraEdit;C:\Python27;C:\Program Files (x86)\Apkdb;C:\Program Files (x86)\ATI Technologies\ATI.ACE\Core-Static;C:\Program Files (x86)\Windows Kits\8.1\Windows Performance Toolkit\;C:\WINDOWS\system32\config\systemprofile\.dnx\bin;C:\Program Files\Microsoft DNX\Dnvm\;C:\Users\Administrator\AppData\Local\Programs\Python\Python35\Scripts\;C:\Users\Administrator\AppData\Local\Programs\Python\Python35\;C:\Program Files\Java\jdk1.8.0_31\bin
USERNAME=Administrator
OS=Windows_NT
PROCESSOR_IDENTIFIER=Intel64 Family 6 Model 60 Stepping 3, GenuineIntel



---------------  S Y S T E M  ---------------

OS: Windows 8.1 , 64 bit Build 9600 

CPU:total 8 (4 cores per cpu, 2 threads per core) family 6 model 60 stepping 3, cmov, cx8, fxsr, mmx, sse, sse2, sse3, ssse3, sse4.1, sse4.2, popcnt, avx, avx2, aes, clmul, erms, lzcnt, ht, tsc, tscinvbit, bmi1, bmi2

Memory: 4k page, physical 8351060k(2526692k free), swap 8351060k(2028k free)

vm_info: Java HotSpot(TM) 64-Bit Server VM (25.31-b07) for windows-amd64 JRE (1.8.0_31-b13), built on Dec 17 2014 21:00:28 by "java_re" with MS VC++ 10.0 (VS2010)

time: Sun Jan 03 18:59:57 2016
elapsed time: 25 seconds (0d 0h 0m 25s)

