#
# There is insufficient memory for the Java Runtime Environment to continue.
# Native memory allocation (malloc) failed to allocate 786448 bytes for Chunk::new
# Possible reasons:
#   The system is out of physical RAM or swap space
#   In 32 bit mode, the process size limit was hit
# Possible solutions:
#   Reduce memory load on the system
#   Increase physical memory or swap space
#   Check if swap backing store is full
#   Use 64 bit Java on a 64 bit OS
#   Decrease Java heap size (-Xmx/-Xms)
#   Decrease number of Java threads
#   Decrease Java thread stack sizes (-Xss)
#   Set larger code cache with -XX:ReservedCodeCacheSize=
# This output file may be truncated or incomplete.
#
#  Out of Memory Error (allocation.cpp:390), pid=8100, tid=5012
#
# JRE version: Java(TM) SE Runtime Environment (8.0_31-b13) (build 1.8.0_31-b13)
# Java VM: Java HotSpot(TM) 64-Bit Server VM (25.31-b07 mixed mode windows-amd64 compressed oops)
# Failed to write core dump. Minidumps are not enabled by default on client versions of Windows
#

---------------  T H R E A D  ---------------

Current thread (0x0000000017236800):  JavaThread "C2 CompilerThread0" daemon [_thread_in_native, id=5012, stack(0x00000000177b0000,0x00000000178b0000)]

Stack: [0x00000000177b0000,0x00000000178b0000]
Native frames: (J=compiled Java code, j=interpreted, Vv=VM code, C=native code)
V  [jvm.dll+0x3169ba]
V  [jvm.dll+0x2674c3]
V  [jvm.dll+0x268103]
V  [jvm.dll+0x25f8f5]
V  [jvm.dll+0xbf025]
V  [jvm.dll+0xbf4cc]
V  [jvm.dll+0x44b7f2]
V  [jvm.dll+0x4bedb0]
V  [jvm.dll+0x4c1a00]
V  [jvm.dll+0x4519e1]
V  [jvm.dll+0x4541b8]
V  [jvm.dll+0x437c62]
V  [jvm.dll+0x988e2]
V  [jvm.dll+0x990d3]
V  [jvm.dll+0x22c194]
V  [jvm.dll+0x28576a]
C  [msvcr100.dll+0x21d9f]
C  [msvcr100.dll+0x21e3b]
C  [KERNEL32.DLL+0x18102]
C  [ntdll.dll+0x5c2e4]


Current CompileTask:
C2:   6670 5151       4       org.gradle.api.internal.file.pattern.PatternMatcherFactory::compile (121 bytes)


---------------  P R O C E S S  ---------------

Java Threads: ( => current thread )
  0x000000001b53f000 JavaThread "Forward streams with process: command 'C:\Program Files\Java\jdk1.8.0_31\bin\java.exe' Thread 2" [_thread_in_native, id=9736, stack(0x0000000022870000,0x0000000022970000)]
  0x000000001b53e000 JavaThread "Forward streams with process: command 'C:\Program Files\Java\jdk1.8.0_31\bin\java.exe'" [_thread_in_native, id=5160, stack(0x0000000022770000,0x0000000022870000)]
  0x000000001b544000 JavaThread "Forward streams with process: command 'C:\Program Files\Java\jdk1.8.0_31\bin\java.exe' Thread 3" [_thread_in_native, id=9464, stack(0x0000000022570000,0x0000000022670000)]
  0x000000001b53f800 JavaThread "Forward streams with process: command 'C:\Program Files\Java\jdk1.8.0_31\bin\java.exe' Thread 2" [_thread_in_native, id=8008, stack(0x0000000022470000,0x0000000022570000)]
  0x000000001b543800 JavaThread "Forward streams with process: command 'C:\Program Files\Java\jdk1.8.0_31\bin\java.exe'" [_thread_blocked, id=7952, stack(0x0000000022370000,0x0000000022470000)]
  0x000000001b3a9000 JavaThread "Forward streams with process: command 'C:\Program Files\Java\jdk1.8.0_31\bin\java.exe' Thread 3" [_thread_blocked, id=7668, stack(0x0000000022170000,0x0000000022270000)]
  0x000000001b3a1000 JavaThread "Forward streams with process: command 'C:\Program Files\Java\jdk1.8.0_31\bin\java.exe' Thread 2" [_thread_blocked, id=8188, stack(0x0000000022070000,0x0000000022170000)]
  0x000000001b3a6000 JavaThread "Forward streams with process: command 'C:\Program Files\Java\jdk1.8.0_31\bin\java.exe'" [_thread_blocked, id=2964, stack(0x0000000021f70000,0x0000000022070000)]
  0x000000001b3a3000 JavaThread "Forward streams with process: command 'C:\Program Files\Java\jdk1.8.0_31\bin\java.exe' Thread 3" [_thread_in_native, id=8084, stack(0x0000000021970000,0x0000000021a70000)]
  0x000000001b3a7800 JavaThread "Forward streams with process: command 'C:\Program Files\Java\jdk1.8.0_31\bin\java.exe' Thread 2" [_thread_in_native, id=7332, stack(0x0000000021870000,0x0000000021970000)]
  0x000000001b3a2800 JavaThread "Forward streams with process: command 'C:\Program Files\Java\jdk1.8.0_31\bin\java.exe'" [_thread_blocked, id=9900, stack(0x0000000021770000,0x0000000021870000)]
  0x000000001b3a5800 JavaThread "Forward streams with process: command 'C:\Program Files\Java\jdk1.8.0_31\bin\java.exe' Thread 3" [_thread_in_native, id=6676, stack(0x0000000021570000,0x0000000021670000)]
  0x000000001b3a7000 JavaThread "Forward streams with process: command 'C:\Program Files\Java\jdk1.8.0_31\bin\java.exe' Thread 2" [_thread_in_native, id=7416, stack(0x0000000021470000,0x0000000021570000)]
  0x000000001b39b800 JavaThread "Forward streams with process: command 'C:\Program Files\Java\jdk1.8.0_31\bin\java.exe'" [_thread_blocked, id=8032, stack(0x0000000021370000,0x0000000021470000)]
  0x000000001b39b000 JavaThread "Forward streams with process: command 'C:\Program Files\Java\jdk1.8.0_31\bin\java.exe' Thread 3" [_thread_in_native, id=7164, stack(0x0000000021170000,0x0000000021270000)]
  0x000000001b39d000 JavaThread "Forward streams with process: command 'C:\Program Files\Java\jdk1.8.0_31\bin\java.exe' Thread 2" [_thread_in_native, id=10016, stack(0x0000000021070000,0x0000000021170000)]
  0x000000001b39c800 JavaThread "Forward streams with process: command 'C:\Program Files\Java\jdk1.8.0_31\bin\java.exe'" [_thread_blocked, id=1336, stack(0x0000000020f70000,0x0000000021070000)]
  0x000000001b3a0000 JavaThread "Run command 'C:\Program Files\Java\jdk1.8.0_31\bin\java.exe'" [_thread_in_native, id=4408, stack(0x0000000020d70000,0x0000000020e70000)]
  0x000000001b3a1800 JavaThread "Run command 'C:\Program Files\Java\jdk1.8.0_31\bin\java.exe'" [_thread_in_native, id=8528, stack(0x0000000020c70000,0x0000000020d70000)]
  0x000000001b39e000 JavaThread "Run command 'C:\Program Files\Java\jdk1.8.0_31\bin\java.exe'" [_thread_in_native, id=8312, stack(0x0000000020b70000,0x0000000020c70000)]
  0x000000001b39e800 JavaThread "Run command 'C:\Program Files\Java\jdk1.8.0_31\bin\java.exe'" [_thread_in_native, id=4800, stack(0x0000000020970000,0x0000000020a70000)]
  0x000000001d78f000 JavaThread "Run command 'C:\Program Files\Java\jdk1.8.0_31\bin\java.exe'" [_thread_in_native, id=4064, stack(0x0000000020870000,0x0000000020970000)]
  0x000000001d790800 JavaThread "Run command 'C:\Program Files\Java\jdk1.8.0_31\bin\java.exe'" [_thread_in_native, id=1944, stack(0x0000000020770000,0x0000000020870000)]
  0x000000001d78e000 JavaThread "pool-1-thread-8" [_thread_blocked, id=1732, stack(0x0000000020670000,0x0000000020770000)]
  0x000000001d791000 JavaThread "pool-1-thread-7" [_thread_blocked, id=1156, stack(0x0000000020570000,0x0000000020670000)]
  0x000000001d78d800 JavaThread "pool-1-thread-6" [_thread_blocked, id=9476, stack(0x0000000020470000,0x0000000020570000)]
  0x000000001d794000 JavaThread "pool-1-thread-5" [_thread_blocked, id=4400, stack(0x0000000020370000,0x0000000020470000)]
  0x000000001d78f800 JavaThread "pool-1-thread-4" [_thread_blocked, id=9220, stack(0x0000000020270000,0x0000000020370000)]
  0x000000001d792800 JavaThread "pool-1-thread-3" [_thread_blocked, id=6896, stack(0x0000000020170000,0x0000000020270000)]
  0x000000001d792000 JavaThread "pool-1-thread-2" [_thread_blocked, id=7256, stack(0x0000000020070000,0x0000000020170000)]
  0x000000001d793800 JavaThread "pool-1-thread-1" [_thread_blocked, id=4112, stack(0x000000001dbd0000,0x000000001dcd0000)]
  0x000000001cba3800 JavaThread "File lock request listener" [_thread_in_native, id=7956, stack(0x000000001dad0000,0x000000001dbd0000)]
  0x0000000018a8b800 JavaThread "Stdin handler" [_thread_blocked, id=9408, stack(0x0000000019d40000,0x0000000019e40000)]
  0x0000000018bf9800 JavaThread "Daemon worker" [_thread_in_native, id=6412, stack(0x0000000019c40000,0x0000000019d40000)]
  0x0000000018bf8800 JavaThread "Cancel handler" [_thread_blocked, id=6192, stack(0x0000000019b40000,0x0000000019c40000)]
  0x0000000018d87000 JavaThread "Handler for socket connection from /127.0.0.1:56031 to /127.0.0.1:56032" [_thread_in_native, id=5412, stack(0x0000000019a40000,0x0000000019b40000)]
  0x0000000018d86800 JavaThread "Daemon" [_thread_blocked, id=6892, stack(0x0000000019940000,0x0000000019a40000)]
  0x0000000018aa4800 JavaThread "Incoming local TCP Connector on port 56031" [_thread_in_native, id=10196, stack(0x00000000185d0000,0x00000000186d0000)]
  0x00000000172d6800 JavaThread "Service Thread" daemon [_thread_blocked, id=9472, stack(0x0000000017bb0000,0x0000000017cb0000)]
  0x000000001724b800 JavaThread "C1 CompilerThread3" daemon [_thread_blocked, id=9328, stack(0x0000000017ab0000,0x0000000017bb0000)]
  0x000000001723c000 JavaThread "C2 CompilerThread2" daemon [_thread_blocked, id=8496, stack(0x00000000179b0000,0x0000000017ab0000)]
  0x0000000017238800 JavaThread "C2 CompilerThread1" daemon [_thread_blocked, id=1612, stack(0x00000000178b0000,0x00000000179b0000)]
=>0x0000000017236800 JavaThread "C2 CompilerThread0" daemon [_thread_in_native, id=5012, stack(0x00000000177b0000,0x00000000178b0000)]
  0x0000000017234000 JavaThread "Attach Listener" daemon [_thread_blocked, id=1788, stack(0x00000000176b0000,0x00000000177b0000)]
  0x0000000017233800 JavaThread "Signal Dispatcher" daemon [_thread_blocked, id=3600, stack(0x00000000175b0000,0x00000000176b0000)]
  0x00000000026aa800 JavaThread "Finalizer" daemon [_thread_blocked, id=8464, stack(0x00000000170b0000,0x00000000171b0000)]
  0x00000000026a4000 JavaThread "Reference Handler" daemon [_thread_blocked, id=124, stack(0x0000000016fb0000,0x00000000170b0000)]
  0x00000000025b2800 JavaThread "main" [_thread_blocked, id=9536, stack(0x0000000002480000,0x0000000002580000)]

Other Threads:
  0x00000000151c8800 VMThread [stack: 0x0000000016eb0000,0x0000000016fb0000] [id=7516]
  0x00000000172e7800 WatcherThread [stack: 0x0000000017cb0000,0x0000000017db0000] [id=6524]

VM state:not at safepoint (normal execution)

VM Mutex/Monitor currently owned by a thread: None

Heap:
 PSYoungGen      total 201728K, used 182040K [0x00000000eab00000, 0x00000000f9c80000, 0x0000000100000000)
  eden space 188416K, 96% used [0x00000000eab00000,0x00000000f5cc6110,0x00000000f6300000)
  from space 13312K, 0% used [0x00000000f7380000,0x00000000f7380000,0x00000000f8080000)
  to   space 16896K, 0% used [0x00000000f6300000,0x00000000f6300000,0x00000000f7380000)
 ParOldGen       total 93184K, used 25489K [0x00000000c0000000, 0x00000000c5b00000, 0x00000000eab00000)
  object space 93184K, 27% used [0x00000000c0000000,0x00000000c18e4630,0x00000000c5b00000)
 Metaspace       used 40165K, capacity 41056K, committed 41216K, reserved 1085440K
  class space    used 5588K, capacity 5822K, committed 5888K, reserved 1048576K

Card table byte_map: [0x0000000011a70000,0x0000000011c80000] byte_map_base: 0x0000000011470000

Marking Bits: (ParMarkBitMap*) 0x000000005139d4f0
 Begin Bits: [0x00000000125e0000, 0x00000000135e0000)
 End Bits:   [0x00000000135e0000, 0x00000000145e0000)

Polling page: 0x00000000020c0000

CodeCache: size=245760Kb used=17077Kb max_used=18193Kb free=228682Kb
 bounds [0x00000000026b0000, 0x0000000003890000, 0x00000000116b0000]
 total_blobs=5605 nmethods=4926 adapters=591
 compilation: enabled

Compilation events (10 events):
Event: 6.595 Thread 0x000000001724b800 5200       3       org.gradle.internal.typeconversion.CompositeNotationConverter::<init> (10 bytes)
Event: 6.596 Thread 0x000000001724b800 nmethod 5200 0x00000000029b3510 code [0x00000000029b3660, 0x00000000029b3830]
Event: 6.600 Thread 0x0000000017238800 5202       4       java.lang.CharacterDataLatin1::isOtherUppercase (18 bytes)
Event: 6.610 Thread 0x000000001724b800 5203       3       java.util.concurrent.CopyOnWriteArrayList$COWIterator::hasNext (18 bytes)
Event: 6.617 Thread 0x000000001724b800 nmethod 5203 0x00000000029bc110 code [0x00000000029bc260, 0x00000000029bc430]
Event: 6.617 Thread 0x0000000017238800 nmethod 5202 0x0000000002ad5f10 code [0x0000000002ad6040, 0x0000000002ad60d8]
Event: 6.618 Thread 0x000000001724b800 5204       3       java.lang.ProcessEnvironment::addToEnv (20 bytes)
Event: 6.619 Thread 0x000000001724b800 nmethod 5204 0x0000000002b16a50 code [0x0000000002b16c40, 0x0000000002b17578]
Event: 6.628 Thread 0x000000001724b800 5205       3       java.util.concurrent.SynchronousQueue$TransferStack::shouldSpin (30 bytes)
Event: 6.628 Thread 0x000000001724b800 nmethod 5205 0x00000000027e7510 code [0x00000000027e7680, 0x00000000027e7970]

GC Heap History (10 events):
Event: 1.847 GC heap before
{Heap before GC invocations=6 (full 1):
 PSYoungGen      total 71680K, used 5112K [0x00000000eab00000, 0x00000000f4300000, 0x0000000100000000)
  eden space 66560K, 0% used [0x00000000eab00000,0x00000000eab00000,0x00000000eec00000)
  from space 5120K, 99% used [0x00000000eec00000,0x00000000ef0fe060,0x00000000ef100000)
  to   space 11264K, 0% used [0x00000000f3800000,0x00000000f3800000,0x00000000f4300000)
 ParOldGen       total 87552K, used 9967K [0x00000000c0000000, 0x00000000c5580000, 0x00000000eab00000)
  object space 87552K, 11% used [0x00000000c0000000,0x00000000c09bbca8,0x00000000c5580000)
 Metaspace       used 20908K, capacity 21202K, committed 21296K, reserved 1067008K
  class space    used 2810K, capacity 2915K, committed 2944K, reserved 1048576K
Event: 1.885 GC heap after
Heap after GC invocations=6 (full 1):
 PSYoungGen      total 71680K, used 0K [0x00000000eab00000, 0x00000000f4300000, 0x0000000100000000)
  eden space 66560K, 0% used [0x00000000eab00000,0x00000000eab00000,0x00000000eec00000)
  from space 5120K, 0% used [0x00000000eec00000,0x00000000eec00000,0x00000000ef100000)
  to   space 11264K, 0% used [0x00000000f3800000,0x00000000f3800000,0x00000000f4300000)
 ParOldGen       total 58368K, used 11062K [0x00000000c0000000, 0x00000000c3900000, 0x00000000eab00000)
  object space 58368K, 18% used [0x00000000c0000000,0x00000000c0acd988,0x00000000c3900000)
 Metaspace       used 20906K, capacity 21200K, committed 21296K, reserved 1067008K
  class space    used 2809K, capacity 2914K, committed 2944K, reserved 1048576K
}
Event: 2.533 GC heap before
{Heap before GC invocations=7 (full 1):
 PSYoungGen      total 71680K, used 66560K [0x00000000eab00000, 0x00000000f4300000, 0x0000000100000000)
  eden space 66560K, 100% used [0x00000000eab00000,0x00000000eec00000,0x00000000eec00000)
  from space 5120K, 0% used [0x00000000eec00000,0x00000000eec00000,0x00000000ef100000)
  to   space 11264K, 0% used [0x00000000f3800000,0x00000000f3800000,0x00000000f4300000)
 ParOldGen       total 58368K, used 11062K [0x00000000c0000000, 0x00000000c3900000, 0x00000000eab00000)
  object space 58368K, 18% used [0x00000000c0000000,0x00000000c0acd988,0x00000000c3900000)
 Metaspace       used 26545K, capacity 26952K, committed 27136K, reserved 1073152K
  class space    used 3620K, capacity 3735K, committed 3840K, reserved 1048576K
Event: 2.539 GC heap after
Heap after GC invocations=7 (full 1):
 PSYoungGen      total 121344K, used 6175K [0x00000000eab00000, 0x00000000f3e80000, 0x0000000100000000)
  eden space 114688K, 0% used [0x00000000eab00000,0x00000000eab00000,0x00000000f1b00000)
  from space 6656K, 92% used [0x00000000f3800000,0x00000000f3e07f48,0x00000000f3e80000)
  to   space 10752K, 0% used [0x00000000f2980000,0x00000000f2980000,0x00000000f3400000)
 ParOldGen       total 58368K, used 11070K [0x00000000c0000000, 0x00000000c3900000, 0x00000000eab00000)
  object space 58368K, 18% used [0x00000000c0000000,0x00000000c0acf988,0x00000000c3900000)
 Metaspace       used 26545K, capacity 26952K, committed 27136K, reserved 1073152K
  class space    used 3620K, capacity 3735K, committed 3840K, reserved 1048576K
}
Event: 3.543 GC heap before
{Heap before GC invocations=8 (full 1):
 PSYoungGen      total 121344K, used 120863K [0x00000000eab00000, 0x00000000f3e80000, 0x0000000100000000)
  eden space 114688K, 100% used [0x00000000eab00000,0x00000000f1b00000,0x00000000f1b00000)
  from space 6656K, 92% used [0x00000000f3800000,0x00000000f3e07f48,0x00000000f3e80000)
  to   space 10752K, 0% used [0x00000000f2980000,0x00000000f2980000,0x00000000f3400000)
 ParOldGen       total 58368K, used 11070K [0x00000000c0000000, 0x00000000c3900000, 0x00000000eab00000)
  object space 58368K, 18% used [0x00000000c0000000,0x00000000c0acf988,0x00000000c3900000)
 Metaspace       used 32169K, capacity 32768K, committed 33024K, reserved 1077248K
  class space    used 4382K, capacity 4555K, committed 4608K, reserved 1048576K
Event: 3.554 GC heap after
Heap after GC invocations=8 (full 1):
 PSYoungGen      total 140288K, used 10734K [0x00000000eab00000, 0x00000000f8080000, 0x0000000100000000)
  eden space 129536K, 0% used [0x00000000eab00000,0x00000000eab00000,0x00000000f2980000)
  from space 10752K, 99% used [0x00000000f2980000,0x00000000f33fbba0,0x00000000f3400000)
  to   space 13312K, 0% used [0x00000000f7380000,0x00000000f7380000,0x00000000f8080000)
 ParOldGen       total 58368K, used 13227K [0x00000000c0000000, 0x00000000c3900000, 0x00000000eab00000)
  object space 58368K, 22% used [0x00000000c0000000,0x00000000c0ceae40,0x00000000c3900000)
 Metaspace       used 32169K, capacity 32768K, committed 33024K, reserved 1077248K
  class space    used 4382K, capacity 4555K, committed 4608K, reserved 1048576K
}
Event: 4.072 GC heap before
{Heap before GC invocations=9 (full 1):
 PSYoungGen      total 140288K, used 86402K [0x00000000eab00000, 0x00000000f8080000, 0x0000000100000000)
  eden space 129536K, 58% used [0x00000000eab00000,0x00000000ef4e4e50,0x00000000f2980000)
  from space 10752K, 99% used [0x00000000f2980000,0x00000000f33fbba0,0x00000000f3400000)
  to   space 13312K, 0% used [0x00000000f7380000,0x00000000f7380000,0x00000000f8080000)
 ParOldGen       total 58368K, used 13227K [0x00000000c0000000, 0x00000000c3900000, 0x00000000eab00000)
  object space 58368K, 22% used [0x00000000c0000000,0x00000000c0ceae40,0x00000000c3900000)
 Metaspace       used 34704K, capacity 35354K, committed 35456K, reserved 1079296K
  class space    used 4760K, capacity 4940K, committed 4992K, reserved 1048576K
Event: 4.084 GC heap after
Heap after GC invocations=9 (full 1):
 PSYoungGen      total 201728K, used 13290K [0x00000000eab00000, 0x00000000f9c80000, 0x0000000100000000)
  eden space 188416K, 0% used [0x00000000eab00000,0x00000000eab00000,0x00000000f6300000)
  from space 13312K, 99% used [0x00000000f7380000,0x00000000f807a958,0x00000000f8080000)
  to   space 16896K, 0% used [0x00000000f6300000,0x00000000f6300000,0x00000000f7380000)
 ParOldGen       total 58368K, used 17504K [0x00000000c0000000, 0x00000000c3900000, 0x00000000eab00000)
  object space 58368K, 29% used [0x00000000c0000000,0x00000000c1118288,0x00000000c3900000)
 Metaspace       used 34704K, capacity 35354K, committed 35456K, reserved 1079296K
  class space    used 4760K, capacity 4940K, committed 4992K, reserved 1048576K
}
Event: 4.084 GC heap before
{Heap before GC invocations=10 (full 2):
 PSYoungGen      total 201728K, used 13290K [0x00000000eab00000, 0x00000000f9c80000, 0x0000000100000000)
  eden space 188416K, 0% used [0x00000000eab00000,0x00000000eab00000,0x00000000f6300000)
  from space 13312K, 99% used [0x00000000f7380000,0x00000000f807a958,0x00000000f8080000)
  to   space 16896K, 0% used [0x00000000f6300000,0x00000000f6300000,0x00000000f7380000)
 ParOldGen       total 58368K, used 17504K [0x00000000c0000000, 0x00000000c3900000, 0x00000000eab00000)
  object space 58368K, 29% used [0x00000000c0000000,0x00000000c1118288,0x00000000c3900000)
 Metaspace       used 34704K, capacity 35354K, committed 35456K, reserved 1079296K
  class space    used 4760K, capacity 4940K, committed 4992K, reserved 1048576K
Event: 4.190 GC heap after
Heap after GC invocations=10 (full 2):
 PSYoungGen      total 201728K, used 0K [0x00000000eab00000, 0x00000000f9c80000, 0x0000000100000000)
  eden space 188416K, 0% used [0x00000000eab00000,0x00000000eab00000,0x00000000f6300000)
  from space 13312K, 0% used [0x00000000f7380000,0x00000000f7380000,0x00000000f8080000)
  to   space 16896K, 0% used [0x00000000f6300000,0x00000000f6300000,0x00000000f7380000)
 ParOldGen       total 93184K, used 25489K [0x00000000c0000000, 0x00000000c5b00000, 0x00000000eab00000)
  object space 93184K, 27% used [0x00000000c0000000,0x00000000c18e4630,0x00000000c5b00000)
 Metaspace       used 34704K, capacity 35354K, committed 35456K, reserved 1079296K
  class space    used 4760K, capacity 4940K, committed 4992K, reserved 1048576K
}

Deoptimization events (10 events):
Event: 6.538 Thread 0x0000000018bf9800 Uncommon trap: reason=array_check action=maybe_recompile pc=0x000000000387226c method=java.util.AbstractCollection.toArray([Ljava/lang/Object;)[Ljava/lang/Object; @ 119
Event: 6.567 Thread 0x0000000018bf9800 Uncommon trap: reason=class_check action=maybe_recompile pc=0x000000000317d394 method=java.util.AbstractList$Itr.hasNext()Z @ 8
Event: 6.567 Thread 0x0000000018bf9800 Uncommon trap: reason=bimorphic action=maybe_recompile pc=0x00000000033d4af4 method=java.util.AbstractList$Itr.next()Ljava/lang/Object; @ 14
Event: 6.567 Thread 0x0000000018bf9800 Uncommon trap: reason=class_check action=maybe_recompile pc=0x000000000317d394 method=java.util.AbstractList$Itr.hasNext()Z @ 8
Event: 6.567 Thread 0x0000000018bf9800 Uncommon trap: reason=bimorphic action=maybe_recompile pc=0x00000000033d4af4 method=java.util.AbstractList$Itr.next()Ljava/lang/Object; @ 14
Event: 6.567 Thread 0x0000000018bf9800 Uncommon trap: reason=class_check action=maybe_recompile pc=0x000000000317d394 method=java.util.AbstractList$Itr.hasNext()Z @ 8
Event: 6.567 Thread 0x0000000018bf9800 Uncommon trap: reason=bimorphic action=maybe_recompile pc=0x00000000033d4af4 method=java.util.AbstractList$Itr.next()Ljava/lang/Object; @ 14
Event: 6.567 Thread 0x0000000018bf9800 Uncommon trap: reason=class_check action=maybe_recompile pc=0x000000000317d394 method=java.util.AbstractList$Itr.hasNext()Z @ 8
Event: 6.567 Thread 0x0000000018bf9800 Uncommon trap: reason=bimorphic action=maybe_recompile pc=0x00000000033d4af4 method=java.util.AbstractList$Itr.next()Ljava/lang/Object; @ 14
Event: 6.578 Thread 0x000000001d78e000 Uncommon trap: reason=unreached action=reinterpret pc=0x000000000319258c method=java.lang.ThreadLocal.get()Ljava/lang/Object; @ 11

Internal exceptions (10 events):
Event: 6.581 Thread 0x000000001d78f800 Exception <a 'java/security/PrivilegedActionException'> (0x00000000f358be28) thrown at [C:\workspace\8-2-build-windows-amd64-cygwin\jdk8u31\2394\hotspot\src\share\vm\prims\jvm.cpp, line 1312]
Event: 6.586 Thread 0x000000001d78e000 Exception <a 'java/security/PrivilegedActionException'> (0x00000000f3937420) thrown at [C:\workspace\8-2-build-windows-amd64-cygwin\jdk8u31\2394\hotspot\src\share\vm\prims\jvm.cpp, line 1312]
Event: 6.586 Thread 0x000000001d78e000 Exception <a 'java/security/PrivilegedActionException'> (0x00000000f393d940) thrown at [C:\workspace\8-2-build-windows-amd64-cygwin\jdk8u31\2394\hotspot\src\share\vm\prims\jvm.cpp, line 1312]
Event: 6.587 Thread 0x000000001d78e000 Exception <a 'java/security/PrivilegedActionException'> (0x00000000f3942100) thrown at [C:\workspace\8-2-build-windows-amd64-cygwin\jdk8u31\2394\hotspot\src\share\vm\prims\jvm.cpp, line 1312]
Event: 6.587 Thread 0x000000001d78e000 Exception <a 'java/security/PrivilegedActionException'> (0x00000000f39428b0) thrown at [C:\workspace\8-2-build-windows-amd64-cygwin\jdk8u31\2394\hotspot\src\share\vm\prims\jvm.cpp, line 1312]
Event: 6.587 Thread 0x000000001d78e000 Exception <a 'java/security/PrivilegedActionException'> (0x00000000f39453c0) thrown at [C:\workspace\8-2-build-windows-amd64-cygwin\jdk8u31\2394\hotspot\src\share\vm\prims\jvm.cpp, line 1312]
Event: 6.587 Thread 0x000000001d78e000 Exception <a 'java/security/PrivilegedActionException'> (0x00000000f3945af0) thrown at [C:\workspace\8-2-build-windows-amd64-cygwin\jdk8u31\2394\hotspot\src\share\vm\prims\jvm.cpp, line 1312]
Event: 6.587 Thread 0x000000001d78e000 Exception <a 'java/security/PrivilegedActionException'> (0x00000000f3947bf0) thrown at [C:\workspace\8-2-build-windows-amd64-cygwin\jdk8u31\2394\hotspot\src\share\vm\prims\jvm.cpp, line 1312]
Event: 6.587 Thread 0x000000001d78e000 Exception <a 'java/security/PrivilegedActionException'> (0x00000000f39483a0) thrown at [C:\workspace\8-2-build-windows-amd64-cygwin\jdk8u31\2394\hotspot\src\share\vm\prims\jvm.cpp, line 1312]
Event: 6.591 Thread 0x000000001d78f800 Exception <a 'java/security/PrivilegedActionException'> (0x00000000f3592330) thrown at [C:\workspace\8-2-build-windows-amd64-cygwin\jdk8u31\2394\hotspot\src\share\vm\prims\jvm.cpp, line 1312]

Events (10 events):
Event: 6.640 Thread 0x000000001b545000 Thread added: 0x000000001b545000
Event: 6.640 Executing VM operation: RevokeBias
Event: 6.649 Executing VM operation: RevokeBias done
Event: 6.649 Executing VM operation: RevokeBias
Event: 6.649 Thread 0x000000001b53e000 Thread added: 0x000000001b53e000
Event: 6.650 Executing VM operation: RevokeBias done
Event: 6.650 Thread 0x000000001b545000 Thread exited: 0x000000001b545000
Event: 6.650 Executing VM operation: RevokeBias
Event: 6.650 Executing VM operation: RevokeBias done
Event: 6.650 Thread 0x000000001b53f000 Thread added: 0x000000001b53f000


Dynamic libraries:
0x00007ff7c5360000 - 0x00007ff7c5394000 	C:\Program Files\Java\jdk1.8.0_31\bin\java.exe
0x00007ffed1530000 - 0x00007ffed16f1000 	C:\WINDOWS\SYSTEM32\ntdll.dll
0x00007ffeceba0000 - 0x00007ffecec4d000 	C:\WINDOWS\system32\KERNEL32.DLL
0x00007ffecd990000 - 0x00007ffecdb78000 	C:\WINDOWS\system32\KERNELBASE.dll
0x00007ffeceab0000 - 0x00007ffeceb57000 	C:\WINDOWS\system32\ADVAPI32.dll
0x00007ffecf5f0000 - 0x00007ffecf68d000 	C:\WINDOWS\system32\msvcrt.dll
0x00007ffecfaf0000 - 0x00007ffecfb4b000 	C:\WINDOWS\system32\sechost.dll
0x00007ffecf0a0000 - 0x00007ffecf1bc000 	C:\WINDOWS\system32\RPCRT4.dll
0x00007ffecf770000 - 0x00007ffecf8c6000 	C:\WINDOWS\system32\USER32.dll
0x00007ffecec50000 - 0x00007ffecedd6000 	C:\WINDOWS\system32\GDI32.dll
0x00007ffec1b20000 - 0x00007ffec1d94000 	C:\WINDOWS\WinSxS\amd64_microsoft.windows.common-controls_6595b64144ccf1df_6.0.10586.0_none_8c15ae12515e1c22\COMCTL32.dll
0x00007ffecfc40000 - 0x00007ffecfebd000 	C:\WINDOWS\system32\combase.dll
0x00007ffecdc30000 - 0x00007ffecdc9a000 	C:\WINDOWS\system32\bcryptPrimitives.dll
0x00007ffeceb60000 - 0x00007ffeceb9b000 	C:\WINDOWS\system32\IMM32.DLL
0x0000000050660000 - 0x0000000050732000 	C:\Program Files\Java\jdk1.8.0_31\jre\bin\msvcr100.dll
0x0000000050bc0000 - 0x000000005141a000 	C:\Program Files\Java\jdk1.8.0_31\jre\bin\server\jvm.dll
0x00007ffece670000 - 0x00007ffece693000 	C:\WINDOWS\system32\WINMM.dll
0x00007ffecd950000 - 0x00007ffecd97c000 	C:\WINDOWS\system32\WINMMBASE.dll
0x00007ffec1b10000 - 0x00007ffec1b19000 	C:\WINDOWS\SYSTEM32\WSOCK32.dll
0x00007ffecdca0000 - 0x00007ffecdce3000 	C:\WINDOWS\system32\cfgmgr32.dll
0x00007ffed1420000 - 0x00007ffed148b000 	C:\WINDOWS\system32\WS2_32.dll
0x00007ffecf690000 - 0x00007ffecf698000 	C:\WINDOWS\system32\PSAPI.DLL
0x0000000050ad0000 - 0x0000000050adf000 	C:\Program Files\Java\jdk1.8.0_31\jre\bin\verify.dll
0x0000000050aa0000 - 0x0000000050ac8000 	C:\Program Files\Java\jdk1.8.0_31\jre\bin\java.dll
0x0000000050a80000 - 0x0000000050a96000 	C:\Program Files\Java\jdk1.8.0_31\jre\bin\zip.dll
0x00007ffecfec0000 - 0x00007ffed141f000 	C:\WINDOWS\system32\SHELL32.dll
0x00007ffece010000 - 0x00007ffece654000 	C:\WINDOWS\system32\windows.storage.dll
0x00007ffecf980000 - 0x00007ffecf9d2000 	C:\WINDOWS\system32\shlwapi.dll
0x00007ffecd980000 - 0x00007ffecd98f000 	C:\WINDOWS\system32\kernel.appcore.dll
0x00007ffecdec0000 - 0x00007ffecdf75000 	C:\WINDOWS\system32\shcore.dll
0x00007ffece700000 - 0x00007ffece74b000 	C:\WINDOWS\system32\powrprof.dll
0x00007ffecd920000 - 0x00007ffecd934000 	C:\WINDOWS\system32\profapi.dll
0x0000000050a60000 - 0x0000000050a7a000 	C:\Program Files\Java\jdk1.8.0_31\jre\bin\net.dll
0x00007ffecd1f0000 - 0x00007ffecd24c000 	C:\WINDOWS\system32\mswsock.dll
0x0000000050a40000 - 0x0000000050a51000 	C:\Program Files\Java\jdk1.8.0_31\jre\bin\nio.dll
0x00007ffec24b0000 - 0x00007ffec24c2000 	C:\Users\Administrator\.gradle\native\19\windows-amd64\native-platform.dll
0x00007ffeca5f0000 - 0x00007ffeca628000 	C:\WINDOWS\SYSTEM32\IPHLPAPI.DLL
0x00007ffecf090000 - 0x00007ffecf098000 	C:\WINDOWS\system32\NSI.dll
0x00007ffec8e90000 - 0x00007ffec8ea6000 	C:\WINDOWS\SYSTEM32\dhcpcsvc6.DLL
0x00007ffec8be0000 - 0x00007ffec8bfa000 	C:\WINDOWS\SYSTEM32\dhcpcsvc.DLL
0x00007ffecd2a0000 - 0x00007ffecd2b7000 	C:\WINDOWS\SYSTEM32\CRYPTSP.dll
0x00007ffeccf30000 - 0x00007ffeccf64000 	C:\WINDOWS\system32\rsaenh.dll
0x00007ffecd850000 - 0x00007ffecd879000 	C:\WINDOWS\SYSTEM32\bcrypt.dll
0x00007ffecd080000 - 0x00007ffecd09f000 	C:\WINDOWS\SYSTEM32\USERENV.dll
0x00007ffecd3c0000 - 0x00007ffecd3cb000 	C:\WINDOWS\SYSTEM32\CRYPTBASE.dll
0x0000000050840000 - 0x000000005084d000 	C:\Program Files\Java\jdk1.8.0_31\jre\bin\management.dll
0x00007ffea90c0000 - 0x00007ffea924c000 	C:\WINDOWS\SYSTEM32\dbghelp.dll

VM Arguments:
jvm_args: -XX:MaxPermSize=256m -XX:+HeapDumpOnOutOfMemoryError -Xmx1024m -Dfile.encoding=GBK -Duser.country=CN -Duser.language=zh -Duser.variant 
java_command: org.gradle.launcher.daemon.bootstrap.GradleDaemon 2.8
java_class_path (initial): C:\Program Files\Android\Android Studio\gradle\gradle-2.8\lib\gradle-launcher-2.8.jar
Launcher Type: SUN_STANDARD

Environment Variables:
JAVA_HOME=C:\Program Files\Java\jdk1.8.0_31
CLASSPATH=C:\Program Files\Java\jdk1.8.0_31\lib\dt.jar;C:\Program Files\Java\jdk1.8.0_31\bin.tools.jar;.
PATH=C:\ProgramData\Oracle\Java\javapath;C:\WINDOWS\system32;C:\WINDOWS;C:\WINDOWS\System32\Wbem;C:\WINDOWS\System32\WindowsPowerShell\v1.0\;C:\Program Files (x86)\AMD\ATI.ACE\Core-Static;C:\Program Files (x86)\Microsoft SQL Server\100\Tools\Binn\;C:\Program Files\Microsoft SQL Server\100\Tools\Binn\;C:\Program Files\Microsoft SQL Server\100\DTS\Binn\;C:\Program Files (x86)\IDM Computer Solutions\UltraEdit;C:\Python27;C:\Program Files (x86)\Apkdb;C:\Program Files (x86)\ATI Technologies\ATI.ACE\Core-Static;C:\Program Files (x86)\Windows Kits\8.1\Windows Performance Toolkit\;C:\WINDOWS\system32\config\systemprofile\.dnx\bin;C:\Program Files\Microsoft DNX\Dnvm\;C:\Users\Administrator\AppData\Local\Programs\Python\Python35\Scripts\;C:\Users\Administrator\AppData\Local\Programs\Python\Python35\;C:\Program Files\Java\jdk1.8.0_31\bin;C:\Program Files\Genymobile\Genymotion\tools
USERNAME=Administrator
OS=Windows_NT
PROCESSOR_IDENTIFIER=Intel64 Family 6 Model 60 Stepping 3, GenuineIntel



---------------  S Y S T E M  ---------------

OS: Windows 8.1 , 64 bit Build 9600 

CPU:total 8 (4 cores per cpu, 2 threads per core) family 6 model 60 stepping 3, cmov, cx8, fxsr, mmx, sse, sse2, sse3, ssse3, sse4.1, sse4.2, popcnt, avx, avx2, aes, clmul, erms, lzcnt, ht, tsc, tscinvbit, bmi1, bmi2

Memory: 4k page, physical 8351060k(2322456k free), swap 8351060k(5960k free)

vm_info: Java HotSpot(TM) 64-Bit Server VM (25.31-b07) for windows-amd64 JRE (1.8.0_31-b13), built on Dec 17 2014 21:00:28 by "java_re" with MS VC++ 10.0 (VS2010)

time: Tue Jan 05 17:48:46 2016
elapsed time: 6 seconds (0d 0h 0m 6s)

