#
# There is insufficient memory for the Java Runtime Environment to continue.
# Native memory allocation (malloc) failed to allocate 2080336 bytes for Chunk::new
# Possible reasons:
#   The system is out of physical RAM or swap space
#   In 32 bit mode, the process size limit was hit
# Possible solutions:
#   Reduce memory load on the system
#   Increase physical memory or swap space
#   Check if swap backing store is full
#   Use 64 bit Java on a 64 bit OS
#   Decrease Java heap size (-Xmx/-Xms)
#   Decrease number of Java threads
#   Decrease Java thread stack sizes (-Xss)
#   Set larger code cache with -XX:ReservedCodeCacheSize=
# This output file may be truncated or incomplete.
#
#  Out of Memory Error (allocation.cpp:390), pid=11276, tid=5048
#
# JRE version: Java(TM) SE Runtime Environment (8.0_31-b13) (build 1.8.0_31-b13)
# Java VM: Java HotSpot(TM) 64-Bit Server VM (25.31-b07 mixed mode windows-amd64 compressed oops)
# Failed to write core dump. Minidumps are not enabled by default on client versions of Windows
#

---------------  T H R E A D  ---------------

Current thread (0x00000000172a8000):  JavaThread "C2 CompilerThread1" daemon [_thread_in_native, id=5048, stack(0x0000000017920000,0x0000000017a20000)]

Stack: [0x0000000017920000,0x0000000017a20000]
Native frames: (J=compiled Java code, j=interpreted, Vv=VM code, C=native code)
V  [jvm.dll+0x3169ba]
V  [jvm.dll+0x2674c3]
V  [jvm.dll+0x268103]
V  [jvm.dll+0x25f8f5]
V  [jvm.dll+0xbf025]
V  [jvm.dll+0xbf4cc]
V  [jvm.dll+0x45df82]
V  [jvm.dll+0x49f21f]
V  [jvm.dll+0x453401]
V  [jvm.dll+0x454124]
V  [jvm.dll+0x437c62]
V  [jvm.dll+0x988e2]
V  [jvm.dll+0x990d3]
V  [jvm.dll+0x22c194]
V  [jvm.dll+0x28576a]
C  [msvcr100.dll+0x21d9f]
C  [msvcr100.dll+0x21e3b]
C  [KERNEL32.DLL+0x18102]
C  [ntdll.dll+0x5c2e4]


Current CompileTask:
C2:   1341 1506   !   4       java.net.URLClassLoader$1::run (73 bytes)


---------------  P R O C E S S  ---------------

Java Threads: ( => current thread )
  0x0000000018d53800 JavaThread "Stdin handler" [_thread_blocked, id=11976, stack(0x0000000019dd0000,0x0000000019ed0000)]
  0x0000000018b45000 JavaThread "Daemon worker" [_thread_in_vm, id=2748, stack(0x0000000019cd0000,0x0000000019dd0000)]
  0x0000000018b4d000 JavaThread "Cancel handler" [_thread_blocked, id=9588, stack(0x0000000019bd0000,0x0000000019cd0000)]
  0x0000000018abe000 JavaThread "Handler for socket connection from /127.0.0.1:54195 to /127.0.0.1:54196" [_thread_in_native, id=6840, stack(0x0000000019ad0000,0x0000000019bd0000)]
  0x0000000018abd800 JavaThread "Daemon" [_thread_blocked, id=5536, stack(0x00000000199d0000,0x0000000019ad0000)]
  0x0000000018d51000 JavaThread "Incoming local TCP Connector on port 54195" [_thread_in_native, id=9332, stack(0x0000000018620000,0x0000000018720000)]
  0x0000000017345000 JavaThread "Service Thread" daemon [_thread_blocked, id=3192, stack(0x0000000017c20000,0x0000000017d20000)]
  0x00000000172bc800 JavaThread "C1 CompilerThread3" daemon [_thread_in_native, id=8920, stack(0x0000000017b20000,0x0000000017c20000)]
  0x00000000172b0000 JavaThread "C2 CompilerThread2" daemon [_thread_in_native, id=9536, stack(0x0000000017a20000,0x0000000017b20000)]
=>0x00000000172a8000 JavaThread "C2 CompilerThread1" daemon [_thread_in_native, id=5048, stack(0x0000000017920000,0x0000000017a20000)]
  0x00000000172a6800 JavaThread "C2 CompilerThread0" daemon [_thread_in_native, id=7092, stack(0x0000000017820000,0x0000000017920000)]
  0x00000000172a4000 JavaThread "Attach Listener" daemon [_thread_blocked, id=4896, stack(0x0000000017720000,0x0000000017820000)]
  0x00000000172a3800 JavaThread "Signal Dispatcher" daemon [_thread_blocked, id=4320, stack(0x0000000017620000,0x0000000017720000)]
  0x000000000271a000 JavaThread "Finalizer" daemon [_thread_blocked, id=11356, stack(0x0000000017120000,0x0000000017220000)]
  0x0000000002713000 JavaThread "Reference Handler" daemon [_thread_blocked, id=2616, stack(0x0000000017020000,0x0000000017120000)]
  0x0000000002622800 JavaThread "main" [_thread_blocked, id=4352, stack(0x0000000002520000,0x0000000002620000)]

Other Threads:
  0x0000000015239000 VMThread [stack: 0x0000000016f20000,0x0000000017020000] [id=6504]
  0x0000000017345800 WatcherThread [stack: 0x0000000017d20000,0x0000000017e20000] [id=4556]

VM state:not at safepoint (normal execution)

VM Mutex/Monitor currently owned by a thread: None

Heap:
 PSYoungGen      total 38400K, used 11273K [0x00000000eab00000, 0x00000000ef600000, 0x0000000100000000)
  eden space 33280K, 18% used [0x00000000eab00000,0x00000000eb108680,0x00000000ecb80000)
  from space 5120K, 99% used [0x00000000ecb80000,0x00000000ed07a060,0x00000000ed080000)
  to   space 5120K, 0% used [0x00000000ef100000,0x00000000ef100000,0x00000000ef600000)
 ParOldGen       total 87552K, used 5907K [0x00000000c0000000, 0x00000000c5580000, 0x00000000eab00000)
  object space 87552K, 6% used [0x00000000c0000000,0x00000000c05c4dc0,0x00000000c5580000)
 Metaspace       used 18885K, capacity 19244K, committed 19584K, reserved 1067008K
  class space    used 2482K, capacity 2586K, committed 2688K, reserved 1048576K

Card table byte_map: [0x0000000011ae0000,0x0000000011cf0000] byte_map_base: 0x00000000114e0000

Marking Bits: (ParMarkBitMap*) 0x000000005819d4f0
 Begin Bits: [0x0000000012650000, 0x0000000013650000)
 End Bits:   [0x0000000013650000, 0x0000000014650000)

Polling page: 0x0000000000550000

CodeCache: size=245760Kb used=6459Kb max_used=6468Kb free=239300Kb
 bounds [0x0000000002720000, 0x0000000002d80000, 0x0000000011720000]
 total_blobs=2252 nmethods=1639 adapters=526
 compilation: enabled

Compilation events (10 events):
Event: 1.330 Thread 0x00000000172bc800 nmethod 1624 0x0000000002d5b090 code [0x0000000002d5b3c0, 0x0000000002d5cb88]
Event: 1.330 Thread 0x00000000172bc800 1625   !   3       sun.reflect.misc.ReflectUtil::isPackageAccessible (12 bytes)
Event: 1.330 Thread 0x00000000172bc800 nmethod 1625 0x0000000002d57950 code [0x0000000002d57b00, 0x0000000002d57f18]
Event: 1.330 Thread 0x00000000172bc800 1626       3       java.lang.reflect.Executable::getGenericExceptionTypes (27 bytes)
Event: 1.330 Thread 0x00000000172a6800 nmethod 1613 0x0000000002d60810 code [0x0000000002d609a0, 0x0000000002d60ed8]
Event: 1.330 Thread 0x00000000172a6800 1623       4       java.lang.Class$MethodArray::removeByNameAndDescriptor (42 bytes)
Event: 1.330 Thread 0x00000000172bc800 nmethod 1626 0x0000000002d60090 code [0x0000000002d60220, 0x0000000002d606d8]
Event: 1.330 Thread 0x00000000172bc800 1627       3       java.lang.reflect.Method::getGenericExceptionTypes (5 bytes)
Event: 1.331 Thread 0x00000000172bc800 nmethod 1627 0x0000000002d5e6d0 code [0x0000000002d5e900, 0x0000000002d5f6a8]
Event: 1.331 Thread 0x00000000172bc800 1633   !   3       java.lang.reflect.Executable::sharedToGenericString (329 bytes)

GC Heap History (6 events):
Event: 0.442 GC heap before
{Heap before GC invocations=1 (full 0):
 PSYoungGen      total 38400K, used 33280K [0x00000000eab00000, 0x00000000ed580000, 0x0000000100000000)
  eden space 33280K, 100% used [0x00000000eab00000,0x00000000ecb80000,0x00000000ecb80000)
  from space 5120K, 0% used [0x00000000ed080000,0x00000000ed080000,0x00000000ed580000)
  to   space 5120K, 0% used [0x00000000ecb80000,0x00000000ecb80000,0x00000000ed080000)
 ParOldGen       total 87552K, used 0K [0x00000000c0000000, 0x00000000c5580000, 0x00000000eab00000)
  object space 87552K, 0% used [0x00000000c0000000,0x00000000c0000000,0x00000000c5580000)
 Metaspace       used 6305K, capacity 6506K, committed 6784K, reserved 1056768K
  class space    used 807K, capacity 866K, committed 896K, reserved 1048576K
Event: 0.445 GC heap after
Heap after GC invocations=1 (full 0):
 PSYoungGen      total 38400K, used 4494K [0x00000000eab00000, 0x00000000ed580000, 0x0000000100000000)
  eden space 33280K, 0% used [0x00000000eab00000,0x00000000eab00000,0x00000000ecb80000)
  from space 5120K, 87% used [0x00000000ecb80000,0x00000000ecfe3b58,0x00000000ed080000)
  to   space 5120K, 0% used [0x00000000ed080000,0x00000000ed080000,0x00000000ed580000)
 ParOldGen       total 87552K, used 16K [0x00000000c0000000, 0x00000000c5580000, 0x00000000eab00000)
  object space 87552K, 0% used [0x00000000c0000000,0x00000000c0004000,0x00000000c5580000)
 Metaspace       used 6305K, capacity 6506K, committed 6784K, reserved 1056768K
  class space    used 807K, capacity 866K, committed 896K, reserved 1048576K
}
Event: 0.917 GC heap before
{Heap before GC invocations=2 (full 0):
 PSYoungGen      total 38400K, used 37774K [0x00000000eab00000, 0x00000000ed580000, 0x0000000100000000)
  eden space 33280K, 100% used [0x00000000eab00000,0x00000000ecb80000,0x00000000ecb80000)
  from space 5120K, 87% used [0x00000000ecb80000,0x00000000ecfe3b58,0x00000000ed080000)
  to   space 5120K, 0% used [0x00000000ed080000,0x00000000ed080000,0x00000000ed580000)
 ParOldGen       total 87552K, used 16K [0x00000000c0000000, 0x00000000c5580000, 0x00000000eab00000)
  object space 87552K, 0% used [0x00000000c0000000,0x00000000c0004000,0x00000000c5580000)
 Metaspace       used 12587K, capacity 12864K, committed 13056K, reserved 1060864K
  class space    used 1709K, capacity 1782K, committed 1792K, reserved 1048576K
Event: 0.922 GC heap after
Heap after GC invocations=2 (full 0):
 PSYoungGen      total 38400K, used 5115K [0x00000000eab00000, 0x00000000ed580000, 0x0000000100000000)
  eden space 33280K, 0% used [0x00000000eab00000,0x00000000eab00000,0x00000000ecb80000)
  from space 5120K, 99% used [0x00000000ed080000,0x00000000ed57efe0,0x00000000ed580000)
  to   space 5120K, 0% used [0x00000000ecb80000,0x00000000ecb80000,0x00000000ed080000)
 ParOldGen       total 87552K, used 1823K [0x00000000c0000000, 0x00000000c5580000, 0x00000000eab00000)
  object space 87552K, 2% used [0x00000000c0000000,0x00000000c01c7dd0,0x00000000c5580000)
 Metaspace       used 12587K, capacity 12864K, committed 13056K, reserved 1060864K
  class space    used 1709K, capacity 1782K, committed 1792K, reserved 1048576K
}
Event: 1.274 GC heap before
{Heap before GC invocations=3 (full 0):
 PSYoungGen      total 38400K, used 38395K [0x00000000eab00000, 0x00000000ed580000, 0x0000000100000000)
  eden space 33280K, 100% used [0x00000000eab00000,0x00000000ecb80000,0x00000000ecb80000)
  from space 5120K, 99% used [0x00000000ed080000,0x00000000ed57efe0,0x00000000ed580000)
  to   space 5120K, 0% used [0x00000000ecb80000,0x00000000ecb80000,0x00000000ed080000)
 ParOldGen       total 87552K, used 1823K [0x00000000c0000000, 0x00000000c5580000, 0x00000000eab00000)
  object space 87552K, 2% used [0x00000000c0000000,0x00000000c01c7dd0,0x00000000c5580000)
 Metaspace       used 18100K, capacity 18444K, committed 18688K, reserved 1064960K
  class space    used 2462K, capacity 2554K, committed 2560K, reserved 1048576K
Event: 1.282 GC heap after
Heap after GC invocations=3 (full 0):
 PSYoungGen      total 38400K, used 5096K [0x00000000eab00000, 0x00000000ef600000, 0x0000000100000000)
  eden space 33280K, 0% used [0x00000000eab00000,0x00000000eab00000,0x00000000ecb80000)
  from space 5120K, 99% used [0x00000000ecb80000,0x00000000ed07a060,0x00000000ed080000)
  to   space 5120K, 0% used [0x00000000ef100000,0x00000000ef100000,0x00000000ef600000)
 ParOldGen       total 87552K, used 5907K [0x00000000c0000000, 0x00000000c5580000, 0x00000000eab00000)
  object space 87552K, 6% used [0x00000000c0000000,0x00000000c05c4dc0,0x00000000c5580000)
 Metaspace       used 18100K, capacity 18444K, committed 18688K, reserved 1064960K
  class space    used 2462K, capacity 2554K, committed 2560K, reserved 1048576K
}

Deoptimization events (10 events):
Event: 1.148 Thread 0x0000000018b45000 Uncommon trap: reason=class_check action=maybe_recompile pc=0x0000000002be09fc method=org.gradle.internal.service.DefaultServiceRegistry$SingletonService.getService(Lorg/gradle/internal/service/DefaultServiceRegistry$LookupContext;Lorg/gradle/internal/serv~f¯Å_ò?
Event: 1.148 Thread 0x0000000018b45000 Uncommon trap: reason=class_check action=maybe_recompile pc=0x0000000002be09fc method=org.gradle.internal.service.DefaultServiceRegistry$SingletonService.getService(Lorg/gradle/internal/service/DefaultServiceRegistry$LookupContext;Lorg/gradle/internal/servHÌ$ý/(ó?
Event: 1.197 Thread 0x0000000018b45000 Uncommon trap: reason=unreached action=reinterpret pc=0x00000000029dfee4 method=java.lang.AbstractStringBuilder.append(Ljava/lang/String;)Ljava/lang/AbstractStringBuilder; @ 1
Event: 1.197 Thread 0x0000000018b45000 Uncommon trap: reason=unreached action=reinterpret pc=0x000000000297ab68 method=java.lang.AbstractStringBuilder.append(Ljava/lang/String;)Ljava/lang/AbstractStringBuilder; @ 1
Event: 1.211 Thread 0x0000000018b45000 Uncommon trap: reason=class_check action=maybe_recompile pc=0x0000000002ad63a4 method=java.util.HashMap.putVal(ILjava/lang/Object;Ljava/lang/Object;ZZ)Ljava/lang/Object; @ 203
Event: 1.239 Thread 0x0000000018b45000 Uncommon trap: reason=class_check action=maybe_recompile pc=0x0000000002ab9a18 method=sun.misc.URLClassPath.getLoader(I)Lsun/misc/URLClassPath$Loader; @ 94
Event: 1.239 Thread 0x0000000018b45000 Uncommon trap: reason=class_check action=maybe_recompile pc=0x0000000002a12c68 method=sun.misc.URLClassPath.getResource(Ljava/lang/String;Z)Lsun/misc/Resource; @ 53
Event: 1.255 Thread 0x0000000018b45000 Uncommon trap: reason=class_check action=maybe_recompile pc=0x0000000002ab9ab8 method=sun.misc.URLClassPath.getLoader(I)Lsun/misc/URLClassPath$Loader; @ 150
Event: 1.263 Thread 0x0000000018b45000 Uncommon trap: reason=class_check action=maybe_recompile pc=0x0000000002ab9ab8 method=sun.misc.URLClassPath.getLoader(I)Lsun/misc/URLClassPath$Loader; @ 150
Event: 1.271 Thread 0x0000000018b45000 Uncommon trap: reason=class_check action=maybe_recompile pc=0x0000000002ab9ab8 method=sun.misc.URLClassPath.getLoader(I)Lsun/misc/URLClassPath$Loader; @ 150

Internal exceptions (10 events):
Event: 1.330 Thread 0x0000000018b45000 Exception <a 'java/security/PrivilegedActionException'> (0x00000000eb046300) thrown at [C:\workspace\8-2-build-windows-amd64-cygwin\jdk8u31\2394\hotspot\src\share\vm\prims\jvm.cpp, line 1312]
Event: 1.330 Thread 0x0000000018b45000 Exception <a 'java/security/PrivilegedActionException'> (0x00000000eb04bf98) thrown at [C:\workspace\8-2-build-windows-amd64-cygwin\jdk8u31\2394\hotspot\src\share\vm\prims\jvm.cpp, line 1312]
Event: 1.330 Thread 0x0000000018b45000 Exception <a 'java/security/PrivilegedActionException'> (0x00000000eb0592d8) thrown at [C:\workspace\8-2-build-windows-amd64-cygwin\jdk8u31\2394\hotspot\src\share\vm\prims\jvm.cpp, line 1312]
Event: 1.330 Thread 0x0000000018b45000 Exception <a 'java/lang/ClassNotFoundException': org/gradle/invocation/DefaultGradle_DecoratedCustomizer> (0x00000000eb05a728) thrown at [C:\workspace\8-2-build-windows-amd64-cygwin\jdk8u31\2394\hotspot\src\share\vm\classfile\systemDictionary.cpp, line 202RòîQõ?
Event: 1.332 Thread 0x0000000018b45000 Exception <a 'java/security/PrivilegedActionException'> (0x00000000eb0a31b0) thrown at [C:\workspace\8-2-build-windows-amd64-cygwin\jdk8u31\2394\hotspot\src\share\vm\prims\jvm.cpp, line 1312]
Event: 1.332 Thread 0x0000000018b45000 Exception <a 'java/security/PrivilegedActionException'> (0x00000000eb0a4098) thrown at [C:\workspace\8-2-build-windows-amd64-cygwin\jdk8u31\2394\hotspot\src\share\vm\prims\jvm.cpp, line 1312]
Event: 1.333 Thread 0x0000000018b45000 Exception <a 'java/security/PrivilegedActionException'> (0x00000000eb0a7cf8) thrown at [C:\workspace\8-2-build-windows-amd64-cygwin\jdk8u31\2394\hotspot\src\share\vm\prims\jvm.cpp, line 1312]
Event: 1.333 Thread 0x0000000018b45000 Exception <a 'java/security/PrivilegedActionException'> (0x00000000eb0a8aa0) thrown at [C:\workspace\8-2-build-windows-amd64-cygwin\jdk8u31\2394\hotspot\src\share\vm\prims\jvm.cpp, line 1312]
Event: 1.333 Thread 0x0000000018b45000 Exception <a 'java/security/PrivilegedActionException'> (0x00000000eb0ae370) thrown at [C:\workspace\8-2-build-windows-amd64-cygwin\jdk8u31\2394\hotspot\src\share\vm\prims\jvm.cpp, line 1312]
Event: 1.333 Thread 0x0000000018b45000 Exception <a 'java/security/PrivilegedActionException'> (0x00000000eb0af0b0) thrown at [C:\workspace\8-2-build-windows-amd64-cygwin\jdk8u31\2394\hotspot\src\share\vm\prims\jvm.cpp, line 1312]

Events (10 events):
Event: 1.330 loading class org/gradle/invocation/DefaultGradle_DecoratedCustomizer
Event: 1.330 loading class org/gradle/invocation/DefaultGradle_DecoratedCustomizer done
Event: 1.330 loading class org/gradle/invocation/DefaultGradle_DecoratedCustomizer
Event: 1.330 loading class org/gradle/invocation/DefaultGradle_DecoratedCustomizer done
Event: 1.332 loading class org/codehaus/groovy/runtime/metaclass/MetaMethodIndex$CacheEntry
Event: 1.332 loading class org/codehaus/groovy/runtime/metaclass/MetaMethodIndex$CacheEntry done
Event: 1.333 loading class org/gradle/api/InvalidActionClosureException
Event: 1.333 loading class org/gradle/api/InvalidActionClosureException done
Event: 1.333 loading class org/gradle/invocation/DefaultGradle$2
Event: 1.333 loading class org/gradle/invocation/DefaultGradle$2 done


Dynamic libraries:
0x00007ff62b8e0000 - 0x00007ff62b914000 	C:\Program Files\Java\jdk1.8.0_31\bin\java.exe
0x00007ffe9c0d0000 - 0x00007ffe9c291000 	C:\WINDOWS\SYSTEM32\ntdll.dll
0x00007ffe9a380000 - 0x00007ffe9a42d000 	C:\WINDOWS\system32\KERNEL32.DLL
0x00007ffe987e0000 - 0x00007ffe989c8000 	C:\WINDOWS\system32\KERNELBASE.dll
0x00007ffe9a1d0000 - 0x00007ffe9a277000 	C:\WINDOWS\system32\ADVAPI32.dll
0x00007ffe9a2e0000 - 0x00007ffe9a37d000 	C:\WINDOWS\system32\msvcrt.dll
0x00007ffe9a4a0000 - 0x00007ffe9a4fb000 	C:\WINDOWS\system32\sechost.dll
0x00007ffe9be50000 - 0x00007ffe9bf6c000 	C:\WINDOWS\system32\RPCRT4.dll
0x00007ffe9bcf0000 - 0x00007ffe9be46000 	C:\WINDOWS\system32\USER32.dll
0x00007ffe995d0000 - 0x00007ffe99756000 	C:\WINDOWS\system32\GDI32.dll
0x00007ffe8c980000 - 0x00007ffe8cbf4000 	C:\WINDOWS\WinSxS\amd64_microsoft.windows.common-controls_6595b64144ccf1df_6.0.10586.0_none_8c15ae12515e1c22\COMCTL32.dll
0x00007ffe99760000 - 0x00007ffe999dd000 	C:\WINDOWS\system32\combase.dll
0x00007ffe98ab0000 - 0x00007ffe98b1a000 	C:\WINDOWS\system32\bcryptPrimitives.dll
0x00007ffe99370000 - 0x00007ffe993ab000 	C:\WINDOWS\system32\IMM32.DLL
0x00000000571d0000 - 0x00000000572a2000 	C:\Program Files\Java\jdk1.8.0_31\jre\bin\msvcr100.dll
0x00000000579c0000 - 0x000000005821a000 	C:\Program Files\Java\jdk1.8.0_31\jre\bin\server\jvm.dll
0x00007ffe99230000 - 0x00007ffe99253000 	C:\WINDOWS\system32\WINMM.dll
0x00007ffe984f0000 - 0x00007ffe9851c000 	C:\WINDOWS\system32\WINMMBASE.dll
0x00007ffe98b20000 - 0x00007ffe98b63000 	C:\WINDOWS\system32\cfgmgr32.dll
0x00007ffe8dee0000 - 0x00007ffe8dee9000 	C:\WINDOWS\SYSTEM32\WSOCK32.dll
0x00007ffe993b0000 - 0x00007ffe993b8000 	C:\WINDOWS\system32\PSAPI.DLL
0x00007ffe9a430000 - 0x00007ffe9a49b000 	C:\WINDOWS\system32\WS2_32.dll
0x00000000578d0000 - 0x00000000578df000 	C:\Program Files\Java\jdk1.8.0_31\jre\bin\verify.dll
0x00000000578a0000 - 0x00000000578c8000 	C:\Program Files\Java\jdk1.8.0_31\jre\bin\java.dll
0x0000000057880000 - 0x0000000057896000 	C:\Program Files\Java\jdk1.8.0_31\jre\bin\zip.dll
0x00007ffe9a510000 - 0x00007ffe9ba6f000 	C:\WINDOWS\system32\SHELL32.dll
0x00007ffe98b70000 - 0x00007ffe991b4000 	C:\WINDOWS\system32\windows.storage.dll
0x00007ffe99310000 - 0x00007ffe99362000 	C:\WINDOWS\system32\shlwapi.dll
0x00007ffe98520000 - 0x00007ffe9852f000 	C:\WINDOWS\system32\kernel.appcore.dll
0x00007ffe989f0000 - 0x00007ffe98aa5000 	C:\WINDOWS\system32\shcore.dll
0x00007ffe98530000 - 0x00007ffe9857b000 	C:\WINDOWS\system32\powrprof.dll
0x00007ffe984d0000 - 0x00007ffe984e4000 	C:\WINDOWS\system32\profapi.dll
0x0000000057860000 - 0x000000005787a000 	C:\Program Files\Java\jdk1.8.0_31\jre\bin\net.dll
0x00007ffe97d90000 - 0x00007ffe97dec000 	C:\WINDOWS\system32\mswsock.dll
0x0000000057840000 - 0x0000000057851000 	C:\Program Files\Java\jdk1.8.0_31\jre\bin\nio.dll
0x00007ffe7d320000 - 0x00007ffe7d332000 	C:\Users\Administrator\.gradle\native\19\windows-amd64\native-platform.dll
0x00007ffe95260000 - 0x00007ffe95298000 	C:\WINDOWS\SYSTEM32\IPHLPAPI.DLL
0x00007ffe9a500000 - 0x00007ffe9a508000 	C:\WINDOWS\system32\NSI.dll
0x00007ffe946d0000 - 0x00007ffe946e6000 	C:\WINDOWS\SYSTEM32\dhcpcsvc6.DLL
0x00007ffe939a0000 - 0x00007ffe939ba000 	C:\WINDOWS\SYSTEM32\dhcpcsvc.DLL
0x00007ffe97e40000 - 0x00007ffe97e57000 	C:\WINDOWS\SYSTEM32\CRYPTSP.dll
0x00007ffe97ad0000 - 0x00007ffe97b04000 	C:\WINDOWS\system32\rsaenh.dll
0x00007ffe983f0000 - 0x00007ffe98419000 	C:\WINDOWS\SYSTEM32\bcrypt.dll
0x00007ffe97c20000 - 0x00007ffe97c3f000 	C:\WINDOWS\SYSTEM32\USERENV.dll
0x00007ffe97f60000 - 0x00007ffe97f6b000 	C:\WINDOWS\SYSTEM32\CRYPTBASE.dll
0x00007ffe75e40000 - 0x00007ffe75fcc000 	C:\WINDOWS\SYSTEM32\dbghelp.dll

VM Arguments:
jvm_args: -XX:MaxPermSize=256m -XX:+HeapDumpOnOutOfMemoryError -Xmx1024m -Dfile.encoding=GBK -Duser.country=CN -Duser.language=zh -Duser.variant 
java_command: org.gradle.launcher.daemon.bootstrap.GradleDaemon 2.8
java_class_path (initial): C:\Program Files\Android\Android Studio\gradle\gradle-2.8\lib\gradle-launcher-2.8.jar
Launcher Type: SUN_STANDARD

Environment Variables:
JAVA_HOME=C:\Program Files\Java\jdk1.8.0_31
CLASSPATH=C:\Program Files\Java\jdk1.8.0_31\lib\dt.jar;C:\Program Files\Java\jdk1.8.0_31\bin.tools.jar;.
PATH=C:\ProgramData\Oracle\Java\javapath;C:\WINDOWS\system32;C:\WINDOWS;C:\WINDOWS\System32\Wbem;C:\WINDOWS\System32\WindowsPowerShell\v1.0\;C:\Program Files (x86)\AMD\ATI.ACE\Core-Static;C:\Program Files (x86)\Microsoft SQL Server\100\Tools\Binn\;C:\Program Files\Microsoft SQL Server\100\Tools\Binn\;C:\Program Files\Microsoft SQL Server\100\DTS\Binn\;C:\Program Files (x86)\IDM Computer Solutions\UltraEdit;C:\Python27;C:\Program Files (x86)\Apkdb;C:\Program Files (x86)\ATI Technologies\ATI.ACE\Core-Static;C:\Program Files (x86)\Windows Kits\8.1\Windows Performance Toolkit\;C:\WINDOWS\system32\config\systemprofile\.dnx\bin;C:\Program Files\Microsoft DNX\Dnvm\;C:\Users\Administrator\AppData\Local\Programs\Python\Python35\Scripts\;C:\Users\Administrator\AppData\Local\Programs\Python\Python35\;C:\Program Files\Java\jdk1.8.0_31\bin;C:\Program Files\Genymobile\Genymotion\tools
USERNAME=Administrator
OS=Windows_NT
PROCESSOR_IDENTIFIER=Intel64 Family 6 Model 60 Stepping 3, GenuineIntel



---------------  S Y S T E M  ---------------

OS: Windows 8.1 , 64 bit Build 9600 

CPU:total 8 (4 cores per cpu, 2 threads per core) family 6 model 60 stepping 3, cmov, cx8, fxsr, mmx, sse, sse2, sse3, ssse3, sse4.1, sse4.2, popcnt, avx, avx2, aes, clmul, erms, lzcnt, ht, tsc, tscinvbit, bmi1, bmi2

Memory: 4k page, physical 8351060k(1702116k free), swap 8351060k(6056k free)

vm_info: Java HotSpot(TM) 64-Bit Server VM (25.31-b07) for windows-amd64 JRE (1.8.0_31-b13), built on Dec 17 2014 21:00:28 by "java_re" with MS VC++ 10.0 (VS2010)

time: Mon Jan 04 17:18:44 2016
elapsed time: 1 seconds (0d 0h 0m 1s)

