#
# There is insufficient memory for the Java Runtime Environment to continue.
# Native memory allocation (malloc) failed to allocate 43136 bytes for Chunk::new
# Possible reasons:
#   The system is out of physical RAM or swap space
#   In 32 bit mode, the process size limit was hit
# Possible solutions:
#   Reduce memory load on the system
#   Increase physical memory or swap space
#   Check if swap backing store is full
#   Use 64 bit Java on a 64 bit OS
#   Decrease Java heap size (-Xmx/-Xms)
#   Decrease number of Java threads
#   Decrease Java thread stack sizes (-Xss)
#   Set larger code cache with -XX:ReservedCodeCacheSize=
# This output file may be truncated or incomplete.
#
#  Out of Memory Error (allocation.cpp:390), pid=7408, tid=8116
#
# JRE version: Java(TM) SE Runtime Environment (8.0_31-b13) (build 1.8.0_31-b13)
# Java VM: Java HotSpot(TM) 64-Bit Server VM (25.31-b07 mixed mode windows-amd64 compressed oops)
# Failed to write core dump. Minidumps are not enabled by default on client versions of Windows
#

---------------  T H R E A D  ---------------

Current thread (0x00000000170f6000):  JavaThread "C2 CompilerThread0" daemon [_thread_in_native, id=8116, stack(0x0000000017670000,0x0000000017770000)]

Stack: [0x0000000017670000,0x0000000017770000]
Native frames: (J=compiled Java code, j=interpreted, Vv=VM code, C=native code)
V  [jvm.dll+0x3169ba]


Current CompileTask:
C2:    197  167       4       java.lang.String::replace (127 bytes)


---------------  P R O C E S S  ---------------

Java Threads: ( => current thread )
  0x0000000017154000 JavaThread "Service Thread" daemon [_thread_blocked, id=5008, stack(0x0000000017a70000,0x0000000017b70000)]
  0x0000000017151000 JavaThread "C1 CompilerThread3" daemon [_thread_blocked, id=1352, stack(0x0000000017970000,0x0000000017a70000)]
  0x000000001714d000 JavaThread "C2 CompilerThread2" daemon [_thread_in_native, id=4488, stack(0x0000000017870000,0x0000000017970000)]
  0x00000000170fc000 JavaThread "C2 CompilerThread1" daemon [_thread_in_native, id=4592, stack(0x0000000017770000,0x0000000017870000)]
=>0x00000000170f6000 JavaThread "C2 CompilerThread0" daemon [_thread_in_native, id=8116, stack(0x0000000017670000,0x0000000017770000)]
  0x00000000170f4000 JavaThread "Attach Listener" daemon [_thread_blocked, id=9180, stack(0x0000000017570000,0x0000000017670000)]
  0x00000000170f3800 JavaThread "Signal Dispatcher" daemon [_thread_blocked, id=9156, stack(0x0000000017470000,0x0000000017570000)]
  0x0000000002539800 JavaThread "Finalizer" daemon [_thread_blocked, id=9464, stack(0x0000000016f60000,0x0000000017060000)]
  0x0000000002533000 JavaThread "Reference Handler" daemon [_thread_blocked, id=6944, stack(0x0000000016e60000,0x0000000016f60000)]
  0x000000000243e000 JavaThread "main" [_thread_in_vm, id=5752, stack(0x0000000002330000,0x0000000002430000)]

Other Threads:
  0x0000000015087800 VMThread [stack: 0x0000000016d60000,0x0000000016e60000] [id=9228]
  0x0000000017161000 WatcherThread [stack: 0x0000000017b70000,0x0000000017c70000] [id=6212]

VM state:not at safepoint (normal execution)

VM Mutex/Monitor currently owned by a thread: None

Heap:
 PSYoungGen      total 38400K, used 10011K [0x00000000eab00000, 0x00000000ed580000, 0x0000000100000000)
  eden space 33280K, 30% used [0x00000000eab00000,0x00000000eb4c6d60,0x00000000ecb80000)
  from space 5120K, 0% used [0x00000000ed080000,0x00000000ed080000,0x00000000ed580000)
  to   space 5120K, 0% used [0x00000000ecb80000,0x00000000ecb80000,0x00000000ed080000)
 ParOldGen       total 87552K, used 0K [0x00000000c0000000, 0x00000000c5580000, 0x00000000eab00000)
  object space 87552K, 0% used [0x00000000c0000000,0x00000000c0000000,0x00000000c5580000)
 Metaspace       used 3527K, capacity 4720K, committed 4864K, reserved 1056768K
  class space    used 379K, capacity 424K, committed 512K, reserved 1048576K

Card table byte_map: [0x0000000011910000,0x0000000011b20000] byte_map_base: 0x0000000011310000

Marking Bits: (ParMarkBitMap*) 0x000000005139d4f0
 Begin Bits: [0x0000000012480000, 0x0000000013480000)
 End Bits:   [0x0000000013480000, 0x0000000014480000)

Polling page: 0x0000000001fc0000

CodeCache: size=245760Kb used=1395Kb max_used=1417Kb free=244364Kb
 bounds [0x0000000002550000, 0x00000000027c0000, 0x0000000011550000]
 total_blobs=411 nmethods=163 adapters=162
 compilation: enabled

Compilation events (10 events):
Event: 0.187 Thread 0x0000000017151000  161       3       com.android.dx.cf.direct.ClassPathOpener::access$000 (6 bytes)
Event: 0.187 Thread 0x0000000017151000 nmethod 161 0x00000000026a15d0 code [0x00000000026a1740, 0x00000000026a18a8]
Event: 0.187 Thread 0x0000000017151000  162       3       com.android.dx.cf.direct.ClassPathOpener::compareClassNames (42 bytes)
Event: 0.187 Thread 0x0000000017151000 nmethod 162 0x00000000026ab090 code [0x00000000026ab2e0, 0x00000000026abf48]
Event: 0.192 Thread 0x00000000170fc000 nmethod 153% 0x00000000026a8d10 code [0x00000000026a8e80, 0x00000000026a9398]
Event: 0.192 Thread 0x00000000170fc000  164       4       java.util.regex.Pattern::compile (406 bytes)
Event: 0.194 Thread 0x00000000170f6000 nmethod 158 0x00000000026b3210 code [0x00000000026b3380, 0x00000000026b3a78]
Event: 0.194 Thread 0x00000000170f6000  167       4       java.lang.String::replace (127 bytes)
Event: 0.194 Thread 0x000000001714d000 nmethod 163 0x00000000026b07d0 code [0x00000000026b0940, 0x00000000026b0fb8]
Event: 0.194 Thread 0x000000001714d000  165       4       java.util.regex.Pattern::newSlice (181 bytes)

GC Heap History (0 events):
No events

Deoptimization events (0 events):
No events

Internal exceptions (10 events):
Event: 0.161 Thread 0x000000000243e000 Exception <a 'java/security/PrivilegedActionException'> (0x00000000eade2488) thrown at [C:\workspace\8-2-build-windows-amd64-cygwin\jdk8u31\2394\hotspot\src\share\vm\prims\jvm.cpp, line 1312]
Event: 0.161 Thread 0x000000000243e000 Exception <a 'java/security/PrivilegedActionException'> (0x00000000eade43c0) thrown at [C:\workspace\8-2-build-windows-amd64-cygwin\jdk8u31\2394\hotspot\src\share\vm\prims\jvm.cpp, line 1312]
Event: 0.161 Thread 0x000000000243e000 Exception <a 'java/security/PrivilegedActionException'> (0x00000000eade8e90) thrown at [C:\workspace\8-2-build-windows-amd64-cygwin\jdk8u31\2394\hotspot\src\share\vm\prims\jvm.cpp, line 1312]
Event: 0.162 Thread 0x000000000243e000 Exception <a 'java/security/PrivilegedActionException'> (0x00000000eaded1b8) thrown at [C:\workspace\8-2-build-windows-amd64-cygwin\jdk8u31\2394\hotspot\src\share\vm\prims\jvm.cpp, line 1312]
Event: 0.162 Thread 0x000000000243e000 Exception <a 'java/security/PrivilegedActionException'> (0x00000000eadf1aa0) thrown at [C:\workspace\8-2-build-windows-amd64-cygwin\jdk8u31\2394\hotspot\src\share\vm\prims\jvm.cpp, line 1312]
Event: 0.163 Thread 0x000000000243e000 Exception <a 'java/security/PrivilegedActionException'> (0x00000000eadf5f68) thrown at [C:\workspace\8-2-build-windows-amd64-cygwin\jdk8u31\2394\hotspot\src\share\vm\prims\jvm.cpp, line 1312]
Event: 0.166 Thread 0x000000000243e000 Exception <a 'java/security/PrivilegedActionException'> (0x00000000eadff4b8) thrown at [C:\workspace\8-2-build-windows-amd64-cygwin\jdk8u31\2394\hotspot\src\share\vm\prims\jvm.cpp, line 1312]
Event: 0.167 Thread 0x000000000243e000 Exception <a 'java/security/PrivilegedActionException'> (0x00000000eae04b80) thrown at [C:\workspace\8-2-build-windows-amd64-cygwin\jdk8u31\2394\hotspot\src\share\vm\prims\jvm.cpp, line 1312]
Event: 0.167 Thread 0x000000000243e000 Exception <a 'java/security/PrivilegedActionException'> (0x00000000eae06bc0) thrown at [C:\workspace\8-2-build-windows-amd64-cygwin\jdk8u31\2394\hotspot\src\share\vm\prims\jvm.cpp, line 1312]
Event: 0.176 Thread 0x000000000243e000 Exception <a 'java/security/PrivilegedActionException'> (0x00000000eae40c38) thrown at [C:\workspace\8-2-build-windows-amd64-cygwin\jdk8u31\2394\hotspot\src\share\vm\prims\jvm.cpp, line 1312]

Events (10 events):
Event: 0.177 loading class java/util/regex/MatchResult done
Event: 0.178 loading class java/util/regex/Matcher done
Event: 0.192 Thread 0x000000000243e000 DEOPT PACKING pc=0x000000000267b072 sp=0x000000000242eb40
Event: 0.192 Thread 0x000000000243e000 DEOPT UNPACKING pc=0x00000000025975bf sp=0x000000000242e840 mode 0
Event: 0.193 Thread 0x000000000243e000 DEOPT PACKING pc=0x000000000267b072 sp=0x000000000242eb40
Event: 0.193 Thread 0x000000000243e000 DEOPT UNPACKING pc=0x00000000025975bf sp=0x000000000242e840 mode 0
Event: 0.194 Thread 0x000000000243e000 DEOPT PACKING pc=0x000000000267b072 sp=0x000000000242ea50
Event: 0.194 Thread 0x000000000243e000 DEOPT UNPACKING pc=0x00000000025975bf sp=0x000000000242e750 mode 0
Event: 0.194 Thread 0x000000000243e000 DEOPT PACKING pc=0x000000000267b072 sp=0x000000000242ea30
Event: 0.194 Thread 0x000000000243e000 DEOPT UNPACKING pc=0x00000000025975bf sp=0x000000000242e730 mode 0


Dynamic libraries:
0x00007ff7c5360000 - 0x00007ff7c5394000 	C:\Program Files\Java\jdk1.8.0_31\bin\java.exe
0x00007ffed1530000 - 0x00007ffed16f1000 	C:\WINDOWS\SYSTEM32\ntdll.dll
0x00007ffeceba0000 - 0x00007ffecec4d000 	C:\WINDOWS\system32\KERNEL32.DLL
0x00007ffecd990000 - 0x00007ffecdb78000 	C:\WINDOWS\system32\KERNELBASE.dll
0x00007ffeceab0000 - 0x00007ffeceb57000 	C:\WINDOWS\system32\ADVAPI32.dll
0x00007ffecf5f0000 - 0x00007ffecf68d000 	C:\WINDOWS\system32\msvcrt.dll
0x00007ffecfaf0000 - 0x00007ffecfb4b000 	C:\WINDOWS\system32\sechost.dll
0x00007ffecf0a0000 - 0x00007ffecf1bc000 	C:\WINDOWS\system32\RPCRT4.dll
0x00007ffecf770000 - 0x00007ffecf8c6000 	C:\WINDOWS\system32\USER32.dll
0x00007ffecec50000 - 0x00007ffecedd6000 	C:\WINDOWS\system32\GDI32.dll
0x00007ffec1b20000 - 0x00007ffec1d94000 	C:\WINDOWS\WinSxS\amd64_microsoft.windows.common-controls_6595b64144ccf1df_6.0.10586.0_none_8c15ae12515e1c22\COMCTL32.dll
0x00007ffecfc40000 - 0x00007ffecfebd000 	C:\WINDOWS\system32\combase.dll
0x00007ffecdc30000 - 0x00007ffecdc9a000 	C:\WINDOWS\system32\bcryptPrimitives.dll
0x00007ffeceb60000 - 0x00007ffeceb9b000 	C:\WINDOWS\system32\IMM32.DLL
0x0000000050660000 - 0x0000000050732000 	C:\Program Files\Java\jdk1.8.0_31\jre\bin\msvcr100.dll
0x0000000050bc0000 - 0x000000005141a000 	C:\Program Files\Java\jdk1.8.0_31\jre\bin\server\jvm.dll
0x00007ffece670000 - 0x00007ffece693000 	C:\WINDOWS\system32\WINMM.dll
0x00007ffecd950000 - 0x00007ffecd97c000 	C:\WINDOWS\system32\WINMMBASE.dll
0x00007ffecdca0000 - 0x00007ffecdce3000 	C:\WINDOWS\system32\cfgmgr32.dll
0x00007ffecf690000 - 0x00007ffecf698000 	C:\WINDOWS\system32\PSAPI.DLL
0x00007ffec1b10000 - 0x00007ffec1b19000 	C:\WINDOWS\SYSTEM32\WSOCK32.dll
0x00007ffed1420000 - 0x00007ffed148b000 	C:\WINDOWS\system32\WS2_32.dll
0x0000000050ad0000 - 0x0000000050adf000 	C:\Program Files\Java\jdk1.8.0_31\jre\bin\verify.dll
0x0000000050aa0000 - 0x0000000050ac8000 	C:\Program Files\Java\jdk1.8.0_31\jre\bin\java.dll
0x0000000050a80000 - 0x0000000050a96000 	C:\Program Files\Java\jdk1.8.0_31\jre\bin\zip.dll
0x00007ffecfec0000 - 0x00007ffed141f000 	C:\WINDOWS\system32\SHELL32.dll
0x00007ffece010000 - 0x00007ffece654000 	C:\WINDOWS\system32\windows.storage.dll
0x00007ffecf980000 - 0x00007ffecf9d2000 	C:\WINDOWS\system32\shlwapi.dll
0x00007ffecd980000 - 0x00007ffecd98f000 	C:\WINDOWS\system32\kernel.appcore.dll
0x00007ffecdec0000 - 0x00007ffecdf75000 	C:\WINDOWS\system32\shcore.dll
0x00007ffece700000 - 0x00007ffece74b000 	C:\WINDOWS\system32\powrprof.dll
0x00007ffecd920000 - 0x00007ffecd934000 	C:\WINDOWS\system32\profapi.dll
0x00007ffea90c0000 - 0x00007ffea924c000 	C:\WINDOWS\SYSTEM32\dbghelp.dll

VM Arguments:
jvm_args: -Djava.awt.headless=true -Xmx1024M -Dfile.encoding=GBK -Duser.country=CN -Duser.language=zh -Duser.variant 
java_command: com.android.dx.command.Main --dex --num-threads=4 --output D:\Backup\AndroidStudioProjects\SimlpleMp3Player\app\build\intermediates\pre-dexed\debug\internal_impl-23.1.1_e25ac34f10c49d231c1aeb00375f345dd08b788f.jar D:\Backup\AndroidStudioProjects\SimlpleMp3Player\app\build\intermediates\exploded-aar\com.android.support\support-v4\23.1.1\jars\libs\internal_impl-23.1.1.jar
java_class_path (initial): D:\SDK\build-tools\23.0.2\lib\dx.jar
Launcher Type: SUN_STANDARD

Environment Variables:
JAVA_HOME=C:\Program Files\Java\jdk1.8.0_31
CLASSPATH=C:\Program Files\Java\jdk1.8.0_31\lib\dt.jar;C:\Program Files\Java\jdk1.8.0_31\bin.tools.jar;.
PATH=C:\ProgramData\Oracle\Java\javapath;C:\WINDOWS\system32;C:\WINDOWS;C:\WINDOWS\System32\Wbem;C:\WINDOWS\System32\WindowsPowerShell\v1.0\;C:\Program Files (x86)\AMD\ATI.ACE\Core-Static;C:\Program Files (x86)\Microsoft SQL Server\100\Tools\Binn\;C:\Program Files\Microsoft SQL Server\100\Tools\Binn\;C:\Program Files\Microsoft SQL Server\100\DTS\Binn\;C:\Program Files (x86)\IDM Computer Solutions\UltraEdit;C:\Python27;C:\Program Files (x86)\Apkdb;C:\Program Files (x86)\ATI Technologies\ATI.ACE\Core-Static;C:\Program Files (x86)\Windows Kits\8.1\Windows Performance Toolkit\;C:\WINDOWS\system32\config\systemprofile\.dnx\bin;C:\Program Files\Microsoft DNX\Dnvm\;C:\Users\Administrator\AppData\Local\Programs\Python\Python35\Scripts\;C:\Users\Administrator\AppData\Local\Programs\Python\Python35\;C:\Program Files\Java\jdk1.8.0_31\bin;C:\Program Files\Genymobile\Genymotion\tools
USERNAME=Administrator
OS=Windows_NT
PROCESSOR_IDENTIFIER=Intel64 Family 6 Model 60 Stepping 3, GenuineIntel



---------------  S Y S T E M  ---------------

OS: Windows 8.1 , 64 bit Build 9600 

CPU:total 8 (4 cores per cpu, 2 threads per core) family 6 model 60 stepping 3, cmov, cx8, fxsr, mmx, sse, sse2, sse3, ssse3, sse4.1, sse4.2, popcnt, avx, avx2, aes, clmul, erms, lzcnt, ht, tsc, tscinvbit, bmi1, bmi2

Memory: 4k page, physical 8351060k(2290500k free), swap 8351060k(4116k free)

vm_info: Java HotSpot(TM) 64-Bit Server VM (25.31-b07) for windows-amd64 JRE (1.8.0_31-b13), built on Dec 17 2014 21:00:28 by "java_re" with MS VC++ 10.0 (VS2010)

time: Tue Jan 05 17:50:33 2016
elapsed time: 0 seconds (0d 0h 0m 0s)

