#
# There is insufficient memory for the Java Runtime Environment to continue.
# Native memory allocation (malloc) failed to allocate 32744 bytes for ChunkPool::allocate
# Possible reasons:
#   The system is out of physical RAM or swap space
#   In 32 bit mode, the process size limit was hit
# Possible solutions:
#   Reduce memory load on the system
#   Increase physical memory or swap space
#   Check if swap backing store is full
#   Use 64 bit Java on a 64 bit OS
#   Decrease Java heap size (-Xmx/-Xms)
#   Decrease number of Java threads
#   Decrease Java thread stack sizes (-Xss)
#   Set larger code cache with -XX:ReservedCodeCacheSize=
# This output file may be truncated or incomplete.
#
#  Out of Memory Error (allocation.cpp:273), pid=2672, tid=6104
#
# JRE version: Java(TM) SE Runtime Environment (8.0_31-b13) (build 1.8.0_31-b13)
# Java VM: Java HotSpot(TM) 64-Bit Server VM (25.31-b07 mixed mode windows-amd64 compressed oops)
# Failed to write core dump. Minidumps are not enabled by default on client versions of Windows
#

---------------  T H R E A D  ---------------

Current thread (0x0000000017118800):  JavaThread "C1 CompilerThread3" daemon [_thread_in_native, id=6104, stack(0x0000000017950000,0x0000000017a50000)]

Stack: [0x0000000017950000,0x0000000017a50000]
Native frames: (J=compiled Java code, j=interpreted, Vv=VM code, C=native code)
V  [jvm.dll+0x3169ba]
V  [jvm.dll+0x2674c3]
V  [jvm.dll+0x268103]
V  [jvm.dll+0x25f8f5]
V  [jvm.dll+0xbed81]
V  [jvm.dll+0xbf4cc]
V  [jvm.dll+0x40704d]
V  [jvm.dll+0x40bd61]
V  [jvm.dll+0x40c121]
V  [jvm.dll+0x40c1f3]
V  [jvm.dll+0x40cce5]
V  [jvm.dll+0x4048f7]
V  [jvm.dll+0x40d42c]
V  [jvm.dll+0x40edb2]
V  [jvm.dll+0x3ed980]
V  [jvm.dll+0x3edd50]
V  [jvm.dll+0x3ede82]
V  [jvm.dll+0x3ee04e]
V  [jvm.dll+0x3ee24f]
V  [jvm.dll+0x988e2]
V  [jvm.dll+0x990d3]
V  [jvm.dll+0x22c194]
V  [jvm.dll+0x28576a]
C  [msvcr100.dll+0x21d9f]
C  [msvcr100.dll+0x21e3b]
C  [KERNEL32.DLL+0x18102]
C  [ntdll.dll+0x5c2e4]


Current CompileTask:
C1:    193   23       3       java.io.DataInputStream::readUTF (501 bytes)


---------------  P R O C E S S  ---------------

Java Threads: ( => current thread )
  0x000000000246e000 JavaThread "DestroyJavaVM" [_thread_blocked, id=10724, stack(0x00000000022f0000,0x00000000023f0000)]
  0x0000000017a58800 JavaThread "Service Thread" daemon [_thread_blocked, id=2352, stack(0x0000000018350000,0x0000000018450000)]
=>0x0000000017118800 JavaThread "C1 CompilerThread3" daemon [_thread_in_native, id=6104, stack(0x0000000017950000,0x0000000017a50000)]
  0x0000000017114800 JavaThread "C2 CompilerThread2" daemon [_thread_blocked, id=6032, stack(0x0000000017850000,0x0000000017950000)]
  0x00000000170ee800 JavaThread "C2 CompilerThread1" daemon [_thread_blocked, id=8472, stack(0x0000000017750000,0x0000000017850000)]
  0x00000000170d4000 JavaThread "C2 CompilerThread0" daemon [_thread_blocked, id=10632, stack(0x0000000017650000,0x0000000017750000)]
  0x00000000170d2800 JavaThread "Attach Listener" daemon [_thread_blocked, id=10816, stack(0x0000000017550000,0x0000000017650000)]
  0x0000000017087800 JavaThread "Signal Dispatcher" daemon [_thread_blocked, id=2368, stack(0x0000000017450000,0x0000000017550000)]
  0x0000000002562000 JavaThread "Finalizer" daemon [_thread_blocked, id=2776, stack(0x0000000016f50000,0x0000000017050000)]
  0x0000000002561000 JavaThread "Reference Handler" daemon [_thread_blocked, id=3772, stack(0x0000000016e50000,0x0000000016f50000)]

Other Threads:
  0x0000000015088800 VMThread [stack: 0x0000000016d50000,0x0000000016e50000] [id=10352]
  0x0000000017163000 WatcherThread [stack: 0x0000000018450000,0x0000000018550000] [id=7872]

VM state:not at safepoint (normal execution)

VM Mutex/Monitor currently owned by a thread: None

Heap:
 PSYoungGen      total 38400K, used 3328K [0x00000000eab00000, 0x00000000ed580000, 0x0000000100000000)
  eden space 33280K, 10% used [0x00000000eab00000,0x00000000eae402c0,0x00000000ecb80000)
  from space 5120K, 0% used [0x00000000ed080000,0x00000000ed080000,0x00000000ed580000)
  to   space 5120K, 0% used [0x00000000ecb80000,0x00000000ecb80000,0x00000000ed080000)
 ParOldGen       total 87552K, used 0K [0x00000000c0000000, 0x00000000c5580000, 0x00000000eab00000)
  object space 87552K, 0% used [0x00000000c0000000,0x00000000c0000000,0x00000000c5580000)
 Metaspace       used 2749K, capacity 4480K, committed 4480K, reserved 1056768K
  class space    used 299K, capacity 384K, committed 384K, reserved 1048576K

Card table byte_map: [0x0000000011930000,0x0000000011b40000] byte_map_base: 0x0000000011330000

Marking Bits: (ParMarkBitMap*) 0x000000005352d4f0
 Begin Bits: [0x00000000124a0000, 0x00000000134a0000)
 End Bits:   [0x00000000134a0000, 0x00000000144a0000)

Polling page: 0x00000000023f0000

CodeCache: size=245760Kb used=1099Kb max_used=1099Kb free=244661Kb
 bounds [0x0000000002570000, 0x00000000027e0000, 0x0000000011570000]
 total_blobs=261 nmethods=22 adapters=154
 compilation: enabled

Compilation events (10 events):
Event: 0.160 Thread 0x0000000017118800 nmethod 19 0x000000000267df10 code [0x000000000267e0a0, 0x000000000267e588]
Event: 0.160 Thread 0x0000000017118800   20       1       java.lang.Object::<init> (1 bytes)
Event: 0.160 Thread 0x0000000017118800 nmethod 20 0x000000000267dc50 code [0x000000000267dda0, 0x000000000267deb0]
Event: 0.160 Thread 0x0000000017118800   17       3       java.lang.String::<init> (62 bytes)
Event: 0.160 Thread 0x0000000017118800 nmethod 17 0x00000000026802d0 code [0x0000000002680480, 0x00000000026808b8]
Event: 0.167 Thread 0x0000000017118800   21       3       java.io.BufferedInputStream::getBufIfOpen (21 bytes)
Event: 0.167 Thread 0x0000000017118800 nmethod 21 0x0000000002681b10 code [0x0000000002681c80, 0x0000000002681ea8]
Event: 0.167 Thread 0x0000000017118800   22  s    3       java.io.BufferedInputStream::read (49 bytes)
Event: 0.167 Thread 0x0000000017118800 nmethod 22 0x0000000002681f90 code [0x0000000002682120, 0x0000000002682658]
Event: 0.167 Thread 0x0000000017118800   23       3       java.io.DataInputStream::readUTF (501 bytes)

GC Heap History (0 events):
No events

Deoptimization events (0 events):
No events

Internal exceptions (3 events):
Event: 0.074 Thread 0x000000000246e000 Exception <a 'java/lang/NoSuchMethodError': Method sun.misc.Unsafe.defineClass(Ljava/lang/String;[BII)Ljava/lang/Class; name or signature does not match> (0x00000000eab121e8) thrown at [C:\workspace\8-2-build-windows-amd64-cygwin\jdk8u31\2394\hotspot\src\s’ﬁ∑	ù„≤?
Event: 0.074 Thread 0x000000000246e000 Exception <a 'java/lang/NoSuchMethodError': Method sun.misc.Unsafe.prefetchRead(Ljava/lang/Object;J)V name or signature does not match> (0x00000000eab12478) thrown at [C:\workspace\8-2-build-windows-amd64-cygwin\jdk8u31\2394\hotspot\src\share\vm\prims\jni.ã/ïoƒ?
Event: 0.160 Thread 0x000000000246e000 Exception <a 'java/security/PrivilegedActionException'> (0x00000000eacf5740) thrown at [C:\workspace\8-2-build-windows-amd64-cygwin\jdk8u31\2394\hotspot\src\share\vm\prims\jvm.cpp, line 1312]

Events (10 events):
Event: 0.166 loading class sun/util/calendar/ZoneInfo
Event: 0.166 loading class sun/util/calendar/ZoneInfo done
Event: 0.166 loading class sun/util/calendar/ZoneInfoFile
Event: 0.166 loading class sun/util/calendar/ZoneInfoFile done
Event: 0.166 loading class sun/util/calendar/ZoneInfoFile$1
Event: 0.166 loading class sun/util/calendar/ZoneInfoFile$1 done
Event: 0.166 loading class java/io/DataInputStream
Event: 0.166 loading class java/io/DataInput
Event: 0.166 loading class java/io/DataInput done
Event: 0.166 loading class java/io/DataInputStream done


Dynamic libraries:
0x00007ff7e2a80000 - 0x00007ff7e2ab4000 	C:\Program Files\Java\jdk1.8.0_31\bin\java.exe
0x00007fff81a90000 - 0x00007fff81c51000 	C:\WINDOWS\SYSTEM32\ntdll.dll
0x00007fff7f050000 - 0x00007fff7f0fd000 	C:\WINDOWS\system32\KERNEL32.DLL
0x00007fff7def0000 - 0x00007fff7e0d8000 	C:\WINDOWS\system32\KERNELBASE.dll
0x00007fff7f2e0000 - 0x00007fff7f387000 	C:\WINDOWS\system32\ADVAPI32.dll
0x00007fff7f750000 - 0x00007fff7f7ed000 	C:\WINDOWS\system32\msvcrt.dll
0x00007fff7ed40000 - 0x00007fff7ed9b000 	C:\WINDOWS\system32\sechost.dll
0x00007fff7f9d0000 - 0x00007fff7faec000 	C:\WINDOWS\system32\RPCRT4.dll
0x00007fff7f390000 - 0x00007fff7f4e6000 	C:\WINDOWS\system32\USER32.dll
0x00007fff7eda0000 - 0x00007fff7ef26000 	C:\WINDOWS\system32\GDI32.dll
0x00007fff72c20000 - 0x00007fff72e94000 	C:\WINDOWS\WinSxS\amd64_microsoft.windows.common-controls_6595b64144ccf1df_6.0.10586.0_none_8c15ae12515e1c22\COMCTL32.dll
0x00007fff801a0000 - 0x00007fff8041d000 	C:\WINDOWS\system32\combase.dll
0x00007fff7e160000 - 0x00007fff7e1ca000 	C:\WINDOWS\system32\bcryptPrimitives.dll
0x00007fff7f230000 - 0x00007fff7f26b000 	C:\WINDOWS\system32\IMM32.DLL
0x0000000052560000 - 0x0000000052632000 	C:\Program Files\Java\jdk1.8.0_31\jre\bin\msvcr100.dll
0x0000000052d50000 - 0x00000000535aa000 	C:\Program Files\Java\jdk1.8.0_31\jre\bin\server\jvm.dll
0x00007fff7eb30000 - 0x00007fff7eb53000 	C:\WINDOWS\system32\WINMM.dll
0x00007fff7deb0000 - 0x00007fff7dedc000 	C:\WINDOWS\system32\WINMMBASE.dll
0x00007fff7eae0000 - 0x00007fff7eb23000 	C:\WINDOWS\system32\cfgmgr32.dll
0x00007fff7ef90000 - 0x00007fff7ef98000 	C:\WINDOWS\system32\PSAPI.DLL
0x00007fff74720000 - 0x00007fff74729000 	C:\WINDOWS\SYSTEM32\WSOCK32.dll
0x00007fff7f270000 - 0x00007fff7f2db000 	C:\WINDOWS\system32\WS2_32.dll
0x0000000052c60000 - 0x0000000052c6f000 	C:\Program Files\Java\jdk1.8.0_31\jre\bin\verify.dll
0x0000000052c30000 - 0x0000000052c58000 	C:\Program Files\Java\jdk1.8.0_31\jre\bin\java.dll
0x0000000052c10000 - 0x0000000052c26000 	C:\Program Files\Java\jdk1.8.0_31\jre\bin\zip.dll
0x00007fff80530000 - 0x00007fff81a8f000 	C:\WINDOWS\system32\SHELL32.dll
0x00007fff7e1d0000 - 0x00007fff7e814000 	C:\WINDOWS\system32\windows.storage.dll
0x00007fff7f100000 - 0x00007fff7f152000 	C:\WINDOWS\system32\shlwapi.dll
0x00007fff7dea0000 - 0x00007fff7deaf000 	C:\WINDOWS\system32\kernel.appcore.dll
0x00007fff7eb60000 - 0x00007fff7ec15000 	C:\WINDOWS\system32\shcore.dll
0x00007fff7e0f0000 - 0x00007fff7e13b000 	C:\WINDOWS\system32\powrprof.dll
0x00007fff7de80000 - 0x00007fff7de94000 	C:\WINDOWS\system32\profapi.dll
0x00007fff548f0000 - 0x00007fff54a7c000 	C:\WINDOWS\SYSTEM32\dbghelp.dll

VM Arguments:
jvm_args: -Djava.awt.headless=true -Xmx1024M -Dfile.encoding=GBK -Duser.country=CN -Duser.language=zh -Duser.variant 
java_command: com.android.dx.command.Main --dex --num-threads=4 --output D:\Backup\AndroidStudioProjects\SimlpleMp3Player\app\build\intermediates\pre-dexed\debug\debug_31337e4a66d6e063d2b248477ff5741d7dad9612.jar D:\Backup\AndroidStudioProjects\SimlpleMp3Player\app\build\intermediates\classes\debug
java_class_path (initial): D:\SDK\build-tools\23.0.2\lib\dx.jar
Launcher Type: SUN_STANDARD

Environment Variables:
JAVA_HOME=C:\Program Files\Java\jdk1.8.0_31
CLASSPATH=C:\Program Files\Java\jdk1.8.0_31\lib\dt.jar;C:\Program Files\Java\jdk1.8.0_31\bin.tools.jar;.
PATH=C:\ProgramData\Oracle\Java\javapath;C:\WINDOWS\system32;C:\WINDOWS;C:\WINDOWS\System32\Wbem;C:\WINDOWS\System32\WindowsPowerShell\v1.0\;C:\Program Files (x86)\AMD\ATI.ACE\Core-Static;C:\Program Files (x86)\Microsoft SQL Server\100\Tools\Binn\;C:\Program Files\Microsoft SQL Server\100\Tools\Binn\;C:\Program Files\Microsoft SQL Server\100\DTS\Binn\;C:\Program Files (x86)\IDM Computer Solutions\UltraEdit;C:\Python27;C:\Program Files (x86)\Apkdb;C:\Program Files (x86)\ATI Technologies\ATI.ACE\Core-Static;C:\Program Files (x86)\Windows Kits\8.1\Windows Performance Toolkit\;C:\WINDOWS\system32\config\systemprofile\.dnx\bin;C:\Program Files\Microsoft DNX\Dnvm\;C:\Users\Administrator\AppData\Local\Programs\Python\Python35\Scripts\;C:\Users\Administrator\AppData\Local\Programs\Python\Python35\;C:\Program Files\Java\jdk1.8.0_31\bin
USERNAME=Administrator
OS=Windows_NT
PROCESSOR_IDENTIFIER=Intel64 Family 6 Model 60 Stepping 3, GenuineIntel



---------------  S Y S T E M  ---------------

OS: Windows 8.1 , 64 bit Build 9600 

CPU:total 8 (4 cores per cpu, 2 threads per core) family 6 model 60 stepping 3, cmov, cx8, fxsr, mmx, sse, sse2, sse3, ssse3, sse4.1, sse4.2, popcnt, avx, avx2, aes, clmul, erms, lzcnt, ht, tsc, tscinvbit, bmi1, bmi2

Memory: 4k page, physical 8351060k(2533692k free), swap 8351060k(207872k free)

vm_info: Java HotSpot(TM) 64-Bit Server VM (25.31-b07) for windows-amd64 JRE (1.8.0_31-b13), built on Dec 17 2014 21:00:28 by "java_re" with MS VC++ 10.0 (VS2010)

time: Sun Jan 03 18:59:57 2016
elapsed time: 0 seconds (0d 0h 0m 0s)

