#
# There is insufficient memory for the Java Runtime Environment to continue.
# Native memory allocation (malloc) failed to allocate 32744 bytes for ChunkPool::allocate
# Possible reasons:
#   The system is out of physical RAM or swap space
#   In 32 bit mode, the process size limit was hit
# Possible solutions:
#   Reduce memory load on the system
#   Increase physical memory or swap space
#   Check if swap backing store is full
#   Use 64 bit Java on a 64 bit OS
#   Decrease Java heap size (-Xmx/-Xms)
#   Decrease number of Java threads
#   Decrease Java thread stack sizes (-Xss)
#   Set larger code cache with -XX:ReservedCodeCacheSize=
# This output file may be truncated or incomplete.
#
#  Out of Memory Error (allocation.cpp:273), pid=11396, tid=12856
#
# JRE version: Java(TM) SE Runtime Environment (8.0_31-b13) (build 1.8.0_31-b13)
# Java VM: Java HotSpot(TM) 64-Bit Server VM (25.31-b07 mixed mode windows-amd64 compressed oops)
# Failed to write core dump. Minidumps are not enabled by default on client versions of Windows
#

---------------  T H R E A D  ---------------

Current thread (0x0000000017301800):  JavaThread "C2 CompilerThread2" daemon [_thread_in_native, id=12856, stack(0x0000000017a70000,0x0000000017b70000)]

Stack: [0x0000000017a70000,0x0000000017b70000]
Native frames: (J=compiled Java code, j=interpreted, Vv=VM code, C=native code)
V  [jvm.dll+0x3169ba]


Current CompileTask:
C2:    424  581       4       com.android.dx.rop.cst.CstString::utf8BytesToString (391 bytes)


---------------  P R O C E S S  ---------------

Java Threads: ( => current thread )
  0x0000000017659800 JavaThread "pool-1-thread-4" [_thread_in_Java, id=10748, stack(0x0000000018a70000,0x0000000018b70000)]
  0x0000000017559000 JavaThread "pool-1-thread-3" [_thread_in_Java, id=9684, stack(0x0000000018970000,0x0000000018a70000)]
  0x0000000017558800 JavaThread "pool-1-thread-2" [_thread_in_Java, id=6592, stack(0x0000000018870000,0x0000000018970000)]
  0x0000000017557800 JavaThread "pool-2-thread-1" [_thread_blocked, id=12560, stack(0x0000000018770000,0x0000000018870000)]
  0x0000000017553000 JavaThread "pool-1-thread-1" [_thread_in_Java, id=8616, stack(0x0000000018670000,0x0000000018770000)]
  0x0000000017386800 JavaThread "Service Thread" daemon [_thread_blocked, id=12808, stack(0x0000000017c70000,0x0000000017d70000)]
  0x000000001733f800 JavaThread "C1 CompilerThread3" daemon [_thread_in_native, id=2324, stack(0x0000000017b70000,0x0000000017c70000)]
=>0x0000000017301800 JavaThread "C2 CompilerThread2" daemon [_thread_in_native, id=12856, stack(0x0000000017a70000,0x0000000017b70000)]
  0x00000000172f8000 JavaThread "C2 CompilerThread1" daemon [_thread_blocked, id=4916, stack(0x0000000017970000,0x0000000017a70000)]
  0x00000000172f6000 JavaThread "C2 CompilerThread0" daemon [_thread_blocked, id=9056, stack(0x0000000017870000,0x0000000017970000)]
  0x00000000172f3800 JavaThread "Attach Listener" daemon [_thread_blocked, id=12416, stack(0x0000000017770000,0x0000000017870000)]
  0x00000000172a8000 JavaThread "Signal Dispatcher" daemon [_thread_blocked, id=12580, stack(0x0000000017670000,0x0000000017770000)]
  0x0000000002773800 JavaThread "Finalizer" daemon [_thread_blocked, id=12736, stack(0x0000000017170000,0x0000000017270000)]
  0x000000001529c800 JavaThread "Reference Handler" daemon [_thread_blocked, id=12184, stack(0x0000000017070000,0x0000000017170000)]
  0x000000000219e000 JavaThread "main" [_thread_in_Java, id=9928, stack(0x0000000002580000,0x0000000002680000)]

Other Threads:
  0x0000000015298800 VMThread [stack: 0x0000000016f70000,0x0000000017070000] [id=12616]
  0x0000000017387800 WatcherThread [stack: 0x0000000017d70000,0x0000000017e70000] [id=8536]

VM state:not at safepoint (normal execution)

VM Mutex/Monitor currently owned by a thread: None

Heap:
 PSYoungGen      total 38400K, used 18933K [0x00000000eab00000, 0x00000000ed580000, 0x0000000100000000)
  eden space 33280K, 56% used [0x00000000eab00000,0x00000000ebd7d740,0x00000000ecb80000)
  from space 5120K, 0% used [0x00000000ed080000,0x00000000ed080000,0x00000000ed580000)
  to   space 5120K, 0% used [0x00000000ecb80000,0x00000000ecb80000,0x00000000ed080000)
 ParOldGen       total 87552K, used 0K [0x00000000c0000000, 0x00000000c5580000, 0x00000000eab00000)
  object space 87552K, 0% used [0x00000000c0000000,0x00000000c0000000,0x00000000c5580000)
 Metaspace       used 5490K, capacity 6448K, committed 6528K, reserved 1056768K
  class space    used 585K, capacity 616K, committed 640K, reserved 1048576K

Card table byte_map: [0x0000000011b40000,0x0000000011d50000] byte_map_base: 0x0000000011540000

Marking Bits: (ParMarkBitMap*) 0x0000000074f0d4f0
 Begin Bits: [0x00000000126b0000, 0x00000000136b0000)
 End Bits:   [0x00000000136b0000, 0x00000000146b0000)

Polling page: 0x0000000000990000

CodeCache: size=245760Kb used=2242Kb max_used=2263Kb free=243517Kb
 bounds [0x0000000002780000, 0x00000000029f0000, 0x0000000011780000]
 total_blobs=822 nmethods=556 adapters=180
 compilation: enabled

Compilation events (10 events):
Event: 0.419 Thread 0x0000000017301800 nmethod 523 0x00000000029a2610 code [0x00000000029a2740, 0x00000000029a27b8]
Event: 0.419 Thread 0x0000000017301800  560       4       java.util.ArrayList$Itr::next (66 bytes)
Event: 0.419 Thread 0x00000000172f6000 nmethod 521 0x00000000029b2910 code [0x00000000029b2a40, 0x00000000029b2ab8]
Event: 0.419 Thread 0x00000000172f8000 nmethod 528 0x00000000029a6910 code [0x00000000029a6a40, 0x00000000029a6af8]
Event: 0.420 Thread 0x0000000017301800 nmethod 560 0x00000000029a6590 code [0x00000000029a66e0, 0x00000000029a67d8]
Event: 0.420 Thread 0x00000000172f6000  564       4       java.util.HashMap::getNode (148 bytes)
Event: 0.420 Thread 0x00000000172f8000  570       4       java.util.ArrayList::add (29 bytes)
Event: 0.421 Thread 0x0000000017301800  580       4       java.util.BitSet::nextSetBit (102 bytes)
Event: 0.422 Thread 0x0000000017301800 nmethod 580 0x00000000029a61d0 code [0x00000000029a6320, 0x00000000029a6458]
Event: 0.422 Thread 0x0000000017301800  581       4       com.android.dx.rop.cst.CstString::utf8BytesToString (391 bytes)

GC Heap History (0 events):
No events

Deoptimization events (0 events):
No events

Internal exceptions (10 events):
Event: 0.393 Thread 0x000000000219e000 Exception <a 'java/security/PrivilegedActionException'> (0x00000000ebb479f8) thrown at [C:\workspace\8-2-build-windows-amd64-cygwin\jdk8u31\2394\hotspot\src\share\vm\prims\jvm.cpp, line 1312]
Event: 0.393 Thread 0x000000000219e000 Exception <a 'java/security/PrivilegedActionException'> (0x00000000ebc337b0) thrown at [C:\workspace\8-2-build-windows-amd64-cygwin\jdk8u31\2394\hotspot\src\share\vm\prims\jvm.cpp, line 1312]
Event: 0.393 Thread 0x000000000219e000 Exception <a 'java/security/PrivilegedActionException'> (0x00000000ebc36fd8) thrown at [C:\workspace\8-2-build-windows-amd64-cygwin\jdk8u31\2394\hotspot\src\share\vm\prims\jvm.cpp, line 1312]
Event: 0.396 Thread 0x000000000219e000 Exception <a 'java/security/PrivilegedActionException'> (0x00000000ebc43810) thrown at [C:\workspace\8-2-build-windows-amd64-cygwin\jdk8u31\2394\hotspot\src\share\vm\prims\jvm.cpp, line 1312]
Event: 0.397 Thread 0x000000000219e000 Exception <a 'java/security/PrivilegedActionException'> (0x00000000ebc49a88) thrown at [C:\workspace\8-2-build-windows-amd64-cygwin\jdk8u31\2394\hotspot\src\share\vm\prims\jvm.cpp, line 1312]
Event: 0.397 Thread 0x000000000219e000 Exception <a 'java/security/PrivilegedActionException'> (0x00000000ebc4e190) thrown at [C:\workspace\8-2-build-windows-amd64-cygwin\jdk8u31\2394\hotspot\src\share\vm\prims\jvm.cpp, line 1312]
Event: 0.404 Thread 0x0000000017659800 Exception <a 'java/security/PrivilegedActionException'> (0x00000000eb914098) thrown at [C:\workspace\8-2-build-windows-amd64-cygwin\jdk8u31\2394\hotspot\src\share\vm\prims\jvm.cpp, line 1312]
Event: 0.407 Thread 0x0000000017659800 Exception <a 'java/security/PrivilegedActionException'> (0x00000000eb91bcc8) thrown at [C:\workspace\8-2-build-windows-amd64-cygwin\jdk8u31\2394\hotspot\src\share\vm\prims\jvm.cpp, line 1312]
Event: 0.420 Thread 0x0000000017559000 Exception <a 'java/security/PrivilegedActionException'> (0x00000000eba4f2b8) thrown at [C:\workspace\8-2-build-windows-amd64-cygwin\jdk8u31\2394\hotspot\src\share\vm\prims\jvm.cpp, line 1312]
Event: 0.422 Thread 0x000000000219e000 Exception <a 'java/security/PrivilegedActionException'> (0x00000000ebc9ab50) thrown at [C:\workspace\8-2-build-windows-amd64-cygwin\jdk8u31\2394\hotspot\src\share\vm\prims\jvm.cpp, line 1312]

Events (10 events):
Event: 0.397 loading class java/io/PrintWriter
Event: 0.398 loading class java/io/PrintWriter done
Event: 0.404 loading class com/android/dx/ssa/PhiInsn$Operand
Event: 0.404 loading class com/android/dx/ssa/PhiInsn$Operand done
Event: 0.406 loading class com/android/dx/ssa/back/FirstFitLocalCombiningAllocator$Multiset
Event: 0.406 loading class com/android/dx/ssa/back/FirstFitLocalCombiningAllocator$Multiset done
Event: 0.420 loading class com/android/dx/cf/code/BytecodeArray$ConstantParserVisitor
Event: 0.420 loading class com/android/dx/cf/code/BytecodeArray$ConstantParserVisitor done
Event: 0.421 loading class com/android/dx/cf/attrib/AttLocalVariableTypeTable
Event: 0.421 loading class com/android/dx/cf/attrib/AttLocalVariableTypeTable done


Dynamic libraries:
0x00007ff7f84f0000 - 0x00007ff7f8524000 	C:\Program Files\Java\jdk1.8.0_31\bin\java.exe
0x00007ffde1cd0000 - 0x00007ffde1e91000 	C:\WINDOWS\SYSTEM32\ntdll.dll
0x00007ffddf190000 - 0x00007ffddf23d000 	C:\WINDOWS\system32\KERNEL32.DLL
0x00007ffdde5d0000 - 0x00007ffdde7b8000 	C:\WINDOWS\system32\KERNELBASE.dll
0x00007ffddef10000 - 0x00007ffddefb7000 	C:\WINDOWS\system32\ADVAPI32.dll
0x00007ffddfed0000 - 0x00007ffddff6d000 	C:\WINDOWS\system32\msvcrt.dll
0x00007ffddff70000 - 0x00007ffddffcb000 	C:\WINDOWS\system32\sechost.dll
0x00007ffddefc0000 - 0x00007ffddf0dc000 	C:\WINDOWS\system32\RPCRT4.dll
0x00007ffddf770000 - 0x00007ffddf8c6000 	C:\WINDOWS\system32\USER32.dll
0x00007ffddf420000 - 0x00007ffddf5a6000 	C:\WINDOWS\system32\GDI32.dll
0x00007ffdd0350000 - 0x00007ffdd05c4000 	C:\WINDOWS\WinSxS\amd64_microsoft.windows.common-controls_6595b64144ccf1df_6.0.10586.0_none_8c15ae12515e1c22\COMCTL32.dll
0x00007ffddfb90000 - 0x00007ffddfe0d000 	C:\WINDOWS\system32\combase.dll
0x00007ffdde490000 - 0x00007ffdde4fa000 	C:\WINDOWS\system32\bcryptPrimitives.dll
0x00007ffde0570000 - 0x00007ffde05ab000 	C:\WINDOWS\system32\IMM32.DLL
0x0000000074050000 - 0x0000000074122000 	C:\Program Files\Java\jdk1.8.0_31\jre\bin\msvcr100.dll
0x0000000074730000 - 0x0000000074f8a000 	C:\Program Files\Java\jdk1.8.0_31\jre\bin\server\jvm.dll
0x00007ffddee90000 - 0x00007ffddeeb3000 	C:\WINDOWS\system32\WINMM.dll
0x00007ffdde0f0000 - 0x00007ffdde11c000 	C:\WINDOWS\system32\WINMMBASE.dll
0x00007ffddeec0000 - 0x00007ffddef03000 	C:\WINDOWS\system32\cfgmgr32.dll
0x00007ffdd32d0000 - 0x00007ffdd32d9000 	C:\WINDOWS\SYSTEM32\WSOCK32.dll
0x00007ffddf5b0000 - 0x00007ffddf5b8000 	C:\WINDOWS\system32\PSAPI.DLL
0x00007ffde00d0000 - 0x00007ffde013b000 	C:\WINDOWS\system32\WS2_32.dll
0x0000000074640000 - 0x000000007464f000 	C:\Program Files\Java\jdk1.8.0_31\jre\bin\verify.dll
0x0000000074610000 - 0x0000000074638000 	C:\Program Files\Java\jdk1.8.0_31\jre\bin\java.dll
0x00000000745f0000 - 0x0000000074606000 	C:\Program Files\Java\jdk1.8.0_31\jre\bin\zip.dll
0x00007ffde0770000 - 0x00007ffde1ccf000 	C:\WINDOWS\system32\SHELL32.dll
0x00007ffdde7c0000 - 0x00007ffddee04000 	C:\WINDOWS\system32\windows.storage.dll
0x00007ffddf5c0000 - 0x00007ffddf612000 	C:\WINDOWS\system32\shlwapi.dll
0x00007ffdde0e0000 - 0x00007ffdde0ef000 	C:\WINDOWS\system32\kernel.appcore.dll
0x00007ffdde510000 - 0x00007ffdde5c5000 	C:\WINDOWS\system32\shcore.dll
0x00007ffdde300000 - 0x00007ffdde34b000 	C:\WINDOWS\system32\powrprof.dll
0x00007ffdde0c0000 - 0x00007ffdde0d4000 	C:\WINDOWS\system32\profapi.dll

VM Arguments:
jvm_args: -Djava.awt.headless=true -Xmx1024M -Dfile.encoding=GBK -Duser.country=CN -Duser.language=zh -Duser.variant 
java_command: com.android.dx.command.Main --dex --num-threads=4 --output D:\Backup\AndroidStudioProjects\SimlpleMp3Player\app\build\intermediates\pre-dexed\debug\internal_impl-23.1.1_e25ac34f10c49d231c1aeb00375f345dd08b788f.jar D:\Backup\AndroidStudioProjects\SimlpleMp3Player\app\build\intermediates\exploded-aar\com.android.support\support-v4\23.1.1\jars\libs\internal_impl-23.1.1.jar
java_class_path (initial): D:\SDK\build-tools\23.0.2\lib\dx.jar
Launcher Type: SUN_STANDARD

Environment Variables:
JAVA_HOME=C:\Program Files\Java\jdk1.8.0_31
CLASSPATH=C:\Program Files\Java\jdk1.8.0_31\lib\dt.jar;C:\Program Files\Java\jdk1.8.0_31\bin.tools.jar;.
PATH=C:\ProgramData\Oracle\Java\javapath;C:\WINDOWS\system32;C:\WINDOWS;C:\WINDOWS\System32\Wbem;C:\WINDOWS\System32\WindowsPowerShell\v1.0\;C:\Program Files (x86)\AMD\ATI.ACE\Core-Static;C:\Program Files (x86)\Microsoft SQL Server\100\Tools\Binn\;C:\Program Files\Microsoft SQL Server\100\Tools\Binn\;C:\Program Files\Microsoft SQL Server\100\DTS\Binn\;C:\Program Files (x86)\IDM Computer Solutions\UltraEdit;C:\Python27;C:\Program Files (x86)\Apkdb;C:\Program Files (x86)\ATI Technologies\ATI.ACE\Core-Static;C:\Program Files (x86)\Windows Kits\8.1\Windows Performance Toolkit\;C:\WINDOWS\system32\config\systemprofile\.dnx\bin;C:\Program Files\Microsoft DNX\Dnvm\;C:\Users\Administrator\AppData\Local\Programs\Python\Python35\Scripts\;C:\Users\Administrator\AppData\Local\Programs\Python\Python35\;C:\Program Files\Java\jdk1.8.0_31\bin;C:\Program Files\Genymobile\Genymotion\tools
USERNAME=Administrator
OS=Windows_NT
PROCESSOR_IDENTIFIER=Intel64 Family 6 Model 60 Stepping 3, GenuineIntel



---------------  S Y S T E M  ---------------

OS: Windows 8.1 , 64 bit Build 9600 

CPU:total 8 (4 cores per cpu, 2 threads per core) family 6 model 60 stepping 3, cmov, cx8, fxsr, mmx, sse, sse2, sse3, ssse3, sse4.1, sse4.2, popcnt, avx, avx2, aes, clmul, erms, lzcnt, ht, tsc, tscinvbit, bmi1, bmi2

Memory: 4k page, physical 8351016k(2064588k free), swap 8351016k(3068k free)

vm_info: Java HotSpot(TM) 64-Bit Server VM (25.31-b07) for windows-amd64 JRE (1.8.0_31-b13), built on Dec 17 2014 21:00:28 by "java_re" with MS VC++ 10.0 (VS2010)

time: Thu Jan 07 14:28:24 2016
elapsed time: 0 seconds (0d 0h 0m 0s)

