#
# There is insufficient memory for the Java Runtime Environment to continue.
# Native memory allocation (malloc) failed to allocate 1992656 bytes for Chunk::new
# Possible reasons:
#   The system is out of physical RAM or swap space
#   In 32 bit mode, the process size limit was hit
# Possible solutions:
#   Reduce memory load on the system
#   Increase physical memory or swap space
#   Check if swap backing store is full
#   Use 64 bit Java on a 64 bit OS
#   Decrease Java heap size (-Xmx/-Xms)
#   Decrease number of Java threads
#   Decrease Java thread stack sizes (-Xss)
#   Set larger code cache with -XX:ReservedCodeCacheSize=
# This output file may be truncated or incomplete.
#
#  Out of Memory Error (allocation.cpp:390), pid=11816, tid=4544
#
# JRE version: Java(TM) SE Runtime Environment (8.0_31-b13) (build 1.8.0_31-b13)
# Java VM: Java HotSpot(TM) 64-Bit Server VM (25.31-b07 mixed mode windows-amd64 compressed oops)
# Failed to write core dump. Minidumps are not enabled by default on client versions of Windows
#

---------------  T H R E A D  ---------------

Current thread (0x000000001711c800):  JavaThread "C2 CompilerThread2" daemon [_thread_in_native, id=4544, stack(0x0000000017890000,0x0000000017990000)]

Stack: [0x0000000017890000,0x0000000017990000]
Native frames: (J=compiled Java code, j=interpreted, Vv=VM code, C=native code)
V  [jvm.dll+0x3169ba]
V  [jvm.dll+0x2674c3]
V  [jvm.dll+0x268103]
V  [jvm.dll+0x25f8f5]
V  [jvm.dll+0xbf025]
V  [jvm.dll+0xbf4cc]
V  [jvm.dll+0x45df82]
V  [jvm.dll+0x49f21f]
V  [jvm.dll+0x453401]
V  [jvm.dll+0x454124]
V  [jvm.dll+0x437c62]
V  [jvm.dll+0x988e2]
V  [jvm.dll+0x990d3]
V  [jvm.dll+0x22c194]
V  [jvm.dll+0x28576a]
C  [msvcr100.dll+0x21d9f]
C  [msvcr100.dll+0x21e3b]
C  [KERNEL32.DLL+0x18102]
C  [ntdll.dll+0x5c2e4]


Current CompileTask:
C2:   2172 1887   !   4       com.android.dx.cf.code.BytecodeArray::parseInstruction (2764 bytes)


---------------  P R O C E S S  ---------------

Java Threads: ( => current thread )
  0x0000000017395800 JavaThread "pool-1-thread-4" [_thread_in_Java, id=1960, stack(0x0000000019060000,0x0000000019160000)]
  0x0000000017395000 JavaThread "pool-1-thread-3" [_thread_in_Java, id=2308, stack(0x0000000018f60000,0x0000000019060000)]
  0x0000000017d5e800 JavaThread "pool-1-thread-2" [_thread_blocked, id=11500, stack(0x0000000018e60000,0x0000000018f60000)]
  0x00000000173f9000 JavaThread "pool-2-thread-1" [_thread_blocked, id=5452, stack(0x0000000018d60000,0x0000000018e60000)]
  0x00000000173f2000 JavaThread "pool-1-thread-1" [_thread_in_Java, id=1384, stack(0x0000000018c60000,0x0000000018d60000)]
  0x000000001719a800 JavaThread "Service Thread" daemon [_thread_blocked, id=12032, stack(0x0000000017a90000,0x0000000017b90000)]
  0x0000000017148000 JavaThread "C1 CompilerThread3" daemon [_thread_blocked, id=9144, stack(0x0000000017990000,0x0000000017a90000)]
=>0x000000001711c800 JavaThread "C2 CompilerThread2" daemon [_thread_in_native, id=4544, stack(0x0000000017890000,0x0000000017990000)]
  0x0000000017116000 JavaThread "C2 CompilerThread1" daemon [_thread_in_native, id=9640, stack(0x0000000017790000,0x0000000017890000)]
  0x0000000017113800 JavaThread "C2 CompilerThread0" daemon [_thread_in_native, id=4200, stack(0x0000000017690000,0x0000000017790000)]
  0x0000000017111800 JavaThread "Attach Listener" daemon [_thread_blocked, id=4772, stack(0x0000000017590000,0x0000000017690000)]
  0x00000000170c7800 JavaThread "Signal Dispatcher" daemon [_thread_blocked, id=7144, stack(0x0000000017490000,0x0000000017590000)]
  0x00000000021c2000 JavaThread "Finalizer" daemon [_thread_blocked, id=11528, stack(0x0000000016f90000,0x0000000017090000)]
  0x000000001507b800 JavaThread "Reference Handler" daemon [_thread_blocked, id=11204, stack(0x0000000016e90000,0x0000000016f90000)]
  0x00000000004de000 JavaThread "main" [_thread_blocked, id=5468, stack(0x00000000008a0000,0x00000000009a0000)]

Other Threads:
  0x0000000015077800 VMThread [stack: 0x0000000016d90000,0x0000000016e90000] [id=10896]
  0x000000001719b000 WatcherThread [stack: 0x0000000017b90000,0x0000000017c90000] [id=9204]

VM state:not at safepoint (normal execution)

VM Mutex/Monitor currently owned by a thread: None

Heap:
 PSYoungGen      total 71680K, used 63978K [0x00000000eab00000, 0x00000000f3700000, 0x0000000100000000)
  eden space 66560K, 88% used [0x00000000eab00000,0x00000000ee480cf0,0x00000000eec00000)
  from space 5120K, 99% used [0x00000000ef100000,0x00000000ef5f9c08,0x00000000ef600000)
  to   space 5120K, 0% used [0x00000000eec00000,0x00000000eec00000,0x00000000ef100000)
 ParOldGen       total 87552K, used 24126K [0x00000000c0000000, 0x00000000c5580000, 0x00000000eab00000)
  object space 87552K, 27% used [0x00000000c0000000,0x00000000c178fb58,0x00000000c5580000)
 Metaspace       used 6473K, capacity 7256K, committed 7424K, reserved 1056768K
  class space    used 617K, capacity 656K, committed 768K, reserved 1048576K

Card table byte_map: [0x0000000011920000,0x0000000011b30000] byte_map_base: 0x0000000011320000

Marking Bits: (ParMarkBitMap*) 0x00000000760ed4f0
 Begin Bits: [0x0000000012490000, 0x0000000013490000)
 End Bits:   [0x0000000013490000, 0x0000000014490000)

Polling page: 0x0000000000540000

CodeCache: size=245760Kb used=7627Kb max_used=7627Kb free=238133Kb
 bounds [0x0000000002560000, 0x0000000002ce0000, 0x0000000011560000]
 total_blobs=2156 nmethods=1889 adapters=180
 compilation: enabled

Compilation events (10 events):
Event: 2.144 Thread 0x0000000017148000 1948   !   2       com.android.dx.cf.direct.DirectClassFile::parse (75 bytes)
Event: 2.145 Thread 0x0000000017148000 nmethod 1948 0x0000000002cd7ed0 code [0x0000000002cd80c0, 0x0000000002cd8718]
Event: 2.147 Thread 0x0000000017148000 1949       2       com.android.dx.cf.attrib.InnerClassList::<init> (6 bytes)
Event: 2.147 Thread 0x0000000017148000 nmethod 1949 0x0000000002cbff50 code [0x0000000002cc00c0, 0x0000000002cc0228]
Event: 2.147 Thread 0x0000000017148000 1950   !   2       com.android.dx.cf.attrib.AttInnerClasses::<init> (43 bytes)
Event: 2.147 Thread 0x0000000017148000 nmethod 1950 0x0000000002cd8b10 code [0x0000000002cd8c80, 0x0000000002cd8f58]
Event: 2.147 Thread 0x0000000017148000 1951       2       com.android.dx.cf.attrib.AttInnerClasses::byteLength (14 bytes)
Event: 2.147 Thread 0x0000000017148000 nmethod 1951 0x0000000002cd9110 code [0x0000000002cd9260, 0x0000000002cd93d0]
Event: 2.158 Thread 0x0000000017148000 1953       2       java.util.HashMap::comparableClassFor (105 bytes)
Event: 2.159 Thread 0x0000000017148000 nmethod 1953 0x0000000002cd9490 code [0x0000000002cd9640, 0x0000000002cd9aa8]

GC Heap History (8 events):
Event: 0.741 GC heap before
{Heap before GC invocations=1 (full 0):
 PSYoungGen      total 38400K, used 33280K [0x00000000eab00000, 0x00000000ed580000, 0x0000000100000000)
  eden space 33280K, 100% used [0x00000000eab00000,0x00000000ecb80000,0x00000000ecb80000)
  from space 5120K, 0% used [0x00000000ed080000,0x00000000ed080000,0x00000000ed580000)
  to   space 5120K, 0% used [0x00000000ecb80000,0x00000000ecb80000,0x00000000ed080000)
 ParOldGen       total 87552K, used 0K [0x00000000c0000000, 0x00000000c5580000, 0x00000000eab00000)
  object space 87552K, 0% used [0x00000000c0000000,0x00000000c0000000,0x00000000c5580000)
 Metaspace       used 6005K, capacity 6896K, committed 7040K, reserved 1056768K
  class space    used 595K, capacity 616K, committed 640K, reserved 1048576K
Event: 0.788 GC heap after
Heap after GC invocations=1 (full 0):
 PSYoungGen      total 38400K, used 5098K [0x00000000eab00000, 0x00000000ef600000, 0x0000000100000000)
  eden space 33280K, 0% used [0x00000000eab00000,0x00000000eab00000,0x00000000ecb80000)
  from space 5120K, 99% used [0x00000000ecb80000,0x00000000ed07a928,0x00000000ed080000)
  to   space 5120K, 0% used [0x00000000ef100000,0x00000000ef100000,0x00000000ef600000)
 ParOldGen       total 87552K, used 901K [0x00000000c0000000, 0x00000000c5580000, 0x00000000eab00000)
  object space 87552K, 1% used [0x00000000c0000000,0x00000000c00e1660,0x00000000c5580000)
 Metaspace       used 6005K, capacity 6896K, committed 7040K, reserved 1056768K
  class space    used 595K, capacity 616K, committed 640K, reserved 1048576K
}
Event: 1.016 GC heap before
{Heap before GC invocations=2 (full 0):
 PSYoungGen      total 38400K, used 38378K [0x00000000eab00000, 0x00000000ef600000, 0x0000000100000000)
  eden space 33280K, 100% used [0x00000000eab00000,0x00000000ecb80000,0x00000000ecb80000)
  from space 5120K, 99% used [0x00000000ecb80000,0x00000000ed07a928,0x00000000ed080000)
  to   space 5120K, 0% used [0x00000000ef100000,0x00000000ef100000,0x00000000ef600000)
 ParOldGen       total 87552K, used 901K [0x00000000c0000000, 0x00000000c5580000, 0x00000000eab00000)
  object space 87552K, 1% used [0x00000000c0000000,0x00000000c00e1660,0x00000000c5580000)
 Metaspace       used 6195K, capacity 7088K, committed 7296K, reserved 1056768K
  class space    used 596K, capacity 616K, committed 640K, reserved 1048576K
Event: 1.093 GC heap after
Heap after GC invocations=2 (full 0):
 PSYoungGen      total 71680K, used 5093K [0x00000000eab00000, 0x00000000ef600000, 0x0000000100000000)
  eden space 66560K, 0% used [0x00000000eab00000,0x00000000eab00000,0x00000000eec00000)
  from space 5120K, 99% used [0x00000000ef100000,0x00000000ef5f9490,0x00000000ef600000)
  to   space 5120K, 0% used [0x00000000eec00000,0x00000000eec00000,0x00000000ef100000)
 ParOldGen       total 87552K, used 5043K [0x00000000c0000000, 0x00000000c5580000, 0x00000000eab00000)
  object space 87552K, 5% used [0x00000000c0000000,0x00000000c04ecec8,0x00000000c5580000)
 Metaspace       used 6195K, capacity 7088K, committed 7296K, reserved 1056768K
  class space    used 596K, capacity 616K, committed 640K, reserved 1048576K
}
Event: 1.474 GC heap before
{Heap before GC invocations=3 (full 0):
 PSYoungGen      total 71680K, used 71653K [0x00000000eab00000, 0x00000000ef600000, 0x0000000100000000)
  eden space 66560K, 100% used [0x00000000eab00000,0x00000000eec00000,0x00000000eec00000)
  from space 5120K, 99% used [0x00000000ef100000,0x00000000ef5f9490,0x00000000ef600000)
  to   space 5120K, 0% used [0x00000000eec00000,0x00000000eec00000,0x00000000ef100000)
 ParOldGen       total 87552K, used 5043K [0x00000000c0000000, 0x00000000c5580000, 0x00000000eab00000)
  object space 87552K, 5% used [0x00000000c0000000,0x00000000c04ecec8,0x00000000c5580000)
 Metaspace       used 6303K, capacity 7152K, committed 7296K, reserved 1056768K
  class space    used 597K, capacity 616K, committed 640K, reserved 1048576K
Event: 1.523 GC heap after
Heap after GC invocations=3 (full 0):
 PSYoungGen      total 71680K, used 5102K [0x00000000eab00000, 0x00000000ef600000, 0x0000000100000000)
  eden space 66560K, 0% used [0x00000000eab00000,0x00000000eab00000,0x00000000eec00000)
  from space 5120K, 99% used [0x00000000eec00000,0x00000000ef0fbbe8,0x00000000ef100000)
  to   space 5120K, 0% used [0x00000000ef100000,0x00000000ef100000,0x00000000ef600000)
 ParOldGen       total 87552K, used 15378K [0x00000000c0000000, 0x00000000c5580000, 0x00000000eab00000)
  object space 87552K, 17% used [0x00000000c0000000,0x00000000c0f04960,0x00000000c5580000)
 Metaspace       used 6303K, capacity 7152K, committed 7296K, reserved 1056768K
  class space    used 597K, capacity 616K, committed 640K, reserved 1048576K
}
Event: 1.867 GC heap before
{Heap before GC invocations=4 (full 0):
 PSYoungGen      total 71680K, used 71662K [0x00000000eab00000, 0x00000000ef600000, 0x0000000100000000)
  eden space 66560K, 100% used [0x00000000eab00000,0x00000000eec00000,0x00000000eec00000)
  from space 5120K, 99% used [0x00000000eec00000,0x00000000ef0fbbe8,0x00000000ef100000)
  to   space 5120K, 0% used [0x00000000ef100000,0x00000000ef100000,0x00000000ef600000)
 ParOldGen       total 87552K, used 15378K [0x00000000c0000000, 0x00000000c5580000, 0x00000000eab00000)
  object space 87552K, 17% used [0x00000000c0000000,0x00000000c0f04960,0x00000000c5580000)
 Metaspace       used 6428K, capacity 7192K, committed 7424K, reserved 1056768K
  class space    used 617K, capacity 656K, committed 768K, reserved 1048576K
Event: 1.902 GC heap after
Heap after GC invocations=4 (full 0):
 PSYoungGen      total 71680K, used 5095K [0x00000000eab00000, 0x00000000f3700000, 0x0000000100000000)
  eden space 66560K, 0% used [0x00000000eab00000,0x00000000eab00000,0x00000000eec00000)
  from space 5120K, 99% used [0x00000000ef100000,0x00000000ef5f9c08,0x00000000ef600000)
  to   space 5120K, 0% used [0x00000000eec00000,0x00000000eec00000,0x00000000ef100000)
 ParOldGen       total 87552K, used 24126K [0x00000000c0000000, 0x00000000c5580000, 0x00000000eab00000)
  object space 87552K, 27% used [0x00000000c0000000,0x00000000c178fb58,0x00000000c5580000)
 Metaspace       used 6428K, capacity 7192K, committed 7424K, reserved 1056768K
  class space    used 617K, capacity 656K, committed 768K, reserved 1048576K
}

Deoptimization events (10 events):
Event: 1.733 Thread 0x00000000173f2000 Uncommon trap: reason=unreached action=reinterpret pc=0x0000000002b8816c method=java.util.HashMap.getNode(ILjava/lang/Object;)Ljava/util/HashMap$Node; @ 84
Event: 1.734 Thread 0x00000000173f2000 Uncommon trap: reason=unreached action=reinterpret pc=0x00000000029ae21c method=java.util.HashMap.putVal(ILjava/lang/Object;Ljava/lang/Object;ZZ)Ljava/lang/Object; @ 109
Event: 1.856 Thread 0x0000000017d5e800 Uncommon trap: reason=bimorphic action=maybe_recompile pc=0x0000000002b51a20 method=com.android.dx.ssa.LiteralOpUpgrader.tryReplacingWithConstant(Lcom/android/dx/ssa/NormalSsaInsn;)Z @ 62
Event: 1.863 Thread 0x0000000017395000 Uncommon trap: reason=bimorphic action=maybe_recompile pc=0x0000000002c7ee18 method=com.android.dx.cf.code.BytecodeArray.parseInstruction(ILcom/android/dx/cf/code/BytecodeArray$Visitor;)I @ 1130
Event: 1.863 Thread 0x0000000017395000 Uncommon trap: reason=bimorphic action=maybe_recompile pc=0x0000000002c7ee18 method=com.android.dx.cf.code.BytecodeArray.parseInstruction(ILcom/android/dx/cf/code/BytecodeArray$Visitor;)I @ 1130
Event: 1.864 Thread 0x0000000017395000 Uncommon trap: reason=bimorphic action=maybe_recompile pc=0x0000000002c7e958 method=com.android.dx.cf.code.BytecodeArray.parseInstruction(ILcom/android/dx/cf/code/BytecodeArray$Visitor;)I @ 955
Event: 1.864 Thread 0x0000000017395000 Uncommon trap: reason=bimorphic action=maybe_recompile pc=0x0000000002c7e958 method=com.android.dx.cf.code.BytecodeArray.parseInstruction(ILcom/android/dx/cf/code/BytecodeArray$Visitor;)I @ 955
Event: 1.960 Thread 0x00000000173f2000 Uncommon trap: reason=unreached action=reinterpret pc=0x0000000002b35454 method=com.android.dx.ssa.MoveParamCombiner$1.visitNonMoveInsn(Lcom/android/dx/ssa/NormalSsaInsn;)V @ 27
Event: 1.971 Thread 0x0000000017d5e800 Uncommon trap: reason=unreached action=reinterpret pc=0x0000000002c71c40 method=com.android.dx.rop.code.RegisterSpec.intersect(Lcom/android/dx/rop/code/RegisterSpec;Z)Lcom/android/dx/rop/code/RegisterSpec; @ 59
Event: 2.109 Thread 0x0000000017d5e800 Uncommon trap: reason=unreached action=reinterpret pc=0x0000000002c55250 method=java.util.HashMap.resize()[Ljava/util/HashMap$Node; @ 206

Internal exceptions (10 events):
Event: 0.456 Thread 0x0000000017395800 Exception <a 'java/security/PrivilegedActionException'> (0x00000000ebb41fd8) thrown at [C:\workspace\8-2-build-windows-amd64-cygwin\jdk8u31\2394\hotspot\src\share\vm\prims\jvm.cpp, line 1312]
Event: 0.465 Thread 0x0000000017395000 Exception <a 'java/security/PrivilegedActionException'> (0x00000000ebc9ce00) thrown at [C:\workspace\8-2-build-windows-amd64-cygwin\jdk8u31\2394\hotspot\src\share\vm\prims\jvm.cpp, line 1312]
Event: 0.476 Thread 0x00000000173f2000 Exception <a 'java/security/PrivilegedActionException'> (0x00000000ebdd7960) thrown at [C:\workspace\8-2-build-windows-amd64-cygwin\jdk8u31\2394\hotspot\src\share\vm\prims\jvm.cpp, line 1312]
Event: 0.507 Thread 0x00000000004de000 Exception <a 'java/security/PrivilegedActionException'> (0x00000000ec162f58) thrown at [C:\workspace\8-2-build-windows-amd64-cygwin\jdk8u31\2394\hotspot\src\share\vm\prims\jvm.cpp, line 1312]
Event: 0.512 Thread 0x00000000004de000 Exception <a 'java/security/PrivilegedActionException'> (0x00000000ec174130) thrown at [C:\workspace\8-2-build-windows-amd64-cygwin\jdk8u31\2394\hotspot\src\share\vm\prims\jvm.cpp, line 1312]
Event: 0.962 Thread 0x00000000004de000 Exception <a 'java/security/PrivilegedActionException'> (0x00000000eb830a28) thrown at [C:\workspace\8-2-build-windows-amd64-cygwin\jdk8u31\2394\hotspot\src\share\vm\prims\jvm.cpp, line 1312]
Event: 1.327 Thread 0x00000000004de000 Exception <a 'java/security/PrivilegedActionException'> (0x00000000ecd209b0) thrown at [C:\workspace\8-2-build-windows-amd64-cygwin\jdk8u31\2394\hotspot\src\share\vm\prims\jvm.cpp, line 1312]
Event: 1.705 Thread 0x00000000004de000 Exception <a 'java/lang/ArrayIndexOutOfBoundsException': 18> (0x00000000ecc376a0) thrown at [C:\workspace\8-2-build-windows-amd64-cygwin\jdk8u31\2394\hotspot\src\share\vm\interpreter\interpreterRuntime.cpp, line 366]
Event: 1.705 Thread 0x00000000004de000 Exception <a 'java/lang/ArrayIndexOutOfBoundsException': 145> (0x00000000ecc39138) thrown at [C:\workspace\8-2-build-windows-amd64-cygwin\jdk8u31\2394\hotspot\src\share\vm\interpreter\interpreterRuntime.cpp, line 366]
Event: 1.706 Thread 0x00000000004de000 Exception <a 'java/lang/ArrayIndexOutOfBoundsException'> (0x00000000ecc3a350) thrown at [C:\workspace\8-2-build-windows-amd64-cygwin\jdk8u31\2394\hotspot\src\share\vm\runtime\sharedRuntime.cpp, line 604]

Events (10 events):
Event: 2.156 Thread 0x00000000173f2000 DEOPT PACKING pc=0x000000000288aff5 sp=0x0000000018d5e4c0
Event: 2.156 Thread 0x00000000173f2000 DEOPT UNPACKING pc=0x00000000025a75bf sp=0x0000000018d5e228 mode 0
Event: 2.157 Thread 0x00000000173f2000 DEOPT PACKING pc=0x000000000288aff5 sp=0x0000000018d5e4c0
Event: 2.157 Thread 0x00000000173f2000 DEOPT UNPACKING pc=0x00000000025a75bf sp=0x0000000018d5e228 mode 0
Event: 2.158 Thread 0x00000000173f2000 DEOPT PACKING pc=0x000000000288aff5 sp=0x0000000018d5e4c0
Event: 2.158 Thread 0x00000000173f2000 DEOPT UNPACKING pc=0x00000000025a75bf sp=0x0000000018d5e228 mode 0
Event: 2.158 Thread 0x00000000173f2000 DEOPT PACKING pc=0x000000000288aff5 sp=0x0000000018d5e4c0
Event: 2.158 Thread 0x00000000173f2000 DEOPT UNPACKING pc=0x00000000025a75bf sp=0x0000000018d5e228 mode 0
Event: 2.159 Thread 0x00000000173f2000 DEOPT PACKING pc=0x000000000288aff5 sp=0x0000000018d5e4c0
Event: 2.159 Thread 0x00000000173f2000 DEOPT UNPACKING pc=0x00000000025a75bf sp=0x0000000018d5e228 mode 0


Dynamic libraries:
0x00007ff6ec970000 - 0x00007ff6ec9a4000 	C:\Program Files\Java\jdk1.8.0_31\bin\java.exe
0x00007ff9eb1e0000 - 0x00007ff9eb3a1000 	C:\WINDOWS\SYSTEM32\ntdll.dll
0x00007ff9e9000000 - 0x00007ff9e90ad000 	C:\WINDOWS\system32\KERNEL32.DLL
0x00007ff9e81d0000 - 0x00007ff9e83b8000 	C:\WINDOWS\system32\KERNELBASE.dll
0x00007ff9eaeb0000 - 0x00007ff9eaf57000 	C:\WINDOWS\system32\ADVAPI32.dll
0x00007ff9e9270000 - 0x00007ff9e930d000 	C:\WINDOWS\system32\msvcrt.dll
0x00007ff9e8540000 - 0x00007ff9e859b000 	C:\WINDOWS\system32\sechost.dll
0x00007ff9e9370000 - 0x00007ff9e948c000 	C:\WINDOWS\system32\RPCRT4.dll
0x00007ff9ead50000 - 0x00007ff9eaea6000 	C:\WINDOWS\system32\USER32.dll
0x00007ff9e89b0000 - 0x00007ff9e8b36000 	C:\WINDOWS\system32\GDI32.dll
0x00007ff9dc570000 - 0x00007ff9dc7e4000 	C:\WINDOWS\WinSxS\amd64_microsoft.windows.common-controls_6595b64144ccf1df_6.0.10586.0_none_8c15ae12515e1c22\COMCTL32.dll
0x00007ff9e94c0000 - 0x00007ff9e973d000 	C:\WINDOWS\system32\combase.dll
0x00007ff9e7e80000 - 0x00007ff9e7eea000 	C:\WINDOWS\system32\bcryptPrimitives.dll
0x00007ff9e8820000 - 0x00007ff9e885b000 	C:\WINDOWS\system32\IMM32.DLL
0x00000000753b0000 - 0x0000000075482000 	C:\Program Files\Java\jdk1.8.0_31\jre\bin\msvcr100.dll
0x0000000075910000 - 0x000000007616a000 	C:\Program Files\Java\jdk1.8.0_31\jre\bin\server\jvm.dll
0x00007ff9e81a0000 - 0x00007ff9e81c3000 	C:\WINDOWS\system32\WINMM.dll
0x00007ff9e7600000 - 0x00007ff9e762c000 	C:\WINDOWS\system32\WINMMBASE.dll
0x00007ff9e8040000 - 0x00007ff9e8083000 	C:\WINDOWS\system32\cfgmgr32.dll
0x00007ff9e9490000 - 0x00007ff9e9498000 	C:\WINDOWS\system32\PSAPI.DLL
0x00007ff9dc2a0000 - 0x00007ff9dc2a9000 	C:\WINDOWS\SYSTEM32\WSOCK32.dll
0x00007ff9e8750000 - 0x00007ff9e87bb000 	C:\WINDOWS\system32\WS2_32.dll
0x0000000075820000 - 0x000000007582f000 	C:\Program Files\Java\jdk1.8.0_31\jre\bin\verify.dll
0x00000000757f0000 - 0x0000000075818000 	C:\Program Files\Java\jdk1.8.0_31\jre\bin\java.dll
0x00000000757d0000 - 0x00000000757e6000 	C:\Program Files\Java\jdk1.8.0_31\jre\bin\zip.dll
0x00007ff9e97f0000 - 0x00007ff9ead4f000 	C:\WINDOWS\system32\SHELL32.dll
0x00007ff9e7830000 - 0x00007ff9e7e74000 	C:\WINDOWS\system32\windows.storage.dll
0x00007ff9e9310000 - 0x00007ff9e9362000 	C:\WINDOWS\system32\shlwapi.dll
0x00007ff9e7630000 - 0x00007ff9e763f000 	C:\WINDOWS\system32\kernel.appcore.dll
0x00007ff9e7ef0000 - 0x00007ff9e7fa5000 	C:\WINDOWS\system32\shcore.dll
0x00007ff9e8150000 - 0x00007ff9e819b000 	C:\WINDOWS\system32\powrprof.dll
0x00007ff9e75d0000 - 0x00007ff9e75e4000 	C:\WINDOWS\system32\profapi.dll
0x00007ff9bdb80000 - 0x00007ff9bdd0c000 	C:\WINDOWS\SYSTEM32\dbghelp.dll

VM Arguments:
jvm_args: -Djava.awt.headless=true -Xmx1024M -Dfile.encoding=GBK -Duser.country=CN -Duser.language=zh -Duser.variant 
java_command: com.android.dx.command.Main --dex --num-threads=4 --output D:\Backup\AndroidStudioProjects\SimlpleMp3Player\app\build\intermediates\pre-dexed\debug\com.android.support-appcompat-v7-23.1.1_ce877f1667ec877e4764564b81e1b27969f69ee9.jar D:\Backup\AndroidStudioProjects\SimlpleMp3Player\app\build\intermediates\exploded-aar\com.android.support\appcompat-v7\23.1.1\jars\classes.jar
java_class_path (initial): D:\SDK\build-tools\23.0.2\lib\dx.jar
Launcher Type: SUN_STANDARD

Environment Variables:
JAVA_HOME=C:\Program Files\Java\jdk1.8.0_31
CLASSPATH=C:\Program Files\Java\jdk1.8.0_31\lib\dt.jar;C:\Program Files\Java\jdk1.8.0_31\bin.tools.jar;.
PATH=C:\ProgramData\Oracle\Java\javapath;C:\WINDOWS\system32;C:\WINDOWS;C:\WINDOWS\System32\Wbem;C:\WINDOWS\System32\WindowsPowerShell\v1.0\;C:\Program Files (x86)\AMD\ATI.ACE\Core-Static;C:\Program Files (x86)\Microsoft SQL Server\100\Tools\Binn\;C:\Program Files\Microsoft SQL Server\100\Tools\Binn\;C:\Program Files\Microsoft SQL Server\100\DTS\Binn\;C:\Program Files (x86)\IDM Computer Solutions\UltraEdit;C:\Python27;C:\Program Files (x86)\Apkdb;C:\Program Files (x86)\ATI Technologies\ATI.ACE\Core-Static;C:\Program Files (x86)\Windows Kits\8.1\Windows Performance Toolkit\;C:\WINDOWS\system32\config\systemprofile\.dnx\bin;C:\Program Files\Microsoft DNX\Dnvm\;C:\Users\Administrator\AppData\Local\Programs\Python\Python35\Scripts\;C:\Users\Administrator\AppData\Local\Programs\Python\Python35\;C:\Program Files\Java\jdk1.8.0_31\bin
USERNAME=Administrator
OS=Windows_NT
PROCESSOR_IDENTIFIER=Intel64 Family 6 Model 60 Stepping 3, GenuineIntel



---------------  S Y S T E M  ---------------

OS: Windows 8.1 , 64 bit Build 9600 

CPU:total 8 (4 cores per cpu, 2 threads per core) family 6 model 60 stepping 3, cmov, cx8, fxsr, mmx, sse, sse2, sse3, ssse3, sse4.1, sse4.2, popcnt, avx, avx2, aes, clmul, erms, lzcnt, ht, tsc, tscinvbit, bmi1, bmi2

Memory: 4k page, physical 8351016k(2229612k free), swap 8351016k(5136k free)

vm_info: Java HotSpot(TM) 64-Bit Server VM (25.31-b07) for windows-amd64 JRE (1.8.0_31-b13), built on Dec 17 2014 21:00:28 by "java_re" with MS VC++ 10.0 (VS2010)

time: Sun Jan 03 17:35:31 2016
elapsed time: 2 seconds (0d 0h 0m 2s)

