#
# A fatal error has been detected by the Java Runtime Environment:
#
#  EXCEPTION_STACK_OVERFLOW (0xc00000fd) at pc=0x0000000072ccb107, pid=7828, tid=11484
#
# JRE version:  (8.0_31-b13) (build )
# Java VM: Java HotSpot(TM) 64-Bit Server VM (25.31-b07 mixed mode windows-amd64 compressed oops)
# Problematic frame:
# V  [jvm.dll+0x1fb107]
#
# Failed to write core dump. Minidumps are not enabled by default on client versions of Windows
#
# If you would like to submit a bug report, please visit:
#   http://bugreport.java.com/bugreport/crash.jsp
#

---------------  T H R E A D  ---------------

Current thread (0x00000000025b2000):  JavaThread "Finalizer" daemon [_thread_in_vm, id=11484, stack(0x0000000016fb0000,0x00000000170b0000)]

siginfo: ExceptionCode=0xc00000fd, ExceptionInformation=0x0000000000000001 0x00000000170aa160 

Registers:
RAX=0x00000000170aa160, RBX=0x0000000000000006, RCX=0x0000000000005000, RDX=0x0000000000000006
RSP=0x00000000170af160, RBP=0x0000000000000000, RSI=0x00000000170af160, RDI=0x0000000000000006
R8 =0x0000000000000006, R9 =0x00000000025b0280, R10=0x00000000147a8260, R11=0x0000000016fba160
R12=0x00000000025b0280, R13=0x00000000025b2000, R14=0x00000000170af228, R15=0x00000000147a8260
RIP=0x0000000072ccb107, EFLAGS=0x0000000000010206

Top of Stack: (sp=0x00000000170af160)
0x00000000170af160:   00000000025be700 0000000000000000
0x00000000170af170:   00000000025b2000 00000000025b0280
0x00000000170af180:   00000000ffffffff 0000000072ccc037
0x00000000170af190:   00000000170af290 00000000147a8260
0x00000000170af1a0:   00000000025b2000 0000000072b81fb3
0x00000000170af1b0:   00000000170af1f0 00000000025b2000
0x00000000170af1c0:   00000000170af280 00000000025b2000
0x00000000170af1d0:   00000000147a8260 00000000025b2000
0x00000000170af1e0:   00000000025d0e20 00000000025b2000
0x00000000170af1f0:   00000000147a8260 00000000025b2000
0x00000000170af200:   000000001471c7e8 00000000025b2000
0x00000000170af210:   0000000000000001 00000000147a8260
0x00000000170af220:   00000000025b2000 00000000150dca50
0x00000000170af230:   00000000025b2000 0000000072b8349d
0x00000000170af240:   00000000170af548 0000000100006670
0x00000000170af250:   0000000100015d88 0000000000000000 

Instructions: (pc=0x0000000072ccb107)
0x0000000072ccb0e7:   48 89 6c 24 30 33 ed 66 90 e8 7b 5c 08 00 ff c3
0x0000000072ccb0f7:   48 63 c8 48 8b c6 48 0f af cf 48 ff c7 48 2b c1
0x0000000072ccb107:   89 28 48 63 c3 48 3b 05 ed 6e 57 00 7e db 48 8b
0x0000000072ccb117:   6c 24 30 48 8b 5c 24 38 48 8b 74 24 40 48 83 c4 


Register to memory mapping:

RAX=0x00000000170aa160 is pointing into the stack for thread: 0x00000000025b2000
RBX=0x0000000000000006 is an unknown value
RCX=0x0000000000005000 is an unknown value
RDX=0x0000000000000006 is an unknown value
RSP=0x00000000170af160 is pointing into the stack for thread: 0x00000000025b2000
RBP=0x0000000000000000 is an unknown value
RSI=0x00000000170af160 is pointing into the stack for thread: 0x00000000025b2000
RDI=0x0000000000000006 is an unknown value
R8 =0x0000000000000006 is an unknown value
R9 =0x00000000025b0280 is an unknown value
R10={method} {0x00000000147a8268} 'run' '()V' in 'java/lang/ref/Finalizer$FinalizerThread'
R11=0x0000000016fba160 is pointing into the stack for thread: 0x00000000025b2000
R12=0x00000000025b0280 is an unknown value
R13=0x00000000025b2000 is a thread
R14=0x00000000170af228 is pointing into the stack for thread: 0x00000000025b2000
R15={method} {0x00000000147a8268} 'run' '()V' in 'java/lang/ref/Finalizer$FinalizerThread'


Stack: [0x0000000016fb0000,0x00000000170b0000],  sp=0x00000000170af160,  free space=1020k
Native frames: (J=compiled Java code, j=interpreted, Vv=VM code, C=native code)


---------------  P R O C E S S  ---------------

Java Threads: ( => current thread )
=>0x00000000025b2000 JavaThread "Finalizer" daemon [_thread_in_vm, id=11484, stack(0x0000000016fb0000,0x00000000170b0000)]
  0x00000000025b1000 JavaThread "Reference Handler" daemon [_thread_blocked, id=10432, stack(0x0000000016eb0000,0x0000000016fb0000)]
  0x00000000024be000 JavaThread "main" [_thread_in_native, id=7108, stack(0x0000000002340000,0x0000000002440000)]

Other Threads:
  0x00000000150d8800 VMThread [stack: 0x0000000016db0000,0x0000000016eb0000] [id=8396]

VM state:not at safepoint (normal execution)

VM Mutex/Monitor currently owned by a thread: None

Heap:
 PSYoungGen      total 38400K, used 665K [0x00000000eab00000, 0x00000000ed580000, 0x0000000100000000)
  eden space 33280K, 2% used [0x00000000eab00000,0x00000000eaba6670,0x00000000ecb80000)
  from space 5120K, 0% used [0x00000000ed080000,0x00000000ed080000,0x00000000ed580000)
  to   space 5120K, 0% used [0x00000000ecb80000,0x00000000ecb80000,0x00000000ed080000)
 ParOldGen       total 87552K, used 0K [0x00000000c0000000, 0x00000000c5580000, 0x00000000eab00000)
  object space 87552K, 0% used [0x00000000c0000000,0x00000000c0000000,0x00000000c5580000)
 Metaspace       used 859K, capacity 4480K, committed 4480K, reserved 1056768K
  class space    used 90K, capacity 384K, committed 384K, reserved 1048576K

Card table byte_map: [0x0000000011980000,0x0000000011b90000] byte_map_base: 0x0000000011380000

Marking Bits: (ParMarkBitMap*) 0x00000000732ad4f0
 Begin Bits: [0x00000000124f0000, 0x00000000134f0000)
 End Bits:   [0x00000000134f0000, 0x00000000144f0000)

Polling page: 0x00000000008a0000

CodeCache: size=245760Kb used=401Kb max_used=401Kb free=245358Kb
 bounds [0x00000000025c0000, 0x0000000002830000, 0x00000000115c0000]
 total_blobs=98 nmethods=0 adapters=73
 compilation: enabled

Compilation events (0 events):
No events

GC Heap History (0 events):
No events

Deoptimization events (0 events):
No events

Internal exceptions (0 events):
No events

Events (10 events):
Event: 0.081 loading class java/lang/ref/ReferenceQueue$Lock done
Event: 0.081 loading class java/lang/ref/Finalizer$FinalizerThread
Event: 0.081 loading class java/lang/ref/Finalizer$FinalizerThread done
Event: 0.082 Thread 0x00000000025b2000 Thread added: 0x00000000025b2000
Event: 0.082 loading class java/util/Hashtable$Entry
Event: 0.082 loading class java/util/Map$Entry
Event: 0.082 loading class java/util/Map$Entry done
Event: 0.082 loading class java/util/Hashtable$Entry done
Event: 0.082 loading class java/lang/Math
Event: 0.082 loading class java/lang/Math done


Dynamic libraries:
0x00007ff74ce60000 - 0x00007ff74ce94000 	C:\Program Files\Java\jdk1.8.0_31\bin\java.exe
0x00007ffcbbdd0000 - 0x00007ffcbbf91000 	C:\WINDOWS\SYSTEM32\ntdll.dll
0x00007ffcb9010000 - 0x00007ffcb90bd000 	C:\WINDOWS\system32\KERNEL32.DLL
0x00007ffcb8570000 - 0x00007ffcb8758000 	C:\WINDOWS\system32\KERNELBASE.dll
0x00007ffcb9440000 - 0x00007ffcb94e7000 	C:\WINDOWS\system32\ADVAPI32.dll
0x00007ffcb9e00000 - 0x00007ffcb9e9d000 	C:\WINDOWS\system32\msvcrt.dll
0x00007ffcba000000 - 0x00007ffcba05b000 	C:\WINDOWS\system32\sechost.dll
0x00007ffcb94f0000 - 0x00007ffcb960c000 	C:\WINDOWS\system32\RPCRT4.dll
0x00007ffcba5b0000 - 0x00007ffcba706000 	C:\WINDOWS\system32\USER32.dll
0x00007ffcb92b0000 - 0x00007ffcb9436000 	C:\WINDOWS\system32\GDI32.dll
0x00007ffcab670000 - 0x00007ffcab8e4000 	C:\WINDOWS\WinSxS\amd64_microsoft.windows.common-controls_6595b64144ccf1df_6.0.10586.0_none_8c15ae12515e1c22\COMCTL32.dll
0x00007ffcb9640000 - 0x00007ffcb98bd000 	C:\WINDOWS\system32\combase.dll
0x00007ffcb84a0000 - 0x00007ffcb850a000 	C:\WINDOWS\system32\bcryptPrimitives.dll
0x00007ffcba060000 - 0x00007ffcba09b000 	C:\WINDOWS\system32\IMM32.DLL
0x0000000072570000 - 0x0000000072642000 	C:\Program Files\Java\jdk1.8.0_31\jre\bin\msvcr100.dll
0x0000000072ad0000 - 0x000000007332a000 	C:\Program Files\Java\jdk1.8.0_31\jre\bin\server\jvm.dll
0x00007ffcb8f20000 - 0x00007ffcb8f43000 	C:\WINDOWS\system32\WINMM.dll
0x00007ffcb81f0000 - 0x00007ffcb821c000 	C:\WINDOWS\system32\WINMMBASE.dll
0x00007ffcb8230000 - 0x00007ffcb8273000 	C:\WINDOWS\system32\cfgmgr32.dll
0x00007ffcba710000 - 0x00007ffcba718000 	C:\WINDOWS\system32\PSAPI.DLL
0x00007ffcac6e0000 - 0x00007ffcac6e9000 	C:\WINDOWS\SYSTEM32\WSOCK32.dll
0x00007ffcba1b0000 - 0x00007ffcba21b000 	C:\WINDOWS\system32\WS2_32.dll
0x00000000729e0000 - 0x00000000729ef000 	C:\Program Files\Java\jdk1.8.0_31\jre\bin\verify.dll
0x00000000729b0000 - 0x00000000729d8000 	C:\Program Files\Java\jdk1.8.0_31\jre\bin\java.dll
0x0000000072990000 - 0x00000000729a6000 	C:\Program Files\Java\jdk1.8.0_31\jre\bin\zip.dll

VM Arguments:
jvm_args: -Djava.awt.headless=true -Xmx1024M -Dfile.encoding=GBK -Duser.country=CN -Duser.language=zh -Duser.variant 
java_command: com.android.dx.command.Main --dex --num-threads=4 --output D:\Backup\AndroidStudioProjects\SimlpleMp3Player\app\build\intermediates\pre-dexed\debug\debug_31337e4a66d6e063d2b248477ff5741d7dad9612.jar D:\Backup\AndroidStudioProjects\SimlpleMp3Player\app\build\intermediates\classes\debug
java_class_path (initial): D:\SDK\build-tools\23.0.2\lib\dx.jar
Launcher Type: SUN_STANDARD

Environment Variables:
JAVA_HOME=C:\Program Files\Java\jdk1.8.0_31
CLASSPATH=C:\Program Files\Java\jdk1.8.0_31\lib\dt.jar;C:\Program Files\Java\jdk1.8.0_31\bin.tools.jar;.
PATH=C:\ProgramData\Oracle\Java\javapath;C:\WINDOWS\system32;C:\WINDOWS;C:\WINDOWS\System32\Wbem;C:\WINDOWS\System32\WindowsPowerShell\v1.0\;C:\Program Files (x86)\AMD\ATI.ACE\Core-Static;C:\Program Files (x86)\Microsoft SQL Server\100\Tools\Binn\;C:\Program Files\Microsoft SQL Server\100\Tools\Binn\;C:\Program Files\Microsoft SQL Server\100\DTS\Binn\;C:\Program Files (x86)\IDM Computer Solutions\UltraEdit;C:\Python27;C:\Program Files (x86)\Apkdb;C:\Program Files (x86)\ATI Technologies\ATI.ACE\Core-Static;C:\Program Files (x86)\Windows Kits\8.1\Windows Performance Toolkit\;C:\WINDOWS\system32\config\systemprofile\.dnx\bin;C:\Program Files\Microsoft DNX\Dnvm\;C:\Users\Administrator\AppData\Local\Programs\Python\Python35\Scripts\;C:\Users\Administrator\AppData\Local\Programs\Python\Python35\;C:\Program Files\Java\jdk1.8.0_31\bin;C:\Program Files\Genymobile\Genymotion\tools
USERNAME=Administrator
OS=Windows_NT
PROCESSOR_IDENTIFIER=Intel64 Family 6 Model 60 Stepping 3, GenuineIntel



---------------  S Y S T E M  ---------------

OS: Windows 8.1 , 64 bit Build 9600 

CPU:total 8 (4 cores per cpu, 2 threads per core) family 6 model 60 stepping 3, cmov, cx8, fxsr, mmx, sse, sse2, sse3, ssse3, sse4.1, sse4.2, popcnt, avx, avx2, aes, clmul, erms, lzcnt, ht, tsc, tscinvbit, bmi1, bmi2

Memory: 4k page, physical 8351060k(2573088k free), swap 8351060k(4216k free)

vm_info: Java HotSpot(TM) 64-Bit Server VM (25.31-b07) for windows-amd64 JRE (1.8.0_31-b13), built on Dec 17 2014 21:00:28 by "java_re" with MS VC++ 10.0 (VS2010)

time: Tue Jan 05 16:24:44 2016
elapsed time: 0 seconds (0d 0h 0m 0s)

