#
# There is insufficient memory for the Java Runtime Environment to continue.
# Native memory allocation (malloc) failed to allocate 1575296 bytes for Chunk::new
# Possible reasons:
#   The system is out of physical RAM or swap space
#   In 32 bit mode, the process size limit was hit
# Possible solutions:
#   Reduce memory load on the system
#   Increase physical memory or swap space
#   Check if swap backing store is full
#   Use 64 bit Java on a 64 bit OS
#   Decrease Java heap size (-Xmx/-Xms)
#   Decrease number of Java threads
#   Decrease Java thread stack sizes (-Xss)
#   Set larger code cache with -XX:ReservedCodeCacheSize=
# This output file may be truncated or incomplete.
#
#  Out of Memory Error (allocation.cpp:390), pid=2016, tid=4636
#
# JRE version: Java(TM) SE Runtime Environment (8.0_31-b13) (build 1.8.0_31-b13)
# Java VM: Java HotSpot(TM) 64-Bit Server VM (25.31-b07 mixed mode windows-amd64 compressed oops)
# Failed to write core dump. Minidumps are not enabled by default on client versions of Windows
#

---------------  T H R E A D  ---------------

Current thread (0x000000001724f000):  JavaThread "C2 CompilerThread2" daemon [_thread_in_native, id=4636, stack(0x00000000179c0000,0x0000000017ac0000)]

Stack: [0x00000000179c0000,0x0000000017ac0000]
Native frames: (J=compiled Java code, j=interpreted, Vv=VM code, C=native code)
V  [jvm.dll+0x3169ba]
V  [jvm.dll+0x2674c3]
V  [jvm.dll+0x268103]
V  [jvm.dll+0x25f8f5]
V  [jvm.dll+0xbf025]
V  [jvm.dll+0xbf4cc]
V  [jvm.dll+0x45df82]
V  [jvm.dll+0x49f21f]
V  [jvm.dll+0x453401]
V  [jvm.dll+0x454124]
V  [jvm.dll+0x437c62]
V  [jvm.dll+0x988e2]
V  [jvm.dll+0x990d3]
V  [jvm.dll+0x22c194]
V  [jvm.dll+0x28576a]
C  [msvcr100.dll+0x21d9f]
C  [msvcr100.dll+0x21e3b]
C  [KERNEL32.DLL+0x18102]
C  [ntdll.dll+0x5c2e4]


Current CompileTask:
C2:    469 1034       4       com.android.dx.dex.code.OutputFinisher::addConstants (93 bytes)


---------------  P R O C E S S  ---------------

Java Threads: ( => current thread )
  0x00000000172d5800 JavaThread "Service Thread" daemon [_thread_blocked, id=10288, stack(0x0000000017bc0000,0x0000000017cc0000)]
  0x0000000017255800 JavaThread "C1 CompilerThread3" daemon [_thread_blocked, id=4300, stack(0x0000000017ac0000,0x0000000017bc0000)]
=>0x000000001724f000 JavaThread "C2 CompilerThread2" daemon [_thread_in_native, id=4636, stack(0x00000000179c0000,0x0000000017ac0000)]
  0x000000001724b000 JavaThread "C2 CompilerThread1" daemon [_thread_in_native, id=2336, stack(0x00000000178c0000,0x00000000179c0000)]
  0x0000000017245000 JavaThread "C2 CompilerThread0" daemon [_thread_in_native, id=10384, stack(0x00000000177c0000,0x00000000178c0000)]
  0x0000000017242800 JavaThread "Attach Listener" daemon [_thread_blocked, id=10500, stack(0x00000000176c0000,0x00000000177c0000)]
  0x00000000171f7800 JavaThread "Signal Dispatcher" daemon [_thread_blocked, id=2088, stack(0x00000000175c0000,0x00000000176c0000)]
  0x0000000002698800 JavaThread "Finalizer" daemon [_thread_blocked, id=3548, stack(0x00000000170c0000,0x00000000171c0000)]
  0x00000000151bc000 JavaThread "Reference Handler" daemon [_thread_blocked, id=3508, stack(0x0000000016fc0000,0x00000000170c0000)]
  0x000000000259e000 JavaThread "main" [_thread_in_vm, id=10844, stack(0x0000000002420000,0x0000000002520000)]

Other Threads:
  0x00000000151b8000 VMThread [stack: 0x0000000016ec0000,0x0000000016fc0000] [id=11152]
  0x00000000172de800 WatcherThread [stack: 0x0000000017cc0000,0x0000000017dc0000] [id=1404]

VM state:not at safepoint (normal execution)

VM Mutex/Monitor currently owned by a thread: None

Heap:
 PSYoungGen      total 38400K, used 30911K [0x00000000eab00000, 0x00000000ed580000, 0x0000000100000000)
  eden space 33280K, 92% used [0x00000000eab00000,0x00000000ec92fc78,0x00000000ecb80000)
  from space 5120K, 0% used [0x00000000ed080000,0x00000000ed080000,0x00000000ed580000)
  to   space 5120K, 0% used [0x00000000ecb80000,0x00000000ecb80000,0x00000000ed080000)
 ParOldGen       total 87552K, used 0K [0x00000000c0000000, 0x00000000c5580000, 0x00000000eab00000)
  object space 87552K, 0% used [0x00000000c0000000,0x00000000c0000000,0x00000000c5580000)
 Metaspace       used 6357K, capacity 7128K, committed 7424K, reserved 1056768K
  class space    used 641K, capacity 656K, committed 768K, reserved 1048576K

Card table byte_map: [0x0000000011a60000,0x0000000011c70000] byte_map_base: 0x0000000011460000

Marking Bits: (ParMarkBitMap*) 0x000000005aaed4f0
 Begin Bits: [0x00000000125d0000, 0x00000000135d0000)
 End Bits:   [0x00000000135d0000, 0x00000000145d0000)

Polling page: 0x0000000000960000

CodeCache: size=245760Kb used=4413Kb max_used=4419Kb free=241346Kb
 bounds [0x00000000026a0000, 0x0000000002b00000, 0x00000000116a0000]
 total_blobs=1543 nmethods=1269 adapters=187
 compilation: enabled

Compilation events (10 events):
Event: 0.449 Thread 0x0000000017255800 nmethod 1223 0x0000000002abd610 code [0x0000000002abd760, 0x0000000002abd8b0]
Event: 0.449 Thread 0x0000000017255800 1221       3       com.android.dx.dex.file.MethodIdItem::itemType (4 bytes)
Event: 0.449 Thread 0x0000000017255800 nmethod 1221 0x0000000002abd950 code [0x0000000002abdaa0, 0x0000000002abdbf0]
Event: 0.450 Thread 0x0000000017255800 1224       3       com.android.dx.dex.file.OffsettedItem::getAbsoluteOffset (29 bytes)
Event: 0.450 Thread 0x0000000017255800 nmethod 1224 0x0000000002abdc90 code [0x0000000002abde00, 0x0000000002abe0f8]
Event: 0.450 Thread 0x0000000017255800 1225       3       com.android.dx.dex.file.Section::getAbsoluteOffset (38 bytes)
Event: 0.450 Thread 0x0000000017255800 nmethod 1225 0x0000000002abe210 code [0x0000000002abe3a0, 0x0000000002abe6b8]
Event: 0.450 Thread 0x0000000017255800 1227       3       com.android.dx.util.ByteArrayAnnotatedOutput::alignTo (69 bytes)
Event: 0.450 Thread 0x0000000017255800 nmethod 1227 0x0000000002abe7d0 code [0x0000000002abe980, 0x0000000002abede8]
Event: 0.450 Thread 0x0000000017255800 1228       3       com.android.dx.dex.file.StringIdItem::writeTo (95 bytes)

GC Heap History (0 events):
No events

Deoptimization events (10 events):
Event: 0.389 Thread 0x000000000259e000 Uncommon trap: reason=bimorphic action=maybe_recompile pc=0x0000000002894d24 method=java.util.HashMap.getNode(ILjava/lang/Object;)Ljava/util/HashMap$Node; @ 126
Event: 0.389 Thread 0x000000000259e000 Uncommon trap: reason=class_check action=maybe_recompile pc=0x0000000002932aa0 method=java.util.HashMap.putVal(ILjava/lang/Object;Ljava/lang/Object;ZZ)Ljava/lang/Object; @ 203
Event: 0.415 Thread 0x000000000259e000 Uncommon trap: reason=speculate_class_check action=maybe_recompile pc=0x00000000029beaa0 method=com.android.dx.util.FixedSizeList.equals(Ljava/lang/Object;)Z @ 25
Event: 0.415 Thread 0x000000000259e000 Uncommon trap: reason=class_check action=maybe_recompile pc=0x000000000298028c method=java.util.Arrays.equals([Ljava/lang/Object;[Ljava/lang/Object;)Z @ 62
Event: 0.415 Thread 0x000000000259e000 Uncommon trap: reason=speculate_class_check action=maybe_recompile pc=0x00000000029beaa0 method=com.android.dx.util.FixedSizeList.equals(Ljava/lang/Object;)Z @ 25
Event: 0.418 Thread 0x000000000259e000 Uncommon trap: reason=speculate_class_check action=maybe_recompile pc=0x00000000029beaa0 method=com.android.dx.util.FixedSizeList.equals(Ljava/lang/Object;)Z @ 25
Event: 0.418 Thread 0x000000000259e000 Uncommon trap: reason=class_check action=maybe_recompile pc=0x000000000298028c method=java.util.Arrays.equals([Ljava/lang/Object;[Ljava/lang/Object;)Z @ 62
Event: 0.418 Thread 0x000000000259e000 Uncommon trap: reason=speculate_class_check action=maybe_recompile pc=0x00000000029beaa0 method=com.android.dx.util.FixedSizeList.equals(Ljava/lang/Object;)Z @ 25
Event: 0.418 Thread 0x000000000259e000 Uncommon trap: reason=class_check action=maybe_recompile pc=0x000000000298028c method=java.util.Arrays.equals([Ljava/lang/Object;[Ljava/lang/Object;)Z @ 62
Event: 0.418 Thread 0x000000000259e000 Uncommon trap: reason=class_check action=maybe_recompile pc=0x000000000298028c method=java.util.Arrays.equals([Ljava/lang/Object;[Ljava/lang/Object;)Z @ 62

Internal exceptions (10 events):
Event: 0.415 Thread 0x000000000259e000 Exception <a 'java/security/PrivilegedActionException'> (0x00000000ec816038) thrown at [C:\workspace\8-2-build-windows-amd64-cygwin\jdk8u31\2394\hotspot\src\share\vm\prims\jvm.cpp, line 1312]
Event: 0.416 Thread 0x000000000259e000 Exception <a 'java/security/PrivilegedActionException'> (0x00000000ec818fb0) thrown at [C:\workspace\8-2-build-windows-amd64-cygwin\jdk8u31\2394\hotspot\src\share\vm\prims\jvm.cpp, line 1312]
Event: 0.417 Thread 0x000000000259e000 Exception <a 'java/security/PrivilegedActionException'> (0x00000000ec822db8) thrown at [C:\workspace\8-2-build-windows-amd64-cygwin\jdk8u31\2394\hotspot\src\share\vm\prims\jvm.cpp, line 1312]
Event: 0.435 Thread 0x000000000259e000 Exception <a 'java/security/PrivilegedActionException'> (0x00000000ec86a5a8) thrown at [C:\workspace\8-2-build-windows-amd64-cygwin\jdk8u31\2394\hotspot\src\share\vm\prims\jvm.cpp, line 1312]
Event: 0.436 Thread 0x000000000259e000 Exception <a 'java/security/PrivilegedActionException'> (0x00000000ec8760b0) thrown at [C:\workspace\8-2-build-windows-amd64-cygwin\jdk8u31\2394\hotspot\src\share\vm\prims\jvm.cpp, line 1312]
Event: 0.437 Thread 0x000000000259e000 Exception <a 'java/security/PrivilegedActionException'> (0x00000000ec878d88) thrown at [C:\workspace\8-2-build-windows-amd64-cygwin\jdk8u31\2394\hotspot\src\share\vm\prims\jvm.cpp, line 1312]
Event: 0.440 Thread 0x000000000259e000 Exception <a 'java/security/PrivilegedActionException'> (0x00000000ec8b2b30) thrown at [C:\workspace\8-2-build-windows-amd64-cygwin\jdk8u31\2394\hotspot\src\share\vm\prims\jvm.cpp, line 1312]
Event: 0.446 Thread 0x000000000259e000 Exception <a 'java/security/PrivilegedActionException'> (0x00000000ec8e4488) thrown at [C:\workspace\8-2-build-windows-amd64-cygwin\jdk8u31\2394\hotspot\src\share\vm\prims\jvm.cpp, line 1312]
Event: 0.447 Thread 0x000000000259e000 Exception <a 'java/security/PrivilegedActionException'> (0x00000000ec8e9818) thrown at [C:\workspace\8-2-build-windows-amd64-cygwin\jdk8u31\2394\hotspot\src\share\vm\prims\jvm.cpp, line 1312]
Event: 0.449 Thread 0x000000000259e000 Exception <a 'java/security/PrivilegedActionException'> (0x00000000ec90d048) thrown at [C:\workspace\8-2-build-windows-amd64-cygwin\jdk8u31\2394\hotspot\src\share\vm\prims\jvm.cpp, line 1312]

Events (10 events):
Event: 0.437 loading class com/android/dx/dex/file/DebugInfoEncoder$2
Event: 0.437 loading class com/android/dx/dex/file/DebugInfoEncoder$2 done
Event: 0.440 loading class com/android/dex/EncodedValueCodec
Event: 0.440 loading class com/android/dex/EncodedValueCodec done
Event: 0.446 loading class com/android/dx/dex/file/MapItem
Event: 0.446 loading class com/android/dx/dex/file/MapItem done
Event: 0.447 loading class com/android/dx/dex/file/UniformListItem
Event: 0.447 loading class com/android/dx/dex/file/UniformListItem done
Event: 0.449 loading class com/android/dex/DexFormat
Event: 0.449 loading class com/android/dex/DexFormat done


Dynamic libraries:
0x00007ff6c3070000 - 0x00007ff6c30a4000 	C:\Program Files\Java\jdk1.8.0_31\bin\java.exe
0x00007ff933d40000 - 0x00007ff933f01000 	C:\WINDOWS\SYSTEM32\ntdll.dll
0x00007ff933b60000 - 0x00007ff933c0d000 	C:\WINDOWS\system32\KERNEL32.DLL
0x00007ff9302a0000 - 0x00007ff930488000 	C:\WINDOWS\system32\KERNELBASE.dll
0x00007ff932fc0000 - 0x00007ff933067000 	C:\WINDOWS\system32\ADVAPI32.dll
0x00007ff933ab0000 - 0x00007ff933b4d000 	C:\WINDOWS\system32\msvcrt.dll
0x00007ff933780000 - 0x00007ff9337db000 	C:\WINDOWS\system32\sechost.dll
0x00007ff933600000 - 0x00007ff93371c000 	C:\WINDOWS\system32\RPCRT4.dll
0x00007ff932e60000 - 0x00007ff932fb6000 	C:\WINDOWS\system32\USER32.dll
0x00007ff931770000 - 0x00007ff9318f6000 	C:\WINDOWS\system32\GDI32.dll
0x00007ff920b30000 - 0x00007ff920da4000 	C:\WINDOWS\WinSxS\amd64_microsoft.windows.common-controls_6595b64144ccf1df_6.0.10586.0_none_8c15ae12515e1c22\COMCTL32.dll
0x00007ff933190000 - 0x00007ff93340d000 	C:\WINDOWS\system32\combase.dll
0x00007ff9307d0000 - 0x00007ff93083a000 	C:\WINDOWS\system32\bcryptPrimitives.dll
0x00007ff933120000 - 0x00007ff93315b000 	C:\WINDOWS\system32\IMM32.DLL
0x0000000059db0000 - 0x0000000059e82000 	C:\Program Files\Java\jdk1.8.0_31\jre\bin\msvcr100.dll
0x000000005a310000 - 0x000000005ab6a000 	C:\Program Files\Java\jdk1.8.0_31\jre\bin\server\jvm.dll
0x00007ff930860000 - 0x00007ff930883000 	C:\WINDOWS\system32\WINMM.dll
0x00007ff930160000 - 0x00007ff93018c000 	C:\WINDOWS\system32\WINMMBASE.dll
0x00007ff9301a0000 - 0x00007ff9301e3000 	C:\WINDOWS\system32\cfgmgr32.dll
0x00007ff924c70000 - 0x00007ff924c79000 	C:\WINDOWS\SYSTEM32\WSOCK32.dll
0x00007ff931220000 - 0x00007ff931228000 	C:\WINDOWS\system32\PSAPI.DLL
0x00007ff9337e0000 - 0x00007ff93384b000 	C:\WINDOWS\system32\WS2_32.dll
0x000000005a220000 - 0x000000005a22f000 	C:\Program Files\Java\jdk1.8.0_31\jre\bin\verify.dll
0x000000005a1f0000 - 0x000000005a218000 	C:\Program Files\Java\jdk1.8.0_31\jre\bin\java.dll
0x000000005a1d0000 - 0x000000005a1e6000 	C:\Program Files\Java\jdk1.8.0_31\jre\bin\zip.dll
0x00007ff931900000 - 0x00007ff932e5f000 	C:\WINDOWS\system32\SHELL32.dll
0x00007ff9308a0000 - 0x00007ff930ee4000 	C:\WINDOWS\system32\windows.storage.dll
0x00007ff933ce0000 - 0x00007ff933d32000 	C:\WINDOWS\system32\shlwapi.dll
0x00007ff930190000 - 0x00007ff93019f000 	C:\WINDOWS\system32\kernel.appcore.dll
0x00007ff930710000 - 0x00007ff9307c5000 	C:\WINDOWS\system32\shcore.dll
0x00007ff9304f0000 - 0x00007ff93053b000 	C:\WINDOWS\system32\powrprof.dll
0x00007ff930140000 - 0x00007ff930154000 	C:\WINDOWS\system32\profapi.dll
0x00007ff90c010000 - 0x00007ff90c19c000 	C:\WINDOWS\SYSTEM32\dbghelp.dll

VM Arguments:
jvm_args: -Djava.awt.headless=true -Xmx1024M -Dfile.encoding=GBK -Duser.country=CN -Duser.language=zh -Duser.variant 
java_command: com.android.dx.command.Main --dex --num-threads=4 --output D:\Backup\AndroidStudioProjects\SimlpleMp3Player\app\build\intermediates\pre-dexed\debug\debug_31337e4a66d6e063d2b248477ff5741d7dad9612.jar D:\Backup\AndroidStudioProjects\SimlpleMp3Player\app\build\intermediates\classes\debug
java_class_path (initial): D:\SDK\build-tools\23.0.2\lib\dx.jar
Launcher Type: SUN_STANDARD

Environment Variables:
JAVA_HOME=C:\Program Files\Java\jdk1.8.0_31
CLASSPATH=C:\Program Files\Java\jdk1.8.0_31\lib\dt.jar;C:\Program Files\Java\jdk1.8.0_31\bin.tools.jar;.
PATH=C:\ProgramData\Oracle\Java\javapath;C:\WINDOWS\system32;C:\WINDOWS;C:\WINDOWS\System32\Wbem;C:\WINDOWS\System32\WindowsPowerShell\v1.0\;C:\Program Files (x86)\AMD\ATI.ACE\Core-Static;C:\Program Files (x86)\Microsoft SQL Server\100\Tools\Binn\;C:\Program Files\Microsoft SQL Server\100\Tools\Binn\;C:\Program Files\Microsoft SQL Server\100\DTS\Binn\;C:\Program Files (x86)\IDM Computer Solutions\UltraEdit;C:\Python27;C:\Program Files (x86)\Apkdb;C:\Program Files (x86)\ATI Technologies\ATI.ACE\Core-Static;C:\Program Files (x86)\Windows Kits\8.1\Windows Performance Toolkit\;C:\WINDOWS\system32\config\systemprofile\.dnx\bin;C:\Program Files\Microsoft DNX\Dnvm\;C:\Users\Administrator\AppData\Local\Programs\Python\Python35\Scripts\;C:\Users\Administrator\AppData\Local\Programs\Python\Python35\;C:\Program Files\Java\jdk1.8.0_31\bin;C:\Program Files\Genymobile\Genymotion\tools
USERNAME=Administrator
OS=Windows_NT
PROCESSOR_IDENTIFIER=Intel64 Family 6 Model 60 Stepping 3, GenuineIntel



---------------  S Y S T E M  ---------------

OS: Windows 8.1 , 64 bit Build 9600 

CPU:total 8 (4 cores per cpu, 2 threads per core) family 6 model 60 stepping 3, cmov, cx8, fxsr, mmx, sse, sse2, sse3, ssse3, sse4.1, sse4.2, popcnt, avx, avx2, aes, clmul, erms, lzcnt, ht, tsc, tscinvbit, bmi1, bmi2

Memory: 4k page, physical 8351016k(1990076k free), swap 8351016k(5320k free)

vm_info: Java HotSpot(TM) 64-Bit Server VM (25.31-b07) for windows-amd64 JRE (1.8.0_31-b13), built on Dec 17 2014 21:00:28 by "java_re" with MS VC++ 10.0 (VS2010)

time: Thu Jan 07 21:18:16 2016
elapsed time: 0 seconds (0d 0h 0m 0s)

