#
# There is insufficient memory for the Java Runtime Environment to continue.
# Native memory allocation (malloc) failed to allocate 259744 bytes for Chunk::new
# Possible reasons:
#   The system is out of physical RAM or swap space
#   In 32 bit mode, the process size limit was hit
# Possible solutions:
#   Reduce memory load on the system
#   Increase physical memory or swap space
#   Check if swap backing store is full
#   Use 64 bit Java on a 64 bit OS
#   Decrease Java heap size (-Xmx/-Xms)
#   Decrease number of Java threads
#   Decrease Java thread stack sizes (-Xss)
#   Set larger code cache with -XX:ReservedCodeCacheSize=
# This output file may be truncated or incomplete.
#
#  Out of Memory Error (allocation.cpp:390), pid=4408, tid=952
#
# JRE version: Java(TM) SE Runtime Environment (8.0_31-b13) (build 1.8.0_31-b13)
# Java VM: Java HotSpot(TM) 64-Bit Server VM (25.31-b07 mixed mode windows-amd64 compressed oops)
# Failed to write core dump. Minidumps are not enabled by default on client versions of Windows
#

---------------  T H R E A D  ---------------

Current thread (0x0000000017248800):  JavaThread "C2 CompilerThread0" daemon [_thread_in_native, id=952, stack(0x00000000177c0000,0x00000000178c0000)]

Stack: [0x00000000177c0000,0x00000000178c0000]
Native frames: (J=compiled Java code, j=interpreted, Vv=VM code, C=native code)
V  [jvm.dll+0x3169ba]


Current CompileTask:
C2:    692  636       4       com.android.dx.ssa.NormalSsaInsn::accept (25 bytes)


---------------  P R O C E S S  ---------------

Java Threads: ( => current thread )
  0x00000000173dc000 JavaThread "pool-1-thread-4" [_thread_blocked, id=5628, stack(0x00000000181c0000,0x00000000182c0000)]
  0x00000000173d9800 JavaThread "pool-1-thread-3" [_thread_blocked, id=5420, stack(0x00000000180c0000,0x00000000181c0000)]
  0x00000000173d8000 JavaThread "pool-1-thread-2" [_thread_blocked, id=3716, stack(0x0000000017fc0000,0x00000000180c0000)]
  0x00000000173c9800 JavaThread "pool-2-thread-1" [_thread_blocked, id=420, stack(0x0000000017ec0000,0x0000000017fc0000)]
  0x00000000173c8800 JavaThread "pool-1-thread-1" [_thread_blocked, id=9972, stack(0x0000000017dc0000,0x0000000017ec0000)]
  0x00000000172cf800 JavaThread "Service Thread" daemon [_thread_blocked, id=7548, stack(0x0000000017bc0000,0x0000000017cc0000)]
  0x000000001725f000 JavaThread "C1 CompilerThread3" daemon [_thread_blocked, id=1764, stack(0x0000000017ac0000,0x0000000017bc0000)]
  0x0000000017252800 JavaThread "C2 CompilerThread2" daemon [_thread_blocked, id=11752, stack(0x00000000179c0000,0x0000000017ac0000)]
  0x000000001724a800 JavaThread "C2 CompilerThread1" daemon [_thread_blocked, id=4852, stack(0x00000000178c0000,0x00000000179c0000)]
=>0x0000000017248800 JavaThread "C2 CompilerThread0" daemon [_thread_in_native, id=952, stack(0x00000000177c0000,0x00000000178c0000)]
  0x0000000017242800 JavaThread "Attach Listener" daemon [_thread_blocked, id=11964, stack(0x00000000176c0000,0x00000000177c0000)]
  0x00000000171f7800 JavaThread "Signal Dispatcher" daemon [_thread_blocked, id=8364, stack(0x00000000175c0000,0x00000000176c0000)]
  0x00000000026d3000 JavaThread "Finalizer" daemon [_thread_blocked, id=4404, stack(0x00000000170c0000,0x00000000171c0000)]
  0x00000000026d2000 JavaThread "Reference Handler" daemon [_thread_blocked, id=6364, stack(0x0000000016fc0000,0x00000000170c0000)]
  0x00000000021fe000 JavaThread "main" [_thread_blocked, id=5804, stack(0x00000000020e0000,0x00000000021e0000)]

Other Threads:
  0x00000000151f8800 VMThread [stack: 0x0000000016ec0000,0x0000000016fc0000] [id=10520]
  0x00000000172d8800 WatcherThread [stack: 0x0000000017cc0000,0x0000000017dc0000] [id=10992]

VM state:not at safepoint (normal execution)

VM Mutex/Monitor currently owned by a thread: None

Heap:
 PSYoungGen      total 38400K, used 15590K [0x00000000eab00000, 0x00000000ed580000, 0x0000000100000000)
  eden space 33280K, 46% used [0x00000000eab00000,0x00000000eba39850,0x00000000ecb80000)
  from space 5120K, 0% used [0x00000000ed080000,0x00000000ed080000,0x00000000ed580000)
  to   space 5120K, 0% used [0x00000000ecb80000,0x00000000ecb80000,0x00000000ed080000)
 ParOldGen       total 87552K, used 0K [0x00000000c0000000, 0x00000000c5580000, 0x00000000eab00000)
  object space 87552K, 0% used [0x00000000c0000000,0x00000000c0000000,0x00000000c5580000)
 Metaspace       used 5593K, capacity 6640K, committed 6784K, reserved 1056768K
  class space    used 586K, capacity 616K, committed 640K, reserved 1048576K

Card table byte_map: [0x0000000011aa0000,0x0000000011cb0000] byte_map_base: 0x00000000114a0000

Marking Bits: (ParMarkBitMap*) 0x00000000732ad4f0
 Begin Bits: [0x0000000012610000, 0x0000000013610000)
 End Bits:   [0x0000000013610000, 0x0000000014610000)

Polling page: 0x0000000000950000

CodeCache: size=245760Kb used=2716Kb max_used=2716Kb free=243044Kb
 bounds [0x00000000026e0000, 0x0000000002990000, 0x00000000116e0000]
 total_blobs=998 nmethods=732 adapters=180
 compilation: enabled

Compilation events (10 events):
Event: 0.687 Thread 0x000000001725f000  729       3       com.android.dx.ssa.back.InterferenceGraph::mergeInterferenceSet (29 bytes)
Event: 0.687 Thread 0x000000001725f000 nmethod 729 0x00000000029853d0 code [0x0000000002985580, 0x0000000002985b28]
Event: 0.687 Thread 0x000000001725f000  730       3       com.android.dx.util.BitIntSet::merge (148 bytes)
Event: 0.688 Thread 0x000000001725f000 nmethod 730 0x0000000002985f10 code [0x00000000029861c0, 0x0000000002987388]
Event: 0.688 Thread 0x000000001725f000  731       3       com.android.dx.ssa.back.SsaToRop$PhiVisitor::<init> (10 bytes)
Event: 0.688 Thread 0x000000001725f000 nmethod 731 0x0000000002980a50 code [0x0000000002980ba0, 0x0000000002980d70]
Event: 0.688 Thread 0x000000001725f000  732       3       com.android.dx.ssa.SsaBasicBlock::removeAllPhiInsns (18 bytes)
Event: 0.688 Thread 0x000000001725f000 nmethod 732 0x0000000002987d10 code [0x0000000002987ee0, 0x0000000002988488]
Event: 0.688 Thread 0x000000001725f000  733       3       java.util.AbstractList::clear (10 bytes)
Event: 0.688 Thread 0x000000001725f000 nmethod 733 0x0000000002988810 code [0x0000000002988980, 0x0000000002988c58]

GC Heap History (0 events):
No events

Deoptimization events (0 events):
No events

Internal exceptions (10 events):
Event: 0.511 Thread 0x00000000173c8800 Exception <a 'java/security/PrivilegedActionException'> (0x00000000eb482760) thrown at [C:\workspace\8-2-build-windows-amd64-cygwin\jdk8u31\2394\hotspot\src\share\vm\prims\jvm.cpp, line 1312]
Event: 0.511 Thread 0x00000000173c8800 Exception <a 'java/security/PrivilegedActionException'> (0x00000000eb4856d8) thrown at [C:\workspace\8-2-build-windows-amd64-cygwin\jdk8u31\2394\hotspot\src\share\vm\prims\jvm.cpp, line 1312]
Event: 0.512 Thread 0x00000000173c8800 Exception <a 'java/security/PrivilegedActionException'> (0x00000000eb488ac0) thrown at [C:\workspace\8-2-build-windows-amd64-cygwin\jdk8u31\2394\hotspot\src\share\vm\prims\jvm.cpp, line 1312]
Event: 0.513 Thread 0x00000000173c8800 Exception <a 'java/security/PrivilegedActionException'> (0x00000000eb48e968) thrown at [C:\workspace\8-2-build-windows-amd64-cygwin\jdk8u31\2394\hotspot\src\share\vm\prims\jvm.cpp, line 1312]
Event: 0.513 Thread 0x00000000173c8800 Exception <a 'java/security/PrivilegedActionException'> (0x00000000eb491508) thrown at [C:\workspace\8-2-build-windows-amd64-cygwin\jdk8u31\2394\hotspot\src\share\vm\prims\jvm.cpp, line 1312]
Event: 0.513 Thread 0x00000000173c8800 Exception <a 'java/security/PrivilegedActionException'> (0x00000000eb4944f8) thrown at [C:\workspace\8-2-build-windows-amd64-cygwin\jdk8u31\2394\hotspot\src\share\vm\prims\jvm.cpp, line 1312]
Event: 0.514 Thread 0x00000000173d8000 Exception <a 'java/security/PrivilegedActionException'> (0x00000000eb34f450) thrown at [C:\workspace\8-2-build-windows-amd64-cygwin\jdk8u31\2394\hotspot\src\share\vm\prims\jvm.cpp, line 1312]
Event: 0.514 Thread 0x00000000173c8800 Exception <a 'java/security/PrivilegedActionException'> (0x00000000eb49d468) thrown at [C:\workspace\8-2-build-windows-amd64-cygwin\jdk8u31\2394\hotspot\src\share\vm\prims\jvm.cpp, line 1312]
Event: 0.514 Thread 0x00000000173c8800 Exception <a 'java/security/PrivilegedActionException'> (0x00000000eb4a1700) thrown at [C:\workspace\8-2-build-windows-amd64-cygwin\jdk8u31\2394\hotspot\src\share\vm\prims\jvm.cpp, line 1312]
Event: 0.523 Thread 0x00000000173d8000 Exception <a 'java/security/PrivilegedActionException'> (0x00000000eb84a7a0) thrown at [C:\workspace\8-2-build-windows-amd64-cygwin\jdk8u31\2394\hotspot\src\share\vm\prims\jvm.cpp, line 1312]

Events (10 events):
Event: 0.514 loading class com/android/dx/dex/file/StringIdItem
Event: 0.514 loading class com/android/dx/dex/file/StringIdItem done
Event: 0.514 loading class com/android/dx/dex/file/StringDataItem
Event: 0.514 loading class com/android/dx/dex/file/StringDataItem done
Event: 0.523 loading class com/android/dx/ssa/back/FirstFitLocalCombiningAllocator$Multiset
Event: 0.523 loading class com/android/dx/ssa/back/FirstFitLocalCombiningAllocator$Multiset done
Event: 0.529 loading class java/util/ArrayList$1
Event: 0.529 loading class java/util/ArrayList$1 done
Event: 0.547 Executing VM operation: ForceSafepoint
Event: 0.665 Executing VM operation: ForceSafepoint done


Dynamic libraries:
0x00007ff769da0000 - 0x00007ff769dd4000 	C:\Program Files\Java\jdk1.8.0_31\bin\java.exe
0x00007ffcbbdd0000 - 0x00007ffcbbf91000 	C:\WINDOWS\SYSTEM32\ntdll.dll
0x00007ffcb9010000 - 0x00007ffcb90bd000 	C:\WINDOWS\system32\KERNEL32.DLL
0x00007ffcb8570000 - 0x00007ffcb8758000 	C:\WINDOWS\system32\KERNELBASE.dll
0x00007ffcb9440000 - 0x00007ffcb94e7000 	C:\WINDOWS\system32\ADVAPI32.dll
0x00007ffcb9e00000 - 0x00007ffcb9e9d000 	C:\WINDOWS\system32\msvcrt.dll
0x00007ffcba000000 - 0x00007ffcba05b000 	C:\WINDOWS\system32\sechost.dll
0x00007ffcb94f0000 - 0x00007ffcb960c000 	C:\WINDOWS\system32\RPCRT4.dll
0x00007ffcba5b0000 - 0x00007ffcba706000 	C:\WINDOWS\system32\USER32.dll
0x00007ffcb92b0000 - 0x00007ffcb9436000 	C:\WINDOWS\system32\GDI32.dll
0x00007ffcab670000 - 0x00007ffcab8e4000 	C:\WINDOWS\WinSxS\amd64_microsoft.windows.common-controls_6595b64144ccf1df_6.0.10586.0_none_8c15ae12515e1c22\COMCTL32.dll
0x00007ffcb9640000 - 0x00007ffcb98bd000 	C:\WINDOWS\system32\combase.dll
0x00007ffcb84a0000 - 0x00007ffcb850a000 	C:\WINDOWS\system32\bcryptPrimitives.dll
0x00007ffcba060000 - 0x00007ffcba09b000 	C:\WINDOWS\system32\IMM32.DLL
0x0000000072570000 - 0x0000000072642000 	C:\Program Files\Java\jdk1.8.0_31\jre\bin\msvcr100.dll
0x0000000072ad0000 - 0x000000007332a000 	C:\Program Files\Java\jdk1.8.0_31\jre\bin\server\jvm.dll
0x00007ffcb8f20000 - 0x00007ffcb8f43000 	C:\WINDOWS\system32\WINMM.dll
0x00007ffcb81f0000 - 0x00007ffcb821c000 	C:\WINDOWS\system32\WINMMBASE.dll
0x00007ffcb8230000 - 0x00007ffcb8273000 	C:\WINDOWS\system32\cfgmgr32.dll
0x00007ffcba710000 - 0x00007ffcba718000 	C:\WINDOWS\system32\PSAPI.DLL
0x00007ffcac6e0000 - 0x00007ffcac6e9000 	C:\WINDOWS\SYSTEM32\WSOCK32.dll
0x00007ffcba1b0000 - 0x00007ffcba21b000 	C:\WINDOWS\system32\WS2_32.dll
0x00000000729e0000 - 0x00000000729ef000 	C:\Program Files\Java\jdk1.8.0_31\jre\bin\verify.dll
0x00000000729b0000 - 0x00000000729d8000 	C:\Program Files\Java\jdk1.8.0_31\jre\bin\java.dll
0x0000000072990000 - 0x00000000729a6000 	C:\Program Files\Java\jdk1.8.0_31\jre\bin\zip.dll
0x00007ffcba870000 - 0x00007ffcbbdcf000 	C:\WINDOWS\system32\SHELL32.dll
0x00007ffcb8780000 - 0x00007ffcb8dc4000 	C:\WINDOWS\system32\windows.storage.dll
0x00007ffcba3d0000 - 0x00007ffcba422000 	C:\WINDOWS\system32\shlwapi.dll
0x00007ffcb8220000 - 0x00007ffcb822f000 	C:\WINDOWS\system32\kernel.appcore.dll
0x00007ffcb8e60000 - 0x00007ffcb8f15000 	C:\WINDOWS\system32\shcore.dll
0x00007ffcb8450000 - 0x00007ffcb849b000 	C:\WINDOWS\system32\powrprof.dll
0x00007ffcb81d0000 - 0x00007ffcb81e4000 	C:\WINDOWS\system32\profapi.dll

VM Arguments:
jvm_args: -Djava.awt.headless=true -Xmx1024M -Dfile.encoding=GBK -Duser.country=CN -Duser.language=zh -Duser.variant 
java_command: com.android.dx.command.Main --dex --num-threads=4 --output D:\Backup\AndroidStudioProjects\SimlpleMp3Player\app\build\intermediates\pre-dexed\debug\com.android.support-cardview-v7-23.1.1_739a0f5cc83aa311ac15eaa8ada952a757d246ab.jar D:\Backup\AndroidStudioProjects\SimlpleMp3Player\app\build\intermediates\exploded-aar\com.android.support\cardview-v7\23.1.1\jars\classes.jar
java_class_path (initial): D:\SDK\build-tools\23.0.2\lib\dx.jar
Launcher Type: SUN_STANDARD

Environment Variables:
JAVA_HOME=C:\Program Files\Java\jdk1.8.0_31
CLASSPATH=C:\Program Files\Java\jdk1.8.0_31\lib\dt.jar;C:\Program Files\Java\jdk1.8.0_31\bin.tools.jar;.
PATH=C:\ProgramData\Oracle\Java\javapath;C:\WINDOWS\system32;C:\WINDOWS;C:\WINDOWS\System32\Wbem;C:\WINDOWS\System32\WindowsPowerShell\v1.0\;C:\Program Files (x86)\AMD\ATI.ACE\Core-Static;C:\Program Files (x86)\Microsoft SQL Server\100\Tools\Binn\;C:\Program Files\Microsoft SQL Server\100\Tools\Binn\;C:\Program Files\Microsoft SQL Server\100\DTS\Binn\;C:\Program Files (x86)\IDM Computer Solutions\UltraEdit;C:\Python27;C:\Program Files (x86)\Apkdb;C:\Program Files (x86)\ATI Technologies\ATI.ACE\Core-Static;C:\Program Files (x86)\Windows Kits\8.1\Windows Performance Toolkit\;C:\WINDOWS\system32\config\systemprofile\.dnx\bin;C:\Program Files\Microsoft DNX\Dnvm\;C:\Users\Administrator\AppData\Local\Programs\Python\Python35\Scripts\;C:\Users\Administrator\AppData\Local\Programs\Python\Python35\;C:\Program Files\Java\jdk1.8.0_31\bin;C:\Program Files\Genymobile\Genymotion\tools
USERNAME=Administrator
OS=Windows_NT
PROCESSOR_IDENTIFIER=Intel64 Family 6 Model 60 Stepping 3, GenuineIntel



---------------  S Y S T E M  ---------------

OS: Windows 8.1 , 64 bit Build 9600 

CPU:total 8 (4 cores per cpu, 2 threads per core) family 6 model 60 stepping 3, cmov, cx8, fxsr, mmx, sse, sse2, sse3, ssse3, sse4.1, sse4.2, popcnt, avx, avx2, aes, clmul, erms, lzcnt, ht, tsc, tscinvbit, bmi1, bmi2

Memory: 4k page, physical 8351060k(2845696k free), swap 8351060k(4128k free)

vm_info: Java HotSpot(TM) 64-Bit Server VM (25.31-b07) for windows-amd64 JRE (1.8.0_31-b13), built on Dec 17 2014 21:00:28 by "java_re" with MS VC++ 10.0 (VS2010)

time: Tue Jan 05 16:13:31 2016
elapsed time: 0 seconds (0d 0h 0m 0s)

