#
# There is insufficient memory for the Java Runtime Environment to continue.
# Native memory allocation (malloc) failed to allocate 566800 bytes for Chunk::new
# Possible reasons:
#   The system is out of physical RAM or swap space
#   In 32 bit mode, the process size limit was hit
# Possible solutions:
#   Reduce memory load on the system
#   Increase physical memory or swap space
#   Check if swap backing store is full
#   Use 64 bit Java on a 64 bit OS
#   Decrease Java heap size (-Xmx/-Xms)
#   Decrease number of Java threads
#   Decrease Java thread stack sizes (-Xss)
#   Set larger code cache with -XX:ReservedCodeCacheSize=
# This output file may be truncated or incomplete.
#
#  Out of Memory Error (allocation.cpp:390), pid=11236, tid=9624
#
# JRE version: Java(TM) SE Runtime Environment (8.0_31-b13) (build 1.8.0_31-b13)
# Java VM: Java HotSpot(TM) 64-Bit Server VM (25.31-b07 mixed mode windows-amd64 compressed oops)
# Failed to write core dump. Minidumps are not enabled by default on client versions of Windows
#

---------------  T H R E A D  ---------------

Current thread (0x000000001716d000):  JavaThread "C2 CompilerThread2" daemon [_thread_in_native, id=9624, stack(0x00000000178e0000,0x00000000179e0000)]

Stack: [0x00000000178e0000,0x00000000179e0000]
Native frames: (J=compiled Java code, j=interpreted, Vv=VM code, C=native code)
V  [jvm.dll+0x3169ba]


Current CompileTask:
C2:   2110 1620   !   4       com.android.dx.cf.code.RopperMachine::run (1550 bytes)


---------------  P R O C E S S  ---------------

Java Threads: ( => current thread )
  0x00000000173f8000 JavaThread "pool-1-thread-4" [_thread_blocked, id=10412, stack(0x00000000188e0000,0x00000000189e0000)]
  0x00000000173f7800 JavaThread "pool-1-thread-3" [_thread_blocked, id=5416, stack(0x00000000187e0000,0x00000000188e0000)]
  0x00000000173f6800 JavaThread "pool-1-thread-2" [_thread_blocked, id=10480, stack(0x00000000186e0000,0x00000000187e0000)]
  0x00000000173f6000 JavaThread "pool-2-thread-1" [_thread_blocked, id=5964, stack(0x00000000185e0000,0x00000000186e0000)]
  0x0000000017de4800 JavaThread "pool-1-thread-1" [_thread_blocked, id=9496, stack(0x00000000184e0000,0x00000000185e0000)]
  0x00000000171f1000 JavaThread "Service Thread" daemon [_thread_blocked, id=6160, stack(0x0000000017ae0000,0x0000000017be0000)]
  0x0000000017172800 JavaThread "C1 CompilerThread3" daemon [_thread_blocked, id=8876, stack(0x00000000179e0000,0x0000000017ae0000)]
=>0x000000001716d000 JavaThread "C2 CompilerThread2" daemon [_thread_in_native, id=9624, stack(0x00000000178e0000,0x00000000179e0000)]
  0x0000000017166800 JavaThread "C2 CompilerThread1" daemon [_thread_in_native, id=10264, stack(0x00000000177e0000,0x00000000178e0000)]
  0x0000000017164800 JavaThread "C2 CompilerThread0" daemon [_thread_in_native, id=9464, stack(0x00000000176e0000,0x00000000177e0000)]
  0x0000000017162800 JavaThread "Attach Listener" daemon [_thread_blocked, id=7720, stack(0x00000000175e0000,0x00000000176e0000)]
  0x0000000017117800 JavaThread "Signal Dispatcher" daemon [_thread_blocked, id=8548, stack(0x00000000174e0000,0x00000000175e0000)]
  0x00000000025f7800 JavaThread "Finalizer" daemon [_thread_blocked, id=6096, stack(0x0000000016fe0000,0x00000000170e0000)]
  0x00000000025f1000 JavaThread "Reference Handler" daemon [_thread_blocked, id=7768, stack(0x0000000016ee0000,0x0000000016fe0000)]
  0x00000000024fe000 JavaThread "main" [_thread_blocked, id=9796, stack(0x0000000002360000,0x0000000002460000)]

Other Threads:
  0x0000000015118800 VMThread [stack: 0x0000000016de0000,0x0000000016ee0000] [id=860]
  0x00000000171fa000 WatcherThread [stack: 0x0000000017be0000,0x0000000017ce0000] [id=11092]

VM state:not at safepoint (normal execution)

VM Mutex/Monitor currently owned by a thread: None

Heap:
 PSYoungGen      total 71680K, used 13453K [0x00000000eab00000, 0x00000000ef600000, 0x0000000100000000)
  eden space 66560K, 12% used [0x00000000eab00000,0x00000000eb327b08,0x00000000eec00000)
  from space 5120K, 99% used [0x00000000ef100000,0x00000000ef5fbc98,0x00000000ef600000)
  to   space 5120K, 0% used [0x00000000eec00000,0x00000000eec00000,0x00000000ef100000)
 ParOldGen       total 87552K, used 4823K [0x00000000c0000000, 0x00000000c5580000, 0x00000000eab00000)
  object space 87552K, 5% used [0x00000000c0000000,0x00000000c04b5fa8,0x00000000c5580000)
 Metaspace       used 6361K, capacity 7128K, committed 7424K, reserved 1056768K
  class space    used 610K, capacity 656K, committed 768K, reserved 1048576K

Card table byte_map: [0x00000000119c0000,0x0000000011bd0000] byte_map_base: 0x00000000113c0000

Marking Bits: (ParMarkBitMap*) 0x000000005352d4f0
 Begin Bits: [0x0000000012530000, 0x0000000013530000)
 End Bits:   [0x0000000013530000, 0x0000000014530000)

Polling page: 0x00000000004f0000

CodeCache: size=245760Kb used=7062Kb max_used=7079Kb free=238697Kb
 bounds [0x0000000002600000, 0x0000000002d00000, 0x0000000011600000]
 total_blobs=1918 nmethods=1645 adapters=186
 compilation: enabled

Compilation events (10 events):
Event: 2.027 Thread 0x0000000017172800 1649       3       com.android.dx.cf.code.OneLocalsArray::makeInitialized (55 bytes)
Event: 2.027 Thread 0x0000000017172800 nmethod 1649 0x0000000002cdf210 code [0x0000000002cdf3c0, 0x0000000002cdfa58]
Event: 2.028 Thread 0x0000000017172800 1651       3       com.android.dx.util.Hex::u2 (44 bytes)
Event: 2.028 Thread 0x0000000017172800 nmethod 1651 0x0000000002ce7a90 code [0x0000000002ce7c40, 0x0000000002ce82b8]
Event: 2.032 Thread 0x0000000017166800 nmethod 1646 0x0000000002ceb610 code [0x0000000002ceb760, 0x0000000002cebbf8]
Event: 2.032 Thread 0x0000000017166800 1650       4       com.android.dx.ssa.SsaMethod::forEachBlockDepthFirst (194 bytes)
Event: 2.044 Thread 0x0000000017172800 1654       3       java.util.concurrent.ThreadPoolExecutor::isRunning (10 bytes)
Event: 2.045 Thread 0x0000000017172800 nmethod 1654 0x0000000002cdeed0 code [0x0000000002cdf020, 0x0000000002cdf1b0]
Event: 2.088 Thread 0x0000000017166800 nmethod 1650 0x0000000002ceedd0 code [0x0000000002cef040, 0x0000000002cf06e0]
Event: 2.088 Thread 0x0000000017166800 1652 %     4       com.android.dx.ssa.SsaMethod::mapRegisters @ 36 (87 bytes)

GC Heap History (4 events):
Event: 0.749 GC heap before
{Heap before GC invocations=1 (full 0):
 PSYoungGen      total 38400K, used 33280K [0x00000000eab00000, 0x00000000ed580000, 0x0000000100000000)
  eden space 33280K, 100% used [0x00000000eab00000,0x00000000ecb80000,0x00000000ecb80000)
  from space 5120K, 0% used [0x00000000ed080000,0x00000000ed080000,0x00000000ed580000)
  to   space 5120K, 0% used [0x00000000ecb80000,0x00000000ecb80000,0x00000000ed080000)
 ParOldGen       total 87552K, used 0K [0x00000000c0000000, 0x00000000c5580000, 0x00000000eab00000)
  object space 87552K, 0% used [0x00000000c0000000,0x00000000c0000000,0x00000000c5580000)
 Metaspace       used 5997K, capacity 6776K, committed 7040K, reserved 1056768K
  class space    used 603K, capacity 624K, committed 640K, reserved 1048576K
Event: 0.849 GC heap after
Heap after GC invocations=1 (full 0):
 PSYoungGen      total 38400K, used 5112K [0x00000000eab00000, 0x00000000ef600000, 0x0000000100000000)
  eden space 33280K, 0% used [0x00000000eab00000,0x00000000eab00000,0x00000000ecb80000)
  from space 5120K, 99% used [0x00000000ecb80000,0x00000000ed07e0a8,0x00000000ed080000)
  to   space 5120K, 0% used [0x00000000ef100000,0x00000000ef100000,0x00000000ef600000)
 ParOldGen       total 87552K, used 856K [0x00000000c0000000, 0x00000000c5580000, 0x00000000eab00000)
  object space 87552K, 0% used [0x00000000c0000000,0x00000000c00d6080,0x00000000c5580000)
 Metaspace       used 5997K, capacity 6776K, committed 7040K, reserved 1056768K
  class space    used 603K, capacity 624K, committed 640K, reserved 1048576K
}
Event: 1.837 GC heap before
{Heap before GC invocations=2 (full 0):
 PSYoungGen      total 38400K, used 38392K [0x00000000eab00000, 0x00000000ef600000, 0x0000000100000000)
  eden space 33280K, 100% used [0x00000000eab00000,0x00000000ecb80000,0x00000000ecb80000)
  from space 5120K, 99% used [0x00000000ecb80000,0x00000000ed07e0a8,0x00000000ed080000)
  to   space 5120K, 0% used [0x00000000ef100000,0x00000000ef100000,0x00000000ef600000)
 ParOldGen       total 87552K, used 856K [0x00000000c0000000, 0x00000000c5580000, 0x00000000eab00000)
  object space 87552K, 0% used [0x00000000c0000000,0x00000000c00d6080,0x00000000c5580000)
 Metaspace       used 6335K, capacity 7128K, committed 7424K, reserved 1056768K
  class space    used 609K, capacity 656K, committed 768K, reserved 1048576K
Event: 1.923 GC heap after
Heap after GC invocations=2 (full 0):
 PSYoungGen      total 71680K, used 5103K [0x00000000eab00000, 0x00000000ef600000, 0x0000000100000000)
  eden space 66560K, 0% used [0x00000000eab00000,0x00000000eab00000,0x00000000eec00000)
  from space 5120K, 99% used [0x00000000ef100000,0x00000000ef5fbc98,0x00000000ef600000)
  to   space 5120K, 0% used [0x00000000eec00000,0x00000000eec00000,0x00000000ef100000)
 ParOldGen       total 87552K, used 4823K [0x00000000c0000000, 0x00000000c5580000, 0x00000000eab00000)
  object space 87552K, 5% used [0x00000000c0000000,0x00000000c04b5fa8,0x00000000c5580000)
 Metaspace       used 6335K, capacity 7128K, committed 7424K, reserved 1056768K
  class space    used 609K, capacity 656K, committed 768K, reserved 1048576K
}

Deoptimization events (10 events):
Event: 0.470 Thread 0x00000000173f7800 Uncommon trap: reason=class_check action=maybe_recompile pc=0x00000000028879ac method=com.android.dx.ssa.NormalSsaInsn.accept(Lcom/android/dx/ssa/SsaInsn$Visitor;)V @ 9
Event: 0.470 Thread 0x00000000173f7800 Uncommon trap: reason=class_check action=maybe_recompile pc=0x00000000028879ac method=com.android.dx.ssa.NormalSsaInsn.accept(Lcom/android/dx/ssa/SsaInsn$Visitor;)V @ 9
Event: 0.470 Thread 0x00000000173f7800 Uncommon trap: reason=class_check action=maybe_recompile pc=0x0000000002850c30 method=com.android.dx.ssa.NormalSsaInsn.accept(Lcom/android/dx/ssa/SsaInsn$Visitor;)V @ 9
Event: 0.471 Thread 0x00000000173f6800 Uncommon trap: reason=unreached action=reinterpret pc=0x000000000289d948 method=com.android.dx.rop.code.LocalItem.hashCode()I @ 25
Event: 0.496 Thread 0x00000000173f6800 Uncommon trap: reason=unreached action=reinterpret pc=0x0000000002898b1c method=com.android.dx.rop.cst.Constant.compareTo(Lcom/android/dx/rop/cst/Constant;)I @ 12
Event: 0.913 Thread 0x00000000173f6800 Uncommon trap: reason=null_check action=make_not_entrant pc=0x0000000002944da8 method=com.android.dx.ssa.SsaRenamer.getLocalForNewReg(I)Lcom/android/dx/rop/code/LocalItem; @ 19
Event: 0.913 Thread 0x00000000173f6800 Uncommon trap: reason=null_check action=make_not_entrant pc=0x000000000293b7d0 method=com.android.dx.ssa.SsaRenamer.getLocalForNewReg(I)Lcom/android/dx/rop/code/LocalItem; @ 19
Event: 1.815 Thread 0x00000000173f8000 Uncommon trap: reason=bimorphic action=maybe_recompile pc=0x0000000002bd7604 method=com.android.dx.ssa.SCCP.simulatePhi(Lcom/android/dx/ssa/PhiInsn;)V @ 124
Event: 1.832 Thread 0x00000000173f6800 Uncommon trap: reason=bimorphic action=maybe_recompile pc=0x0000000002bd78f0 method=com.android.dx.ssa.SCCP.setLatticeValueTo(IILcom/android/dx/rop/cst/Constant;)Z @ 43
Event: 1.970 Thread 0x0000000017de4800 Uncommon trap: reason=bimorphic action=maybe_recompile pc=0x0000000002be4748 method=com.android.dx.rop.code.RegisterSpec.withSimpleType()Lcom/android/dx/rop/code/RegisterSpec; @ 21

Internal exceptions (10 events):
Event: 0.913 Thread 0x00000000173f6800 Implicit null exception at 0x0000000002938ea7 to 0x000000000293b7ad
Event: 0.947 Thread 0x00000000024fe000 Exception <a 'java/security/PrivilegedActionException'> (0x00000000eb2efcb0) thrown at [C:\workspace\8-2-build-windows-amd64-cygwin\jdk8u31\2394\hotspot\src\share\vm\prims\jvm.cpp, line 1312]
Event: 0.951 Thread 0x00000000024fe000 Exception <a 'java/security/PrivilegedActionException'> (0x00000000eb53d430) thrown at [C:\workspace\8-2-build-windows-amd64-cygwin\jdk8u31\2394\hotspot\src\share\vm\prims\jvm.cpp, line 1312]
Event: 0.952 Thread 0x00000000024fe000 Exception <a 'java/security/PrivilegedActionException'> (0x00000000eb53faf8) thrown at [C:\workspace\8-2-build-windows-amd64-cygwin\jdk8u31\2394\hotspot\src\share\vm\prims\jvm.cpp, line 1312]
Event: 0.956 Thread 0x00000000024fe000 Exception <a 'java/security/PrivilegedActionException'> (0x00000000eb571758) thrown at [C:\workspace\8-2-build-windows-amd64-cygwin\jdk8u31\2394\hotspot\src\share\vm\prims\jvm.cpp, line 1312]
Event: 0.980 Thread 0x00000000173f7800 Exception <a 'java/security/PrivilegedActionException'> (0x00000000eb835520) thrown at [C:\workspace\8-2-build-windows-amd64-cygwin\jdk8u31\2394\hotspot\src\share\vm\prims\jvm.cpp, line 1312]
Event: 0.985 Thread 0x00000000173f7800 Exception <a 'java/security/PrivilegedActionException'> (0x00000000eb83aca0) thrown at [C:\workspace\8-2-build-windows-amd64-cygwin\jdk8u31\2394\hotspot\src\share\vm\prims\jvm.cpp, line 1312]
Event: 0.986 Thread 0x00000000173f7800 Exception <a 'java/security/PrivilegedActionException'> (0x00000000eb912ba8) thrown at [C:\workspace\8-2-build-windows-amd64-cygwin\jdk8u31\2394\hotspot\src\share\vm\prims\jvm.cpp, line 1312]
Event: 1.936 Thread 0x0000000017de4800 Exception <a 'java/security/PrivilegedActionException'> (0x00000000eab98478) thrown at [C:\workspace\8-2-build-windows-amd64-cygwin\jdk8u31\2394\hotspot\src\share\vm\prims\jvm.cpp, line 1312]
Event: 1.965 Thread 0x0000000017de4800 Exception <a 'java/security/PrivilegedActionException'> (0x00000000eaef9488) thrown at [C:\workspace\8-2-build-windows-amd64-cygwin\jdk8u31\2394\hotspot\src\share\vm\prims\jvm.cpp, line 1312]

Events (10 events):
Event: 1.832 Thread 0x00000000173f6800 DEOPT UNPACKING pc=0x000000000264556a sp=0x00000000187de958 mode 2
Event: 1.837 Executing VM operation: ParallelGCFailedAllocation
Event: 1.923 Executing VM operation: ParallelGCFailedAllocation done
Event: 1.936 loading class com/android/dx/cf/code/SwitchList
Event: 1.936 loading class com/android/dx/cf/code/SwitchList done
Event: 1.965 loading class com/android/dx/rop/code/RegisterSpec$1
Event: 1.965 loading class com/android/dx/rop/code/RegisterSpec$1 done
Event: 1.970 Thread 0x0000000017de4800 Uncommon trap: trap_request=0xffffffc6 fr.pc=0x0000000002be4748
Event: 1.970 Thread 0x0000000017de4800 DEOPT PACKING pc=0x0000000002be4748 sp=0x00000000185de850
Event: 1.970 Thread 0x0000000017de4800 DEOPT UNPACKING pc=0x000000000264556a sp=0x00000000185de788 mode 2


Dynamic libraries:
0x00007ff7e2a80000 - 0x00007ff7e2ab4000 	C:\Program Files\Java\jdk1.8.0_31\bin\java.exe
0x00007fff81a90000 - 0x00007fff81c51000 	C:\WINDOWS\SYSTEM32\ntdll.dll
0x00007fff7f050000 - 0x00007fff7f0fd000 	C:\WINDOWS\system32\KERNEL32.DLL
0x00007fff7def0000 - 0x00007fff7e0d8000 	C:\WINDOWS\system32\KERNELBASE.dll
0x00007fff7f2e0000 - 0x00007fff7f387000 	C:\WINDOWS\system32\ADVAPI32.dll
0x00007fff7f750000 - 0x00007fff7f7ed000 	C:\WINDOWS\system32\msvcrt.dll
0x00007fff7ed40000 - 0x00007fff7ed9b000 	C:\WINDOWS\system32\sechost.dll
0x00007fff7f9d0000 - 0x00007fff7faec000 	C:\WINDOWS\system32\RPCRT4.dll
0x00007fff7f390000 - 0x00007fff7f4e6000 	C:\WINDOWS\system32\USER32.dll
0x00007fff7eda0000 - 0x00007fff7ef26000 	C:\WINDOWS\system32\GDI32.dll
0x00007fff72c20000 - 0x00007fff72e94000 	C:\WINDOWS\WinSxS\amd64_microsoft.windows.common-controls_6595b64144ccf1df_6.0.10586.0_none_8c15ae12515e1c22\COMCTL32.dll
0x00007fff801a0000 - 0x00007fff8041d000 	C:\WINDOWS\system32\combase.dll
0x00007fff7e160000 - 0x00007fff7e1ca000 	C:\WINDOWS\system32\bcryptPrimitives.dll
0x00007fff7f230000 - 0x00007fff7f26b000 	C:\WINDOWS\system32\IMM32.DLL
0x0000000052560000 - 0x0000000052632000 	C:\Program Files\Java\jdk1.8.0_31\jre\bin\msvcr100.dll
0x0000000052d50000 - 0x00000000535aa000 	C:\Program Files\Java\jdk1.8.0_31\jre\bin\server\jvm.dll
0x00007fff7eb30000 - 0x00007fff7eb53000 	C:\WINDOWS\system32\WINMM.dll
0x00007fff7deb0000 - 0x00007fff7dedc000 	C:\WINDOWS\system32\WINMMBASE.dll
0x00007fff7eae0000 - 0x00007fff7eb23000 	C:\WINDOWS\system32\cfgmgr32.dll
0x00007fff7ef90000 - 0x00007fff7ef98000 	C:\WINDOWS\system32\PSAPI.DLL
0x00007fff74720000 - 0x00007fff74729000 	C:\WINDOWS\SYSTEM32\WSOCK32.dll
0x00007fff7f270000 - 0x00007fff7f2db000 	C:\WINDOWS\system32\WS2_32.dll
0x0000000052c60000 - 0x0000000052c6f000 	C:\Program Files\Java\jdk1.8.0_31\jre\bin\verify.dll
0x0000000052c30000 - 0x0000000052c58000 	C:\Program Files\Java\jdk1.8.0_31\jre\bin\java.dll
0x0000000052c10000 - 0x0000000052c26000 	C:\Program Files\Java\jdk1.8.0_31\jre\bin\zip.dll
0x00007fff80530000 - 0x00007fff81a8f000 	C:\WINDOWS\system32\SHELL32.dll
0x00007fff7e1d0000 - 0x00007fff7e814000 	C:\WINDOWS\system32\windows.storage.dll
0x00007fff7f100000 - 0x00007fff7f152000 	C:\WINDOWS\system32\shlwapi.dll
0x00007fff7dea0000 - 0x00007fff7deaf000 	C:\WINDOWS\system32\kernel.appcore.dll
0x00007fff7eb60000 - 0x00007fff7ec15000 	C:\WINDOWS\system32\shcore.dll
0x00007fff7e0f0000 - 0x00007fff7e13b000 	C:\WINDOWS\system32\powrprof.dll
0x00007fff7de80000 - 0x00007fff7de94000 	C:\WINDOWS\system32\profapi.dll
0x0000000052bf0000 - 0x0000000052c0a000 	C:\Program Files\Java\jdk1.8.0_31\jre\bin\net.dll
0x00007fff7d7b0000 - 0x00007fff7d80c000 	C:\WINDOWS\system32\mswsock.dll
0x00007fff7ab10000 - 0x00007fff7ab48000 	C:\WINDOWS\SYSTEM32\IPHLPAPI.DLL
0x00007fff800f0000 - 0x00007fff800f8000 	C:\WINDOWS\system32\NSI.dll
0x00007fff79f40000 - 0x00007fff79f56000 	C:\WINDOWS\SYSTEM32\dhcpcsvc6.DLL
0x00007fff7a040000 - 0x00007fff7a05a000 	C:\WINDOWS\SYSTEM32\dhcpcsvc.DLL

VM Arguments:
jvm_args: -Djava.awt.headless=true -Xmx1024M -Dfile.encoding=GBK -Duser.country=CN -Duser.language=zh -Duser.variant 
java_command: com.android.dx.command.Main --dex --num-threads=4 --output D:\Backup\AndroidStudioProjects\SimlpleMp3Player\app\build\intermediates\pre-dexed\debug\internal_impl-23.1.1_e25ac34f10c49d231c1aeb00375f345dd08b788f.jar D:\Backup\AndroidStudioProjects\SimlpleMp3Player\app\build\intermediates\exploded-aar\com.android.support\support-v4\23.1.1\jars\libs\internal_impl-23.1.1.jar
java_class_path (initial): D:\SDK\build-tools\23.0.2\lib\dx.jar
Launcher Type: SUN_STANDARD

Environment Variables:
JAVA_HOME=C:\Program Files\Java\jdk1.8.0_31
CLASSPATH=C:\Program Files\Java\jdk1.8.0_31\lib\dt.jar;C:\Program Files\Java\jdk1.8.0_31\bin.tools.jar;.
PATH=C:\ProgramData\Oracle\Java\javapath;C:\WINDOWS\system32;C:\WINDOWS;C:\WINDOWS\System32\Wbem;C:\WINDOWS\System32\WindowsPowerShell\v1.0\;C:\Program Files (x86)\AMD\ATI.ACE\Core-Static;C:\Program Files (x86)\Microsoft SQL Server\100\Tools\Binn\;C:\Program Files\Microsoft SQL Server\100\Tools\Binn\;C:\Program Files\Microsoft SQL Server\100\DTS\Binn\;C:\Program Files (x86)\IDM Computer Solutions\UltraEdit;C:\Python27;C:\Program Files (x86)\Apkdb;C:\Program Files (x86)\ATI Technologies\ATI.ACE\Core-Static;C:\Program Files (x86)\Windows Kits\8.1\Windows Performance Toolkit\;C:\WINDOWS\system32\config\systemprofile\.dnx\bin;C:\Program Files\Microsoft DNX\Dnvm\;C:\Users\Administrator\AppData\Local\Programs\Python\Python35\Scripts\;C:\Users\Administrator\AppData\Local\Programs\Python\Python35\;C:\Program Files\Java\jdk1.8.0_31\bin
USERNAME=Administrator
OS=Windows_NT
PROCESSOR_IDENTIFIER=Intel64 Family 6 Model 60 Stepping 3, GenuineIntel



---------------  S Y S T E M  ---------------

OS: Windows 8.1 , 64 bit Build 9600 

CPU:total 8 (4 cores per cpu, 2 threads per core) family 6 model 60 stepping 3, cmov, cx8, fxsr, mmx, sse, sse2, sse3, ssse3, sse4.1, sse4.2, popcnt, avx, avx2, aes, clmul, erms, lzcnt, ht, tsc, tscinvbit, bmi1, bmi2

Memory: 4k page, physical 8351060k(2310364k free), swap 8351060k(5120k free)

vm_info: Java HotSpot(TM) 64-Bit Server VM (25.31-b07) for windows-amd64 JRE (1.8.0_31-b13), built on Dec 17 2014 21:00:28 by "java_re" with MS VC++ 10.0 (VS2010)

time: Sun Jan 03 19:03:05 2016
elapsed time: 2 seconds (0d 0h 0m 2s)

