#
# There is insufficient memory for the Java Runtime Environment to continue.
# Native memory allocation (malloc) failed to allocate 65552 bytes for Chunk::new
# Possible reasons:
#   The system is out of physical RAM or swap space
#   In 32 bit mode, the process size limit was hit
# Possible solutions:
#   Reduce memory load on the system
#   Increase physical memory or swap space
#   Check if swap backing store is full
#   Use 64 bit Java on a 64 bit OS
#   Decrease Java heap size (-Xmx/-Xms)
#   Decrease number of Java threads
#   Decrease Java thread stack sizes (-Xss)
#   Set larger code cache with -XX:ReservedCodeCacheSize=
# This output file may be truncated or incomplete.
#
#  Out of Memory Error (allocation.cpp:390), pid=12116, tid=6336
#
# JRE version: Java(TM) SE Runtime Environment (8.0_31-b13) (build 1.8.0_31-b13)
# Java VM: Java HotSpot(TM) 64-Bit Server VM (25.31-b07 mixed mode windows-amd64 compressed oops)
# Failed to write core dump. Minidumps are not enabled by default on client versions of Windows
#

---------------  T H R E A D  ---------------

Current thread (0x00000000172f5800):  JavaThread "C2 CompilerThread0" daemon [_thread_in_native, id=6336, stack(0x0000000017870000,0x0000000017970000)]

Stack: [0x0000000017870000,0x0000000017970000]
Native frames: (J=compiled Java code, j=interpreted, Vv=VM code, C=native code)
V  [jvm.dll+0x3169ba]


Current CompileTask:
C2:    706  791   !   4       com.android.dx.rop.code.RegisterSpec::intern (70 bytes)


---------------  P R O C E S S  ---------------

Java Threads: ( => current thread )
  0x000000001757b000 JavaThread "pool-1-thread-4" [_thread_in_Java, id=4316, stack(0x0000000018a70000,0x0000000018b70000)]
  0x0000000017579000 JavaThread "pool-1-thread-3" [_thread_in_Java, id=1124, stack(0x0000000018970000,0x0000000018a70000)]
  0x0000000017572800 JavaThread "pool-1-thread-2" [_thread_in_Java, id=9032, stack(0x0000000018870000,0x0000000018970000)]
  0x0000000017572000 JavaThread "pool-2-thread-1" [_thread_blocked, id=2556, stack(0x0000000018770000,0x0000000018870000)]
  0x00000000175d7800 JavaThread "pool-1-thread-1" [_thread_blocked, id=7776, stack(0x0000000018670000,0x0000000018770000)]
  0x0000000017356000 JavaThread "Service Thread" daemon [_thread_blocked, id=6280, stack(0x0000000017c70000,0x0000000017d70000)]
  0x0000000017350800 JavaThread "C1 CompilerThread3" daemon [_thread_in_native, id=6688, stack(0x0000000017b70000,0x0000000017c70000)]
  0x000000001734e000 JavaThread "C2 CompilerThread2" daemon [_thread_in_native, id=11060, stack(0x0000000017a70000,0x0000000017b70000)]
  0x00000000172f7800 JavaThread "C2 CompilerThread1" daemon [_thread_in_native, id=2804, stack(0x0000000017970000,0x0000000017a70000)]
=>0x00000000172f5800 JavaThread "C2 CompilerThread0" daemon [_thread_in_native, id=6336, stack(0x0000000017870000,0x0000000017970000)]
  0x00000000172f3800 JavaThread "Attach Listener" daemon [_thread_blocked, id=9460, stack(0x0000000017770000,0x0000000017870000)]
  0x00000000152be800 JavaThread "Signal Dispatcher" daemon [_thread_blocked, id=10548, stack(0x0000000017670000,0x0000000017770000)]
  0x0000000002787800 JavaThread "Finalizer" daemon [_thread_blocked, id=8332, stack(0x0000000017170000,0x0000000017270000)]
  0x00000000152ac800 JavaThread "Reference Handler" daemon [_thread_blocked, id=5324, stack(0x0000000017070000,0x0000000017170000)]
  0x000000000268e000 JavaThread "main" [_thread_in_Java, id=11044, stack(0x00000000024d0000,0x00000000025d0000)]

Other Threads:
  0x00000000152a8800 VMThread [stack: 0x0000000016f70000,0x0000000017070000] [id=2172]
  0x000000001736d000 WatcherThread [stack: 0x0000000017d70000,0x0000000017e70000] [id=11704]

VM state:not at safepoint (normal execution)

VM Mutex/Monitor currently owned by a thread: None

Heap:
 PSYoungGen      total 38400K, used 18916K [0x00000000eab00000, 0x00000000ed580000, 0x0000000100000000)
  eden space 33280K, 56% used [0x00000000eab00000,0x00000000ebd793d0,0x00000000ecb80000)
  from space 5120K, 0% used [0x00000000ed080000,0x00000000ed080000,0x00000000ed580000)
  to   space 5120K, 0% used [0x00000000ecb80000,0x00000000ecb80000,0x00000000ed080000)
 ParOldGen       total 87552K, used 0K [0x00000000c0000000, 0x00000000c5580000, 0x00000000eab00000)
  object space 87552K, 0% used [0x00000000c0000000,0x00000000c0000000,0x00000000c5580000)
 Metaspace       used 5760K, capacity 6704K, committed 6784K, reserved 1056768K
  class space    used 591K, capacity 616K, committed 640K, reserved 1048576K

Card table byte_map: [0x0000000011b50000,0x0000000011d60000] byte_map_base: 0x0000000011550000

Marking Bits: (ParMarkBitMap*) 0x00000000732ad4f0
 Begin Bits: [0x00000000126c0000, 0x00000000136c0000)
 End Bits:   [0x00000000136c0000, 0x00000000146c0000)

Polling page: 0x0000000000990000

CodeCache: size=245760Kb used=2992Kb max_used=3003Kb free=242768Kb
 bounds [0x0000000002790000, 0x0000000002a90000, 0x0000000011790000]
 total_blobs=1038 nmethods=772 adapters=180
 compilation: enabled

Compilation events (10 events):
Event: 0.601 Thread 0x00000000172f5800 nmethod 787 0x0000000002a5ed90 code [0x0000000002a5eee0, 0x0000000002a5f0b8]
Event: 0.602 Thread 0x00000000172f5800  788   !   4       com.android.dx.util.IntList::<init> (37 bytes)
Event: 0.603 Thread 0x0000000017350800 nmethod 781 0x0000000002a7c2d0 code [0x0000000002a7c7a0, 0x0000000002a7fe78]
Event: 0.603 Thread 0x0000000017350800  770   !   3       com.android.dx.cf.code.RopperMachine::run (1550 bytes)
Event: 0.604 Thread 0x00000000172f5800 nmethod 788 0x0000000002a6d4d0 code [0x0000000002a6d620, 0x0000000002a6d758]
Event: 0.604 Thread 0x00000000172f5800  789       4       java.util.BitSet::<init> (56 bytes)
Event: 0.605 Thread 0x00000000172f5800 nmethod 789 0x0000000002a6d150 code [0x0000000002a6d2a0, 0x0000000002a6d3f8]
Event: 0.605 Thread 0x00000000172f5800  790       4       com.android.dx.util.LabeledList::indexOfLabel (22 bytes)
Event: 0.606 Thread 0x00000000172f5800 nmethod 790 0x0000000002a6a090 code [0x0000000002a6a1c0, 0x0000000002a6a278]
Event: 0.606 Thread 0x00000000172f5800  791   !   4       com.android.dx.rop.code.RegisterSpec::intern (70 bytes)

GC Heap History (0 events):
No events

Deoptimization events (4 events):
Event: 0.580 Thread 0x000000001757b000 Uncommon trap: reason=class_check action=maybe_recompile pc=0x0000000002a02730 method=com.android.dx.ssa.NormalSsaInsn.accept(Lcom/android/dx/ssa/SsaInsn$Visitor;)V @ 9
Event: 0.580 Thread 0x000000001757b000 Uncommon trap: reason=class_check action=maybe_recompile pc=0x0000000002a02730 method=com.android.dx.ssa.NormalSsaInsn.accept(Lcom/android/dx/ssa/SsaInsn$Visitor;)V @ 9
Event: 0.580 Thread 0x000000001757b000 Uncommon trap: reason=class_check action=maybe_recompile pc=0x0000000002a02730 method=com.android.dx.ssa.NormalSsaInsn.accept(Lcom/android/dx/ssa/SsaInsn$Visitor;)V @ 9
Event: 0.580 Thread 0x000000001757b000 Uncommon trap: reason=class_check action=maybe_recompile pc=0x0000000002a02730 method=com.android.dx.ssa.NormalSsaInsn.accept(Lcom/android/dx/ssa/SsaInsn$Visitor;)V @ 9

Internal exceptions (10 events):
Event: 0.488 Thread 0x0000000017572800 Exception <a 'java/security/PrivilegedActionException'> (0x00000000eb6c42b0) thrown at [C:\workspace\8-2-build-windows-amd64-cygwin\jdk8u31\2394\hotspot\src\share\vm\prims\jvm.cpp, line 1312]
Event: 0.488 Thread 0x0000000017572800 Exception <a 'java/security/PrivilegedActionException'> (0x00000000eb6cca78) thrown at [C:\workspace\8-2-build-windows-amd64-cygwin\jdk8u31\2394\hotspot\src\share\vm\prims\jvm.cpp, line 1312]
Event: 0.489 Thread 0x0000000017572800 Exception <a 'java/security/PrivilegedActionException'> (0x00000000eb6d1e08) thrown at [C:\workspace\8-2-build-windows-amd64-cygwin\jdk8u31\2394\hotspot\src\share\vm\prims\jvm.cpp, line 1312]
Event: 0.489 Thread 0x0000000017572800 Exception <a 'java/security/PrivilegedActionException'> (0x00000000eb6d4b10) thrown at [C:\workspace\8-2-build-windows-amd64-cygwin\jdk8u31\2394\hotspot\src\share\vm\prims\jvm.cpp, line 1312]
Event: 0.489 Thread 0x0000000017572800 Exception <a 'java/security/PrivilegedActionException'> (0x00000000eb6d8030) thrown at [C:\workspace\8-2-build-windows-amd64-cygwin\jdk8u31\2394\hotspot\src\share\vm\prims\jvm.cpp, line 1312]
Event: 0.491 Thread 0x00000000175d7800 Exception <a 'java/security/PrivilegedActionException'> (0x00000000eb871cc0) thrown at [C:\workspace\8-2-build-windows-amd64-cygwin\jdk8u31\2394\hotspot\src\share\vm\prims\jvm.cpp, line 1312]
Event: 0.493 Thread 0x000000000268e000 Exception <a 'java/security/PrivilegedActionException'> (0x00000000eb51b5f8) thrown at [C:\workspace\8-2-build-windows-amd64-cygwin\jdk8u31\2394\hotspot\src\share\vm\prims\jvm.cpp, line 1312]
Event: 0.495 Thread 0x0000000017579000 Exception <a 'java/security/PrivilegedActionException'> (0x00000000eb62fe18) thrown at [C:\workspace\8-2-build-windows-amd64-cygwin\jdk8u31\2394\hotspot\src\share\vm\prims\jvm.cpp, line 1312]
Event: 0.514 Thread 0x000000000268e000 Exception <a 'java/security/PrivilegedActionException'> (0x00000000eb537fd0) thrown at [C:\workspace\8-2-build-windows-amd64-cygwin\jdk8u31\2394\hotspot\src\share\vm\prims\jvm.cpp, line 1312]
Event: 0.566 Thread 0x00000000175d7800 Exception <a 'java/security/PrivilegedActionException'> (0x00000000eba6a440) thrown at [C:\workspace\8-2-build-windows-amd64-cygwin\jdk8u31\2394\hotspot\src\share\vm\prims\jvm.cpp, line 1312]

Events (10 events):
Event: 0.580 Thread 0x000000001757b000 DEOPT PACKING pc=0x0000000002a02730 sp=0x0000000018b6e4d0
Event: 0.580 Thread 0x000000001757b000 DEOPT UNPACKING pc=0x00000000027d556a sp=0x0000000018b6e460 mode 2
Event: 0.580 Thread 0x000000001757b000 Uncommon trap: trap_request=0xffffffde fr.pc=0x0000000002a02730
Event: 0.580 Thread 0x000000001757b000 DEOPT PACKING pc=0x0000000002a02730 sp=0x0000000018b6e3c0
Event: 0.580 Thread 0x000000001757b000 DEOPT UNPACKING pc=0x00000000027d556a sp=0x0000000018b6e350 mode 2
Event: 0.580 Thread 0x000000001757b000 Uncommon trap: trap_request=0xffffffde fr.pc=0x0000000002a02730
Event: 0.580 Thread 0x000000001757b000 DEOPT PACKING pc=0x0000000002a02730 sp=0x0000000018b6e750
Event: 0.580 Thread 0x000000001757b000 DEOPT UNPACKING pc=0x00000000027d556a sp=0x0000000018b6e6e0 mode 2
Event: 0.610 Executing VM operation: ForceSafepoint
Event: 0.691 Executing VM operation: ForceSafepoint done


Dynamic libraries:
0x00007ff769da0000 - 0x00007ff769dd4000 	C:\Program Files\Java\jdk1.8.0_31\bin\java.exe
0x00007ffcbbdd0000 - 0x00007ffcbbf91000 	C:\WINDOWS\SYSTEM32\ntdll.dll
0x00007ffcb9010000 - 0x00007ffcb90bd000 	C:\WINDOWS\system32\KERNEL32.DLL
0x00007ffcb8570000 - 0x00007ffcb8758000 	C:\WINDOWS\system32\KERNELBASE.dll
0x00007ffcb9440000 - 0x00007ffcb94e7000 	C:\WINDOWS\system32\ADVAPI32.dll
0x00007ffcb9e00000 - 0x00007ffcb9e9d000 	C:\WINDOWS\system32\msvcrt.dll
0x00007ffcba000000 - 0x00007ffcba05b000 	C:\WINDOWS\system32\sechost.dll
0x00007ffcb94f0000 - 0x00007ffcb960c000 	C:\WINDOWS\system32\RPCRT4.dll
0x00007ffcba5b0000 - 0x00007ffcba706000 	C:\WINDOWS\system32\USER32.dll
0x00007ffcb92b0000 - 0x00007ffcb9436000 	C:\WINDOWS\system32\GDI32.dll
0x00007ffcab670000 - 0x00007ffcab8e4000 	C:\WINDOWS\WinSxS\amd64_microsoft.windows.common-controls_6595b64144ccf1df_6.0.10586.0_none_8c15ae12515e1c22\COMCTL32.dll
0x00007ffcb9640000 - 0x00007ffcb98bd000 	C:\WINDOWS\system32\combase.dll
0x00007ffcb84a0000 - 0x00007ffcb850a000 	C:\WINDOWS\system32\bcryptPrimitives.dll
0x00007ffcba060000 - 0x00007ffcba09b000 	C:\WINDOWS\system32\IMM32.DLL
0x0000000072570000 - 0x0000000072642000 	C:\Program Files\Java\jdk1.8.0_31\jre\bin\msvcr100.dll
0x0000000072ad0000 - 0x000000007332a000 	C:\Program Files\Java\jdk1.8.0_31\jre\bin\server\jvm.dll
0x00007ffcb8f20000 - 0x00007ffcb8f43000 	C:\WINDOWS\system32\WINMM.dll
0x00007ffcb81f0000 - 0x00007ffcb821c000 	C:\WINDOWS\system32\WINMMBASE.dll
0x00007ffcb8230000 - 0x00007ffcb8273000 	C:\WINDOWS\system32\cfgmgr32.dll
0x00007ffcba710000 - 0x00007ffcba718000 	C:\WINDOWS\system32\PSAPI.DLL
0x00007ffcac6e0000 - 0x00007ffcac6e9000 	C:\WINDOWS\SYSTEM32\WSOCK32.dll
0x00007ffcba1b0000 - 0x00007ffcba21b000 	C:\WINDOWS\system32\WS2_32.dll
0x00000000729e0000 - 0x00000000729ef000 	C:\Program Files\Java\jdk1.8.0_31\jre\bin\verify.dll
0x00000000729b0000 - 0x00000000729d8000 	C:\Program Files\Java\jdk1.8.0_31\jre\bin\java.dll
0x0000000072990000 - 0x00000000729a6000 	C:\Program Files\Java\jdk1.8.0_31\jre\bin\zip.dll
0x00007ffcba870000 - 0x00007ffcbbdcf000 	C:\WINDOWS\system32\SHELL32.dll
0x00007ffcb8780000 - 0x00007ffcb8dc4000 	C:\WINDOWS\system32\windows.storage.dll
0x00007ffcba3d0000 - 0x00007ffcba422000 	C:\WINDOWS\system32\shlwapi.dll
0x00007ffcb8220000 - 0x00007ffcb822f000 	C:\WINDOWS\system32\kernel.appcore.dll
0x00007ffcb8e60000 - 0x00007ffcb8f15000 	C:\WINDOWS\system32\shcore.dll
0x00007ffcb8450000 - 0x00007ffcb849b000 	C:\WINDOWS\system32\powrprof.dll
0x00007ffcb81d0000 - 0x00007ffcb81e4000 	C:\WINDOWS\system32\profapi.dll
0x00007ffc93c40000 - 0x00007ffc93dcc000 	C:\WINDOWS\SYSTEM32\dbghelp.dll

VM Arguments:
jvm_args: -Djava.awt.headless=true -Xmx1024M -Dfile.encoding=GBK -Duser.country=CN -Duser.language=zh -Duser.variant 
java_command: com.android.dx.command.Main --dex --num-threads=4 --output D:\Backup\AndroidStudioProjects\SimlpleMp3Player\app\build\intermediates\pre-dexed\debug\com.android.support-recyclerview-v7-23.1.1_70b16618bdef26a94d748708c4b9791ff92b4a35.jar D:\Backup\AndroidStudioProjects\SimlpleMp3Player\app\build\intermediates\exploded-aar\com.android.support\recyclerview-v7\23.1.1\jars\classes.jar
java_class_path (initial): D:\SDK\build-tools\23.0.2\lib\dx.jar
Launcher Type: SUN_STANDARD

Environment Variables:
JAVA_HOME=C:\Program Files\Java\jdk1.8.0_31
CLASSPATH=C:\Program Files\Java\jdk1.8.0_31\lib\dt.jar;C:\Program Files\Java\jdk1.8.0_31\bin.tools.jar;.
PATH=C:\ProgramData\Oracle\Java\javapath;C:\WINDOWS\system32;C:\WINDOWS;C:\WINDOWS\System32\Wbem;C:\WINDOWS\System32\WindowsPowerShell\v1.0\;C:\Program Files (x86)\AMD\ATI.ACE\Core-Static;C:\Program Files (x86)\Microsoft SQL Server\100\Tools\Binn\;C:\Program Files\Microsoft SQL Server\100\Tools\Binn\;C:\Program Files\Microsoft SQL Server\100\DTS\Binn\;C:\Program Files (x86)\IDM Computer Solutions\UltraEdit;C:\Python27;C:\Program Files (x86)\Apkdb;C:\Program Files (x86)\ATI Technologies\ATI.ACE\Core-Static;C:\Program Files (x86)\Windows Kits\8.1\Windows Performance Toolkit\;C:\WINDOWS\system32\config\systemprofile\.dnx\bin;C:\Program Files\Microsoft DNX\Dnvm\;C:\Users\Administrator\AppData\Local\Programs\Python\Python35\Scripts\;C:\Users\Administrator\AppData\Local\Programs\Python\Python35\;C:\Program Files\Java\jdk1.8.0_31\bin;C:\Program Files\Genymobile\Genymotion\tools
USERNAME=Administrator
OS=Windows_NT
PROCESSOR_IDENTIFIER=Intel64 Family 6 Model 60 Stepping 3, GenuineIntel



---------------  S Y S T E M  ---------------

OS: Windows 8.1 , 64 bit Build 9600 

CPU:total 8 (4 cores per cpu, 2 threads per core) family 6 model 60 stepping 3, cmov, cx8, fxsr, mmx, sse, sse2, sse3, ssse3, sse4.1, sse4.2, popcnt, avx, avx2, aes, clmul, erms, lzcnt, ht, tsc, tscinvbit, bmi1, bmi2

Memory: 4k page, physical 8351060k(2846140k free), swap 8351060k(5140k free)

vm_info: Java HotSpot(TM) 64-Bit Server VM (25.31-b07) for windows-amd64 JRE (1.8.0_31-b13), built on Dec 17 2014 21:00:28 by "java_re" with MS VC++ 10.0 (VS2010)

time: Tue Jan 05 16:13:31 2016
elapsed time: 0 seconds (0d 0h 0m 0s)

