#
# There is insufficient memory for the Java Runtime Environment to continue.
# Native memory allocation (malloc) failed to allocate 54656 bytes for Chunk::new
# Possible reasons:
#   The system is out of physical RAM or swap space
#   In 32 bit mode, the process size limit was hit
# Possible solutions:
#   Reduce memory load on the system
#   Increase physical memory or swap space
#   Check if swap backing store is full
#   Use 64 bit Java on a 64 bit OS
#   Decrease Java heap size (-Xmx/-Xms)
#   Decrease number of Java threads
#   Decrease Java thread stack sizes (-Xss)
#   Set larger code cache with -XX:ReservedCodeCacheSize=
# This output file may be truncated or incomplete.
#
#  Out of Memory Error (allocation.cpp:390), pid=4756, tid=3580
#
# JRE version: Java(TM) SE Runtime Environment (8.0_31-b13) (build 1.8.0_31-b13)
# Java VM: Java HotSpot(TM) 64-Bit Server VM (25.31-b07 mixed mode windows-amd64 compressed oops)
# Failed to write core dump. Minidumps are not enabled by default on client versions of Windows
#

---------------  T H R E A D  ---------------

Current thread (0x00000000173c6800):  JavaThread "C2 CompilerThread1" daemon [_thread_in_native, id=3580, stack(0x0000000017a40000,0x0000000017b40000)]

Stack: [0x0000000017a40000,0x0000000017b40000]
Native frames: (J=compiled Java code, j=interpreted, Vv=VM code, C=native code)
V  [jvm.dll+0x3169ba]


Current CompileTask:
C2:    407  328       4       com.android.dx.rop.cst.Constant::compareTo (9 bytes)


---------------  P R O C E S S  ---------------

Java Threads: ( => current thread )
  0x00000000175b2800 JavaThread "pool-1-thread-4" [_thread_blocked, id=10032, stack(0x0000000018340000,0x0000000018440000)]
  0x00000000175ae000 JavaThread "pool-1-thread-3" [_thread_blocked, id=1172, stack(0x0000000018240000,0x0000000018340000)]
  0x00000000175ac800 JavaThread "pool-1-thread-2" [_thread_in_vm, id=6812, stack(0x0000000018140000,0x0000000018240000)]
  0x0000000017548000 JavaThread "pool-2-thread-1" [_thread_blocked, id=11236, stack(0x0000000018040000,0x0000000018140000)]
  0x0000000017559000 JavaThread "pool-1-thread-1" [_thread_blocked, id=1876, stack(0x0000000017f40000,0x0000000018040000)]
  0x0000000017425000 JavaThread "Service Thread" daemon [_thread_blocked, id=3640, stack(0x0000000017d40000,0x0000000017e40000)]
  0x0000000017421800 JavaThread "C1 CompilerThread3" daemon [_thread_blocked, id=7076, stack(0x0000000017c40000,0x0000000017d40000)]
  0x000000001741d000 JavaThread "C2 CompilerThread2" daemon [_thread_blocked, id=2148, stack(0x0000000017b40000,0x0000000017c40000)]
=>0x00000000173c6800 JavaThread "C2 CompilerThread1" daemon [_thread_in_native, id=3580, stack(0x0000000017a40000,0x0000000017b40000)]
  0x00000000173c4800 JavaThread "C2 CompilerThread0" daemon [_thread_blocked, id=8748, stack(0x0000000017940000,0x0000000017a40000)]
  0x00000000173c2800 JavaThread "Attach Listener" daemon [_thread_blocked, id=10636, stack(0x0000000017840000,0x0000000017940000)]
  0x0000000017377800 JavaThread "Signal Dispatcher" daemon [_thread_blocked, id=11224, stack(0x0000000017740000,0x0000000017840000)]
  0x0000000002837800 JavaThread "Finalizer" daemon [_thread_blocked, id=4716, stack(0x0000000017240000,0x0000000017340000)]
  0x0000000002831000 JavaThread "Reference Handler" daemon [_thread_blocked, id=9724, stack(0x0000000017140000,0x0000000017240000)]
  0x0000000000a5e000 JavaThread "main" [_thread_in_vm, id=3716, stack(0x0000000002200000,0x0000000002300000)]

Other Threads:
  0x0000000015358800 VMThread [stack: 0x0000000017040000,0x0000000017140000] [id=1476]
  0x000000001742a000 WatcherThread [stack: 0x0000000017e40000,0x0000000017f40000] [id=568]

VM state:not at safepoint (normal execution)

VM Mutex/Monitor currently owned by a thread: None

Heap:
 PSYoungGen      total 38400K, used 10657K [0x00000000eab00000, 0x00000000ed580000, 0x0000000100000000)
  eden space 33280K, 32% used [0x00000000eab00000,0x00000000eb568730,0x00000000ecb80000)
  from space 5120K, 0% used [0x00000000ed080000,0x00000000ed080000,0x00000000ed580000)
  to   space 5120K, 0% used [0x00000000ecb80000,0x00000000ecb80000,0x00000000ed080000)
 ParOldGen       total 87552K, used 0K [0x00000000c0000000, 0x00000000c5580000, 0x00000000eab00000)
  object space 87552K, 0% used [0x00000000c0000000,0x00000000c0000000,0x00000000c5580000)
 Metaspace       used 4388K, capacity 5584K, committed 5760K, reserved 1056768K
  class space    used 482K, capacity 520K, committed 640K, reserved 1048576K

Card table byte_map: [0x0000000011c00000,0x0000000011e10000] byte_map_base: 0x0000000011600000

Marking Bits: (ParMarkBitMap*) 0x000000005352d4f0
 Begin Bits: [0x0000000012770000, 0x0000000013770000)
 End Bits:   [0x0000000013770000, 0x0000000014770000)

Polling page: 0x0000000000970000

CodeCache: size=245760Kb used=1834Kb max_used=1834Kb free=243925Kb
 bounds [0x0000000002840000, 0x0000000002ab0000, 0x0000000011840000]
 total_blobs=584 nmethods=327 adapters=171
 compilation: enabled

Compilation events (10 events):
Event: 0.404 Thread 0x0000000017421800  323       3       com.android.dx.rop.cst.CstFieldRef::getType (8 bytes)
Event: 0.404 Thread 0x00000000173c6800  328       4       com.android.dx.rop.cst.Constant::compareTo (9 bytes)
Event: 0.404 Thread 0x0000000017421800 nmethod 323 0x00000000029ff210 code [0x00000000029ff380, 0x00000000029ff728]
Event: 0.404 Thread 0x0000000017421800  324       3       com.android.dx.rop.cst.CstNat::getFieldType (11 bytes)
Event: 0.404 Thread 0x0000000017421800 nmethod 324 0x0000000002a07e90 code [0x0000000002a08000, 0x0000000002a08228]
Event: 0.404 Thread 0x0000000017421800  325       3       com.android.dx.dex.cf.CfTranslator::coerceConstant (144 bytes)
Event: 0.405 Thread 0x0000000017421800 nmethod 325 0x0000000002a082d0 code [0x0000000002a085e0, 0x0000000002a0a328]
Event: 0.405 Thread 0x0000000017421800  326       3       com.android.dx.rop.cst.CstInteger::getType (4 bytes)
Event: 0.405 Thread 0x0000000017421800 nmethod 326 0x0000000002a0acd0 code [0x0000000002a0ae20, 0x0000000002a0af70]
Event: 0.405 Thread 0x0000000017421800  327       3       com.android.dx.rop.type.Type::equals (31 bytes)

GC Heap History (0 events):
No events

Deoptimization events (8 events):
Event: 0.371 Thread 0x0000000017559000 Uncommon trap: reason=class_check action=maybe_recompile pc=0x00000000029f6108 method=com.android.dx.rop.cst.Constant.compareTo(Ljava/lang/Object;)I @ 2
Event: 0.371 Thread 0x0000000017559000 Uncommon trap: reason=class_check action=maybe_recompile pc=0x00000000029f6108 method=com.android.dx.rop.cst.Constant.compareTo(Ljava/lang/Object;)I @ 2
Event: 0.371 Thread 0x0000000017559000 Uncommon trap: reason=class_check action=maybe_recompile pc=0x00000000029f6108 method=com.android.dx.rop.cst.Constant.compareTo(Ljava/lang/Object;)I @ 2
Event: 0.371 Thread 0x0000000017559000 Uncommon trap: reason=class_check action=maybe_recompile pc=0x00000000029f6108 method=com.android.dx.rop.cst.Constant.compareTo(Ljava/lang/Object;)I @ 2
Event: 0.404 Thread 0x00000000175b2800 Uncommon trap: reason=speculate_class_check action=maybe_recompile pc=0x00000000029f8364 method=com.android.dx.rop.cst.Constant.compareTo(Lcom/android/dx/rop/cst/Constant;)I @ 29
Event: 0.404 Thread 0x00000000175b2800 Uncommon trap: reason=speculate_class_check action=maybe_recompile pc=0x00000000029f8364 method=com.android.dx.rop.cst.Constant.compareTo(Lcom/android/dx/rop/cst/Constant;)I @ 29
Event: 0.404 Thread 0x00000000175b2800 Uncommon trap: reason=speculate_class_check action=maybe_recompile pc=0x00000000029f8364 method=com.android.dx.rop.cst.Constant.compareTo(Lcom/android/dx/rop/cst/Constant;)I @ 29
Event: 0.404 Thread 0x00000000175b2800 Uncommon trap: reason=speculate_class_check action=maybe_recompile pc=0x00000000029f8364 method=com.android.dx.rop.cst.Constant.compareTo(Lcom/android/dx/rop/cst/Constant;)I @ 29

Internal exceptions (10 events):
Event: 0.377 Thread 0x00000000175ac800 Exception <a 'java/security/PrivilegedActionException'> (0x00000000eb215b08) thrown at [C:\workspace\8-2-build-windows-amd64-cygwin\jdk8u31\2394\hotspot\src\share\vm\prims\jvm.cpp, line 1312]
Event: 0.378 Thread 0x00000000175ac800 Exception <a 'java/security/PrivilegedActionException'> (0x00000000eb21fc88) thrown at [C:\workspace\8-2-build-windows-amd64-cygwin\jdk8u31\2394\hotspot\src\share\vm\prims\jvm.cpp, line 1312]
Event: 0.388 Thread 0x00000000175ac800 Exception <a 'java/security/PrivilegedActionException'> (0x00000000eb225b58) thrown at [C:\workspace\8-2-build-windows-amd64-cygwin\jdk8u31\2394\hotspot\src\share\vm\prims\jvm.cpp, line 1312]
Event: 0.390 Thread 0x00000000175ac800 Exception <a 'java/security/PrivilegedActionException'> (0x00000000eb41cd40) thrown at [C:\workspace\8-2-build-windows-amd64-cygwin\jdk8u31\2394\hotspot\src\share\vm\prims\jvm.cpp, line 1312]
Event: 0.391 Thread 0x00000000175ac800 Exception <a 'java/security/PrivilegedActionException'> (0x00000000eb41fc90) thrown at [C:\workspace\8-2-build-windows-amd64-cygwin\jdk8u31\2394\hotspot\src\share\vm\prims\jvm.cpp, line 1312]
Event: 0.391 Thread 0x00000000175ac800 Exception <a 'java/security/PrivilegedActionException'> (0x00000000eb4222e8) thrown at [C:\workspace\8-2-build-windows-amd64-cygwin\jdk8u31\2394\hotspot\src\share\vm\prims\jvm.cpp, line 1312]
Event: 0.398 Thread 0x00000000175ac800 Exception <a 'java/security/PrivilegedActionException'> (0x00000000eb427960) thrown at [C:\workspace\8-2-build-windows-amd64-cygwin\jdk8u31\2394\hotspot\src\share\vm\prims\jvm.cpp, line 1312]
Event: 0.401 Thread 0x00000000175ac800 Exception <a 'java/security/PrivilegedActionException'> (0x00000000eb4302a0) thrown at [C:\workspace\8-2-build-windows-amd64-cygwin\jdk8u31\2394\hotspot\src\share\vm\prims\jvm.cpp, line 1312]
Event: 0.402 Thread 0x00000000175ac800 Exception <a 'java/security/PrivilegedActionException'> (0x00000000eb435698) thrown at [C:\workspace\8-2-build-windows-amd64-cygwin\jdk8u31\2394\hotspot\src\share\vm\prims\jvm.cpp, line 1312]
Event: 0.402 Thread 0x00000000175ac800 Exception <a 'java/security/PrivilegedActionException'> (0x00000000eb438210) thrown at [C:\workspace\8-2-build-windows-amd64-cygwin\jdk8u31\2394\hotspot\src\share\vm\prims\jvm.cpp, line 1312]

Events (10 events):
Event: 0.404 Thread 0x00000000175b2800 DEOPT UNPACKING pc=0x000000000288556a sp=0x000000001843eec0 mode 2
Event: 0.404 Thread 0x00000000175b2800 Uncommon trap: trap_request=0xffffff76 fr.pc=0x00000000029f8364
Event: 0.404 Thread 0x00000000175b2800 DEOPT PACKING pc=0x00000000029f8364 sp=0x000000001843ef90
Event: 0.404 Thread 0x00000000175b2800 DEOPT UNPACKING pc=0x000000000288556a sp=0x000000001843eec0 mode 2
Event: 0.404 Thread 0x00000000175b2800 Uncommon trap: trap_request=0xffffff76 fr.pc=0x00000000029f8364
Event: 0.404 Thread 0x00000000175b2800 DEOPT PACKING pc=0x00000000029f8364 sp=0x000000001843f000
Event: 0.404 Thread 0x00000000175b2800 DEOPT UNPACKING pc=0x000000000288556a sp=0x000000001843ef30 mode 2
Event: 0.404 Thread 0x00000000175b2800 Uncommon trap: trap_request=0xffffff76 fr.pc=0x00000000029f8364
Event: 0.404 Thread 0x00000000175b2800 DEOPT PACKING pc=0x00000000029f8364 sp=0x000000001843efa0
Event: 0.404 Thread 0x00000000175b2800 DEOPT UNPACKING pc=0x000000000288556a sp=0x000000001843eed0 mode 2


Dynamic libraries:
0x00007ff7e2a80000 - 0x00007ff7e2ab4000 	C:\Program Files\Java\jdk1.8.0_31\bin\java.exe
0x00007fff81a90000 - 0x00007fff81c51000 	C:\WINDOWS\SYSTEM32\ntdll.dll
0x00007fff7f050000 - 0x00007fff7f0fd000 	C:\WINDOWS\system32\KERNEL32.DLL
0x00007fff7def0000 - 0x00007fff7e0d8000 	C:\WINDOWS\system32\KERNELBASE.dll
0x00007fff7f2e0000 - 0x00007fff7f387000 	C:\WINDOWS\system32\ADVAPI32.dll
0x00007fff7f750000 - 0x00007fff7f7ed000 	C:\WINDOWS\system32\msvcrt.dll
0x00007fff7ed40000 - 0x00007fff7ed9b000 	C:\WINDOWS\system32\sechost.dll
0x00007fff7f9d0000 - 0x00007fff7faec000 	C:\WINDOWS\system32\RPCRT4.dll
0x00007fff7f390000 - 0x00007fff7f4e6000 	C:\WINDOWS\system32\USER32.dll
0x00007fff7eda0000 - 0x00007fff7ef26000 	C:\WINDOWS\system32\GDI32.dll
0x00007fff72c20000 - 0x00007fff72e94000 	C:\WINDOWS\WinSxS\amd64_microsoft.windows.common-controls_6595b64144ccf1df_6.0.10586.0_none_8c15ae12515e1c22\COMCTL32.dll
0x00007fff801a0000 - 0x00007fff8041d000 	C:\WINDOWS\system32\combase.dll
0x00007fff7e160000 - 0x00007fff7e1ca000 	C:\WINDOWS\system32\bcryptPrimitives.dll
0x00007fff7f230000 - 0x00007fff7f26b000 	C:\WINDOWS\system32\IMM32.DLL
0x0000000052560000 - 0x0000000052632000 	C:\Program Files\Java\jdk1.8.0_31\jre\bin\msvcr100.dll
0x0000000052d50000 - 0x00000000535aa000 	C:\Program Files\Java\jdk1.8.0_31\jre\bin\server\jvm.dll
0x00007fff7eb30000 - 0x00007fff7eb53000 	C:\WINDOWS\system32\WINMM.dll
0x00007fff7deb0000 - 0x00007fff7dedc000 	C:\WINDOWS\system32\WINMMBASE.dll
0x00007fff7eae0000 - 0x00007fff7eb23000 	C:\WINDOWS\system32\cfgmgr32.dll
0x00007fff7ef90000 - 0x00007fff7ef98000 	C:\WINDOWS\system32\PSAPI.DLL
0x00007fff74720000 - 0x00007fff74729000 	C:\WINDOWS\SYSTEM32\WSOCK32.dll
0x00007fff7f270000 - 0x00007fff7f2db000 	C:\WINDOWS\system32\WS2_32.dll
0x0000000052c60000 - 0x0000000052c6f000 	C:\Program Files\Java\jdk1.8.0_31\jre\bin\verify.dll
0x0000000052c30000 - 0x0000000052c58000 	C:\Program Files\Java\jdk1.8.0_31\jre\bin\java.dll
0x0000000052c10000 - 0x0000000052c26000 	C:\Program Files\Java\jdk1.8.0_31\jre\bin\zip.dll
0x00007fff80530000 - 0x00007fff81a8f000 	C:\WINDOWS\system32\SHELL32.dll
0x00007fff7e1d0000 - 0x00007fff7e814000 	C:\WINDOWS\system32\windows.storage.dll
0x00007fff7f100000 - 0x00007fff7f152000 	C:\WINDOWS\system32\shlwapi.dll
0x00007fff7dea0000 - 0x00007fff7deaf000 	C:\WINDOWS\system32\kernel.appcore.dll
0x00007fff7eb60000 - 0x00007fff7ec15000 	C:\WINDOWS\system32\shcore.dll
0x00007fff7e0f0000 - 0x00007fff7e13b000 	C:\WINDOWS\system32\powrprof.dll
0x00007fff7de80000 - 0x00007fff7de94000 	C:\WINDOWS\system32\profapi.dll

VM Arguments:
jvm_args: -Djava.awt.headless=true -Xmx1024M -Dfile.encoding=GBK -Duser.country=CN -Duser.language=zh -Duser.variant 
java_command: com.android.dx.command.Main --dex --num-threads=4 --output D:\Backup\AndroidStudioProjects\SimlpleMp3Player\app\build\intermediates\pre-dexed\debug\debug_31337e4a66d6e063d2b248477ff5741d7dad9612.jar D:\Backup\AndroidStudioProjects\SimlpleMp3Player\app\build\intermediates\classes\debug
java_class_path (initial): D:\SDK\build-tools\23.0.2\lib\dx.jar
Launcher Type: SUN_STANDARD

Environment Variables:
JAVA_HOME=C:\Program Files\Java\jdk1.8.0_31
CLASSPATH=C:\Program Files\Java\jdk1.8.0_31\lib\dt.jar;C:\Program Files\Java\jdk1.8.0_31\bin.tools.jar;.
PATH=C:\ProgramData\Oracle\Java\javapath;C:\WINDOWS\system32;C:\WINDOWS;C:\WINDOWS\System32\Wbem;C:\WINDOWS\System32\WindowsPowerShell\v1.0\;C:\Program Files (x86)\AMD\ATI.ACE\Core-Static;C:\Program Files (x86)\Microsoft SQL Server\100\Tools\Binn\;C:\Program Files\Microsoft SQL Server\100\Tools\Binn\;C:\Program Files\Microsoft SQL Server\100\DTS\Binn\;C:\Program Files (x86)\IDM Computer Solutions\UltraEdit;C:\Python27;C:\Program Files (x86)\Apkdb;C:\Program Files (x86)\ATI Technologies\ATI.ACE\Core-Static;C:\Program Files (x86)\Windows Kits\8.1\Windows Performance Toolkit\;C:\WINDOWS\system32\config\systemprofile\.dnx\bin;C:\Program Files\Microsoft DNX\Dnvm\;C:\Users\Administrator\AppData\Local\Programs\Python\Python35\Scripts\;C:\Users\Administrator\AppData\Local\Programs\Python\Python35\;C:\Program Files\Java\jdk1.8.0_31\bin
USERNAME=Administrator
OS=Windows_NT
PROCESSOR_IDENTIFIER=Intel64 Family 6 Model 60 Stepping 3, GenuineIntel



---------------  S Y S T E M  ---------------

OS: Windows 8.1 , 64 bit Build 9600 

CPU:total 8 (4 cores per cpu, 2 threads per core) family 6 model 60 stepping 3, cmov, cx8, fxsr, mmx, sse, sse2, sse3, ssse3, sse4.1, sse4.2, popcnt, avx, avx2, aes, clmul, erms, lzcnt, ht, tsc, tscinvbit, bmi1, bmi2

Memory: 4k page, physical 8351060k(2569168k free), swap 8351060k(5140k free)

vm_info: Java HotSpot(TM) 64-Bit Server VM (25.31-b07) for windows-amd64 JRE (1.8.0_31-b13), built on Dec 17 2014 21:00:28 by "java_re" with MS VC++ 10.0 (VS2010)

time: Sun Jan 03 19:02:30 2016
elapsed time: 0 seconds (0d 0h 0m 0s)

