#
# There is insufficient memory for the Java Runtime Environment to continue.
# Native memory allocation (malloc) failed to allocate 32744 bytes for ChunkPool::allocate
# Possible reasons:
#   The system is out of physical RAM or swap space
#   In 32 bit mode, the process size limit was hit
# Possible solutions:
#   Reduce memory load on the system
#   Increase physical memory or swap space
#   Check if swap backing store is full
#   Use 64 bit Java on a 64 bit OS
#   Decrease Java heap size (-Xmx/-Xms)
#   Decrease number of Java threads
#   Decrease Java thread stack sizes (-Xss)
#   Set larger code cache with -XX:ReservedCodeCacheSize=
# This output file may be truncated or incomplete.
#
#  Out of Memory Error (allocation.cpp:273), pid=3312, tid=12624
#
# JRE version: Java(TM) SE Runtime Environment (8.0_31-b13) (build 1.8.0_31-b13)
# Java VM: Java HotSpot(TM) 64-Bit Server VM (25.31-b07 mixed mode windows-amd64 compressed oops)
# Failed to write core dump. Minidumps are not enabled by default on client versions of Windows
#

---------------  T H R E A D  ---------------

Current thread (0x0000000017222800):  JavaThread "C1 CompilerThread3" daemon [_thread_in_native, id=12624, stack(0x0000000017a80000,0x0000000017b80000)]

Stack: [0x0000000017a80000,0x0000000017b80000]
Native frames: (J=compiled Java code, j=interpreted, Vv=VM code, C=native code)
V  [jvm.dll+0x3169ba]
V  [jvm.dll+0x2674c3]
V  [jvm.dll+0x268103]
V  [jvm.dll+0x25f8f5]
V  [jvm.dll+0xbed81]
V  [jvm.dll+0xbf4cc]
V  [jvm.dll+0x405a6f]
V  [jvm.dll+0x40af6a]
V  [jvm.dll+0x40d183]
V  [jvm.dll+0x40e909]
V  [jvm.dll+0x40ed94]
V  [jvm.dll+0x3ed980]
V  [jvm.dll+0x3edd50]
V  [jvm.dll+0x3ede82]
V  [jvm.dll+0x3ee04e]
V  [jvm.dll+0x3ee24f]
V  [jvm.dll+0x988e2]
V  [jvm.dll+0x990d3]
V  [jvm.dll+0x22c194]
V  [jvm.dll+0x28576a]
C  [msvcr100.dll+0x21d9f]
C  [msvcr100.dll+0x21e3b]
C  [KERNEL32.DLL+0x18102]
C  [ntdll.dll+0x5c2e4]


Current CompileTask:
C1:    433  592   !   3       com.android.dx.cf.code.BytecodeArray::parseInstruction (2764 bytes)


---------------  P R O C E S S  ---------------

Java Threads: ( => current thread )
  0x00000000174b8000 JavaThread "pool-1-thread-4" [_thread_in_Java, id=8532, stack(0x0000000018180000,0x0000000018280000)]
  0x00000000174b7000 JavaThread "pool-1-thread-3" [_thread_blocked, id=2864, stack(0x0000000018080000,0x0000000018180000)]
  0x000000001746c800 JavaThread "pool-1-thread-2" [_thread_in_vm, id=8700, stack(0x0000000017f80000,0x0000000018080000)]
  0x0000000017392000 JavaThread "pool-2-thread-1" [_thread_blocked, id=10628, stack(0x0000000017e80000,0x0000000017f80000)]
  0x000000001738d800 JavaThread "pool-1-thread-1" [_thread_in_Java, id=11588, stack(0x0000000017d80000,0x0000000017e80000)]
  0x00000000172a3000 JavaThread "Service Thread" daemon [_thread_blocked, id=9172, stack(0x0000000017b80000,0x0000000017c80000)]
=>0x0000000017222800 JavaThread "C1 CompilerThread3" daemon [_thread_in_native, id=12624, stack(0x0000000017a80000,0x0000000017b80000)]
  0x000000001721b000 JavaThread "C2 CompilerThread2" daemon [_thread_in_native, id=12604, stack(0x0000000017980000,0x0000000017a80000)]
  0x0000000017206800 JavaThread "C2 CompilerThread1" daemon [_thread_in_native, id=4700, stack(0x0000000017880000,0x0000000017980000)]
  0x0000000017204800 JavaThread "C2 CompilerThread0" daemon [_thread_in_native, id=12256, stack(0x0000000017780000,0x0000000017880000)]
  0x0000000017202800 JavaThread "Attach Listener" daemon [_thread_blocked, id=10568, stack(0x0000000017680000,0x0000000017780000)]
  0x00000000171b7800 JavaThread "Signal Dispatcher" daemon [_thread_blocked, id=12620, stack(0x0000000017580000,0x0000000017680000)]
  0x0000000002657800 JavaThread "Finalizer" daemon [_thread_blocked, id=8404, stack(0x0000000017080000,0x0000000017180000)]
  0x0000000002651000 JavaThread "Reference Handler" daemon [_thread_blocked, id=200, stack(0x0000000016f80000,0x0000000017080000)]
  0x000000000231e000 JavaThread "main" [_thread_blocked, id=1548, stack(0x0000000002460000,0x0000000002560000)]

Other Threads:
  0x0000000015198800 VMThread [stack: 0x0000000016e80000,0x0000000016f80000] [id=12084]
  0x00000000172a4000 WatcherThread [stack: 0x0000000017c80000,0x0000000017d80000] [id=12120]

VM state:not at safepoint (normal execution)

VM Mutex/Monitor currently owned by a thread:  ([mutex/lock_event])
[0x0000000002560350] MethodData_lock - owner thread: 0x000000001746c800

Heap:
 PSYoungGen      total 38400K, used 14651K [0x00000000eab00000, 0x00000000ed580000, 0x0000000100000000)
  eden space 33280K, 44% used [0x00000000eab00000,0x00000000eb94ef38,0x00000000ecb80000)
  from space 5120K, 0% used [0x00000000ed080000,0x00000000ed080000,0x00000000ed580000)
  to   space 5120K, 0% used [0x00000000ecb80000,0x00000000ecb80000,0x00000000ed080000)
 ParOldGen       total 87552K, used 0K [0x00000000c0000000, 0x00000000c5580000, 0x00000000eab00000)
  object space 87552K, 0% used [0x00000000c0000000,0x00000000c0000000,0x00000000c5580000)
 Metaspace       used 5561K, capacity 6576K, committed 6784K, reserved 1056768K
  class space    used 586K, capacity 616K, committed 640K, reserved 1048576K

Card table byte_map: [0x0000000011a20000,0x0000000011c30000] byte_map_base: 0x0000000011420000

Marking Bits: (ParMarkBitMap*) 0x0000000074f0d4f0
 Begin Bits: [0x0000000012590000, 0x0000000013590000)
 End Bits:   [0x0000000013590000, 0x0000000014590000)

Polling page: 0x0000000000860000

CodeCache: size=245760Kb used=2132Kb max_used=2144Kb free=243627Kb
 bounds [0x0000000002660000, 0x00000000028d0000, 0x0000000011660000]
 total_blobs=850 nmethods=584 adapters=180
 compilation: enabled

Compilation events (10 events):
Event: 0.414 Thread 0x000000001721b000  617       4       com.android.dx.rop.code.RegisterSpecList::get (9 bytes)
Event: 0.415 Thread 0x0000000017204800 nmethod 605 0x0000000002875950 code [0x0000000002875aa0, 0x0000000002875c78]
Event: 0.415 Thread 0x0000000017204800  614       4       com.android.dx.rop.code.RegisterSpec::hashCodeOf (30 bytes)
Event: 0.415 Thread 0x000000001721b000 nmethod 617 0x00000000028755d0 code [0x0000000002875720, 0x00000000028757f8]
Event: 0.415 Thread 0x000000001721b000  619       4       java.util.HashSet::contains (9 bytes)
Event: 0.416 Thread 0x0000000017206800 nmethod 613 0x0000000002875090 code [0x00000000028751e0, 0x0000000002875438]
Event: 0.416 Thread 0x0000000017206800  615       4       com.android.dx.ssa.NormalSsaInsn::isNormalMoveInsn (20 bytes)
Event: 0.416 Thread 0x0000000017206800 nmethod 615 0x0000000002874e10 code [0x0000000002874f40, 0x0000000002874fd8]
Event: 0.416 Thread 0x0000000017206800  620       4       com.android.dx.ssa.NormalSsaInsn::getSources (8 bytes)
Event: 0.417 Thread 0x0000000017206800 nmethod 620 0x000000000284f590 code [0x000000000284f6c0, 0x000000000284f738]

GC Heap History (0 events):
No events

Deoptimization events (0 events):
No events

Internal exceptions (10 events):
Event: 0.381 Thread 0x000000001738d800 Exception <a 'java/security/PrivilegedActionException'> (0x00000000eb61a488) thrown at [C:\workspace\8-2-build-windows-amd64-cygwin\jdk8u31\2394\hotspot\src\share\vm\prims\jvm.cpp, line 1312]
Event: 0.381 Thread 0x000000001738d800 Exception <a 'java/security/PrivilegedActionException'> (0x00000000eb61d870) thrown at [C:\workspace\8-2-build-windows-amd64-cygwin\jdk8u31\2394\hotspot\src\share\vm\prims\jvm.cpp, line 1312]
Event: 0.382 Thread 0x000000001738d800 Exception <a 'java/security/PrivilegedActionException'> (0x00000000eb623718) thrown at [C:\workspace\8-2-build-windows-amd64-cygwin\jdk8u31\2394\hotspot\src\share\vm\prims\jvm.cpp, line 1312]
Event: 0.382 Thread 0x000000001738d800 Exception <a 'java/security/PrivilegedActionException'> (0x00000000eb6262b8) thrown at [C:\workspace\8-2-build-windows-amd64-cygwin\jdk8u31\2394\hotspot\src\share\vm\prims\jvm.cpp, line 1312]
Event: 0.382 Thread 0x000000001738d800 Exception <a 'java/security/PrivilegedActionException'> (0x00000000eb6292a8) thrown at [C:\workspace\8-2-build-windows-amd64-cygwin\jdk8u31\2394\hotspot\src\share\vm\prims\jvm.cpp, line 1312]
Event: 0.383 Thread 0x000000001738d800 Exception <a 'java/security/PrivilegedActionException'> (0x00000000eb632218) thrown at [C:\workspace\8-2-build-windows-amd64-cygwin\jdk8u31\2394\hotspot\src\share\vm\prims\jvm.cpp, line 1312]
Event: 0.383 Thread 0x000000001738d800 Exception <a 'java/security/PrivilegedActionException'> (0x00000000eb6364b0) thrown at [C:\workspace\8-2-build-windows-amd64-cygwin\jdk8u31\2394\hotspot\src\share\vm\prims\jvm.cpp, line 1312]
Event: 0.388 Thread 0x000000001746c800 Exception <a 'java/security/PrivilegedActionException'> (0x00000000eb5c7d38) thrown at [C:\workspace\8-2-build-windows-amd64-cygwin\jdk8u31\2394\hotspot\src\share\vm\prims\jvm.cpp, line 1312]
Event: 0.392 Thread 0x000000001746c800 Exception <a 'java/security/PrivilegedActionException'> (0x00000000eb5df3f8) thrown at [C:\workspace\8-2-build-windows-amd64-cygwin\jdk8u31\2394\hotspot\src\share\vm\prims\jvm.cpp, line 1312]
Event: 0.398 Thread 0x000000001746c800 Exception <a 'java/security/PrivilegedActionException'> (0x00000000eb60ac08) thrown at [C:\workspace\8-2-build-windows-amd64-cygwin\jdk8u31\2394\hotspot\src\share\vm\prims\jvm.cpp, line 1312]

Events (10 events):
Event: 0.383 loading class com/android/dx/dex/file/StringIdItem
Event: 0.383 loading class com/android/dx/dex/file/StringIdItem done
Event: 0.383 loading class com/android/dx/dex/file/StringDataItem
Event: 0.383 loading class com/android/dx/dex/file/StringDataItem done
Event: 0.388 loading class com/android/dx/ssa/PhiInsn$Operand
Event: 0.388 loading class com/android/dx/ssa/PhiInsn$Operand done
Event: 0.392 loading class com/android/dx/cf/code/SwitchList
Event: 0.392 loading class com/android/dx/cf/code/SwitchList done
Event: 0.398 loading class com/android/dx/ssa/back/FirstFitLocalCombiningAllocator$Multiset
Event: 0.398 loading class com/android/dx/ssa/back/FirstFitLocalCombiningAllocator$Multiset done


Dynamic libraries:
0x00007ff7f84f0000 - 0x00007ff7f8524000 	C:\Program Files\Java\jdk1.8.0_31\bin\java.exe
0x00007ffde1cd0000 - 0x00007ffde1e91000 	C:\WINDOWS\SYSTEM32\ntdll.dll
0x00007ffddf190000 - 0x00007ffddf23d000 	C:\WINDOWS\system32\KERNEL32.DLL
0x00007ffdde5d0000 - 0x00007ffdde7b8000 	C:\WINDOWS\system32\KERNELBASE.dll
0x00007ffddef10000 - 0x00007ffddefb7000 	C:\WINDOWS\system32\ADVAPI32.dll
0x00007ffddfed0000 - 0x00007ffddff6d000 	C:\WINDOWS\system32\msvcrt.dll
0x00007ffddff70000 - 0x00007ffddffcb000 	C:\WINDOWS\system32\sechost.dll
0x00007ffddefc0000 - 0x00007ffddf0dc000 	C:\WINDOWS\system32\RPCRT4.dll
0x00007ffddf770000 - 0x00007ffddf8c6000 	C:\WINDOWS\system32\USER32.dll
0x00007ffddf420000 - 0x00007ffddf5a6000 	C:\WINDOWS\system32\GDI32.dll
0x00007ffdd0350000 - 0x00007ffdd05c4000 	C:\WINDOWS\WinSxS\amd64_microsoft.windows.common-controls_6595b64144ccf1df_6.0.10586.0_none_8c15ae12515e1c22\COMCTL32.dll
0x00007ffddfb90000 - 0x00007ffddfe0d000 	C:\WINDOWS\system32\combase.dll
0x00007ffdde490000 - 0x00007ffdde4fa000 	C:\WINDOWS\system32\bcryptPrimitives.dll
0x00007ffde0570000 - 0x00007ffde05ab000 	C:\WINDOWS\system32\IMM32.DLL
0x0000000074050000 - 0x0000000074122000 	C:\Program Files\Java\jdk1.8.0_31\jre\bin\msvcr100.dll
0x0000000074730000 - 0x0000000074f8a000 	C:\Program Files\Java\jdk1.8.0_31\jre\bin\server\jvm.dll
0x00007ffddee90000 - 0x00007ffddeeb3000 	C:\WINDOWS\system32\WINMM.dll
0x00007ffdde0f0000 - 0x00007ffdde11c000 	C:\WINDOWS\system32\WINMMBASE.dll
0x00007ffddeec0000 - 0x00007ffddef03000 	C:\WINDOWS\system32\cfgmgr32.dll
0x00007ffdd32d0000 - 0x00007ffdd32d9000 	C:\WINDOWS\SYSTEM32\WSOCK32.dll
0x00007ffddf5b0000 - 0x00007ffddf5b8000 	C:\WINDOWS\system32\PSAPI.DLL
0x00007ffde00d0000 - 0x00007ffde013b000 	C:\WINDOWS\system32\WS2_32.dll
0x0000000074640000 - 0x000000007464f000 	C:\Program Files\Java\jdk1.8.0_31\jre\bin\verify.dll
0x0000000074610000 - 0x0000000074638000 	C:\Program Files\Java\jdk1.8.0_31\jre\bin\java.dll
0x00000000745f0000 - 0x0000000074606000 	C:\Program Files\Java\jdk1.8.0_31\jre\bin\zip.dll
0x00007ffde0770000 - 0x00007ffde1ccf000 	C:\WINDOWS\system32\SHELL32.dll
0x00007ffdde7c0000 - 0x00007ffddee04000 	C:\WINDOWS\system32\windows.storage.dll
0x00007ffddf5c0000 - 0x00007ffddf612000 	C:\WINDOWS\system32\shlwapi.dll
0x00007ffdde0e0000 - 0x00007ffdde0ef000 	C:\WINDOWS\system32\kernel.appcore.dll
0x00007ffdde510000 - 0x00007ffdde5c5000 	C:\WINDOWS\system32\shcore.dll
0x00007ffdde300000 - 0x00007ffdde34b000 	C:\WINDOWS\system32\powrprof.dll
0x00007ffdde0c0000 - 0x00007ffdde0d4000 	C:\WINDOWS\system32\profapi.dll
0x00007ffdbb070000 - 0x00007ffdbb1fc000 	C:\WINDOWS\SYSTEM32\dbghelp.dll

VM Arguments:
jvm_args: -Djava.awt.headless=true -Xmx1024M -Dfile.encoding=GBK -Duser.country=CN -Duser.language=zh -Duser.variant 
java_command: com.android.dx.command.Main --dex --num-threads=4 --output D:\Backup\AndroidStudioProjects\SimlpleMp3Player\app\build\intermediates\pre-dexed\debug\com.android.support-cardview-v7-23.1.1_739a0f5cc83aa311ac15eaa8ada952a757d246ab.jar D:\Backup\AndroidStudioProjects\SimlpleMp3Player\app\build\intermediates\exploded-aar\com.android.support\cardview-v7\23.1.1\jars\classes.jar
java_class_path (initial): D:\SDK\build-tools\23.0.2\lib\dx.jar
Launcher Type: SUN_STANDARD

Environment Variables:
JAVA_HOME=C:\Program Files\Java\jdk1.8.0_31
CLASSPATH=C:\Program Files\Java\jdk1.8.0_31\lib\dt.jar;C:\Program Files\Java\jdk1.8.0_31\bin.tools.jar;.
PATH=C:\ProgramData\Oracle\Java\javapath;C:\WINDOWS\system32;C:\WINDOWS;C:\WINDOWS\System32\Wbem;C:\WINDOWS\System32\WindowsPowerShell\v1.0\;C:\Program Files (x86)\AMD\ATI.ACE\Core-Static;C:\Program Files (x86)\Microsoft SQL Server\100\Tools\Binn\;C:\Program Files\Microsoft SQL Server\100\Tools\Binn\;C:\Program Files\Microsoft SQL Server\100\DTS\Binn\;C:\Program Files (x86)\IDM Computer Solutions\UltraEdit;C:\Python27;C:\Program Files (x86)\Apkdb;C:\Program Files (x86)\ATI Technologies\ATI.ACE\Core-Static;C:\Program Files (x86)\Windows Kits\8.1\Windows Performance Toolkit\;C:\WINDOWS\system32\config\systemprofile\.dnx\bin;C:\Program Files\Microsoft DNX\Dnvm\;C:\Users\Administrator\AppData\Local\Programs\Python\Python35\Scripts\;C:\Users\Administrator\AppData\Local\Programs\Python\Python35\;C:\Program Files\Java\jdk1.8.0_31\bin;C:\Program Files\Genymobile\Genymotion\tools
USERNAME=Administrator
OS=Windows_NT
PROCESSOR_IDENTIFIER=Intel64 Family 6 Model 60 Stepping 3, GenuineIntel



---------------  S Y S T E M  ---------------

OS: Windows 8.1 , 64 bit Build 9600 

CPU:total 8 (4 cores per cpu, 2 threads per core) family 6 model 60 stepping 3, cmov, cx8, fxsr, mmx, sse, sse2, sse3, ssse3, sse4.1, sse4.2, popcnt, avx, avx2, aes, clmul, erms, lzcnt, ht, tsc, tscinvbit, bmi1, bmi2

Memory: 4k page, physical 8351016k(2064508k free), swap 8351016k(2036k free)

vm_info: Java HotSpot(TM) 64-Bit Server VM (25.31-b07) for windows-amd64 JRE (1.8.0_31-b13), built on Dec 17 2014 21:00:28 by "java_re" with MS VC++ 10.0 (VS2010)

time: Thu Jan 07 14:28:24 2016
elapsed time: 0 seconds (0d 0h 0m 0s)

