#
# There is insufficient memory for the Java Runtime Environment to continue.
# Native memory allocation (malloc) failed to allocate 131088 bytes for Chunk::new
# Possible reasons:
#   The system is out of physical RAM or swap space
#   In 32 bit mode, the process size limit was hit
# Possible solutions:
#   Reduce memory load on the system
#   Increase physical memory or swap space
#   Check if swap backing store is full
#   Use 64 bit Java on a 64 bit OS
#   Decrease Java heap size (-Xmx/-Xms)
#   Decrease number of Java threads
#   Decrease Java thread stack sizes (-Xss)
#   Set larger code cache with -XX:ReservedCodeCacheSize=
# This output file may be truncated or incomplete.
#
#  Out of Memory Error (allocation.cpp:390), pid=7192, tid=12088
#
# JRE version: Java(TM) SE Runtime Environment (8.0_31-b13) (build 1.8.0_31-b13)
# Java VM: Java HotSpot(TM) 64-Bit Server VM (25.31-b07 mixed mode windows-amd64 compressed oops)
# Failed to write core dump. Minidumps are not enabled by default on client versions of Windows
#

---------------  T H R E A D  ---------------

Current thread (0x0000000017276800):  JavaThread "C2 CompilerThread1" daemon [_thread_in_native, id=12088, stack(0x00000000178f0000,0x00000000179f0000)]

Stack: [0x00000000178f0000,0x00000000179f0000]
Native frames: (J=compiled Java code, j=interpreted, Vv=VM code, C=native code)
V  [jvm.dll+0x3169ba]
V  [jvm.dll+0x2674c3]
V  [jvm.dll+0x268103]
V  [jvm.dll+0x25f8f5]
V  [jvm.dll+0xbf025]
V  [jvm.dll+0xbf4cc]
V  [jvm.dll+0xbf774]
V  [jvm.dll+0x4cfb00]
V  [jvm.dll+0x4a83ee]
V  [jvm.dll+0x4a97f3]
V  [jvm.dll+0x4a9ac1]
V  [jvm.dll+0x4aa00a]
V  [jvm.dll+0x4aa39f]
V  [jvm.dll+0x4aa3b3]
V  [jvm.dll+0x4aa3b3]
V  [jvm.dll+0x4aa3b3]
V  [jvm.dll+0x4aa3b3]
V  [jvm.dll+0x4aa3b3]
V  [jvm.dll+0x4aa3b3]
V  [jvm.dll+0x4aa3b3]
V  [jvm.dll+0x4aa3b3]
V  [jvm.dll+0x4aa3b3]
V  [jvm.dll+0x4aa3b3]
V  [jvm.dll+0x4aa3b3]
V  [jvm.dll+0x4aa3b3]
V  [jvm.dll+0x4aa3b3]
V  [jvm.dll+0x4aa3b3]
V  [jvm.dll+0x49f771]
V  [jvm.dll+0x453401]
V  [jvm.dll+0x454124]
V  [jvm.dll+0x437c62]
V  [jvm.dll+0x988e2]
V  [jvm.dll+0x990d3]
V  [jvm.dll+0x22c194]
V  [jvm.dll+0x28576a]
C  [msvcr100.dll+0x21d9f]
C  [msvcr100.dll+0x21e3b]
C  [KERNEL32.DLL+0x18102]
C  [ntdll.dll+0x5c2e4]


Current CompileTask:
C2:   1088 1264       4       com.android.dx.ssa.SCCP::simulateBranch (666 bytes)


---------------  P R O C E S S  ---------------

Java Threads: ( => current thread )
  0x00000000175d1000 JavaThread "pool-1-thread-4" [_thread_blocked, id=11240, stack(0x00000000189f0000,0x0000000018af0000)]
  0x00000000175d0000 JavaThread "pool-1-thread-3" [_thread_blocked, id=7524, stack(0x00000000188f0000,0x00000000189f0000)]
  0x0000000017dfb800 JavaThread "pool-1-thread-2" [_thread_blocked, id=2452, stack(0x00000000187f0000,0x00000000188f0000)]
  0x00000000174f8000 JavaThread "pool-2-thread-1" [_thread_blocked, id=11748, stack(0x00000000186f0000,0x00000000187f0000)]
  0x0000000017504800 JavaThread "pool-1-thread-1" [_thread_blocked, id=4256, stack(0x00000000185f0000,0x00000000186f0000)]
  0x00000000172dc000 JavaThread "Service Thread" daemon [_thread_blocked, id=7696, stack(0x0000000017bf0000,0x0000000017cf0000)]
  0x00000000172d4000 JavaThread "C1 CompilerThread3" daemon [_thread_blocked, id=10608, stack(0x0000000017af0000,0x0000000017bf0000)]
  0x0000000017297800 JavaThread "C2 CompilerThread2" daemon [_thread_in_native, id=1472, stack(0x00000000179f0000,0x0000000017af0000)]
=>0x0000000017276800 JavaThread "C2 CompilerThread1" daemon [_thread_in_native, id=12088, stack(0x00000000178f0000,0x00000000179f0000)]
  0x0000000017274000 JavaThread "C2 CompilerThread0" daemon [_thread_in_native, id=12152, stack(0x00000000177f0000,0x00000000178f0000)]
  0x0000000017272800 JavaThread "Attach Listener" daemon [_thread_blocked, id=6960, stack(0x00000000176f0000,0x00000000177f0000)]
  0x000000001523e800 JavaThread "Signal Dispatcher" daemon [_thread_blocked, id=9108, stack(0x00000000175f0000,0x00000000176f0000)]
  0x0000000002707800 JavaThread "Finalizer" daemon [_thread_blocked, id=7188, stack(0x00000000170f0000,0x00000000171f0000)]
  0x000000001522c800 JavaThread "Reference Handler" daemon [_thread_blocked, id=7180, stack(0x0000000016ff0000,0x00000000170f0000)]
  0x00000000009ae000 JavaThread "main" [_thread_blocked, id=416, stack(0x0000000002510000,0x0000000002610000)]

Other Threads:
  0x0000000015228800 VMThread [stack: 0x0000000016ef0000,0x0000000016ff0000] [id=3980]
  0x00000000172f9000 WatcherThread [stack: 0x0000000017cf0000,0x0000000017df0000] [id=8040]

VM state:not at safepoint (normal execution)

VM Mutex/Monitor currently owned by a thread: None

Heap:
 PSYoungGen      total 38400K, used 10041K [0x00000000eab00000, 0x00000000ef600000, 0x0000000100000000)
  eden space 33280K, 14% used [0x00000000eab00000,0x00000000eafd26c8,0x00000000ecb80000)
  from space 5120K, 99% used [0x00000000ecb80000,0x00000000ed07c110,0x00000000ed080000)
  to   space 5120K, 0% used [0x00000000ef100000,0x00000000ef100000,0x00000000ef600000)
 ParOldGen       total 87552K, used 1212K [0x00000000c0000000, 0x00000000c5580000, 0x00000000eab00000)
  object space 87552K, 1% used [0x00000000c0000000,0x00000000c012f108,0x00000000c5580000)
 Metaspace       used 6056K, capacity 6960K, committed 7040K, reserved 1056768K
  class space    used 593K, capacity 616K, committed 640K, reserved 1048576K

Card table byte_map: [0x0000000011ad0000,0x0000000011ce0000] byte_map_base: 0x00000000114d0000

Marking Bits: (ParMarkBitMap*) 0x000000005352d4f0
 Begin Bits: [0x0000000012640000, 0x0000000013640000)
 End Bits:   [0x0000000013640000, 0x0000000014640000)

Polling page: 0x0000000000440000

CodeCache: size=245760Kb used=5522Kb max_used=5522Kb free=240237Kb
 bounds [0x0000000002710000, 0x0000000002c80000, 0x0000000011710000]
 total_blobs=1636 nmethods=1370 adapters=180
 compilation: enabled

Compilation events (10 events):
Event: 1.070 Thread 0x00000000172d4000 nmethod 1354 0x0000000002c470d0 code [0x0000000002c47220, 0x0000000002c47330]
Event: 1.070 Thread 0x00000000172d4000 1355       1       com.android.dx.util.ByteArray::getByte0 (12 bytes)
Event: 1.070 Thread 0x00000000172d4000 nmethod 1355 0x0000000002c46d90 code [0x0000000002c46ee0, 0x0000000002c47010]
Event: 1.071 Thread 0x00000000172d4000 1357       3       com.android.dx.rop.cst.CstType::<init> (46 bytes)
Event: 1.071 Thread 0x00000000172d4000 nmethod 1357 0x0000000002c465d0 code [0x0000000002c46760, 0x0000000002c46bd8]
Event: 1.072 Thread 0x00000000172d4000 1358       3       com.android.dx.rop.type.Prototype::makeParameterArray (131 bytes)
Event: 1.072 Thread 0x00000000172d4000 nmethod 1358 0x0000000002c28c10 code [0x0000000002c28e20, 0x0000000002c29998]
Event: 1.073 Thread 0x00000000172d4000 1359       3       com.android.dx.cf.attrib.AttLineNumberTable::byteLength (13 bytes)
Event: 1.073 Thread 0x00000000172d4000 nmethod 1359 0x0000000002c28750 code [0x0000000002c288c0, 0x0000000002c28b10]
Event: 1.073 Thread 0x00000000172d4000 1360   !   3       com.android.dx.cf.direct.AttributeListParser::parse (323 bytes)

GC Heap History (2 events):
Event: 1.007 GC heap before
{Heap before GC invocations=1 (full 0):
 PSYoungGen      total 38400K, used 33280K [0x00000000eab00000, 0x00000000ed580000, 0x0000000100000000)
  eden space 33280K, 100% used [0x00000000eab00000,0x00000000ecb80000,0x00000000ecb80000)
  from space 5120K, 0% used [0x00000000ed080000,0x00000000ed080000,0x00000000ed580000)
  to   space 5120K, 0% used [0x00000000ecb80000,0x00000000ecb80000,0x00000000ed080000)
 ParOldGen       total 87552K, used 0K [0x00000000c0000000, 0x00000000c5580000, 0x00000000eab00000)
  object space 87552K, 0% used [0x00000000c0000000,0x00000000c0000000,0x00000000c5580000)
 Metaspace       used 6023K, capacity 6960K, committed 7040K, reserved 1056768K
  class space    used 593K, capacity 616K, committed 640K, reserved 1048576K
Event: 1.033 GC heap after
Heap after GC invocations=1 (full 0):
 PSYoungGen      total 38400K, used 5104K [0x00000000eab00000, 0x00000000ef600000, 0x0000000100000000)
  eden space 33280K, 0% used [0x00000000eab00000,0x00000000eab00000,0x00000000ecb80000)
  from space 5120K, 99% used [0x00000000ecb80000,0x00000000ed07c110,0x00000000ed080000)
  to   space 5120K, 0% used [0x00000000ef100000,0x00000000ef100000,0x00000000ef600000)
 ParOldGen       total 87552K, used 1212K [0x00000000c0000000, 0x00000000c5580000, 0x00000000eab00000)
  object space 87552K, 1% used [0x00000000c0000000,0x00000000c012f108,0x00000000c5580000)
 Metaspace       used 6023K, capacity 6960K, committed 7040K, reserved 1056768K
  class space    used 593K, capacity 616K, committed 640K, reserved 1048576K
}

Deoptimization events (10 events):
Event: 0.996 Thread 0x00000000175d1000 Uncommon trap: reason=bimorphic action=maybe_recompile pc=0x0000000002967fb4 method=java.util.HashMap.getNode(ILjava/lang/Object;)Ljava/util/HashMap$Node; @ 126
Event: 0.996 Thread 0x00000000175d1000 Uncommon trap: reason=class_check action=maybe_recompile pc=0x0000000002b75db0 method=java.util.HashMap.putVal(ILjava/lang/Object;Ljava/lang/Object;ZZ)Ljava/lang/Object; @ 203
Event: 0.999 Thread 0x00000000175d1000 Uncommon trap: reason=bimorphic action=maybe_recompile pc=0x0000000002967fb4 method=java.util.HashMap.getNode(ILjava/lang/Object;)Ljava/util/HashMap$Node; @ 126
Event: 0.999 Thread 0x00000000175d1000 Uncommon trap: reason=class_check action=maybe_recompile pc=0x0000000002b75db0 method=java.util.HashMap.putVal(ILjava/lang/Object;Ljava/lang/Object;ZZ)Ljava/lang/Object; @ 203
Event: 1.000 Thread 0x00000000175d1000 Uncommon trap: reason=bimorphic action=maybe_recompile pc=0x0000000002967fb4 method=java.util.HashMap.getNode(ILjava/lang/Object;)Ljava/util/HashMap$Node; @ 126
Event: 1.000 Thread 0x00000000175d1000 Uncommon trap: reason=class_check action=maybe_recompile pc=0x0000000002b75db0 method=java.util.HashMap.putVal(ILjava/lang/Object;Ljava/lang/Object;ZZ)Ljava/lang/Object; @ 203
Event: 1.000 Thread 0x00000000175d1000 Uncommon trap: reason=bimorphic action=maybe_recompile pc=0x0000000002967fb4 method=java.util.HashMap.getNode(ILjava/lang/Object;)Ljava/util/HashMap$Node; @ 126
Event: 1.000 Thread 0x00000000175d1000 Uncommon trap: reason=class_check action=maybe_recompile pc=0x0000000002b75db0 method=java.util.HashMap.putVal(ILjava/lang/Object;Ljava/lang/Object;ZZ)Ljava/lang/Object; @ 203
Event: 1.000 Thread 0x00000000175d1000 Uncommon trap: reason=bimorphic action=maybe_recompile pc=0x000000000292d448 method=java.util.HashMap.getNode(ILjava/lang/Object;)Ljava/util/HashMap$Node; @ 126
Event: 1.056 Thread 0x00000000175d1000 Uncommon trap: reason=uninitialized action=reinterpret pc=0x0000000002c2c404 method=com.android.dx.cf.code.BytecodeArray.parseInstruction(ILcom/android/dx/cf/code/BytecodeArray$Visitor;)I @ 1015

Internal exceptions (10 events):
Event: 0.467 Thread 0x00000000175d0000 Exception <a 'java/security/PrivilegedActionException'> (0x00000000eb6c4728) thrown at [C:\workspace\8-2-build-windows-amd64-cygwin\jdk8u31\2394\hotspot\src\share\vm\prims\jvm.cpp, line 1312]
Event: 0.468 Thread 0x00000000175d0000 Exception <a 'java/security/PrivilegedActionException'> (0x00000000eb6c7430) thrown at [C:\workspace\8-2-build-windows-amd64-cygwin\jdk8u31\2394\hotspot\src\share\vm\prims\jvm.cpp, line 1312]
Event: 0.470 Thread 0x0000000017dfb800 Exception <a 'java/security/PrivilegedActionException'> (0x00000000eb33ee40) thrown at [C:\workspace\8-2-build-windows-amd64-cygwin\jdk8u31\2394\hotspot\src\share\vm\prims\jvm.cpp, line 1312]
Event: 0.471 Thread 0x0000000017504800 Exception <a 'java/security/PrivilegedActionException'> (0x00000000eb5d2f38) thrown at [C:\workspace\8-2-build-windows-amd64-cygwin\jdk8u31\2394\hotspot\src\share\vm\prims\jvm.cpp, line 1312]
Event: 0.475 Thread 0x00000000175d0000 Exception <a 'java/security/PrivilegedActionException'> (0x00000000eb6d9b50) thrown at [C:\workspace\8-2-build-windows-amd64-cygwin\jdk8u31\2394\hotspot\src\share\vm\prims\jvm.cpp, line 1312]
Event: 0.485 Thread 0x00000000009ae000 Exception <a 'java/security/PrivilegedActionException'> (0x00000000eb780f68) thrown at [C:\workspace\8-2-build-windows-amd64-cygwin\jdk8u31\2394\hotspot\src\share\vm\prims\jvm.cpp, line 1312]
Event: 0.492 Thread 0x0000000017504800 Exception <a 'java/security/PrivilegedActionException'> (0x00000000eb603608) thrown at [C:\workspace\8-2-build-windows-amd64-cygwin\jdk8u31\2394\hotspot\src\share\vm\prims\jvm.cpp, line 1312]
Event: 0.518 Thread 0x00000000175d0000 Exception <a 'java/security/PrivilegedActionException'> (0x00000000eba3bf60) thrown at [C:\workspace\8-2-build-windows-amd64-cygwin\jdk8u31\2394\hotspot\src\share\vm\prims\jvm.cpp, line 1312]
Event: 0.601 Thread 0x00000000009ae000 Implicit null exception at 0x00000000029f7fd2 to 0x00000000029f9479
Event: 0.683 Thread 0x00000000009ae000 Exception <a 'java/security/PrivilegedActionException'> (0x00000000ebf5a4d8) thrown at [C:\workspace\8-2-build-windows-amd64-cygwin\jdk8u31\2394\hotspot\src\share\vm\prims\jvm.cpp, line 1312]

Events (10 events):
Event: 1.000 Thread 0x00000000175d1000 Uncommon trap: trap_request=0xffffffc6 fr.pc=0x000000000292d448
Event: 1.000 Thread 0x00000000175d1000 DEOPT PACKING pc=0x000000000292d448 sp=0x0000000018aee260
Event: 1.000 Thread 0x00000000175d1000 DEOPT UNPACKING pc=0x000000000275556a sp=0x0000000018aee1e8 mode 2
Event: 1.002 Executing VM operation: ParallelGCFailedAllocation
Event: 1.034 Executing VM operation: ParallelGCFailedAllocation done
Event: 1.040 Thread 0x0000000017dfb800 DEOPT PACKING pc=0x0000000002a35b75 sp=0x00000000188eeac0
Event: 1.040 Thread 0x0000000017dfb800 DEOPT UNPACKING pc=0x00000000027575bf sp=0x00000000188ee8a0 mode 0
Event: 1.056 Thread 0x00000000175d1000 Uncommon trap: trap_request=0xffffffb5 fr.pc=0x0000000002c2c404
Event: 1.056 Thread 0x00000000175d1000 DEOPT PACKING pc=0x0000000002c2c404 sp=0x0000000018aee680
Event: 1.056 Thread 0x00000000175d1000 DEOPT UNPACKING pc=0x000000000275556a sp=0x0000000018aee620 mode 2


Dynamic libraries:
0x00007ff7e2a80000 - 0x00007ff7e2ab4000 	C:\Program Files\Java\jdk1.8.0_31\bin\java.exe
0x00007fff81a90000 - 0x00007fff81c51000 	C:\WINDOWS\SYSTEM32\ntdll.dll
0x00007fff7f050000 - 0x00007fff7f0fd000 	C:\WINDOWS\system32\KERNEL32.DLL
0x00007fff7def0000 - 0x00007fff7e0d8000 	C:\WINDOWS\system32\KERNELBASE.dll
0x00007fff7f2e0000 - 0x00007fff7f387000 	C:\WINDOWS\system32\ADVAPI32.dll
0x00007fff7f750000 - 0x00007fff7f7ed000 	C:\WINDOWS\system32\msvcrt.dll
0x00007fff7ed40000 - 0x00007fff7ed9b000 	C:\WINDOWS\system32\sechost.dll
0x00007fff7f9d0000 - 0x00007fff7faec000 	C:\WINDOWS\system32\RPCRT4.dll
0x00007fff7f390000 - 0x00007fff7f4e6000 	C:\WINDOWS\system32\USER32.dll
0x00007fff7eda0000 - 0x00007fff7ef26000 	C:\WINDOWS\system32\GDI32.dll
0x00007fff72c20000 - 0x00007fff72e94000 	C:\WINDOWS\WinSxS\amd64_microsoft.windows.common-controls_6595b64144ccf1df_6.0.10586.0_none_8c15ae12515e1c22\COMCTL32.dll
0x00007fff801a0000 - 0x00007fff8041d000 	C:\WINDOWS\system32\combase.dll
0x00007fff7e160000 - 0x00007fff7e1ca000 	C:\WINDOWS\system32\bcryptPrimitives.dll
0x00007fff7f230000 - 0x00007fff7f26b000 	C:\WINDOWS\system32\IMM32.DLL
0x0000000052560000 - 0x0000000052632000 	C:\Program Files\Java\jdk1.8.0_31\jre\bin\msvcr100.dll
0x0000000052d50000 - 0x00000000535aa000 	C:\Program Files\Java\jdk1.8.0_31\jre\bin\server\jvm.dll
0x00007fff7eb30000 - 0x00007fff7eb53000 	C:\WINDOWS\system32\WINMM.dll
0x00007fff7deb0000 - 0x00007fff7dedc000 	C:\WINDOWS\system32\WINMMBASE.dll
0x00007fff7eae0000 - 0x00007fff7eb23000 	C:\WINDOWS\system32\cfgmgr32.dll
0x00007fff74720000 - 0x00007fff74729000 	C:\WINDOWS\SYSTEM32\WSOCK32.dll
0x00007fff7ef90000 - 0x00007fff7ef98000 	C:\WINDOWS\system32\PSAPI.DLL
0x00007fff7f270000 - 0x00007fff7f2db000 	C:\WINDOWS\system32\WS2_32.dll
0x0000000052c60000 - 0x0000000052c6f000 	C:\Program Files\Java\jdk1.8.0_31\jre\bin\verify.dll
0x0000000052c30000 - 0x0000000052c58000 	C:\Program Files\Java\jdk1.8.0_31\jre\bin\java.dll
0x0000000052c10000 - 0x0000000052c26000 	C:\Program Files\Java\jdk1.8.0_31\jre\bin\zip.dll
0x00007fff80530000 - 0x00007fff81a8f000 	C:\WINDOWS\system32\SHELL32.dll
0x00007fff7e1d0000 - 0x00007fff7e814000 	C:\WINDOWS\system32\windows.storage.dll
0x00007fff7f100000 - 0x00007fff7f152000 	C:\WINDOWS\system32\shlwapi.dll
0x00007fff7dea0000 - 0x00007fff7deaf000 	C:\WINDOWS\system32\kernel.appcore.dll
0x00007fff7eb60000 - 0x00007fff7ec15000 	C:\WINDOWS\system32\shcore.dll
0x00007fff7e0f0000 - 0x00007fff7e13b000 	C:\WINDOWS\system32\powrprof.dll
0x00007fff7de80000 - 0x00007fff7de94000 	C:\WINDOWS\system32\profapi.dll
0x00007fff548f0000 - 0x00007fff54a7c000 	C:\WINDOWS\SYSTEM32\dbghelp.dll

VM Arguments:
jvm_args: -Djava.awt.headless=true -Xmx1024M -Dfile.encoding=GBK -Duser.country=CN -Duser.language=zh -Duser.variant 
java_command: com.android.dx.command.Main --dex --num-threads=4 --output D:\Backup\AndroidStudioProjects\SimlpleMp3Player\app\build\intermediates\pre-dexed\debug\com.android.support-recyclerview-v7-23.1.1_70b16618bdef26a94d748708c4b9791ff92b4a35.jar D:\Backup\AndroidStudioProjects\SimlpleMp3Player\app\build\intermediates\exploded-aar\com.android.support\recyclerview-v7\23.1.1\jars\classes.jar
java_class_path (initial): D:\SDK\build-tools\23.0.2\lib\dx.jar
Launcher Type: SUN_STANDARD

Environment Variables:
JAVA_HOME=C:\Program Files\Java\jdk1.8.0_31
CLASSPATH=C:\Program Files\Java\jdk1.8.0_31\lib\dt.jar;C:\Program Files\Java\jdk1.8.0_31\bin.tools.jar;.
PATH=C:\ProgramData\Oracle\Java\javapath;C:\WINDOWS\system32;C:\WINDOWS;C:\WINDOWS\System32\Wbem;C:\WINDOWS\System32\WindowsPowerShell\v1.0\;C:\Program Files (x86)\AMD\ATI.ACE\Core-Static;C:\Program Files (x86)\Microsoft SQL Server\100\Tools\Binn\;C:\Program Files\Microsoft SQL Server\100\Tools\Binn\;C:\Program Files\Microsoft SQL Server\100\DTS\Binn\;C:\Program Files (x86)\IDM Computer Solutions\UltraEdit;C:\Python27;C:\Program Files (x86)\Apkdb;C:\Program Files (x86)\ATI Technologies\ATI.ACE\Core-Static;C:\Program Files (x86)\Windows Kits\8.1\Windows Performance Toolkit\;C:\WINDOWS\system32\config\systemprofile\.dnx\bin;C:\Program Files\Microsoft DNX\Dnvm\;C:\Users\Administrator\AppData\Local\Programs\Python\Python35\Scripts\;C:\Users\Administrator\AppData\Local\Programs\Python\Python35\;C:\Program Files\Java\jdk1.8.0_31\bin
USERNAME=Administrator
OS=Windows_NT
PROCESSOR_IDENTIFIER=Intel64 Family 6 Model 60 Stepping 3, GenuineIntel



---------------  S Y S T E M  ---------------

OS: Windows 8.1 , 64 bit Build 9600 

CPU:total 8 (4 cores per cpu, 2 threads per core) family 6 model 60 stepping 3, cmov, cx8, fxsr, mmx, sse, sse2, sse3, ssse3, sse4.1, sse4.2, popcnt, avx, avx2, aes, clmul, erms, lzcnt, ht, tsc, tscinvbit, bmi1, bmi2

Memory: 4k page, physical 8351060k(2277300k free), swap 8351060k(5168k free)

vm_info: Java HotSpot(TM) 64-Bit Server VM (25.31-b07) for windows-amd64 JRE (1.8.0_31-b13), built on Dec 17 2014 21:00:28 by "java_re" with MS VC++ 10.0 (VS2010)

time: Sun Jan 03 19:53:43 2016
elapsed time: 1 seconds (0d 0h 0m 1s)

