#
# There is insufficient memory for the Java Runtime Environment to continue.
# Native memory allocation (malloc) failed to allocate 32744 bytes for ChunkPool::allocate
# Possible reasons:
#   The system is out of physical RAM or swap space
#   In 32 bit mode, the process size limit was hit
# Possible solutions:
#   Reduce memory load on the system
#   Increase physical memory or swap space
#   Check if swap backing store is full
#   Use 64 bit Java on a 64 bit OS
#   Decrease Java heap size (-Xmx/-Xms)
#   Decrease number of Java threads
#   Decrease Java thread stack sizes (-Xss)
#   Set larger code cache with -XX:ReservedCodeCacheSize=
# This output file may be truncated or incomplete.
#
#  Out of Memory Error (allocation.cpp:273), pid=7832, tid=4488
#
# JRE version: Java(TM) SE Runtime Environment (8.0_31-b13) (build 1.8.0_31-b13)
# Java VM: Java HotSpot(TM) 64-Bit Server VM (25.31-b07 mixed mode windows-amd64 compressed oops)
# Failed to write core dump. Minidumps are not enabled by default on client versions of Windows
#

---------------  T H R E A D  ---------------

Current thread (0x00000000025de000):  JavaThread "main" [_thread_in_vm, id=4488, stack(0x0000000002490000,0x0000000002590000)]

Stack: [0x0000000002490000,0x0000000002590000]
Native frames: (J=compiled Java code, j=interpreted, Vv=VM code, C=native code)
V  [jvm.dll+0x3169ba]


---------------  P R O C E S S  ---------------

Java Threads: ( => current thread )
  0x000000001724d000 JavaThread "C1 CompilerThread3" daemon [_thread_blocked, id=10896, stack(0x0000000017af0000,0x0000000017bf0000)]
  0x0000000017244800 JavaThread "C2 CompilerThread2" daemon [_thread_blocked, id=6712, stack(0x00000000179f0000,0x0000000017af0000)]
  0x0000000017240000 JavaThread "C2 CompilerThread1" daemon [_thread_blocked, id=4492, stack(0x00000000178f0000,0x00000000179f0000)]
  0x000000001723e000 JavaThread "C2 CompilerThread0" daemon [_thread_in_vm, id=3696, stack(0x00000000177f0000,0x00000000178f0000)]
  0x0000000017238000 JavaThread "Attach Listener" daemon [_thread_blocked, id=696, stack(0x00000000176f0000,0x00000000177f0000)]
  0x0000000017228000 JavaThread "Signal Dispatcher" daemon [_thread_blocked, id=528, stack(0x00000000175f0000,0x00000000176f0000)]
  0x00000000026d8800 JavaThread "Finalizer" daemon [_thread_blocked, id=10344, stack(0x00000000170f0000,0x00000000171f0000)]
  0x00000000026d2000 JavaThread "Reference Handler" daemon [_thread_blocked, id=11220, stack(0x0000000016ff0000,0x00000000170f0000)]
=>0x00000000025de000 JavaThread "main" [_thread_in_vm, id=4488, stack(0x0000000002490000,0x0000000002590000)]

Other Threads:
  0x00000000151f8800 VMThread [stack: 0x0000000016ef0000,0x0000000016ff0000] [id=4980]

VM state:not at safepoint (normal execution)

VM Mutex/Monitor currently owned by a thread: None

Heap:
 PSYoungGen      total 38400K, used 1331K [0x00000000eab00000, 0x00000000ed580000, 0x0000000100000000)
  eden space 33280K, 4% used [0x00000000eab00000,0x00000000eac4cd78,0x00000000ecb80000)
  from space 5120K, 0% used [0x00000000ed080000,0x00000000ed080000,0x00000000ed580000)
  to   space 5120K, 0% used [0x00000000ecb80000,0x00000000ecb80000,0x00000000ed080000)
 ParOldGen       total 87552K, used 0K [0x00000000c0000000, 0x00000000c5580000, 0x00000000eab00000)
  object space 87552K, 0% used [0x00000000c0000000,0x00000000c0000000,0x00000000c5580000)
 Metaspace       used 2147K, capacity 4480K, committed 4480K, reserved 1056768K
  class space    used 235K, capacity 384K, committed 384K, reserved 1048576K

Card table byte_map: [0x0000000011aa0000,0x0000000011cb0000] byte_map_base: 0x00000000114a0000

Marking Bits: (ParMarkBitMap*) 0x000000005aaed4f0
 Begin Bits: [0x0000000012610000, 0x0000000013610000)
 End Bits:   [0x0000000013610000, 0x0000000014610000)

Polling page: 0x00000000009a0000

CodeCache: size=245760Kb used=1019Kb max_used=1019Kb free=244740Kb
 bounds [0x00000000026e0000, 0x0000000002950000, 0x00000000116e0000]
 total_blobs=201 nmethods=0 adapters=131
 compilation: enabled

Compilation events (0 events):
No events

GC Heap History (0 events):
No events

Deoptimization events (0 events):
No events

Internal exceptions (2 events):
Event: 0.029 Thread 0x00000000025de000 Exception <a 'java/lang/NoSuchMethodError': Method sun.misc.Unsafe.defineClass(Ljava/lang/String;[BII)Ljava/lang/Class; name or signature does not match> (0x00000000eab121e8) thrown at [C:\workspace\8-2-build-windows-amd64-cygwin\jdk8u31\2394\hotspot\src\s"“>Æù?
Event: 0.029 Thread 0x00000000025de000 Exception <a 'java/lang/NoSuchMethodError': Method sun.misc.Unsafe.prefetchRead(Ljava/lang/Object;J)V name or signature does not match> (0x00000000eab12478) thrown at [C:\workspace\8-2-build-windows-amd64-cygwin\jdk8u31\2394\hotspot\src\share\vm\prims\jni.

Events (10 events):
Event: 0.062 loading class sun/misc/Launcher$AppClassLoader$1
Event: 0.062 loading class sun/misc/Launcher$AppClassLoader$1 done
Event: 0.062 loading class java/lang/SystemClassLoaderAction
Event: 0.062 loading class java/lang/SystemClassLoaderAction done
Event: 0.062 Thread 0x0000000017228000 Thread added: 0x0000000017228000
Event: 0.062 Thread 0x0000000017238000 Thread added: 0x0000000017238000
Event: 0.062 Thread 0x000000001723e000 Thread added: 0x000000001723e000
Event: 0.062 Thread 0x0000000017240000 Thread added: 0x0000000017240000
Event: 0.062 Thread 0x0000000017244800 Thread added: 0x0000000017244800
Event: 0.062 Thread 0x000000001724d000 Thread added: 0x000000001724d000


Dynamic libraries:
0x00007ff6c3070000 - 0x00007ff6c30a4000 	C:\Program Files\Java\jdk1.8.0_31\bin\java.exe
0x00007ff933d40000 - 0x00007ff933f01000 	C:\WINDOWS\SYSTEM32\ntdll.dll
0x00007ff933b60000 - 0x00007ff933c0d000 	C:\WINDOWS\system32\KERNEL32.DLL
0x00007ff9302a0000 - 0x00007ff930488000 	C:\WINDOWS\system32\KERNELBASE.dll
0x00007ff932fc0000 - 0x00007ff933067000 	C:\WINDOWS\system32\ADVAPI32.dll
0x00007ff933ab0000 - 0x00007ff933b4d000 	C:\WINDOWS\system32\msvcrt.dll
0x00007ff933780000 - 0x00007ff9337db000 	C:\WINDOWS\system32\sechost.dll
0x00007ff933600000 - 0x00007ff93371c000 	C:\WINDOWS\system32\RPCRT4.dll
0x00007ff932e60000 - 0x00007ff932fb6000 	C:\WINDOWS\system32\USER32.dll
0x00007ff931770000 - 0x00007ff9318f6000 	C:\WINDOWS\system32\GDI32.dll
0x00007ff920b30000 - 0x00007ff920da4000 	C:\WINDOWS\WinSxS\amd64_microsoft.windows.common-controls_6595b64144ccf1df_6.0.10586.0_none_8c15ae12515e1c22\COMCTL32.dll
0x00007ff933190000 - 0x00007ff93340d000 	C:\WINDOWS\system32\combase.dll
0x00007ff9307d0000 - 0x00007ff93083a000 	C:\WINDOWS\system32\bcryptPrimitives.dll
0x00007ff933120000 - 0x00007ff93315b000 	C:\WINDOWS\system32\IMM32.DLL
0x0000000059db0000 - 0x0000000059e82000 	C:\Program Files\Java\jdk1.8.0_31\jre\bin\msvcr100.dll
0x000000005a310000 - 0x000000005ab6a000 	C:\Program Files\Java\jdk1.8.0_31\jre\bin\server\jvm.dll
0x00007ff930860000 - 0x00007ff930883000 	C:\WINDOWS\system32\WINMM.dll
0x00007ff930160000 - 0x00007ff93018c000 	C:\WINDOWS\system32\WINMMBASE.dll
0x00007ff9301a0000 - 0x00007ff9301e3000 	C:\WINDOWS\system32\cfgmgr32.dll
0x00007ff924c70000 - 0x00007ff924c79000 	C:\WINDOWS\SYSTEM32\WSOCK32.dll
0x00007ff931220000 - 0x00007ff931228000 	C:\WINDOWS\system32\PSAPI.DLL
0x00007ff9337e0000 - 0x00007ff93384b000 	C:\WINDOWS\system32\WS2_32.dll
0x000000005a220000 - 0x000000005a22f000 	C:\Program Files\Java\jdk1.8.0_31\jre\bin\verify.dll
0x000000005a1f0000 - 0x000000005a218000 	C:\Program Files\Java\jdk1.8.0_31\jre\bin\java.dll
0x000000005a1d0000 - 0x000000005a1e6000 	C:\Program Files\Java\jdk1.8.0_31\jre\bin\zip.dll
0x00007ff931900000 - 0x00007ff932e5f000 	C:\WINDOWS\system32\SHELL32.dll
0x00007ff9308a0000 - 0x00007ff930ee4000 	C:\WINDOWS\system32\windows.storage.dll
0x00007ff933ce0000 - 0x00007ff933d32000 	C:\WINDOWS\system32\shlwapi.dll
0x00007ff930190000 - 0x00007ff93019f000 	C:\WINDOWS\system32\kernel.appcore.dll
0x00007ff930710000 - 0x00007ff9307c5000 	C:\WINDOWS\system32\shcore.dll
0x00007ff9304f0000 - 0x00007ff93053b000 	C:\WINDOWS\system32\powrprof.dll
0x00007ff930140000 - 0x00007ff930154000 	C:\WINDOWS\system32\profapi.dll

VM Arguments:
jvm_args: -Djava.awt.headless=true -Xmx1024M -Dfile.encoding=GBK -Duser.country=CN -Duser.language=zh -Duser.variant 
java_command: com.android.dx.command.Main --dex --num-threads=4 --output D:\Backup\AndroidStudioProjects\SimlpleMp3Player\app\build\intermediates\pre-dexed\debug\support-annotations-23.1.1_80bd808e78d61af560384825950ef6dd09424bcd.jar D:\SDK\extras\android\m2repository\com\android\support\support-annotations\23.1.1\support-annotations-23.1.1.jar
java_class_path (initial): D:\SDK\build-tools\23.0.2\lib\dx.jar
Launcher Type: SUN_STANDARD

Environment Variables:
JAVA_HOME=C:\Program Files\Java\jdk1.8.0_31
CLASSPATH=C:\Program Files\Java\jdk1.8.0_31\lib\dt.jar;C:\Program Files\Java\jdk1.8.0_31\bin.tools.jar;.
PATH=C:\ProgramData\Oracle\Java\javapath;C:\WINDOWS\system32;C:\WINDOWS;C:\WINDOWS\System32\Wbem;C:\WINDOWS\System32\WindowsPowerShell\v1.0\;C:\Program Files (x86)\AMD\ATI.ACE\Core-Static;C:\Program Files (x86)\Microsoft SQL Server\100\Tools\Binn\;C:\Program Files\Microsoft SQL Server\100\Tools\Binn\;C:\Program Files\Microsoft SQL Server\100\DTS\Binn\;C:\Program Files (x86)\IDM Computer Solutions\UltraEdit;C:\Python27;C:\Program Files (x86)\Apkdb;C:\Program Files (x86)\ATI Technologies\ATI.ACE\Core-Static;C:\Program Files (x86)\Windows Kits\8.1\Windows Performance Toolkit\;C:\WINDOWS\system32\config\systemprofile\.dnx\bin;C:\Program Files\Microsoft DNX\Dnvm\;C:\Users\Administrator\AppData\Local\Programs\Python\Python35\Scripts\;C:\Users\Administrator\AppData\Local\Programs\Python\Python35\;C:\Program Files\Java\jdk1.8.0_31\bin;C:\Program Files\Genymobile\Genymotion\tools
USERNAME=Administrator
OS=Windows_NT
PROCESSOR_IDENTIFIER=Intel64 Family 6 Model 60 Stepping 3, GenuineIntel



---------------  S Y S T E M  ---------------

OS: Windows 8.1 , 64 bit Build 9600 

CPU:total 8 (4 cores per cpu, 2 threads per core) family 6 model 60 stepping 3, cmov, cx8, fxsr, mmx, sse, sse2, sse3, ssse3, sse4.1, sse4.2, popcnt, avx, avx2, aes, clmul, erms, lzcnt, ht, tsc, tscinvbit, bmi1, bmi2

Memory: 4k page, physical 8351016k(2009680k free), swap 8351016k(888k free)

vm_info: Java HotSpot(TM) 64-Bit Server VM (25.31-b07) for windows-amd64 JRE (1.8.0_31-b13), built on Dec 17 2014 21:00:28 by "java_re" with MS VC++ 10.0 (VS2010)

time: Thu Jan 07 21:19:19 2016
elapsed time: 0 seconds (0d 0h 0m 0s)

