#
# There is insufficient memory for the Java Runtime Environment to continue.
# Native memory allocation (malloc) failed to allocate 654896 bytes for Chunk::new
# Possible reasons:
#   The system is out of physical RAM or swap space
#   In 32 bit mode, the process size limit was hit
# Possible solutions:
#   Reduce memory load on the system
#   Increase physical memory or swap space
#   Check if swap backing store is full
#   Use 64 bit Java on a 64 bit OS
#   Decrease Java heap size (-Xmx/-Xms)
#   Decrease number of Java threads
#   Decrease Java thread stack sizes (-Xss)
#   Set larger code cache with -XX:ReservedCodeCacheSize=
# This output file may be truncated or incomplete.
#
#  Out of Memory Error (allocation.cpp:390), pid=6552, tid=8888
#
# JRE version: Java(TM) SE Runtime Environment (8.0_31-b13) (build 1.8.0_31-b13)
# Java VM: Java HotSpot(TM) 64-Bit Server VM (25.31-b07 mixed mode windows-amd64 compressed oops)
# Failed to write core dump. Minidumps are not enabled by default on client versions of Windows
#

---------------  T H R E A D  ---------------

Current thread (0x00000000171c4800):  JavaThread "C2 CompilerThread0" daemon [_thread_in_native, id=8888, stack(0x0000000017740000,0x0000000017840000)]

Stack: [0x0000000017740000,0x0000000017840000]
Native frames: (J=compiled Java code, j=interpreted, Vv=VM code, C=native code)
V  [jvm.dll+0x3169ba]


Current CompileTask:
C2:   1500 1175   !   4       com.android.dx.cf.code.BytecodeArray::parseInstruction (2764 bytes)


---------------  P R O C E S S  ---------------

Java Threads: ( => current thread )
  0x0000000017511000 JavaThread "pool-1-thread-4" [_thread_in_Java, id=5324, stack(0x0000000018940000,0x0000000018a40000)]
  0x0000000017d4b000 JavaThread "pool-1-thread-3" [_thread_blocked, id=4800, stack(0x0000000018840000,0x0000000018940000)]
  0x0000000017d4a800 JavaThread "pool-1-thread-2" [_thread_in_Java, id=3792, stack(0x0000000018740000,0x0000000018840000)]
  0x0000000017539800 JavaThread "pool-2-thread-1" [_thread_blocked, id=4408, stack(0x0000000018640000,0x0000000018740000)]
  0x0000000017534800 JavaThread "pool-1-thread-1" [_thread_blocked, id=4652, stack(0x0000000018540000,0x0000000018640000)]
  0x0000000017227800 JavaThread "Service Thread" daemon [_thread_blocked, id=1348, stack(0x0000000017b40000,0x0000000017c40000)]
  0x0000000017222000 JavaThread "C1 CompilerThread3" daemon [_thread_blocked, id=6080, stack(0x0000000017a40000,0x0000000017b40000)]
  0x0000000017217000 JavaThread "C2 CompilerThread2" daemon [_thread_in_native, id=10956, stack(0x0000000017940000,0x0000000017a40000)]
  0x00000000171c6800 JavaThread "C2 CompilerThread1" daemon [_thread_in_native, id=9756, stack(0x0000000017840000,0x0000000017940000)]
=>0x00000000171c4800 JavaThread "C2 CompilerThread0" daemon [_thread_in_native, id=8888, stack(0x0000000017740000,0x0000000017840000)]
  0x00000000171c2800 JavaThread "Attach Listener" daemon [_thread_blocked, id=7708, stack(0x0000000017640000,0x0000000017740000)]
  0x0000000017177800 JavaThread "Signal Dispatcher" daemon [_thread_blocked, id=6284, stack(0x0000000017540000,0x0000000017640000)]
  0x0000000002652000 JavaThread "Finalizer" daemon [_thread_blocked, id=9528, stack(0x0000000017040000,0x0000000017140000)]
  0x0000000002651000 JavaThread "Reference Handler" daemon [_thread_blocked, id=9424, stack(0x0000000016f40000,0x0000000017040000)]
  0x000000000245d800 JavaThread "main" [_thread_blocked, id=10944, stack(0x0000000002460000,0x0000000002560000)]

Other Threads:
  0x0000000015178800 VMThread [stack: 0x0000000016e40000,0x0000000016f40000] [id=4556]
  0x000000001722c800 WatcherThread [stack: 0x0000000017c40000,0x0000000017d40000] [id=4508]

VM state:not at safepoint (normal execution)

VM Mutex/Monitor currently owned by a thread: None

Heap:
 PSYoungGen      total 38400K, used 13284K [0x00000000eab00000, 0x00000000ed580000, 0x0000000100000000)
  eden space 33280K, 24% used [0x00000000eab00000,0x00000000eb2faed8,0x00000000ecb80000)
  from space 5120K, 99% used [0x00000000ecb80000,0x00000000ed07e3c0,0x00000000ed080000)
  to   space 5120K, 0% used [0x00000000ed080000,0x00000000ed080000,0x00000000ed580000)
 ParOldGen       total 87552K, used 889K [0x00000000c0000000, 0x00000000c5580000, 0x00000000eab00000)
  object space 87552K, 1% used [0x00000000c0000000,0x00000000c00de490,0x00000000c5580000)
 Metaspace       used 5961K, capacity 6896K, committed 7040K, reserved 1056768K
  class space    used 589K, capacity 616K, committed 640K, reserved 1048576K

Card table byte_map: [0x0000000011a20000,0x0000000011c30000] byte_map_base: 0x0000000011420000

Marking Bits: (ParMarkBitMap*) 0x00000000732ad4f0
 Begin Bits: [0x0000000012590000, 0x0000000013590000)
 End Bits:   [0x0000000013590000, 0x0000000014590000)

Polling page: 0x0000000001ec0000

CodeCache: size=245760Kb used=4968Kb max_used=4968Kb free=240791Kb
 bounds [0x0000000002660000, 0x0000000002b40000, 0x0000000011660000]
 total_blobs=1556 nmethods=1288 adapters=180
 compilation: enabled

Compilation events (10 events):
Event: 1.496 Thread 0x0000000017222000 nmethod 1282 0x0000000002b2ab10 code [0x0000000002b2afc0, 0x0000000002b2e528]
Event: 1.496 Thread 0x0000000017222000 1292       3       com.android.dx.cf.code.ByteCatchList$Item::getExceptionClass (18 bytes)
Event: 1.496 Thread 0x0000000017222000 nmethod 1292 0x0000000002b307d0 code [0x0000000002b30920, 0x0000000002b30ad0]
Event: 1.496 Thread 0x0000000017222000 1289       3       com.android.dx.dex.code.RopTranslator$TranslationVisitor::getNextMoveResultPseudo (55 bytes)
Event: 1.496 Thread 0x0000000017222000 nmethod 1289 0x0000000002b30b50 code [0x0000000002b30d00, 0x0000000002b315f8]
Event: 1.496 Thread 0x0000000017222000 1283       3       com.android.dx.ssa.SsaRenamer::access$500 (6 bytes)
Event: 1.496 Thread 0x0000000017222000 nmethod 1283 0x0000000002b31850 code [0x0000000002b31a00, 0x0000000002b31f78]
Event: 1.496 Thread 0x0000000017222000 1293       3       com.android.dx.rop.code.RegisterSpec::withType (13 bytes)
Event: 1.497 Thread 0x0000000017222000 nmethod 1293 0x0000000002b32390 code [0x0000000002b32500, 0x0000000002b326e8]
Event: 1.497 Thread 0x0000000017222000 1294       3       com.android.dx.ssa.back.IdenticalBlockCombiner::process (323 bytes)

GC Heap History (2 events):
Event: 1.264 GC heap before
{Heap before GC invocations=1 (full 0):
 PSYoungGen      total 38400K, used 33280K [0x00000000eab00000, 0x00000000ed580000, 0x0000000100000000)
  eden space 33280K, 100% used [0x00000000eab00000,0x00000000ecb80000,0x00000000ecb80000)
  from space 5120K, 0% used [0x00000000ed080000,0x00000000ed080000,0x00000000ed580000)
  to   space 5120K, 0% used [0x00000000ecb80000,0x00000000ecb80000,0x00000000ed080000)
 ParOldGen       total 87552K, used 0K [0x00000000c0000000, 0x00000000c5580000, 0x00000000eab00000)
  object space 87552K, 0% used [0x00000000c0000000,0x00000000c0000000,0x00000000c5580000)
 Metaspace       used 5871K, capacity 6768K, committed 7040K, reserved 1056768K
  class space    used 589K, capacity 616K, committed 640K, reserved 1048576K
Event: 1.344 GC heap after
Heap after GC invocations=1 (full 0):
 PSYoungGen      total 38400K, used 5112K [0x00000000eab00000, 0x00000000ed580000, 0x0000000100000000)
  eden space 33280K, 0% used [0x00000000eab00000,0x00000000eab00000,0x00000000ecb80000)
  from space 5120K, 99% used [0x00000000ecb80000,0x00000000ed07e3c0,0x00000000ed080000)
  to   space 5120K, 0% used [0x00000000ed080000,0x00000000ed080000,0x00000000ed580000)
 ParOldGen       total 87552K, used 889K [0x00000000c0000000, 0x00000000c5580000, 0x00000000eab00000)
  object space 87552K, 1% used [0x00000000c0000000,0x00000000c00de490,0x00000000c5580000)
 Metaspace       used 5871K, capacity 6768K, committed 7040K, reserved 1056768K
  class space    used 589K, capacity 616K, committed 640K, reserved 1048576K
}

Deoptimization events (1 events):
Event: 1.472 Thread 0x0000000017511000 Uncommon trap: reason=null_check action=make_not_entrant pc=0x00000000029f5a48 method=com.android.dx.ssa.SsaRenamer.getLocalForNewReg(I)Lcom/android/dx/rop/code/LocalItem; @ 19

Internal exceptions (10 events):
Event: 0.781 Thread 0x0000000017511000 Exception <a 'java/security/PrivilegedActionException'> (0x00000000ebba3bf8) thrown at [C:\workspace\8-2-build-windows-amd64-cygwin\jdk8u31\2394\hotspot\src\share\vm\prims\jvm.cpp, line 1312]
Event: 0.782 Thread 0x0000000017511000 Exception <a 'java/security/PrivilegedActionException'> (0x00000000ebba81f0) thrown at [C:\workspace\8-2-build-windows-amd64-cygwin\jdk8u31\2394\hotspot\src\share\vm\prims\jvm.cpp, line 1312]
Event: 0.784 Thread 0x000000000245d800 Exception <a 'java/security/PrivilegedActionException'> (0x00000000ebc40d08) thrown at [C:\workspace\8-2-build-windows-amd64-cygwin\jdk8u31\2394\hotspot\src\share\vm\prims\jvm.cpp, line 1312]
Event: 0.792 Thread 0x0000000017511000 Exception <a 'java/security/PrivilegedActionException'> (0x00000000ebbbcc40) thrown at [C:\workspace\8-2-build-windows-amd64-cygwin\jdk8u31\2394\hotspot\src\share\vm\prims\jvm.cpp, line 1312]
Event: 0.806 Thread 0x0000000017511000 Exception <a 'java/security/PrivilegedActionException'> (0x00000000ebbe6108) thrown at [C:\workspace\8-2-build-windows-amd64-cygwin\jdk8u31\2394\hotspot\src\share\vm\prims\jvm.cpp, line 1312]
Event: 0.814 Thread 0x0000000017511000 Exception <a 'java/security/PrivilegedActionException'> (0x00000000ebbedd00) thrown at [C:\workspace\8-2-build-windows-amd64-cygwin\jdk8u31\2394\hotspot\src\share\vm\prims\jvm.cpp, line 1312]
Event: 0.842 Thread 0x0000000017d4a800 Exception <a 'java/security/PrivilegedActionException'> (0x00000000ebb04768) thrown at [C:\workspace\8-2-build-windows-amd64-cygwin\jdk8u31\2394\hotspot\src\share\vm\prims\jvm.cpp, line 1312]
Event: 0.955 Thread 0x000000000245d800 Exception <a 'java/security/PrivilegedActionException'> (0x00000000ebe564c0) thrown at [C:\workspace\8-2-build-windows-amd64-cygwin\jdk8u31\2394\hotspot\src\share\vm\prims\jvm.cpp, line 1312]
Event: 1.026 Thread 0x0000000017d4a800 Exception <a 'java/security/PrivilegedActionException'> (0x00000000ebd3b0e0) thrown at [C:\workspace\8-2-build-windows-amd64-cygwin\jdk8u31\2394\hotspot\src\share\vm\prims\jvm.cpp, line 1312]
Event: 1.472 Thread 0x0000000017511000 Implicit null exception at 0x00000000029f37ac to 0x00000000029f5a21

Events (10 events):
Event: 1.095 loading class java/util/DualPivotQuicksort done
Event: 1.130 loading class java/util/TreeMap$EntrySet
Event: 1.130 loading class java/util/TreeMap$EntrySet done
Event: 1.130 loading class java/util/TreeMap$EntryIterator
Event: 1.130 loading class java/util/TreeMap$EntryIterator done
Event: 1.264 Executing VM operation: ParallelGCFailedAllocation
Event: 1.344 Executing VM operation: ParallelGCFailedAllocation done
Event: 1.472 Thread 0x0000000017511000 Uncommon trap: trap_request=0xfffffff4 fr.pc=0x00000000029f5a48
Event: 1.472 Thread 0x0000000017511000 DEOPT PACKING pc=0x00000000029f5a48 sp=0x0000000018a3eb10
Event: 1.472 Thread 0x0000000017511000 DEOPT UNPACKING pc=0x00000000026a556a sp=0x0000000018a3e958 mode 2


Dynamic libraries:
0x00007ff769da0000 - 0x00007ff769dd4000 	C:\Program Files\Java\jdk1.8.0_31\bin\java.exe
0x00007ffcbbdd0000 - 0x00007ffcbbf91000 	C:\WINDOWS\SYSTEM32\ntdll.dll
0x00007ffcb9010000 - 0x00007ffcb90bd000 	C:\WINDOWS\system32\KERNEL32.DLL
0x00007ffcb8570000 - 0x00007ffcb8758000 	C:\WINDOWS\system32\KERNELBASE.dll
0x00007ffcb9440000 - 0x00007ffcb94e7000 	C:\WINDOWS\system32\ADVAPI32.dll
0x00007ffcb9e00000 - 0x00007ffcb9e9d000 	C:\WINDOWS\system32\msvcrt.dll
0x00007ffcba000000 - 0x00007ffcba05b000 	C:\WINDOWS\system32\sechost.dll
0x00007ffcb94f0000 - 0x00007ffcb960c000 	C:\WINDOWS\system32\RPCRT4.dll
0x00007ffcba5b0000 - 0x00007ffcba706000 	C:\WINDOWS\system32\USER32.dll
0x00007ffcb92b0000 - 0x00007ffcb9436000 	C:\WINDOWS\system32\GDI32.dll
0x00007ffcab670000 - 0x00007ffcab8e4000 	C:\WINDOWS\WinSxS\amd64_microsoft.windows.common-controls_6595b64144ccf1df_6.0.10586.0_none_8c15ae12515e1c22\COMCTL32.dll
0x00007ffcb9640000 - 0x00007ffcb98bd000 	C:\WINDOWS\system32\combase.dll
0x00007ffcb84a0000 - 0x00007ffcb850a000 	C:\WINDOWS\system32\bcryptPrimitives.dll
0x00007ffcba060000 - 0x00007ffcba09b000 	C:\WINDOWS\system32\IMM32.DLL
0x0000000072570000 - 0x0000000072642000 	C:\Program Files\Java\jdk1.8.0_31\jre\bin\msvcr100.dll
0x0000000072ad0000 - 0x000000007332a000 	C:\Program Files\Java\jdk1.8.0_31\jre\bin\server\jvm.dll
0x00007ffcb8f20000 - 0x00007ffcb8f43000 	C:\WINDOWS\system32\WINMM.dll
0x00007ffcb81f0000 - 0x00007ffcb821c000 	C:\WINDOWS\system32\WINMMBASE.dll
0x00007ffcb8230000 - 0x00007ffcb8273000 	C:\WINDOWS\system32\cfgmgr32.dll
0x00007ffcba710000 - 0x00007ffcba718000 	C:\WINDOWS\system32\PSAPI.DLL
0x00007ffcac6e0000 - 0x00007ffcac6e9000 	C:\WINDOWS\SYSTEM32\WSOCK32.dll
0x00007ffcba1b0000 - 0x00007ffcba21b000 	C:\WINDOWS\system32\WS2_32.dll
0x00000000729e0000 - 0x00000000729ef000 	C:\Program Files\Java\jdk1.8.0_31\jre\bin\verify.dll
0x00000000729b0000 - 0x00000000729d8000 	C:\Program Files\Java\jdk1.8.0_31\jre\bin\java.dll
0x0000000072990000 - 0x00000000729a6000 	C:\Program Files\Java\jdk1.8.0_31\jre\bin\zip.dll
0x00007ffcba870000 - 0x00007ffcbbdcf000 	C:\WINDOWS\system32\SHELL32.dll
0x00007ffcb8780000 - 0x00007ffcb8dc4000 	C:\WINDOWS\system32\windows.storage.dll
0x00007ffcba3d0000 - 0x00007ffcba422000 	C:\WINDOWS\system32\shlwapi.dll
0x00007ffcb8220000 - 0x00007ffcb822f000 	C:\WINDOWS\system32\kernel.appcore.dll
0x00007ffcb8e60000 - 0x00007ffcb8f15000 	C:\WINDOWS\system32\shcore.dll
0x00007ffcb8450000 - 0x00007ffcb849b000 	C:\WINDOWS\system32\powrprof.dll
0x00007ffcb81d0000 - 0x00007ffcb81e4000 	C:\WINDOWS\system32\profapi.dll

VM Arguments:
jvm_args: -Djava.awt.headless=true -Xmx1024M -Dfile.encoding=GBK -Duser.country=CN -Duser.language=zh -Duser.variant 
java_command: com.android.dx.command.Main --dex --num-threads=4 --output D:\Backup\AndroidStudioProjects\SimlpleMp3Player\app\build\intermediates\pre-dexed\debug\internal_impl-23.1.1_e25ac34f10c49d231c1aeb00375f345dd08b788f.jar D:\Backup\AndroidStudioProjects\SimlpleMp3Player\app\build\intermediates\exploded-aar\com.android.support\support-v4\23.1.1\jars\libs\internal_impl-23.1.1.jar
java_class_path (initial): D:\SDK\build-tools\23.0.2\lib\dx.jar
Launcher Type: SUN_STANDARD

Environment Variables:
JAVA_HOME=C:\Program Files\Java\jdk1.8.0_31
CLASSPATH=C:\Program Files\Java\jdk1.8.0_31\lib\dt.jar;C:\Program Files\Java\jdk1.8.0_31\bin.tools.jar;.
PATH=C:\ProgramData\Oracle\Java\javapath;C:\WINDOWS\system32;C:\WINDOWS;C:\WINDOWS\System32\Wbem;C:\WINDOWS\System32\WindowsPowerShell\v1.0\;C:\Program Files (x86)\AMD\ATI.ACE\Core-Static;C:\Program Files (x86)\Microsoft SQL Server\100\Tools\Binn\;C:\Program Files\Microsoft SQL Server\100\Tools\Binn\;C:\Program Files\Microsoft SQL Server\100\DTS\Binn\;C:\Program Files (x86)\IDM Computer Solutions\UltraEdit;C:\Python27;C:\Program Files (x86)\Apkdb;C:\Program Files (x86)\ATI Technologies\ATI.ACE\Core-Static;C:\Program Files (x86)\Windows Kits\8.1\Windows Performance Toolkit\;C:\WINDOWS\system32\config\systemprofile\.dnx\bin;C:\Program Files\Microsoft DNX\Dnvm\;C:\Users\Administrator\AppData\Local\Programs\Python\Python35\Scripts\;C:\Users\Administrator\AppData\Local\Programs\Python\Python35\;C:\Program Files\Java\jdk1.8.0_31\bin;C:\Program Files\Genymobile\Genymotion\tools
USERNAME=Administrator
OS=Windows_NT
PROCESSOR_IDENTIFIER=Intel64 Family 6 Model 60 Stepping 3, GenuineIntel



---------------  S Y S T E M  ---------------

OS: Windows 8.1 , 64 bit Build 9600 

CPU:total 8 (4 cores per cpu, 2 threads per core) family 6 model 60 stepping 3, cmov, cx8, fxsr, mmx, sse, sse2, sse3, ssse3, sse4.1, sse4.2, popcnt, avx, avx2, aes, clmul, erms, lzcnt, ht, tsc, tscinvbit, bmi1, bmi2

Memory: 4k page, physical 8351060k(2338836k free), swap 8351060k(5440k free)

vm_info: Java HotSpot(TM) 64-Bit Server VM (25.31-b07) for windows-amd64 JRE (1.8.0_31-b13), built on Dec 17 2014 21:00:28 by "java_re" with MS VC++ 10.0 (VS2010)

time: Tue Jan 05 16:09:22 2016
elapsed time: 1 seconds (0d 0h 0m 1s)

