#
# There is insufficient memory for the Java Runtime Environment to continue.
# Native memory allocation (malloc) failed to allocate 1048576 bytes for AllocateHeap
# Possible reasons:
#   The system is out of physical RAM or swap space
#   In 32 bit mode, the process size limit was hit
# Possible solutions:
#   Reduce memory load on the system
#   Increase physical memory or swap space
#   Check if swap backing store is full
#   Use 64 bit Java on a 64 bit OS
#   Decrease Java heap size (-Xmx/-Xms)
#   Decrease number of Java threads
#   Decrease Java thread stack sizes (-Xss)
#   Set larger code cache with -XX:ReservedCodeCacheSize=
# This output file may be truncated or incomplete.
#
#  Out of Memory Error (memory/allocation.inline.hpp:62), pid=3956, tid=2640
#
# JRE version:  (8.0_31-b13) (build )
# Java VM: Java HotSpot(TM) 64-Bit Server VM (25.31-b07 mixed mode windows-amd64 compressed oops)
# Failed to write core dump. Minidumps are not enabled by default on client versions of Windows
#

---------------  T H R E A D  ---------------

Current thread (0x000000000217e000):  JavaThread "Unknown thread" [_thread_in_vm, id=2640, stack(0x0000000002520000,0x0000000002620000)]

Stack: [0x0000000002520000,0x0000000002620000]
Native frames: (J=compiled Java code, j=interpreted, Vv=VM code, C=native code)
V  [jvm.dll+0x3169ba]
V  [jvm.dll+0x2674c3]
V  [jvm.dll+0x268103]
V  [jvm.dll+0x25f8f5]
V  [jvm.dll+0x25e94f]
V  [jvm.dll+0x3d6aac]
V  [jvm.dll+0x3d2017]
V  [jvm.dll+0xe54d2]
V  [jvm.dll+0x1fa089]
V  [jvm.dll+0x22b694]
V  [jvm.dll+0x14d8c1]
C  [java.exe+0x20b6]
C  [java.exe+0xc9bb]
C  [java.exe+0xca4f]
C  [KERNEL32.DLL+0x18102]
C  [ntdll.dll+0x5c2e4]


---------------  P R O C E S S  ---------------

Java Threads: ( => current thread )

Other Threads:

=>0x000000000217e000 (exited) JavaThread "Unknown thread" [_thread_in_vm, id=2640, stack(0x0000000002520000,0x0000000002620000)]

VM state:not at safepoint (normal execution)

VM Mutex/Monitor currently owned by a thread: None

Heap:
 PSYoungGen      total 38400K, used 665K [0x00000000eab00000, 0x00000000ed580000, 0x0000000100000000)
  eden space 33280K, 2% used [0x00000000eab00000,0x00000000eaba6670,0x00000000ecb80000)
  from space 5120K, 0% used [0x00000000ed080000,0x00000000ed080000,0x00000000ed580000)
  to   space 5120K, 0% used [0x00000000ecb80000,0x00000000ecb80000,0x00000000ed080000)
 ParOldGen       total 87552K, used 0K [0x00000000c0000000, 0x00000000c5580000, 0x00000000eab00000)
  object space 87552K, 0% used [0x00000000c0000000,0x00000000c0000000,0x00000000c5580000)
 Metaspace       used 677K, capacity 4480K, committed 4480K, reserved 1056768K
  class space    used 67K, capacity 384K, committed 384K, reserved 1048576K

Card table byte_map: [0x0000000011ae0000,0x0000000011cf0000] byte_map_base: 0x00000000114e0000

Marking Bits: (ParMarkBitMap*) 0x000000005352d4f0
 Begin Bits: [0x0000000012650000, 0x0000000013650000)
 End Bits:   [0x0000000013650000, 0x0000000014650000)

Polling page: 0x0000000000870000

CodeCache: size=245760Kb used=327Kb max_used=327Kb free=245432Kb
 bounds [0x0000000002720000, 0x0000000002990000, 0x0000000011720000]
 total_blobs=56 nmethods=0 adapters=37
 compilation: enabled

Compilation events (0 events):
No events

GC Heap History (0 events):
No events

Deoptimization events (0 events):
No events

Internal exceptions (0 events):
No events

Events (10 events):
Event: 0.026 loading class java/lang/Short
Event: 0.027 loading class java/lang/Short done
Event: 0.027 loading class java/lang/Integer
Event: 0.027 loading class java/lang/Integer done
Event: 0.027 loading class java/lang/Long
Event: 0.027 loading class java/lang/Long done
Event: 0.029 loading class java/lang/NullPointerException
Event: 0.029 loading class java/lang/NullPointerException done
Event: 0.029 loading class java/lang/ArithmeticException
Event: 0.029 loading class java/lang/ArithmeticException done


Dynamic libraries:
0x00007ff7e2a80000 - 0x00007ff7e2ab4000 	C:\Program Files\Java\jdk1.8.0_31\bin\java.exe
0x00007fff81a90000 - 0x00007fff81c51000 	C:\WINDOWS\SYSTEM32\ntdll.dll
0x00007fff7f050000 - 0x00007fff7f0fd000 	C:\WINDOWS\system32\KERNEL32.DLL
0x00007fff7def0000 - 0x00007fff7e0d8000 	C:\WINDOWS\system32\KERNELBASE.dll
0x00007fff7f2e0000 - 0x00007fff7f387000 	C:\WINDOWS\system32\ADVAPI32.dll
0x00007fff7f750000 - 0x00007fff7f7ed000 	C:\WINDOWS\system32\msvcrt.dll
0x00007fff7ed40000 - 0x00007fff7ed9b000 	C:\WINDOWS\system32\sechost.dll
0x00007fff7f9d0000 - 0x00007fff7faec000 	C:\WINDOWS\system32\RPCRT4.dll
0x00007fff7f390000 - 0x00007fff7f4e6000 	C:\WINDOWS\system32\USER32.dll
0x00007fff7eda0000 - 0x00007fff7ef26000 	C:\WINDOWS\system32\GDI32.dll
0x00007fff72c20000 - 0x00007fff72e94000 	C:\WINDOWS\WinSxS\amd64_microsoft.windows.common-controls_6595b64144ccf1df_6.0.10586.0_none_8c15ae12515e1c22\COMCTL32.dll
0x00007fff801a0000 - 0x00007fff8041d000 	C:\WINDOWS\system32\combase.dll
0x00007fff7e160000 - 0x00007fff7e1ca000 	C:\WINDOWS\system32\bcryptPrimitives.dll
0x00007fff7f230000 - 0x00007fff7f26b000 	C:\WINDOWS\system32\IMM32.DLL
0x0000000052560000 - 0x0000000052632000 	C:\Program Files\Java\jdk1.8.0_31\jre\bin\msvcr100.dll
0x0000000052d50000 - 0x00000000535aa000 	C:\Program Files\Java\jdk1.8.0_31\jre\bin\server\jvm.dll
0x00007fff7eb30000 - 0x00007fff7eb53000 	C:\WINDOWS\system32\WINMM.dll
0x00007fff7deb0000 - 0x00007fff7dedc000 	C:\WINDOWS\system32\WINMMBASE.dll
0x00007fff7eae0000 - 0x00007fff7eb23000 	C:\WINDOWS\system32\cfgmgr32.dll
0x00007fff74720000 - 0x00007fff74729000 	C:\WINDOWS\SYSTEM32\WSOCK32.dll
0x00007fff7ef90000 - 0x00007fff7ef98000 	C:\WINDOWS\system32\PSAPI.DLL
0x00007fff7f270000 - 0x00007fff7f2db000 	C:\WINDOWS\system32\WS2_32.dll
0x0000000052c60000 - 0x0000000052c6f000 	C:\Program Files\Java\jdk1.8.0_31\jre\bin\verify.dll
0x0000000052c30000 - 0x0000000052c58000 	C:\Program Files\Java\jdk1.8.0_31\jre\bin\java.dll
0x0000000052c10000 - 0x0000000052c26000 	C:\Program Files\Java\jdk1.8.0_31\jre\bin\zip.dll
0x00007fff548f0000 - 0x00007fff54a7c000 	C:\WINDOWS\SYSTEM32\dbghelp.dll

VM Arguments:
jvm_args: -Djava.awt.headless=true -Xmx1024M -Dfile.encoding=GBK -Duser.country=CN -Duser.language=zh -Duser.variant 
java_command: com.android.dx.command.Main --dex --num-threads=4 --output D:\Backup\AndroidStudioProjects\SimlpleMp3Player\app\build\intermediates\pre-dexed\debug\internal_impl-23.1.1_e25ac34f10c49d231c1aeb00375f345dd08b788f.jar D:\Backup\AndroidStudioProjects\SimlpleMp3Player\app\build\intermediates\exploded-aar\com.android.support\support-v4\23.1.1\jars\libs\internal_impl-23.1.1.jar
java_class_path (initial): D:\SDK\build-tools\23.0.2\lib\dx.jar
Launcher Type: SUN_STANDARD

Environment Variables:
JAVA_HOME=C:\Program Files\Java\jdk1.8.0_31
CLASSPATH=C:\Program Files\Java\jdk1.8.0_31\lib\dt.jar;C:\Program Files\Java\jdk1.8.0_31\bin.tools.jar;.
PATH=C:\ProgramData\Oracle\Java\javapath;C:\WINDOWS\system32;C:\WINDOWS;C:\WINDOWS\System32\Wbem;C:\WINDOWS\System32\WindowsPowerShell\v1.0\;C:\Program Files (x86)\AMD\ATI.ACE\Core-Static;C:\Program Files (x86)\Microsoft SQL Server\100\Tools\Binn\;C:\Program Files\Microsoft SQL Server\100\Tools\Binn\;C:\Program Files\Microsoft SQL Server\100\DTS\Binn\;C:\Program Files (x86)\IDM Computer Solutions\UltraEdit;C:\Python27;C:\Program Files (x86)\Apkdb;C:\Program Files (x86)\ATI Technologies\ATI.ACE\Core-Static;C:\Program Files (x86)\Windows Kits\8.1\Windows Performance Toolkit\;C:\WINDOWS\system32\config\systemprofile\.dnx\bin;C:\Program Files\Microsoft DNX\Dnvm\;C:\Users\Administrator\AppData\Local\Programs\Python\Python35\Scripts\;C:\Users\Administrator\AppData\Local\Programs\Python\Python35\;C:\Program Files\Java\jdk1.8.0_31\bin
USERNAME=Administrator
OS=Windows_NT
PROCESSOR_IDENTIFIER=Intel64 Family 6 Model 60 Stepping 3, GenuineIntel



---------------  S Y S T E M  ---------------

OS: Windows 8.1 , 64 bit Build 9600 

CPU:total 8 (4 cores per cpu, 2 threads per core) family 6 model 60 stepping 3, cmov, cx8, fxsr, mmx, sse, sse2, sse3, ssse3, sse4.1, sse4.2, popcnt, avx, avx2, aes, clmul, erms, lzcnt, ht, tsc, tscinvbit, bmi1, bmi2

Memory: 4k page, physical 8351060k(2442308k free), swap 8351060k(5984k free)

vm_info: Java HotSpot(TM) 64-Bit Server VM (25.31-b07) for windows-amd64 JRE (1.8.0_31-b13), built on Dec 17 2014 21:00:28 by "java_re" with MS VC++ 10.0 (VS2010)

time: Sun Jan 03 19:55:14 2016
elapsed time: 0 seconds (0d 0h 0m 0s)

