#
# There is insufficient memory for the Java Runtime Environment to continue.
# Native memory allocation (malloc) failed to allocate 193136 bytes for Chunk::new
# Possible reasons:
#   The system is out of physical RAM or swap space
#   In 32 bit mode, the process size limit was hit
# Possible solutions:
#   Reduce memory load on the system
#   Increase physical memory or swap space
#   Check if swap backing store is full
#   Use 64 bit Java on a 64 bit OS
#   Decrease Java heap size (-Xmx/-Xms)
#   Decrease number of Java threads
#   Decrease Java thread stack sizes (-Xss)
#   Set larger code cache with -XX:ReservedCodeCacheSize=
# This output file may be truncated or incomplete.
#
#  Out of Memory Error (allocation.cpp:390), pid=12740, tid=6876
#
# JRE version: Java(TM) SE Runtime Environment (8.0_31-b13) (build 1.8.0_31-b13)
# Java VM: Java HotSpot(TM) 64-Bit Server VM (25.31-b07 mixed mode windows-amd64 compressed oops)
# Failed to write core dump. Minidumps are not enabled by default on client versions of Windows
#

---------------  T H R E A D  ---------------

Current thread (0x00000000172d4000):  JavaThread "C2 CompilerThread2" daemon [_thread_in_native, id=6876, stack(0x0000000017a00000,0x0000000017b00000)]

Stack: [0x0000000017a00000,0x0000000017b00000]
Native frames: (J=compiled Java code, j=interpreted, Vv=VM code, C=native code)
V  [jvm.dll+0x3169ba]
V  [jvm.dll+0x2674c3]
V  [jvm.dll+0x268103]
V  [jvm.dll+0x25f8f5]
V  [jvm.dll+0xbf025]
V  [jvm.dll+0xbf4cc]
V  [jvm.dll+0x4798bc]
V  [jvm.dll+0x446c9b]
V  [jvm.dll+0x451bce]
V  [jvm.dll+0x4541b8]
V  [jvm.dll+0x437c62]
V  [jvm.dll+0x988e2]
V  [jvm.dll+0x990d3]
V  [jvm.dll+0x22c194]
V  [jvm.dll+0x28576a]
C  [msvcr100.dll+0x21d9f]
C  [msvcr100.dll+0x21e3b]
C  [KERNEL32.DLL+0x18102]
C  [ntdll.dll+0x5c2e4]


Current CompileTask:
C2:    358  219       4       java.util.regex.Pattern::compile (406 bytes)


---------------  P R O C E S S  ---------------

Java Threads: ( => current thread )
  0x0000000017315800 JavaThread "Service Thread" daemon [_thread_blocked, id=9280, stack(0x0000000017c00000,0x0000000017d00000)]
  0x00000000172d7800 JavaThread "C1 CompilerThread3" daemon [_thread_blocked, id=12688, stack(0x0000000017b00000,0x0000000017c00000)]
=>0x00000000172d4000 JavaThread "C2 CompilerThread2" daemon [_thread_in_native, id=6876, stack(0x0000000017a00000,0x0000000017b00000)]
  0x00000000172bf800 JavaThread "C2 CompilerThread1" daemon [_thread_in_native, id=10868, stack(0x0000000017900000,0x0000000017a00000)]
  0x0000000017285000 JavaThread "C2 CompilerThread0" daemon [_thread_in_native, id=11224, stack(0x0000000017800000,0x0000000017900000)]
  0x0000000017282800 JavaThread "Attach Listener" daemon [_thread_blocked, id=13184, stack(0x0000000017700000,0x0000000017800000)]
  0x0000000017237800 JavaThread "Signal Dispatcher" daemon [_thread_blocked, id=10544, stack(0x0000000017600000,0x0000000017700000)]
  0x00000000022e3000 JavaThread "Finalizer" daemon [_thread_blocked, id=8432, stack(0x0000000017100000,0x0000000017200000)]
  0x00000000151fc000 JavaThread "Reference Handler" daemon [_thread_blocked, id=5012, stack(0x0000000017000000,0x0000000017100000)]
  0x000000000237e000 JavaThread "main" [_thread_in_Java, id=6904, stack(0x0000000000990000,0x0000000000a90000)]

Other Threads:
  0x00000000151f8000 VMThread [stack: 0x0000000016f00000,0x0000000017000000] [id=10504]
  0x0000000017316800 WatcherThread [stack: 0x0000000017d00000,0x0000000017e00000] [id=12832]

VM state:not at safepoint (normal execution)

VM Mutex/Monitor currently owned by a thread: None

Heap:
 PSYoungGen      total 38400K, used 15986K [0x00000000eab00000, 0x00000000ed580000, 0x0000000100000000)
  eden space 33280K, 48% used [0x00000000eab00000,0x00000000eba9ca58,0x00000000ecb80000)
  from space 5120K, 0% used [0x00000000ed080000,0x00000000ed080000,0x00000000ed580000)
  to   space 5120K, 0% used [0x00000000ecb80000,0x00000000ecb80000,0x00000000ed080000)
 ParOldGen       total 87552K, used 0K [0x00000000c0000000, 0x00000000c5580000, 0x00000000eab00000)
  object space 87552K, 0% used [0x00000000c0000000,0x00000000c0000000,0x00000000c5580000)
 Metaspace       used 3577K, capacity 4720K, committed 4864K, reserved 1056768K
  class space    used 380K, capacity 424K, committed 512K, reserved 1048576K

Card table byte_map: [0x0000000011aa0000,0x0000000011cb0000] byte_map_base: 0x00000000114a0000

Marking Bits: (ParMarkBitMap*) 0x0000000074f0d4f0
 Begin Bits: [0x0000000012610000, 0x0000000013610000)
 End Bits:   [0x0000000013610000, 0x0000000014610000)

Polling page: 0x0000000000a90000

CodeCache: size=245760Kb used=1601Kb max_used=1616Kb free=244158Kb
 bounds [0x00000000026e0000, 0x0000000002950000, 0x00000000116e0000]
 total_blobs=471 nmethods=223 adapters=162
 compilation: enabled

Compilation events (10 events):
Event: 0.321 Thread 0x0000000017285000  217       4       java.util.regex.Matcher::search (109 bytes)
Event: 0.322 Thread 0x00000000172d4000 nmethod 211 0x00000000028705d0 code [0x0000000002870720, 0x0000000002870b78]
Event: 0.323 Thread 0x00000000172d4000  218       4       java.lang.String::compareTo (78 bytes)
Event: 0.325 Thread 0x00000000172d4000 nmethod 218 0x0000000002870d10 code [0x0000000002870e60, 0x0000000002870ff8]
Event: 0.325 Thread 0x00000000172d4000  219       4       java.util.regex.Pattern::compile (406 bytes)
Event: 0.329 Thread 0x0000000017285000 nmethod 217 0x0000000002874cd0 code [0x0000000002874e40, 0x00000000028754b8]
Event: 0.329 Thread 0x0000000017285000  220       4       java.util.regex.Pattern::newSlice (181 bytes)
Event: 0.329 Thread 0x00000000172bf800 nmethod 216 0x0000000002866e10 code [0x0000000002866f80, 0x0000000002867678]
Event: 0.335 Thread 0x0000000017285000 nmethod 220 0x0000000002866450 code [0x00000000028665e0, 0x0000000002866a68]
Event: 0.343 Thread 0x00000000172bf800  221   !   4       java.util.regex.Pattern::matcher (44 bytes)

GC Heap History (0 events):
No events

Deoptimization events (0 events):
No events

Internal exceptions (10 events):
Event: 0.211 Thread 0x000000000237e000 Exception <a 'java/security/PrivilegedActionException'> (0x00000000eade2488) thrown at [C:\workspace\8-2-build-windows-amd64-cygwin\jdk8u31\2394\hotspot\src\share\vm\prims\jvm.cpp, line 1312]
Event: 0.212 Thread 0x000000000237e000 Exception <a 'java/security/PrivilegedActionException'> (0x00000000eade43c0) thrown at [C:\workspace\8-2-build-windows-amd64-cygwin\jdk8u31\2394\hotspot\src\share\vm\prims\jvm.cpp, line 1312]
Event: 0.214 Thread 0x000000000237e000 Exception <a 'java/security/PrivilegedActionException'> (0x00000000eade8e90) thrown at [C:\workspace\8-2-build-windows-amd64-cygwin\jdk8u31\2394\hotspot\src\share\vm\prims\jvm.cpp, line 1312]
Event: 0.214 Thread 0x000000000237e000 Exception <a 'java/security/PrivilegedActionException'> (0x00000000eaded1b8) thrown at [C:\workspace\8-2-build-windows-amd64-cygwin\jdk8u31\2394\hotspot\src\share\vm\prims\jvm.cpp, line 1312]
Event: 0.215 Thread 0x000000000237e000 Exception <a 'java/security/PrivilegedActionException'> (0x00000000eadf1aa0) thrown at [C:\workspace\8-2-build-windows-amd64-cygwin\jdk8u31\2394\hotspot\src\share\vm\prims\jvm.cpp, line 1312]
Event: 0.215 Thread 0x000000000237e000 Exception <a 'java/security/PrivilegedActionException'> (0x00000000eadf5f68) thrown at [C:\workspace\8-2-build-windows-amd64-cygwin\jdk8u31\2394\hotspot\src\share\vm\prims\jvm.cpp, line 1312]
Event: 0.220 Thread 0x000000000237e000 Exception <a 'java/security/PrivilegedActionException'> (0x00000000eadff4b8) thrown at [C:\workspace\8-2-build-windows-amd64-cygwin\jdk8u31\2394\hotspot\src\share\vm\prims\jvm.cpp, line 1312]
Event: 0.221 Thread 0x000000000237e000 Exception <a 'java/security/PrivilegedActionException'> (0x00000000eae04b80) thrown at [C:\workspace\8-2-build-windows-amd64-cygwin\jdk8u31\2394\hotspot\src\share\vm\prims\jvm.cpp, line 1312]
Event: 0.221 Thread 0x000000000237e000 Exception <a 'java/security/PrivilegedActionException'> (0x00000000eae06bc0) thrown at [C:\workspace\8-2-build-windows-amd64-cygwin\jdk8u31\2394\hotspot\src\share\vm\prims\jvm.cpp, line 1312]
Event: 0.280 Thread 0x000000000237e000 Exception <a 'java/security/PrivilegedActionException'> (0x00000000eae871b8) thrown at [C:\workspace\8-2-build-windows-amd64-cygwin\jdk8u31\2394\hotspot\src\share\vm\prims\jvm.cpp, line 1312]

Events (10 events):
Event: 0.319 Thread 0x000000000237e000 DEOPT PACKING pc=0x000000000280d0f2 sp=0x0000000000a8f020
Event: 0.319 Thread 0x000000000237e000 DEOPT UNPACKING pc=0x00000000027275bf sp=0x0000000000a8ed20 mode 0
Event: 0.319 Thread 0x000000000237e000 DEOPT PACKING pc=0x000000000280d0f2 sp=0x0000000000a8ef10
Event: 0.319 Thread 0x000000000237e000 DEOPT UNPACKING pc=0x00000000027275bf sp=0x0000000000a8ec10 mode 0
Event: 0.321 Thread 0x000000000237e000 DEOPT PACKING pc=0x000000000280d0f2 sp=0x0000000000a8f020
Event: 0.321 Thread 0x000000000237e000 DEOPT UNPACKING pc=0x00000000027275bf sp=0x0000000000a8ed20 mode 0
Event: 0.321 Thread 0x000000000237e000 DEOPT PACKING pc=0x000000000280d0f2 sp=0x0000000000a8f020
Event: 0.321 Thread 0x000000000237e000 DEOPT UNPACKING pc=0x00000000027275bf sp=0x0000000000a8ed20 mode 0
Event: 0.321 Thread 0x000000000237e000 DEOPT PACKING pc=0x000000000280d0f2 sp=0x0000000000a8f020
Event: 0.321 Thread 0x000000000237e000 DEOPT UNPACKING pc=0x00000000027275bf sp=0x0000000000a8ed20 mode 0


Dynamic libraries:
0x00007ff7f84f0000 - 0x00007ff7f8524000 	C:\Program Files\Java\jdk1.8.0_31\bin\java.exe
0x00007ffde1cd0000 - 0x00007ffde1e91000 	C:\WINDOWS\SYSTEM32\ntdll.dll
0x00007ffddf190000 - 0x00007ffddf23d000 	C:\WINDOWS\system32\KERNEL32.DLL
0x00007ffdde5d0000 - 0x00007ffdde7b8000 	C:\WINDOWS\system32\KERNELBASE.dll
0x00007ffddef10000 - 0x00007ffddefb7000 	C:\WINDOWS\system32\ADVAPI32.dll
0x00007ffddfed0000 - 0x00007ffddff6d000 	C:\WINDOWS\system32\msvcrt.dll
0x00007ffddff70000 - 0x00007ffddffcb000 	C:\WINDOWS\system32\sechost.dll
0x00007ffddefc0000 - 0x00007ffddf0dc000 	C:\WINDOWS\system32\RPCRT4.dll
0x00007ffddf770000 - 0x00007ffddf8c6000 	C:\WINDOWS\system32\USER32.dll
0x00007ffddf420000 - 0x00007ffddf5a6000 	C:\WINDOWS\system32\GDI32.dll
0x00007ffdd0350000 - 0x00007ffdd05c4000 	C:\WINDOWS\WinSxS\amd64_microsoft.windows.common-controls_6595b64144ccf1df_6.0.10586.0_none_8c15ae12515e1c22\COMCTL32.dll
0x00007ffddfb90000 - 0x00007ffddfe0d000 	C:\WINDOWS\system32\combase.dll
0x00007ffdde490000 - 0x00007ffdde4fa000 	C:\WINDOWS\system32\bcryptPrimitives.dll
0x00007ffde0570000 - 0x00007ffde05ab000 	C:\WINDOWS\system32\IMM32.DLL
0x0000000074050000 - 0x0000000074122000 	C:\Program Files\Java\jdk1.8.0_31\jre\bin\msvcr100.dll
0x0000000074730000 - 0x0000000074f8a000 	C:\Program Files\Java\jdk1.8.0_31\jre\bin\server\jvm.dll
0x00007ffddee90000 - 0x00007ffddeeb3000 	C:\WINDOWS\system32\WINMM.dll
0x00007ffdde0f0000 - 0x00007ffdde11c000 	C:\WINDOWS\system32\WINMMBASE.dll
0x00007ffdd32d0000 - 0x00007ffdd32d9000 	C:\WINDOWS\SYSTEM32\WSOCK32.dll
0x00007ffddeec0000 - 0x00007ffddef03000 	C:\WINDOWS\system32\cfgmgr32.dll
0x00007ffddf5b0000 - 0x00007ffddf5b8000 	C:\WINDOWS\system32\PSAPI.DLL
0x00007ffde00d0000 - 0x00007ffde013b000 	C:\WINDOWS\system32\WS2_32.dll
0x0000000074640000 - 0x000000007464f000 	C:\Program Files\Java\jdk1.8.0_31\jre\bin\verify.dll
0x0000000074610000 - 0x0000000074638000 	C:\Program Files\Java\jdk1.8.0_31\jre\bin\java.dll
0x00000000745f0000 - 0x0000000074606000 	C:\Program Files\Java\jdk1.8.0_31\jre\bin\zip.dll
0x00007ffde0770000 - 0x00007ffde1ccf000 	C:\WINDOWS\system32\SHELL32.dll
0x00007ffdde7c0000 - 0x00007ffddee04000 	C:\WINDOWS\system32\windows.storage.dll
0x00007ffddf5c0000 - 0x00007ffddf612000 	C:\WINDOWS\system32\shlwapi.dll
0x00007ffdde0e0000 - 0x00007ffdde0ef000 	C:\WINDOWS\system32\kernel.appcore.dll
0x00007ffdde510000 - 0x00007ffdde5c5000 	C:\WINDOWS\system32\shcore.dll
0x00007ffdde300000 - 0x00007ffdde34b000 	C:\WINDOWS\system32\powrprof.dll
0x00007ffdde0c0000 - 0x00007ffdde0d4000 	C:\WINDOWS\system32\profapi.dll
0x00007ffdbb070000 - 0x00007ffdbb1fc000 	C:\WINDOWS\SYSTEM32\dbghelp.dll

VM Arguments:
jvm_args: -Djava.awt.headless=true -Xmx1024M -Dfile.encoding=GBK -Duser.country=CN -Duser.language=zh -Duser.variant 
java_command: com.android.dx.command.Main --dex --num-threads=4 --output D:\Backup\AndroidStudioProjects\SimlpleMp3Player\app\build\intermediates\pre-dexed\debug\com.android.support-support-v4-23.1.1_c60eac0a7bbe397ecb1b2b529132f775e8960cbe.jar D:\Backup\AndroidStudioProjects\SimlpleMp3Player\app\build\intermediates\exploded-aar\com.android.support\support-v4\23.1.1\jars\classes.jar
java_class_path (initial): D:\SDK\build-tools\23.0.2\lib\dx.jar
Launcher Type: SUN_STANDARD

Environment Variables:
JAVA_HOME=C:\Program Files\Java\jdk1.8.0_31
CLASSPATH=C:\Program Files\Java\jdk1.8.0_31\lib\dt.jar;C:\Program Files\Java\jdk1.8.0_31\bin.tools.jar;.
PATH=C:\ProgramData\Oracle\Java\javapath;C:\WINDOWS\system32;C:\WINDOWS;C:\WINDOWS\System32\Wbem;C:\WINDOWS\System32\WindowsPowerShell\v1.0\;C:\Program Files (x86)\AMD\ATI.ACE\Core-Static;C:\Program Files (x86)\Microsoft SQL Server\100\Tools\Binn\;C:\Program Files\Microsoft SQL Server\100\Tools\Binn\;C:\Program Files\Microsoft SQL Server\100\DTS\Binn\;C:\Program Files (x86)\IDM Computer Solutions\UltraEdit;C:\Python27;C:\Program Files (x86)\Apkdb;C:\Program Files (x86)\ATI Technologies\ATI.ACE\Core-Static;C:\Program Files (x86)\Windows Kits\8.1\Windows Performance Toolkit\;C:\WINDOWS\system32\config\systemprofile\.dnx\bin;C:\Program Files\Microsoft DNX\Dnvm\;C:\Users\Administrator\AppData\Local\Programs\Python\Python35\Scripts\;C:\Users\Administrator\AppData\Local\Programs\Python\Python35\;C:\Program Files\Java\jdk1.8.0_31\bin;C:\Program Files\Genymobile\Genymotion\tools
USERNAME=Administrator
OS=Windows_NT
PROCESSOR_IDENTIFIER=Intel64 Family 6 Model 60 Stepping 3, GenuineIntel



---------------  S Y S T E M  ---------------

OS: Windows 8.1 , 64 bit Build 9600 

CPU:total 8 (4 cores per cpu, 2 threads per core) family 6 model 60 stepping 3, cmov, cx8, fxsr, mmx, sse, sse2, sse3, ssse3, sse4.1, sse4.2, popcnt, avx, avx2, aes, clmul, erms, lzcnt, ht, tsc, tscinvbit, bmi1, bmi2

Memory: 4k page, physical 8351016k(2081648k free), swap 8351016k(5128k free)

vm_info: Java HotSpot(TM) 64-Bit Server VM (25.31-b07) for windows-amd64 JRE (1.8.0_31-b13), built on Dec 17 2014 21:00:28 by "java_re" with MS VC++ 10.0 (VS2010)

time: Thu Jan 07 14:28:25 2016
elapsed time: 0 seconds (0d 0h 0m 0s)

