#
# A fatal error has been detected by the Java Runtime Environment:
#
#  EXCEPTION_ACCESS_VIOLATION (0xc0000005) at pc=0x0000000052f4b107, pid=10284, tid=2808
#
# JRE version:  (8.0_31-b13) (build )
# Java VM: Java HotSpot(TM) 64-Bit Server VM (25.31-b07 mixed mode windows-amd64 compressed oops)
# Problematic frame:
# V  [jvm.dll+0x1fb107]
#
# Failed to write core dump. Minidumps are not enabled by default on client versions of Windows
#
# If you would like to submit a bug report, please visit:
#   http://bugreport.java.com/bugreport/crash.jsp
#

---------------  T H R E A D  ---------------

Current thread (0x0000000002622000):  JavaThread "Finalizer" daemon [_thread_in_vm, id=2808, stack(0x0000000017010000,0x0000000017110000)]

siginfo: ExceptionCode=0xc0000005, writing address 0x0000000017108a50

Registers:
RAX=0x0000000017108a50, RBX=0x0000000000000007, RCX=0x0000000000006000, RDX=0x000000000000000d
RSP=0x000000001710ea50, RBP=0x0000000000000000, RSI=0x000000001710ea50, RDI=0x0000000000000007
R8 =0x000000000000000d, R9 =0x0000000002620260, R10=0x0000000014822108, R11=0x000000001701a148
R12=0x0000000002620260, R13=0x0000000002622000, R14=0x000000001710eb80, R15=0x0000000014822108
RIP=0x0000000052f4b107, EFLAGS=0x0000000000010206

Top of Stack: (sp=0x000000001710ea50)
0x000000001710ea50:   0000000014822108 0000000002622000
0x000000001710ea60:   0000000002622000 0000000002620260
0x000000001710ea70:   00000000ffffffff 0000000052f4c037
0x000000001710ea80:   000000001710eb80 0000000014822108
0x000000001710ea90:   0000000002622000 000000001710eb80
0x000000001710eaa0:   0000000000000028 0000000000000000
0x000000001710eab0:   0000000000000005 0000000052e68475
0x000000001710eac0:   0000000014822108 0000000002622000
0x000000001710ead0:   0000000002640e20 0000000014820df8
0x000000001710eae0:   0000000000000000 0000000014760088
0x000000001710eaf0:   0000001400000000 0000000000000000
0x000000001710eb00:   0000000015140700 0000000014822108
0x000000001710eb10:   0000000002622000 0000000052e69bf2
0x000000001710eb20:   0000000000000000 000000000000001b
0x000000001710eb30:   000000001710ecc8 0000000000000005
0x000000001710eb40:   00000000ffffffff 0000000014820f01 

Instructions: (pc=0x0000000052f4b107)
0x0000000052f4b0e7:   48 89 6c 24 30 33 ed 66 90 e8 7b 5c 08 00 ff c3
0x0000000052f4b0f7:   48 63 c8 48 8b c6 48 0f af cf 48 ff c7 48 2b c1
0x0000000052f4b107:   89 28 48 63 c3 48 3b 05 ed 6e 57 00 7e db 48 8b
0x0000000052f4b117:   6c 24 30 48 8b 5c 24 38 48 8b 74 24 40 48 83 c4 


Register to memory mapping:

RAX=0x0000000017108a50 is pointing into the stack for thread: 0x0000000002622000
RBX=0x0000000000000007 is an unknown value
RCX=0x0000000000006000 is an unknown value
RDX=0x000000000000000d is an unknown value
RSP=0x000000001710ea50 is pointing into the stack for thread: 0x0000000002622000
RBP=0x0000000000000000 is an unknown value
RSI=0x000000001710ea50 is pointing into the stack for thread: 0x0000000002622000
RDI=0x0000000000000007 is an unknown value
R8 =0x000000000000000d is an unknown value
R9 =0x0000000002620260 is an unknown value
R10={method} {0x0000000014822110} '<clinit>' '()V' in 'sun/misc/VM'
R11=0x000000001701a148 is pointing into the stack for thread: 0x0000000002622000
R12=0x0000000002620260 is an unknown value
R13=0x0000000002622000 is a thread
R14=0x000000001710eb80 is pointing into the stack for thread: 0x0000000002622000
R15={method} {0x0000000014822110} '<clinit>' '()V' in 'sun/misc/VM'


Stack: [0x0000000017010000,0x0000000017110000],  sp=0x000000001710ea50,  free space=1018k
Native frames: (J=compiled Java code, j=interpreted, Vv=VM code, C=native code)

Java frames: (J=compiled Java code, j=interpreted, Vv=VM code)
j  java.lang.ref.Finalizer$FinalizerThread.run()V+8
v  ~StubRoutines::call_stub

---------------  P R O C E S S  ---------------

Java Threads: ( => current thread )
=>0x0000000002622000 JavaThread "Finalizer" daemon [_thread_in_vm, id=2808, stack(0x0000000017010000,0x0000000017110000)]
  0x0000000002621000 JavaThread "Reference Handler" daemon [_thread_blocked, id=236, stack(0x0000000016f10000,0x0000000017010000)]
  0x000000000252e000 JavaThread "main" [_thread_in_native, id=11220, stack(0x0000000001eb0000,0x0000000001fb0000)]

Other Threads:
  0x0000000015148800 VMThread [stack: 0x0000000016e10000,0x0000000016f10000] [id=7604]

VM state:not at safepoint (normal execution)

VM Mutex/Monitor currently owned by a thread: None

Heap:
 PSYoungGen      total 38400K, used 1331K [0x00000000eab00000, 0x00000000ed580000, 0x0000000100000000)
  eden space 33280K, 4% used [0x00000000eab00000,0x00000000eac4cd78,0x00000000ecb80000)
  from space 5120K, 0% used [0x00000000ed080000,0x00000000ed080000,0x00000000ed580000)
  to   space 5120K, 0% used [0x00000000ecb80000,0x00000000ecb80000,0x00000000ed080000)
 ParOldGen       total 87552K, used 0K [0x00000000c0000000, 0x00000000c5580000, 0x00000000eab00000)
  object space 87552K, 0% used [0x00000000c0000000,0x00000000c0000000,0x00000000c5580000)
 Metaspace       used 868K, capacity 4480K, committed 4480K, reserved 1056768K
  class space    used 91K, capacity 384K, committed 384K, reserved 1048576K

Card table byte_map: [0x00000000119f0000,0x0000000011c00000] byte_map_base: 0x00000000113f0000

Marking Bits: (ParMarkBitMap*) 0x000000005352d4f0
 Begin Bits: [0x0000000012560000, 0x0000000013560000)
 End Bits:   [0x0000000013560000, 0x0000000014560000)

Polling page: 0x0000000000730000

CodeCache: size=245760Kb used=401Kb max_used=401Kb free=245358Kb
 bounds [0x0000000002630000, 0x00000000028a0000, 0x0000000011630000]
 total_blobs=98 nmethods=0 adapters=73
 compilation: enabled

Compilation events (0 events):
No events

GC Heap History (0 events):
No events

Deoptimization events (0 events):
No events

Internal exceptions (0 events):
No events

Events (10 events):
Event: 0.087 loading class java/lang/ref/Finalizer$FinalizerThread done
Event: 0.087 Thread 0x0000000002622000 Thread added: 0x0000000002622000
Event: 0.088 loading class java/util/Hashtable$Entry
Event: 0.088 loading class java/util/Map$Entry
Event: 0.088 loading class java/util/Map$Entry done
Event: 0.088 loading class java/util/Hashtable$Entry done
Event: 0.088 loading class java/lang/Math
Event: 0.088 loading class java/lang/Math done
Event: 0.123 loading class sun/misc/VM
Event: 0.124 loading class sun/misc/VM done


Dynamic libraries:
0x00007ff7e2a80000 - 0x00007ff7e2ab4000 	C:\Program Files\Java\jdk1.8.0_31\bin\java.exe
0x00007fff81a90000 - 0x00007fff81c51000 	C:\WINDOWS\SYSTEM32\ntdll.dll
0x00007fff7f050000 - 0x00007fff7f0fd000 	C:\WINDOWS\system32\KERNEL32.DLL
0x00007fff7def0000 - 0x00007fff7e0d8000 	C:\WINDOWS\system32\KERNELBASE.dll
0x00007fff7f2e0000 - 0x00007fff7f387000 	C:\WINDOWS\system32\ADVAPI32.dll
0x00007fff7f750000 - 0x00007fff7f7ed000 	C:\WINDOWS\system32\msvcrt.dll
0x00007fff7ed40000 - 0x00007fff7ed9b000 	C:\WINDOWS\system32\sechost.dll
0x00007fff7f9d0000 - 0x00007fff7faec000 	C:\WINDOWS\system32\RPCRT4.dll
0x00007fff7f390000 - 0x00007fff7f4e6000 	C:\WINDOWS\system32\USER32.dll
0x00007fff7eda0000 - 0x00007fff7ef26000 	C:\WINDOWS\system32\GDI32.dll
0x00007fff72c20000 - 0x00007fff72e94000 	C:\WINDOWS\WinSxS\amd64_microsoft.windows.common-controls_6595b64144ccf1df_6.0.10586.0_none_8c15ae12515e1c22\COMCTL32.dll
0x00007fff801a0000 - 0x00007fff8041d000 	C:\WINDOWS\system32\combase.dll
0x00007fff7e160000 - 0x00007fff7e1ca000 	C:\WINDOWS\system32\bcryptPrimitives.dll
0x00007fff7f230000 - 0x00007fff7f26b000 	C:\WINDOWS\system32\IMM32.DLL
0x0000000052560000 - 0x0000000052632000 	C:\Program Files\Java\jdk1.8.0_31\jre\bin\msvcr100.dll
0x0000000052d50000 - 0x00000000535aa000 	C:\Program Files\Java\jdk1.8.0_31\jre\bin\server\jvm.dll
0x00007fff7eb30000 - 0x00007fff7eb53000 	C:\WINDOWS\system32\WINMM.dll
0x00007fff7deb0000 - 0x00007fff7dedc000 	C:\WINDOWS\system32\WINMMBASE.dll
0x00007fff7eae0000 - 0x00007fff7eb23000 	C:\WINDOWS\system32\cfgmgr32.dll
0x00007fff7ef90000 - 0x00007fff7ef98000 	C:\WINDOWS\system32\PSAPI.DLL
0x00007fff74720000 - 0x00007fff74729000 	C:\WINDOWS\SYSTEM32\WSOCK32.dll
0x00007fff7f270000 - 0x00007fff7f2db000 	C:\WINDOWS\system32\WS2_32.dll
0x0000000052c60000 - 0x0000000052c6f000 	C:\Program Files\Java\jdk1.8.0_31\jre\bin\verify.dll
0x0000000052c30000 - 0x0000000052c58000 	C:\Program Files\Java\jdk1.8.0_31\jre\bin\java.dll
0x0000000052c10000 - 0x0000000052c26000 	C:\Program Files\Java\jdk1.8.0_31\jre\bin\zip.dll
0x00007fff80530000 - 0x00007fff81a8f000 	C:\WINDOWS\system32\SHELL32.dll

VM Arguments:
jvm_args: -Djava.awt.headless=true -Xmx1024M -Dfile.encoding=GBK -Duser.country=CN -Duser.language=zh -Duser.variant 
java_command: com.android.dx.command.Main --dex --num-threads=4 --output D:\Backup\AndroidStudioProjects\SimlpleMp3Player\app\build\intermediates\pre-dexed\debug\internal_impl-23.1.1_e25ac34f10c49d231c1aeb00375f345dd08b788f.jar D:\Backup\AndroidStudioProjects\SimlpleMp3Player\app\build\intermediates\exploded-aar\com.android.support\support-v4\23.1.1\jars\libs\internal_impl-23.1.1.jar
java_class_path (initial): D:\SDK\build-tools\23.0.2\lib\dx.jar
Launcher Type: SUN_STANDARD

Environment Variables:
JAVA_HOME=C:\Program Files\Java\jdk1.8.0_31
CLASSPATH=C:\Program Files\Java\jdk1.8.0_31\lib\dt.jar;C:\Program Files\Java\jdk1.8.0_31\bin.tools.jar;.
PATH=C:\ProgramData\Oracle\Java\javapath;C:\WINDOWS\system32;C:\WINDOWS;C:\WINDOWS\System32\Wbem;C:\WINDOWS\System32\WindowsPowerShell\v1.0\;C:\Program Files (x86)\AMD\ATI.ACE\Core-Static;C:\Program Files (x86)\Microsoft SQL Server\100\Tools\Binn\;C:\Program Files\Microsoft SQL Server\100\Tools\Binn\;C:\Program Files\Microsoft SQL Server\100\DTS\Binn\;C:\Program Files (x86)\IDM Computer Solutions\UltraEdit;C:\Python27;C:\Program Files (x86)\Apkdb;C:\Program Files (x86)\ATI Technologies\ATI.ACE\Core-Static;C:\Program Files (x86)\Windows Kits\8.1\Windows Performance Toolkit\;C:\WINDOWS\system32\config\systemprofile\.dnx\bin;C:\Program Files\Microsoft DNX\Dnvm\;C:\Users\Administrator\AppData\Local\Programs\Python\Python35\Scripts\;C:\Users\Administrator\AppData\Local\Programs\Python\Python35\;C:\Program Files\Java\jdk1.8.0_31\bin
USERNAME=Administrator
OS=Windows_NT
PROCESSOR_IDENTIFIER=Intel64 Family 6 Model 60 Stepping 3, GenuineIntel



---------------  S Y S T E M  ---------------

OS: Windows 8.1 , 64 bit Build 9600 

CPU:total 8 (4 cores per cpu, 2 threads per core) family 6 model 60 stepping 3, cmov, cx8, fxsr, mmx, sse, sse2, sse3, ssse3, sse4.1, sse4.2, popcnt, avx, avx2, aes, clmul, erms, lzcnt, ht, tsc, tscinvbit, bmi1, bmi2

Memory: 4k page, physical 8351060k(2526688k free), swap 8351060k(3060k free)

vm_info: Java HotSpot(TM) 64-Bit Server VM (25.31-b07) for windows-amd64 JRE (1.8.0_31-b13), built on Dec 17 2014 21:00:28 by "java_re" with MS VC++ 10.0 (VS2010)

time: Sun Jan 03 18:59:57 2016
elapsed time: 0 seconds (0d 0h 0m 0s)

