#
# There is insufficient memory for the Java Runtime Environment to continue.
# Native memory allocation (malloc) failed to allocate 536496 bytes for Chunk::new
# Possible reasons:
#   The system is out of physical RAM or swap space
#   In 32 bit mode, the process size limit was hit
# Possible solutions:
#   Reduce memory load on the system
#   Increase physical memory or swap space
#   Check if swap backing store is full
#   Use 64 bit Java on a 64 bit OS
#   Decrease Java heap size (-Xmx/-Xms)
#   Decrease number of Java threads
#   Decrease Java thread stack sizes (-Xss)
#   Set larger code cache with -XX:ReservedCodeCacheSize=
# This output file may be truncated or incomplete.
#
#  Out of Memory Error (allocation.cpp:390), pid=7628, tid=4716
#
# JRE version: Java(TM) SE Runtime Environment (8.0_31-b13) (build 1.8.0_31-b13)
# Java VM: Java HotSpot(TM) 64-Bit Server VM (25.31-b07 mixed mode windows-amd64 compressed oops)
# Failed to write core dump. Minidumps are not enabled by default on client versions of Windows
#

---------------  T H R E A D  ---------------

Current thread (0x00000000172c7800):  JavaThread "C2 CompilerThread1" daemon [_thread_in_native, id=4716, stack(0x0000000017940000,0x0000000017a40000)]

Stack: [0x0000000017940000,0x0000000017a40000]
Native frames: (J=compiled Java code, j=interpreted, Vv=VM code, C=native code)
V  [jvm.dll+0x3169ba]


Current CompileTask:
C2:    479  890   !   4       com.android.dx.cf.cst.ConstantPoolParser::parse0 (731 bytes)


---------------  P R O C E S S  ---------------

Java Threads: ( => current thread )
  0x00000000175bd000 JavaThread "pool-1-thread-4" [_thread_in_vm, id=9008, stack(0x0000000018a40000,0x0000000018b40000)]
  0x000000001808e800 JavaThread "pool-1-thread-3" [_thread_blocked, id=4008, stack(0x0000000018940000,0x0000000018a40000)]
  0x000000001808e000 JavaThread "pool-1-thread-2" [_thread_blocked, id=10060, stack(0x0000000018840000,0x0000000018940000)]
  0x000000001808f800 JavaThread "pool-2-thread-1" [_thread_blocked, id=8252, stack(0x0000000018740000,0x0000000018840000)]
  0x0000000017ebf800 JavaThread "pool-1-thread-1" [_thread_blocked, id=8576, stack(0x0000000018640000,0x0000000018740000)]
  0x000000001735c800 JavaThread "Service Thread" daemon [_thread_blocked, id=1944, stack(0x0000000017c40000,0x0000000017d40000)]
  0x00000000172df000 JavaThread "C1 CompilerThread3" daemon [_thread_in_vm, id=2848, stack(0x0000000017b40000,0x0000000017c40000)]
  0x00000000172cc000 JavaThread "C2 CompilerThread2" daemon [_thread_in_native, id=9076, stack(0x0000000017a40000,0x0000000017b40000)]
=>0x00000000172c7800 JavaThread "C2 CompilerThread1" daemon [_thread_in_native, id=4716, stack(0x0000000017940000,0x0000000017a40000)]
  0x00000000172c5800 JavaThread "C2 CompilerThread0" daemon [_thread_in_native, id=8308, stack(0x0000000017840000,0x0000000017940000)]
  0x00000000172c3800 JavaThread "Attach Listener" daemon [_thread_blocked, id=9776, stack(0x0000000017740000,0x0000000017840000)]
  0x0000000017278000 JavaThread "Signal Dispatcher" daemon [_thread_blocked, id=5424, stack(0x0000000017640000,0x0000000017740000)]
  0x0000000002729000 JavaThread "Finalizer" daemon [_thread_blocked, id=8584, stack(0x0000000017140000,0x0000000017240000)]
  0x000000001524c000 JavaThread "Reference Handler" daemon [_thread_blocked, id=4388, stack(0x0000000017040000,0x0000000017140000)]
  0x00000000021be000 JavaThread "main" [_thread_in_Java, id=3992, stack(0x0000000002530000,0x0000000002630000)]

Other Threads:
  0x0000000015248000 VMThread [stack: 0x0000000016f40000,0x0000000017040000] [id=5808]
  0x000000001736d800 WatcherThread [stack: 0x0000000017d40000,0x0000000017e40000] [id=8844]

VM state:not at safepoint (normal execution)

VM Mutex/Monitor currently owned by a thread: None

Heap:
 PSYoungGen      total 38400K, used 9663K [0x00000000eab00000, 0x00000000ed580000, 0x0000000100000000)
  eden space 33280K, 13% used [0x00000000eab00000,0x00000000eaf75a20,0x00000000ecb80000)
  from space 5120K, 99% used [0x00000000ecb80000,0x00000000ed07a3e0,0x00000000ed080000)
  to   space 5120K, 0% used [0x00000000ed080000,0x00000000ed080000,0x00000000ed580000)
 ParOldGen       total 87552K, used 527K [0x00000000c0000000, 0x00000000c5580000, 0x00000000eab00000)
  object space 87552K, 0% used [0x00000000c0000000,0x00000000c0083fa0,0x00000000c5580000)
 Metaspace       used 5907K, capacity 6832K, committed 7040K, reserved 1056768K
  class space    used 596K, capacity 616K, committed 640K, reserved 1048576K

Card table byte_map: [0x0000000011af0000,0x0000000011d00000] byte_map_base: 0x00000000114f0000

Marking Bits: (ParMarkBitMap*) 0x000000005139d4f0
 Begin Bits: [0x0000000012660000, 0x0000000013660000)
 End Bits:   [0x0000000013660000, 0x0000000014660000)

Polling page: 0x0000000000450000

CodeCache: size=245760Kb used=3357Kb max_used=3357Kb free=242402Kb
 bounds [0x0000000002730000, 0x0000000002a80000, 0x0000000011730000]
 total_blobs=1148 nmethods=880 adapters=180
 compilation: enabled

Compilation events (10 events):
Event: 0.473 Thread 0x00000000172df000 nmethod 864 0x0000000002a61dd0 code [0x0000000002a62380, 0x0000000002a66028]
Event: 0.473 Thread 0x00000000172df000  915       3       com.android.dx.cf.code.RopperMachine::jopToRopOpcode (1103 bytes)
Event: 0.474 Thread 0x00000000172df000 nmethod 915 0x0000000002a68c10 code [0x0000000002a68f20, 0x0000000002a6b178]
Event: 0.474 Thread 0x00000000172df000  875       3       com.android.dx.cf.code.LocalVariableList$Item::matchesPcAndIndex (35 bytes)
Event: 0.474 Thread 0x00000000172df000 nmethod 875 0x0000000002a5f590 code [0x0000000002a5f700, 0x0000000002a5f930]
Event: 0.474 Thread 0x00000000172df000  872   !   3       com.android.dx.cf.code.BaseMachine::arg (36 bytes)
Event: 0.475 Thread 0x00000000172df000 nmethod 872 0x0000000002a5ef10 code [0x0000000002a5f0a0, 0x0000000002a5f3b8]
Event: 0.475 Thread 0x00000000172df000  865       3       com.android.dx.cf.direct.StdAttributeFactory::parse0 (532 bytes)
Event: 0.475 Thread 0x00000000172c5800 nmethod 886 0x0000000002a6df90 code [0x0000000002a6e1a0, 0x0000000002a6ef50]
Event: 0.475 Thread 0x00000000172c5800  917       4       java.util.ArrayList::<init> (67 bytes)

GC Heap History (2 events):
Event: 0.446 GC heap before
{Heap before GC invocations=1 (full 0):
 PSYoungGen      total 38400K, used 33280K [0x00000000eab00000, 0x00000000ed580000, 0x0000000100000000)
  eden space 33280K, 100% used [0x00000000eab00000,0x00000000ecb80000,0x00000000ecb80000)
  from space 5120K, 0% used [0x00000000ed080000,0x00000000ed080000,0x00000000ed580000)
  to   space 5120K, 0% used [0x00000000ecb80000,0x00000000ecb80000,0x00000000ed080000)
 ParOldGen       total 87552K, used 0K [0x00000000c0000000, 0x00000000c5580000, 0x00000000eab00000)
  object space 87552K, 0% used [0x00000000c0000000,0x00000000c0000000,0x00000000c5580000)
 Metaspace       used 5840K, capacity 6768K, committed 7040K, reserved 1056768K
  class space    used 594K, capacity 616K, committed 640K, reserved 1048576K
Event: 0.452 GC heap after
Heap after GC invocations=1 (full 0):
 PSYoungGen      total 38400K, used 5096K [0x00000000eab00000, 0x00000000ed580000, 0x0000000100000000)
  eden space 33280K, 0% used [0x00000000eab00000,0x00000000eab00000,0x00000000ecb80000)
  from space 5120K, 99% used [0x00000000ecb80000,0x00000000ed07a3e0,0x00000000ed080000)
  to   space 5120K, 0% used [0x00000000ed080000,0x00000000ed080000,0x00000000ed580000)
 ParOldGen       total 87552K, used 527K [0x00000000c0000000, 0x00000000c5580000, 0x00000000eab00000)
  object space 87552K, 0% used [0x00000000c0000000,0x00000000c0083fa0,0x00000000c5580000)
 Metaspace       used 5840K, capacity 6768K, committed 7040K, reserved 1056768K
  class space    used 594K, capacity 616K, committed 640K, reserved 1048576K
}

Deoptimization events (2 events):
Event: 0.459 Thread 0x000000001808e000 Uncommon trap: reason=class_check action=maybe_recompile pc=0x0000000002a00924 method=com.android.dx.rop.type.Type.equals(Ljava/lang/Object;)Z @ 8
Event: 0.460 Thread 0x000000001808e000 Uncommon trap: reason=null_check action=make_not_entrant pc=0x0000000002a00934 method=com.android.dx.rop.type.Type.equals(Ljava/lang/Object;)Z @ 8

Internal exceptions (10 events):
Event: 0.362 Thread 0x00000000021be000 Exception <a 'java/security/PrivilegedActionException'> (0x00000000ec355ff8) thrown at [C:\workspace\8-2-build-windows-amd64-cygwin\jdk8u31\2394\hotspot\src\share\vm\prims\jvm.cpp, line 1312]
Event: 0.362 Thread 0x00000000021be000 Exception <a 'java/security/PrivilegedActionException'> (0x00000000ec358410) thrown at [C:\workspace\8-2-build-windows-amd64-cygwin\jdk8u31\2394\hotspot\src\share\vm\prims\jvm.cpp, line 1312]
Event: 0.365 Thread 0x000000001808e800 Exception <a 'java/security/PrivilegedActionException'> (0x00000000ec224428) thrown at [C:\workspace\8-2-build-windows-amd64-cygwin\jdk8u31\2394\hotspot\src\share\vm\prims\jvm.cpp, line 1312]
Event: 0.365 Thread 0x000000001808e800 Exception <a 'java/security/PrivilegedActionException'> (0x00000000ec229ba8) thrown at [C:\workspace\8-2-build-windows-amd64-cygwin\jdk8u31\2394\hotspot\src\share\vm\prims\jvm.cpp, line 1312]
Event: 0.366 Thread 0x000000001808e800 Exception <a 'java/security/PrivilegedActionException'> (0x00000000ec22f008) thrown at [C:\workspace\8-2-build-windows-amd64-cygwin\jdk8u31\2394\hotspot\src\share\vm\prims\jvm.cpp, line 1312]
Event: 0.374 Thread 0x0000000017ebf800 Exception <a 'java/security/PrivilegedActionException'> (0x00000000ec3d7b50) thrown at [C:\workspace\8-2-build-windows-amd64-cygwin\jdk8u31\2394\hotspot\src\share\vm\prims\jvm.cpp, line 1312]
Event: 0.384 Thread 0x000000001808e000 Exception <a 'java/security/PrivilegedActionException'> (0x00000000ec4a43b8) thrown at [C:\workspace\8-2-build-windows-amd64-cygwin\jdk8u31\2394\hotspot\src\share\vm\prims\jvm.cpp, line 1312]
Event: 0.408 Thread 0x00000000021be000 Exception <a 'java/security/PrivilegedActionException'> (0x00000000ec8557d8) thrown at [C:\workspace\8-2-build-windows-amd64-cygwin\jdk8u31\2394\hotspot\src\share\vm\prims\jvm.cpp, line 1312]
Event: 0.460 Thread 0x000000001808e000 Implicit null exception at 0x0000000002a00822 to 0x0000000002a00925
Event: 0.470 Thread 0x00000000175bd000 Exception <a 'java/security/PrivilegedActionException'> (0x00000000ead35bf8) thrown at [C:\workspace\8-2-build-windows-amd64-cygwin\jdk8u31\2394\hotspot\src\share\vm\prims\jvm.cpp, line 1312]

Events (10 events):
Event: 0.445 Executing VM operation: ParallelGCFailedAllocation
Event: 0.452 Executing VM operation: ParallelGCFailedAllocation done
Event: 0.459 Thread 0x000000001808e000 Uncommon trap: trap_request=0xffffffde fr.pc=0x0000000002a00924
Event: 0.459 Thread 0x000000001808e000 DEOPT PACKING pc=0x0000000002a00924 sp=0x000000001893e690
Event: 0.459 Thread 0x000000001808e000 DEOPT UNPACKING pc=0x000000000277556a sp=0x000000001893e638 mode 2
Event: 0.460 Thread 0x000000001808e000 Uncommon trap: trap_request=0xfffffff4 fr.pc=0x0000000002a00934
Event: 0.460 Thread 0x000000001808e000 DEOPT PACKING pc=0x0000000002a00934 sp=0x000000001893e640
Event: 0.460 Thread 0x000000001808e000 DEOPT UNPACKING pc=0x000000000277556a sp=0x000000001893e5e8 mode 2
Event: 0.470 loading class com/android/dx/cf/code/Ropper$ExceptionHandlerSetup
Event: 0.470 loading class com/android/dx/cf/code/Ropper$ExceptionHandlerSetup done


Dynamic libraries:
0x00007ff7c5360000 - 0x00007ff7c5394000 	C:\Program Files\Java\jdk1.8.0_31\bin\java.exe
0x00007ffed1530000 - 0x00007ffed16f1000 	C:\WINDOWS\SYSTEM32\ntdll.dll
0x00007ffeceba0000 - 0x00007ffecec4d000 	C:\WINDOWS\system32\KERNEL32.DLL
0x00007ffecd990000 - 0x00007ffecdb78000 	C:\WINDOWS\system32\KERNELBASE.dll
0x00007ffeceab0000 - 0x00007ffeceb57000 	C:\WINDOWS\system32\ADVAPI32.dll
0x00007ffecf5f0000 - 0x00007ffecf68d000 	C:\WINDOWS\system32\msvcrt.dll
0x00007ffecfaf0000 - 0x00007ffecfb4b000 	C:\WINDOWS\system32\sechost.dll
0x00007ffecf0a0000 - 0x00007ffecf1bc000 	C:\WINDOWS\system32\RPCRT4.dll
0x00007ffecf770000 - 0x00007ffecf8c6000 	C:\WINDOWS\system32\USER32.dll
0x00007ffecec50000 - 0x00007ffecedd6000 	C:\WINDOWS\system32\GDI32.dll
0x00007ffec1b20000 - 0x00007ffec1d94000 	C:\WINDOWS\WinSxS\amd64_microsoft.windows.common-controls_6595b64144ccf1df_6.0.10586.0_none_8c15ae12515e1c22\COMCTL32.dll
0x00007ffecfc40000 - 0x00007ffecfebd000 	C:\WINDOWS\system32\combase.dll
0x00007ffecdc30000 - 0x00007ffecdc9a000 	C:\WINDOWS\system32\bcryptPrimitives.dll
0x00007ffeceb60000 - 0x00007ffeceb9b000 	C:\WINDOWS\system32\IMM32.DLL
0x0000000050660000 - 0x0000000050732000 	C:\Program Files\Java\jdk1.8.0_31\jre\bin\msvcr100.dll
0x0000000050bc0000 - 0x000000005141a000 	C:\Program Files\Java\jdk1.8.0_31\jre\bin\server\jvm.dll
0x00007ffece670000 - 0x00007ffece693000 	C:\WINDOWS\system32\WINMM.dll
0x00007ffecd950000 - 0x00007ffecd97c000 	C:\WINDOWS\system32\WINMMBASE.dll
0x00007ffecdca0000 - 0x00007ffecdce3000 	C:\WINDOWS\system32\cfgmgr32.dll
0x00007ffec1b10000 - 0x00007ffec1b19000 	C:\WINDOWS\SYSTEM32\WSOCK32.dll
0x00007ffecf690000 - 0x00007ffecf698000 	C:\WINDOWS\system32\PSAPI.DLL
0x00007ffed1420000 - 0x00007ffed148b000 	C:\WINDOWS\system32\WS2_32.dll
0x0000000050ad0000 - 0x0000000050adf000 	C:\Program Files\Java\jdk1.8.0_31\jre\bin\verify.dll
0x0000000050aa0000 - 0x0000000050ac8000 	C:\Program Files\Java\jdk1.8.0_31\jre\bin\java.dll
0x0000000050a80000 - 0x0000000050a96000 	C:\Program Files\Java\jdk1.8.0_31\jre\bin\zip.dll
0x00007ffecfec0000 - 0x00007ffed141f000 	C:\WINDOWS\system32\SHELL32.dll
0x00007ffece010000 - 0x00007ffece654000 	C:\WINDOWS\system32\windows.storage.dll
0x00007ffecf980000 - 0x00007ffecf9d2000 	C:\WINDOWS\system32\shlwapi.dll
0x00007ffecd980000 - 0x00007ffecd98f000 	C:\WINDOWS\system32\kernel.appcore.dll
0x00007ffecdec0000 - 0x00007ffecdf75000 	C:\WINDOWS\system32\shcore.dll
0x00007ffece700000 - 0x00007ffece74b000 	C:\WINDOWS\system32\powrprof.dll
0x00007ffecd920000 - 0x00007ffecd934000 	C:\WINDOWS\system32\profapi.dll
0x00007ffea90c0000 - 0x00007ffea924c000 	C:\WINDOWS\SYSTEM32\dbghelp.dll

VM Arguments:
jvm_args: -Djava.awt.headless=true -Xmx1024M -Dfile.encoding=GBK -Duser.country=CN -Duser.language=zh -Duser.variant 
java_command: com.android.dx.command.Main --dex --num-threads=4 --output D:\Backup\AndroidStudioProjects\SimlpleMp3Player\app\build\intermediates\pre-dexed\debug\com.android.support-support-v4-23.1.1_c60eac0a7bbe397ecb1b2b529132f775e8960cbe.jar D:\Backup\AndroidStudioProjects\SimlpleMp3Player\app\build\intermediates\exploded-aar\com.android.support\support-v4\23.1.1\jars\classes.jar
java_class_path (initial): D:\SDK\build-tools\23.0.2\lib\dx.jar
Launcher Type: SUN_STANDARD

Environment Variables:
JAVA_HOME=C:\Program Files\Java\jdk1.8.0_31
CLASSPATH=C:\Program Files\Java\jdk1.8.0_31\lib\dt.jar;C:\Program Files\Java\jdk1.8.0_31\bin.tools.jar;.
PATH=C:\ProgramData\Oracle\Java\javapath;C:\WINDOWS\system32;C:\WINDOWS;C:\WINDOWS\System32\Wbem;C:\WINDOWS\System32\WindowsPowerShell\v1.0\;C:\Program Files (x86)\AMD\ATI.ACE\Core-Static;C:\Program Files (x86)\Microsoft SQL Server\100\Tools\Binn\;C:\Program Files\Microsoft SQL Server\100\Tools\Binn\;C:\Program Files\Microsoft SQL Server\100\DTS\Binn\;C:\Program Files (x86)\IDM Computer Solutions\UltraEdit;C:\Python27;C:\Program Files (x86)\Apkdb;C:\Program Files (x86)\ATI Technologies\ATI.ACE\Core-Static;C:\Program Files (x86)\Windows Kits\8.1\Windows Performance Toolkit\;C:\WINDOWS\system32\config\systemprofile\.dnx\bin;C:\Program Files\Microsoft DNX\Dnvm\;C:\Users\Administrator\AppData\Local\Programs\Python\Python35\Scripts\;C:\Users\Administrator\AppData\Local\Programs\Python\Python35\;C:\Program Files\Java\jdk1.8.0_31\bin;C:\Program Files\Genymobile\Genymotion\tools
USERNAME=Administrator
OS=Windows_NT
PROCESSOR_IDENTIFIER=Intel64 Family 6 Model 60 Stepping 3, GenuineIntel



---------------  S Y S T E M  ---------------

OS: Windows 8.1 , 64 bit Build 9600 

CPU:total 8 (4 cores per cpu, 2 threads per core) family 6 model 60 stepping 3, cmov, cx8, fxsr, mmx, sse, sse2, sse3, ssse3, sse4.1, sse4.2, popcnt, avx, avx2, aes, clmul, erms, lzcnt, ht, tsc, tscinvbit, bmi1, bmi2

Memory: 4k page, physical 8351060k(2034600k free), swap 8351060k(5136k free)

vm_info: Java HotSpot(TM) 64-Bit Server VM (25.31-b07) for windows-amd64 JRE (1.8.0_31-b13), built on Dec 17 2014 21:00:28 by "java_re" with MS VC++ 10.0 (VS2010)

time: Tue Jan 05 17:52:24 2016
elapsed time: 0 seconds (0d 0h 0m 0s)

