#
# There is insufficient memory for the Java Runtime Environment to continue.
# Native memory allocation (malloc) failed to allocate 1264416 bytes for Chunk::new
# Possible reasons:
#   The system is out of physical RAM or swap space
#   In 32 bit mode, the process size limit was hit
# Possible solutions:
#   Reduce memory load on the system
#   Increase physical memory or swap space
#   Check if swap backing store is full
#   Use 64 bit Java on a 64 bit OS
#   Decrease Java heap size (-Xmx/-Xms)
#   Decrease number of Java threads
#   Decrease Java thread stack sizes (-Xss)
#   Set larger code cache with -XX:ReservedCodeCacheSize=
# This output file may be truncated or incomplete.
#
#  Out of Memory Error (allocation.cpp:390), pid=5284, tid=8308
#
# JRE version: Java(TM) SE Runtime Environment (8.0_31-b13) (build 1.8.0_31-b13)
# Java VM: Java HotSpot(TM) 64-Bit Server VM (25.31-b07 mixed mode windows-amd64 compressed oops)
# Failed to write core dump. Minidumps are not enabled by default on client versions of Windows
#

---------------  T H R E A D  ---------------

Current thread (0x00000000171eb000):  JavaThread "C2 CompilerThread2" daemon [_thread_in_native, id=8308, stack(0x0000000017960000,0x0000000017a60000)]

Stack: [0x0000000017960000,0x0000000017a60000]
Native frames: (J=compiled Java code, j=interpreted, Vv=VM code, C=native code)
V  [jvm.dll+0x3169ba]
V  [jvm.dll+0x2674c3]
V  [jvm.dll+0x268103]
V  [jvm.dll+0x25f8f5]
V  [jvm.dll+0xbf025]
V  [jvm.dll+0xbf4cc]
V  [jvm.dll+0x45df82]
V  [jvm.dll+0x49f21f]
V  [jvm.dll+0x453094]
V  [jvm.dll+0x454124]
V  [jvm.dll+0x437c62]
V  [jvm.dll+0x988e2]
V  [jvm.dll+0x990d3]
V  [jvm.dll+0x22c194]
V  [jvm.dll+0x28576a]
C  [msvcr100.dll+0x21d9f]
C  [msvcr100.dll+0x21e3b]
C  [KERNEL32.DLL+0x18102]
C  [ntdll.dll+0x5c2e4]


Current CompileTask:
C2:   2116 1493       4       com.android.dx.ssa.SsaRenamer$BlockRenamer::process (191 bytes)


---------------  P R O C E S S  ---------------

Java Threads: ( => current thread )
  0x000000001751f000 JavaThread "pool-1-thread-4" [_thread_blocked, id=2032, stack(0x0000000018960000,0x0000000018a60000)]
  0x000000001751e000 JavaThread "pool-1-thread-3" [_thread_blocked, id=11184, stack(0x0000000018860000,0x0000000018960000)]
  0x0000000017e4c800 JavaThread "pool-1-thread-2" [_thread_in_vm, id=2372, stack(0x0000000018760000,0x0000000018860000)]
  0x0000000017d67800 JavaThread "pool-2-thread-1" [_thread_blocked, id=4532, stack(0x0000000018660000,0x0000000018760000)]
  0x0000000017e4c000 JavaThread "pool-1-thread-1" [_thread_in_Java, id=5108, stack(0x0000000018560000,0x0000000018660000)]
  0x00000000171f6800 JavaThread "Service Thread" daemon [_thread_blocked, id=3736, stack(0x0000000017b60000,0x0000000017c60000)]
  0x00000000171f0800 JavaThread "C1 CompilerThread3" daemon [_thread_blocked, id=9700, stack(0x0000000017a60000,0x0000000017b60000)]
=>0x00000000171eb000 JavaThread "C2 CompilerThread2" daemon [_thread_in_native, id=8308, stack(0x0000000017960000,0x0000000017a60000)]
  0x00000000171e6800 JavaThread "C2 CompilerThread1" daemon [_thread_in_native, id=9600, stack(0x0000000017860000,0x0000000017960000)]
  0x00000000171e4800 JavaThread "C2 CompilerThread0" daemon [_thread_in_native, id=7656, stack(0x0000000017760000,0x0000000017860000)]
  0x00000000171e2800 JavaThread "Attach Listener" daemon [_thread_blocked, id=9480, stack(0x0000000017660000,0x0000000017760000)]
  0x0000000017197800 JavaThread "Signal Dispatcher" daemon [_thread_blocked, id=1400, stack(0x0000000017560000,0x0000000017660000)]
  0x0000000002667800 JavaThread "Finalizer" daemon [_thread_blocked, id=4980, stack(0x0000000017060000,0x0000000017160000)]
  0x0000000002661000 JavaThread "Reference Handler" daemon [_thread_blocked, id=10612, stack(0x0000000016f60000,0x0000000017060000)]
  0x00000000020fe000 JavaThread "main" [_thread_blocked, id=11104, stack(0x0000000002470000,0x0000000002570000)]

Other Threads:
  0x0000000015188800 VMThread [stack: 0x0000000016e60000,0x0000000016f60000] [id=3648]
  0x00000000171f7800 WatcherThread [stack: 0x0000000017c60000,0x0000000017d60000] [id=3132]

VM state:not at safepoint (normal execution)

VM Mutex/Monitor currently owned by a thread: None

Heap:
 PSYoungGen      total 71680K, used 7791K [0x00000000eab00000, 0x00000000ef600000, 0x0000000100000000)
  eden space 66560K, 4% used [0x00000000eab00000,0x00000000ead9da58,0x00000000eec00000)
  from space 5120K, 99% used [0x00000000ef100000,0x00000000ef5fe288,0x00000000ef600000)
  to   space 5120K, 0% used [0x00000000eec00000,0x00000000eec00000,0x00000000ef100000)
 ParOldGen       total 87552K, used 3321K [0x00000000c0000000, 0x00000000c5580000, 0x00000000eab00000)
  object space 87552K, 3% used [0x00000000c0000000,0x00000000c033e498,0x00000000c5580000)
 Metaspace       used 6147K, capacity 7024K, committed 7296K, reserved 1056768K
  class space    used 596K, capacity 616K, committed 640K, reserved 1048576K

Card table byte_map: [0x0000000011a30000,0x0000000011c40000] byte_map_base: 0x0000000011430000

Marking Bits: (ParMarkBitMap*) 0x000000005352d4f0
 Begin Bits: [0x00000000125a0000, 0x00000000135a0000)
 End Bits:   [0x00000000135a0000, 0x00000000145a0000)

Polling page: 0x0000000000530000

CodeCache: size=245760Kb used=6099Kb max_used=6127Kb free=239660Kb
 bounds [0x0000000002670000, 0x0000000002c80000, 0x0000000011670000]
 total_blobs=1763 nmethods=1497 adapters=180
 compilation: enabled

Compilation events (10 events):
Event: 1.803 Thread 0x00000000171f0800 1532       3       com.android.dx.ssa.SsaBasicBlock::addMoveToEnd (172 bytes)
Event: 2.081 Thread 0x00000000171f0800 nmethod 1532 0x0000000002c5d810 code [0x0000000002c5db80, 0x0000000002c5fa08]
Event: 2.081 Thread 0x00000000171f0800 1534       1       com.android.dx.ssa.MoveParamCombiner$1::visitPhiInsn (1 bytes)
Event: 2.081 Thread 0x00000000171f0800 nmethod 1534 0x0000000002c60e50 code [0x0000000002c60fa0, 0x0000000002c610b0]
Event: 2.081 Thread 0x00000000171f0800 1533       1       com.android.dx.ssa.SsaInsn::isNormalMoveInsn (2 bytes)
Event: 2.081 Thread 0x00000000171f0800 nmethod 1533 0x0000000002c61110 code [0x0000000002c61260, 0x0000000002c61370]
Event: 2.090 Thread 0x00000000171e4800 nmethod 1370 0x0000000002c613d0 code [0x0000000002c62a20, 0x0000000002c68ec8]
Event: 2.091 Thread 0x00000000171e4800 1536   !   4       com.android.dx.rop.code.RegisterSpec::intern (70 bytes)
Event: 2.106 Thread 0x00000000171f0800 1538       3       com.android.dx.rop.cst.CstString::<init> (42 bytes)
Event: 2.106 Thread 0x00000000171f0800 nmethod 1538 0x0000000002c5ce50 code [0x0000000002c5d000, 0x0000000002c5d578]

GC Heap History (4 events):
Event: 0.894 GC heap before
{Heap before GC invocations=1 (full 0):
 PSYoungGen      total 38400K, used 33280K [0x00000000eab00000, 0x00000000ed580000, 0x0000000100000000)
  eden space 33280K, 100% used [0x00000000eab00000,0x00000000ecb80000,0x00000000ecb80000)
  from space 5120K, 0% used [0x00000000ed080000,0x00000000ed080000,0x00000000ed580000)
  to   space 5120K, 0% used [0x00000000ecb80000,0x00000000ecb80000,0x00000000ed080000)
 ParOldGen       total 87552K, used 0K [0x00000000c0000000, 0x00000000c5580000, 0x00000000eab00000)
  object space 87552K, 0% used [0x00000000c0000000,0x00000000c0000000,0x00000000c5580000)
 Metaspace       used 5875K, capacity 6768K, committed 7040K, reserved 1056768K
  class space    used 594K, capacity 616K, committed 640K, reserved 1048576K
Event: 1.207 GC heap after
Heap after GC invocations=1 (full 0):
 PSYoungGen      total 38400K, used 5115K [0x00000000eab00000, 0x00000000ef600000, 0x0000000100000000)
  eden space 33280K, 0% used [0x00000000eab00000,0x00000000eab00000,0x00000000ecb80000)
  from space 5120K, 99% used [0x00000000ecb80000,0x00000000ed07ed70,0x00000000ed080000)
  to   space 5120K, 0% used [0x00000000ef100000,0x00000000ef100000,0x00000000ef600000)
 ParOldGen       total 87552K, used 147K [0x00000000c0000000, 0x00000000c5580000, 0x00000000eab00000)
  object space 87552K, 0% used [0x00000000c0000000,0x00000000c0024db0,0x00000000c5580000)
 Metaspace       used 5875K, capacity 6768K, committed 7040K, reserved 1056768K
  class space    used 594K, capacity 616K, committed 640K, reserved 1048576K
}
Event: 1.919 GC heap before
{Heap before GC invocations=2 (full 0):
 PSYoungGen      total 38400K, used 38395K [0x00000000eab00000, 0x00000000ef600000, 0x0000000100000000)
  eden space 33280K, 100% used [0x00000000eab00000,0x00000000ecb80000,0x00000000ecb80000)
  from space 5120K, 99% used [0x00000000ecb80000,0x00000000ed07ed70,0x00000000ed080000)
  to   space 5120K, 0% used [0x00000000ef100000,0x00000000ef100000,0x00000000ef600000)
 ParOldGen       total 87552K, used 147K [0x00000000c0000000, 0x00000000c5580000, 0x00000000eab00000)
  object space 87552K, 0% used [0x00000000c0000000,0x00000000c0024db0,0x00000000c5580000)
 Metaspace       used 6145K, capacity 7024K, committed 7296K, reserved 1056768K
  class space    used 596K, capacity 616K, committed 640K, reserved 1048576K
Event: 2.065 GC heap after
Heap after GC invocations=2 (full 0):
 PSYoungGen      total 71680K, used 5112K [0x00000000eab00000, 0x00000000ef600000, 0x0000000100000000)
  eden space 66560K, 0% used [0x00000000eab00000,0x00000000eab00000,0x00000000eec00000)
  from space 5120K, 99% used [0x00000000ef100000,0x00000000ef5fe288,0x00000000ef600000)
  to   space 5120K, 0% used [0x00000000eec00000,0x00000000eec00000,0x00000000ef100000)
 ParOldGen       total 87552K, used 3321K [0x00000000c0000000, 0x00000000c5580000, 0x00000000eab00000)
  object space 87552K, 3% used [0x00000000c0000000,0x00000000c033e498,0x00000000c5580000)
 Metaspace       used 6145K, capacity 7024K, committed 7296K, reserved 1056768K
  class space    used 596K, capacity 616K, committed 640K, reserved 1048576K
}

Deoptimization events (10 events):
Event: 1.653 Thread 0x0000000017e4c000 Uncommon trap: reason=unreached action=reinterpret pc=0x00000000029457dc method=com.android.dx.rop.cst.Constant.compareTo(Lcom/android/dx/rop/cst/Constant;)I @ 12
Event: 1.717 Thread 0x000000001751e000 Uncommon trap: reason=class_check action=maybe_recompile pc=0x000000000299dd24 method=com.android.dx.rop.type.Type.equals(Ljava/lang/Object;)Z @ 8
Event: 1.727 Thread 0x000000001751e000 Uncommon trap: reason=null_check action=make_not_entrant pc=0x000000000299dd34 method=com.android.dx.rop.type.Type.equals(Ljava/lang/Object;)Z @ 8
Event: 1.743 Thread 0x0000000017e4c800 Uncommon trap: reason=class_check action=maybe_recompile pc=0x000000000296858c method=com.android.dx.rop.type.Type.equals(Ljava/lang/Object;)Z @ 8
Event: 1.743 Thread 0x0000000017e4c800 Uncommon trap: reason=class_check action=maybe_recompile pc=0x000000000296858c method=com.android.dx.rop.type.Type.equals(Ljava/lang/Object;)Z @ 8
Event: 1.743 Thread 0x0000000017e4c800 Uncommon trap: reason=class_check action=maybe_recompile pc=0x000000000296858c method=com.android.dx.rop.type.Type.equals(Ljava/lang/Object;)Z @ 8
Event: 1.749 Thread 0x000000001751f000 Uncommon trap: reason=class_check action=maybe_recompile pc=0x00000000029cee6c method=com.android.dx.rop.type.Type.equals(Ljava/lang/Object;)Z @ 8
Event: 1.750 Thread 0x000000001751f000 Uncommon trap: reason=class_check action=maybe_recompile pc=0x00000000029c917c method=com.android.dx.rop.type.Type.equals(Ljava/lang/Object;)Z @ 8
Event: 1.756 Thread 0x000000001751f000 Uncommon trap: reason=class_check action=maybe_recompile pc=0x0000000002a30a3c method=com.android.dx.rop.type.Type.equals(Ljava/lang/Object;)Z @ 8
Event: 1.756 Thread 0x0000000017e4c800 Uncommon trap: reason=unreached action=reinterpret pc=0x0000000002b87b2c method=com.android.dx.util.LabeledList.set(ILcom/android/dx/util/LabeledItem;)V @ 16

Internal exceptions (10 events):
Event: 0.700 Thread 0x000000001751f000 Exception <a 'java/security/PrivilegedActionException'> (0x00000000ebdc1d38) thrown at [C:\workspace\8-2-build-windows-amd64-cygwin\jdk8u31\2394\hotspot\src\share\vm\prims\jvm.cpp, line 1312]
Event: 0.700 Thread 0x0000000017e4c800 Exception <a 'java/security/PrivilegedActionException'> (0x00000000ebfcaf18) thrown at [C:\workspace\8-2-build-windows-amd64-cygwin\jdk8u31\2394\hotspot\src\share\vm\prims\jvm.cpp, line 1312]
Event: 0.724 Thread 0x00000000020fe000 Exception <a 'java/security/PrivilegedActionException'> (0x00000000ec060c60) thrown at [C:\workspace\8-2-build-windows-amd64-cygwin\jdk8u31\2394\hotspot\src\share\vm\prims\jvm.cpp, line 1312]
Event: 0.727 Thread 0x0000000017e4c800 Exception <a 'java/security/PrivilegedActionException'> (0x00000000ec39d360) thrown at [C:\workspace\8-2-build-windows-amd64-cygwin\jdk8u31\2394\hotspot\src\share\vm\prims\jvm.cpp, line 1312]
Event: 0.788 Thread 0x00000000020fe000 Exception <a 'java/security/PrivilegedActionException'> (0x00000000ec481d30) thrown at [C:\workspace\8-2-build-windows-amd64-cygwin\jdk8u31\2394\hotspot\src\share\vm\prims\jvm.cpp, line 1312]
Event: 0.788 Thread 0x0000000017e4c000 Exception <a 'java/security/PrivilegedActionException'> (0x00000000ec23c368) thrown at [C:\workspace\8-2-build-windows-amd64-cygwin\jdk8u31\2394\hotspot\src\share\vm\prims\jvm.cpp, line 1312]
Event: 0.788 Thread 0x00000000020fe000 Exception <a 'java/security/PrivilegedActionException'> (0x00000000ec484148) thrown at [C:\workspace\8-2-build-windows-amd64-cygwin\jdk8u31\2394\hotspot\src\share\vm\prims\jvm.cpp, line 1312]
Event: 0.851 Thread 0x0000000017e4c000 Exception <a 'java/security/PrivilegedActionException'> (0x00000000ec8f5628) thrown at [C:\workspace\8-2-build-windows-amd64-cygwin\jdk8u31\2394\hotspot\src\share\vm\prims\jvm.cpp, line 1312]
Event: 1.713 Thread 0x0000000017e4c800 Exception <a 'java/security/PrivilegedActionException'> (0x00000000eac60160) thrown at [C:\workspace\8-2-build-windows-amd64-cygwin\jdk8u31\2394\hotspot\src\share\vm\prims\jvm.cpp, line 1312]
Event: 1.727 Thread 0x000000001751e000 Implicit null exception at 0x000000000299dc22 to 0x000000000299dd25

Events (10 events):
Event: 1.750 Thread 0x000000001751f000 DEOPT PACKING pc=0x00000000029c917c sp=0x0000000018a5dba0
Event: 1.750 Thread 0x000000001751f000 DEOPT UNPACKING pc=0x00000000026b556a sp=0x0000000018a5da00 mode 2
Event: 1.756 Thread 0x000000001751f000 Uncommon trap: trap_request=0xffffffde fr.pc=0x0000000002a30a3c
Event: 1.756 Thread 0x000000001751f000 DEOPT PACKING pc=0x0000000002a30a3c sp=0x0000000018a5e8a0
Event: 1.756 Thread 0x000000001751f000 DEOPT UNPACKING pc=0x00000000026b556a sp=0x0000000018a5e480 mode 2
Event: 1.756 Thread 0x0000000017e4c800 Uncommon trap: trap_request=0xffffffad fr.pc=0x0000000002b87b2c
Event: 1.756 Thread 0x0000000017e4c800 DEOPT PACKING pc=0x0000000002b87b2c sp=0x000000001885ea80
Event: 1.756 Thread 0x0000000017e4c800 DEOPT UNPACKING pc=0x00000000026b556a sp=0x000000001885ea68 mode 2
Event: 1.803 Executing VM operation: ParallelGCFailedAllocation
Event: 2.065 Executing VM operation: ParallelGCFailedAllocation done


Dynamic libraries:
0x00007ff7e2a80000 - 0x00007ff7e2ab4000 	C:\Program Files\Java\jdk1.8.0_31\bin\java.exe
0x00007fff81a90000 - 0x00007fff81c51000 	C:\WINDOWS\SYSTEM32\ntdll.dll
0x00007fff7f050000 - 0x00007fff7f0fd000 	C:\WINDOWS\system32\KERNEL32.DLL
0x00007fff7def0000 - 0x00007fff7e0d8000 	C:\WINDOWS\system32\KERNELBASE.dll
0x00007fff7f2e0000 - 0x00007fff7f387000 	C:\WINDOWS\system32\ADVAPI32.dll
0x00007fff7f750000 - 0x00007fff7f7ed000 	C:\WINDOWS\system32\msvcrt.dll
0x00007fff7ed40000 - 0x00007fff7ed9b000 	C:\WINDOWS\system32\sechost.dll
0x00007fff7f9d0000 - 0x00007fff7faec000 	C:\WINDOWS\system32\RPCRT4.dll
0x00007fff7f390000 - 0x00007fff7f4e6000 	C:\WINDOWS\system32\USER32.dll
0x00007fff7eda0000 - 0x00007fff7ef26000 	C:\WINDOWS\system32\GDI32.dll
0x00007fff72c20000 - 0x00007fff72e94000 	C:\WINDOWS\WinSxS\amd64_microsoft.windows.common-controls_6595b64144ccf1df_6.0.10586.0_none_8c15ae12515e1c22\COMCTL32.dll
0x00007fff801a0000 - 0x00007fff8041d000 	C:\WINDOWS\system32\combase.dll
0x00007fff7e160000 - 0x00007fff7e1ca000 	C:\WINDOWS\system32\bcryptPrimitives.dll
0x00007fff7f230000 - 0x00007fff7f26b000 	C:\WINDOWS\system32\IMM32.DLL
0x0000000052560000 - 0x0000000052632000 	C:\Program Files\Java\jdk1.8.0_31\jre\bin\msvcr100.dll
0x0000000052d50000 - 0x00000000535aa000 	C:\Program Files\Java\jdk1.8.0_31\jre\bin\server\jvm.dll
0x00007fff7eb30000 - 0x00007fff7eb53000 	C:\WINDOWS\system32\WINMM.dll
0x00007fff7deb0000 - 0x00007fff7dedc000 	C:\WINDOWS\system32\WINMMBASE.dll
0x00007fff7eae0000 - 0x00007fff7eb23000 	C:\WINDOWS\system32\cfgmgr32.dll
0x00007fff7ef90000 - 0x00007fff7ef98000 	C:\WINDOWS\system32\PSAPI.DLL
0x00007fff74720000 - 0x00007fff74729000 	C:\WINDOWS\SYSTEM32\WSOCK32.dll
0x00007fff7f270000 - 0x00007fff7f2db000 	C:\WINDOWS\system32\WS2_32.dll
0x0000000052c60000 - 0x0000000052c6f000 	C:\Program Files\Java\jdk1.8.0_31\jre\bin\verify.dll
0x0000000052c30000 - 0x0000000052c58000 	C:\Program Files\Java\jdk1.8.0_31\jre\bin\java.dll
0x0000000052c10000 - 0x0000000052c26000 	C:\Program Files\Java\jdk1.8.0_31\jre\bin\zip.dll
0x00007fff80530000 - 0x00007fff81a8f000 	C:\WINDOWS\system32\SHELL32.dll
0x00007fff7e1d0000 - 0x00007fff7e814000 	C:\WINDOWS\system32\windows.storage.dll
0x00007fff7f100000 - 0x00007fff7f152000 	C:\WINDOWS\system32\shlwapi.dll
0x00007fff7dea0000 - 0x00007fff7deaf000 	C:\WINDOWS\system32\kernel.appcore.dll
0x00007fff7eb60000 - 0x00007fff7ec15000 	C:\WINDOWS\system32\shcore.dll
0x00007fff7e0f0000 - 0x00007fff7e13b000 	C:\WINDOWS\system32\powrprof.dll
0x00007fff7de80000 - 0x00007fff7de94000 	C:\WINDOWS\system32\profapi.dll
0x00007fff548f0000 - 0x00007fff54a7c000 	C:\WINDOWS\SYSTEM32\dbghelp.dll

VM Arguments:
jvm_args: -Djava.awt.headless=true -Xmx1024M -Dfile.encoding=GBK -Duser.country=CN -Duser.language=zh -Duser.variant 
java_command: com.android.dx.command.Main --dex --num-threads=4 --output D:\Backup\AndroidStudioProjects\SimlpleMp3Player\app\build\intermediates\pre-dexed\debug\com.android.support-support-v4-23.1.1_c60eac0a7bbe397ecb1b2b529132f775e8960cbe.jar D:\Backup\AndroidStudioProjects\SimlpleMp3Player\app\build\intermediates\exploded-aar\com.android.support\support-v4\23.1.1\jars\classes.jar
java_class_path (initial): D:\SDK\build-tools\23.0.2\lib\dx.jar
Launcher Type: SUN_STANDARD

Environment Variables:
JAVA_HOME=C:\Program Files\Java\jdk1.8.0_31
CLASSPATH=C:\Program Files\Java\jdk1.8.0_31\lib\dt.jar;C:\Program Files\Java\jdk1.8.0_31\bin.tools.jar;.
PATH=C:\ProgramData\Oracle\Java\javapath;C:\WINDOWS\system32;C:\WINDOWS;C:\WINDOWS\System32\Wbem;C:\WINDOWS\System32\WindowsPowerShell\v1.0\;C:\Program Files (x86)\AMD\ATI.ACE\Core-Static;C:\Program Files (x86)\Microsoft SQL Server\100\Tools\Binn\;C:\Program Files\Microsoft SQL Server\100\Tools\Binn\;C:\Program Files\Microsoft SQL Server\100\DTS\Binn\;C:\Program Files (x86)\IDM Computer Solutions\UltraEdit;C:\Python27;C:\Program Files (x86)\Apkdb;C:\Program Files (x86)\ATI Technologies\ATI.ACE\Core-Static;C:\Program Files (x86)\Windows Kits\8.1\Windows Performance Toolkit\;C:\WINDOWS\system32\config\systemprofile\.dnx\bin;C:\Program Files\Microsoft DNX\Dnvm\;C:\Users\Administrator\AppData\Local\Programs\Python\Python35\Scripts\;C:\Users\Administrator\AppData\Local\Programs\Python\Python35\;C:\Program Files\Java\jdk1.8.0_31\bin
USERNAME=Administrator
OS=Windows_NT
PROCESSOR_IDENTIFIER=Intel64 Family 6 Model 60 Stepping 3, GenuineIntel



---------------  S Y S T E M  ---------------

OS: Windows 8.1 , 64 bit Build 9600 

CPU:total 8 (4 cores per cpu, 2 threads per core) family 6 model 60 stepping 3, cmov, cx8, fxsr, mmx, sse, sse2, sse3, ssse3, sse4.1, sse4.2, popcnt, avx, avx2, aes, clmul, erms, lzcnt, ht, tsc, tscinvbit, bmi1, bmi2

Memory: 4k page, physical 8351060k(2310372k free), swap 8351060k(5120k free)

vm_info: Java HotSpot(TM) 64-Bit Server VM (25.31-b07) for windows-amd64 JRE (1.8.0_31-b13), built on Dec 17 2014 21:00:28 by "java_re" with MS VC++ 10.0 (VS2010)

time: Sun Jan 03 19:03:05 2016
elapsed time: 2 seconds (0d 0h 0m 2s)

