#
# There is insufficient memory for the Java Runtime Environment to continue.
# Native memory allocation (malloc) failed to allocate 302736 bytes for Chunk::new
# Possible reasons:
#   The system is out of physical RAM or swap space
#   In 32 bit mode, the process size limit was hit
# Possible solutions:
#   Reduce memory load on the system
#   Increase physical memory or swap space
#   Check if swap backing store is full
#   Use 64 bit Java on a 64 bit OS
#   Decrease Java heap size (-Xmx/-Xms)
#   Decrease number of Java threads
#   Decrease Java thread stack sizes (-Xss)
#   Set larger code cache with -XX:ReservedCodeCacheSize=
# This output file may be truncated or incomplete.
#
#  Out of Memory Error (allocation.cpp:390), pid=11224, tid=7872
#
# JRE version: Java(TM) SE Runtime Environment (8.0_31-b13) (build 1.8.0_31-b13)
# Java VM: Java HotSpot(TM) 64-Bit Server VM (25.31-b07 mixed mode windows-amd64 compressed oops)
# Failed to write core dump. Minidumps are not enabled by default on client versions of Windows
#

---------------  T H R E A D  ---------------

Current thread (0x00000000172cc800):  JavaThread "C2 CompilerThread2" daemon [_thread_in_native, id=7872, stack(0x0000000017a40000,0x0000000017b40000)]

Stack: [0x0000000017a40000,0x0000000017b40000]
Native frames: (J=compiled Java code, j=interpreted, Vv=VM code, C=native code)
V  [jvm.dll+0x3169ba]
V  [jvm.dll+0x2674c3]
V  [jvm.dll+0x268103]
V  [jvm.dll+0x25f8f5]
V  [jvm.dll+0xbf025]
V  [jvm.dll+0xbf4cc]
V  [jvm.dll+0x4798bc]
V  [jvm.dll+0x446c9b]
V  [jvm.dll+0x451bce]
V  [jvm.dll+0x4541b8]
V  [jvm.dll+0x437c62]
V  [jvm.dll+0x988e2]
V  [jvm.dll+0x990d3]
V  [jvm.dll+0x22c194]
V  [jvm.dll+0x28576a]
C  [msvcr100.dll+0x21d9f]
C  [msvcr100.dll+0x21e3b]
C  [KERNEL32.DLL+0x18102]
C  [ntdll.dll+0x5c2e4]


Current CompileTask:
C2:   2115 1162       4       com.android.dx.ssa.SsaMethod::forEachInsn (36 bytes)


---------------  P R O C E S S  ---------------

Java Threads: ( => current thread )
  0x0000000017e5b800 JavaThread "pool-1-thread-4" [_thread_blocked, id=10472, stack(0x0000000018a40000,0x0000000018b40000)]
  0x0000000017e5b000 JavaThread "pool-1-thread-3" [_thread_blocked, id=10204, stack(0x0000000018940000,0x0000000018a40000)]
  0x0000000017e5a800 JavaThread "pool-1-thread-2" [_thread_blocked, id=9764, stack(0x0000000018840000,0x0000000018940000)]
  0x0000000017633000 JavaThread "pool-2-thread-1" [_thread_blocked, id=536, stack(0x0000000018740000,0x0000000018840000)]
  0x0000000017630000 JavaThread "pool-1-thread-1" [_thread_blocked, id=6000, stack(0x0000000018640000,0x0000000018740000)]
  0x000000001733c800 JavaThread "Service Thread" daemon [_thread_blocked, id=7484, stack(0x0000000017c40000,0x0000000017d40000)]
  0x0000000017337000 JavaThread "C1 CompilerThread3" daemon [_thread_blocked, id=7496, stack(0x0000000017b40000,0x0000000017c40000)]
=>0x00000000172cc800 JavaThread "C2 CompilerThread2" daemon [_thread_in_native, id=7872, stack(0x0000000017a40000,0x0000000017b40000)]
  0x00000000172c8000 JavaThread "C2 CompilerThread1" daemon [_thread_blocked, id=6820, stack(0x0000000017940000,0x0000000017a40000)]
  0x00000000172c6000 JavaThread "C2 CompilerThread0" daemon [_thread_blocked, id=9208, stack(0x0000000017840000,0x0000000017940000)]
  0x00000000172c3800 JavaThread "Attach Listener" daemon [_thread_blocked, id=2592, stack(0x0000000017740000,0x0000000017840000)]
  0x0000000017278000 JavaThread "Signal Dispatcher" daemon [_thread_blocked, id=3144, stack(0x0000000017640000,0x0000000017740000)]
  0x0000000002749000 JavaThread "Finalizer" daemon [_thread_blocked, id=5952, stack(0x0000000017140000,0x0000000017240000)]
  0x0000000002742000 JavaThread "Reference Handler" daemon [_thread_blocked, id=3140, stack(0x0000000017040000,0x0000000017140000)]
  0x0000000000a2e000 JavaThread "main" [_thread_blocked, id=4504, stack(0x0000000002550000,0x0000000002650000)]

Other Threads:
  0x0000000015268800 VMThread [stack: 0x0000000016f40000,0x0000000017040000] [id=10528]
  0x000000001734d800 WatcherThread [stack: 0x0000000017d40000,0x0000000017e40000] [id=760]

VM state:not at safepoint (normal execution)

VM Mutex/Monitor currently owned by a thread: None

Heap:
 PSYoungGen      total 38400K, used 5820K [0x00000000eab00000, 0x00000000ef600000, 0x0000000100000000)
  eden space 33280K, 2% used [0x00000000eab00000,0x00000000eabb3b28,0x00000000ecb80000)
  from space 5120K, 99% used [0x00000000ecb80000,0x00000000ed07b868,0x00000000ed080000)
  to   space 5120K, 0% used [0x00000000ef100000,0x00000000ef100000,0x00000000ef600000)
 ParOldGen       total 87552K, used 944K [0x00000000c0000000, 0x00000000c5580000, 0x00000000eab00000)
  object space 87552K, 1% used [0x00000000c0000000,0x00000000c00ec230,0x00000000c5580000)
 Metaspace       used 5988K, capacity 6896K, committed 7040K, reserved 1056768K
  class space    used 596K, capacity 616K, committed 640K, reserved 1048576K

Card table byte_map: [0x0000000011b10000,0x0000000011d20000] byte_map_base: 0x0000000011510000

Marking Bits: (ParMarkBitMap*) 0x000000005352d4f0
 Begin Bits: [0x0000000012680000, 0x0000000013680000)
 End Bits:   [0x0000000013680000, 0x0000000014680000)

Polling page: 0x0000000000530000

CodeCache: size=245760Kb used=4625Kb max_used=4640Kb free=241134Kb
 bounds [0x0000000002750000, 0x0000000002be0000, 0x0000000011750000]
 total_blobs=1494 nmethods=1228 adapters=180
 compilation: enabled

Compilation events (10 events):
Event: 2.080 Thread 0x0000000017337000 1205       3       com.android.dx.rop.cst.CstFieldRef::<init> (7 bytes)
Event: 2.080 Thread 0x0000000017337000 nmethod 1205 0x0000000002bc9d90 code [0x0000000002bc9f00, 0x0000000002bca088]
Event: 2.080 Thread 0x0000000017337000 1225       3       com.android.dx.ssa.LocalVariableExtractor::doit (59 bytes)
Event: 2.081 Thread 0x0000000017337000 nmethod 1225 0x0000000002bca110 code [0x0000000002bca2c0, 0x0000000002bca808]
Event: 2.081 Thread 0x0000000017337000 1226       3       com.android.dx.ssa.DomFront::buildDomTree (72 bytes)
Event: 2.081 Thread 0x00000000172c8000 1228       4       com.android.dx.rop.code.RopMethod::labelToPredecessors (54 bytes)
Event: 2.082 Thread 0x0000000017337000 nmethod 1226 0x0000000002bcaa10 code [0x0000000002bcac60, 0x0000000002bcbaa8]
Event: 2.082 Thread 0x0000000017337000 1227       3       com.android.dx.ssa.ConstCollector::getConstsSortedByCountUse (386 bytes)
Event: 2.085 Thread 0x0000000017337000 nmethod 1227 0x0000000002bcc4d0 code [0x0000000002bccb00, 0x0000000002bd1548]
Event: 2.087 Thread 0x00000000172c6000 nmethod 1224 0x0000000002bd7710 code [0x0000000002bd78e0, 0x0000000002bd81e0]

GC Heap History (2 events):
Event: 1.927 GC heap before
{Heap before GC invocations=1 (full 0):
 PSYoungGen      total 38400K, used 33280K [0x00000000eab00000, 0x00000000ed580000, 0x0000000100000000)
  eden space 33280K, 100% used [0x00000000eab00000,0x00000000ecb80000,0x00000000ecb80000)
  from space 5120K, 0% used [0x00000000ed080000,0x00000000ed080000,0x00000000ed580000)
  to   space 5120K, 0% used [0x00000000ecb80000,0x00000000ecb80000,0x00000000ed080000)
 ParOldGen       total 87552K, used 0K [0x00000000c0000000, 0x00000000c5580000, 0x00000000eab00000)
  object space 87552K, 0% used [0x00000000c0000000,0x00000000c0000000,0x00000000c5580000)
 Metaspace       used 5973K, capacity 6896K, committed 7040K, reserved 1056768K
  class space    used 596K, capacity 616K, committed 640K, reserved 1048576K
Event: 2.074 GC heap after
Heap after GC invocations=1 (full 0):
 PSYoungGen      total 38400K, used 5102K [0x00000000eab00000, 0x00000000ef600000, 0x0000000100000000)
  eden space 33280K, 0% used [0x00000000eab00000,0x00000000eab00000,0x00000000ecb80000)
  from space 5120K, 99% used [0x00000000ecb80000,0x00000000ed07b868,0x00000000ed080000)
  to   space 5120K, 0% used [0x00000000ef100000,0x00000000ef100000,0x00000000ef600000)
 ParOldGen       total 87552K, used 944K [0x00000000c0000000, 0x00000000c5580000, 0x00000000eab00000)
  object space 87552K, 1% used [0x00000000c0000000,0x00000000c00ec230,0x00000000c5580000)
 Metaspace       used 5973K, capacity 6896K, committed 7040K, reserved 1056768K
  class space    used 596K, capacity 616K, committed 640K, reserved 1048576K
}

Deoptimization events (0 events):
No events

Internal exceptions (10 events):
Event: 0.958 Thread 0x0000000017e5a800 Exception <a 'java/security/PrivilegedActionException'> (0x00000000eb6ec478) thrown at [C:\workspace\8-2-build-windows-amd64-cygwin\jdk8u31\2394\hotspot\src\share\vm\prims\jvm.cpp, line 1312]
Event: 0.960 Thread 0x0000000017e5a800 Exception <a 'java/security/PrivilegedActionException'> (0x00000000eb6f1aa8) thrown at [C:\workspace\8-2-build-windows-amd64-cygwin\jdk8u31\2394\hotspot\src\share\vm\prims\jvm.cpp, line 1312]
Event: 0.960 Thread 0x0000000017e5a800 Exception <a 'java/security/PrivilegedActionException'> (0x00000000eb6f7228) thrown at [C:\workspace\8-2-build-windows-amd64-cygwin\jdk8u31\2394\hotspot\src\share\vm\prims\jvm.cpp, line 1312]
Event: 0.961 Thread 0x0000000017e5a800 Exception <a 'java/security/PrivilegedActionException'> (0x00000000eb6fc740) thrown at [C:\workspace\8-2-build-windows-amd64-cygwin\jdk8u31\2394\hotspot\src\share\vm\prims\jvm.cpp, line 1312]
Event: 0.967 Thread 0x0000000000a2e000 Exception <a 'java/security/PrivilegedActionException'> (0x00000000eba04f98) thrown at [C:\workspace\8-2-build-windows-amd64-cygwin\jdk8u31\2394\hotspot\src\share\vm\prims\jvm.cpp, line 1312]
Event: 0.995 Thread 0x0000000017e5a800 Exception <a 'java/security/PrivilegedActionException'> (0x00000000ebcbfbd0) thrown at [C:\workspace\8-2-build-windows-amd64-cygwin\jdk8u31\2394\hotspot\src\share\vm\prims\jvm.cpp, line 1312]
Event: 1.035 Thread 0x0000000017e5b800 Exception <a 'java/security/PrivilegedActionException'> (0x00000000ebd997c0) thrown at [C:\workspace\8-2-build-windows-amd64-cygwin\jdk8u31\2394\hotspot\src\share\vm\prims\jvm.cpp, line 1312]
Event: 1.048 Thread 0x0000000017e5b000 Exception <a 'java/security/PrivilegedActionException'> (0x00000000ebe23968) thrown at [C:\workspace\8-2-build-windows-amd64-cygwin\jdk8u31\2394\hotspot\src\share\vm\prims\jvm.cpp, line 1312]
Event: 1.513 Thread 0x0000000000a2e000 Exception <a 'java/security/PrivilegedActionException'> (0x00000000ebf66540) thrown at [C:\workspace\8-2-build-windows-amd64-cygwin\jdk8u31\2394\hotspot\src\share\vm\prims\jvm.cpp, line 1312]
Event: 1.515 Thread 0x0000000000a2e000 Exception <a 'java/security/PrivilegedActionException'> (0x00000000ebf77670) thrown at [C:\workspace\8-2-build-windows-amd64-cygwin\jdk8u31\2394\hotspot\src\share\vm\prims\jvm.cpp, line 1312]

Events (10 events):
Event: 1.218 Executing VM operation: ForceSafepoint
Event: 1.431 Executing VM operation: ForceSafepoint done
Event: 1.513 loading class com/android/dx/dex/file/FieldAnnotationStruct
Event: 1.513 loading class com/android/dx/dex/file/FieldAnnotationStruct done
Event: 1.515 loading class com/android/dx/cf/code/SwitchList
Event: 1.515 loading class com/android/dx/cf/code/SwitchList done
Event: 1.601 loading class java/util/DualPivotQuicksort
Event: 1.601 loading class java/util/DualPivotQuicksort done
Event: 1.927 Executing VM operation: ParallelGCFailedAllocation
Event: 2.074 Executing VM operation: ParallelGCFailedAllocation done


Dynamic libraries:
0x00007ff7e2a80000 - 0x00007ff7e2ab4000 	C:\Program Files\Java\jdk1.8.0_31\bin\java.exe
0x00007fff81a90000 - 0x00007fff81c51000 	C:\WINDOWS\SYSTEM32\ntdll.dll
0x00007fff7f050000 - 0x00007fff7f0fd000 	C:\WINDOWS\system32\KERNEL32.DLL
0x00007fff7def0000 - 0x00007fff7e0d8000 	C:\WINDOWS\system32\KERNELBASE.dll
0x00007fff7f2e0000 - 0x00007fff7f387000 	C:\WINDOWS\system32\ADVAPI32.dll
0x00007fff7f750000 - 0x00007fff7f7ed000 	C:\WINDOWS\system32\msvcrt.dll
0x00007fff7ed40000 - 0x00007fff7ed9b000 	C:\WINDOWS\system32\sechost.dll
0x00007fff7f9d0000 - 0x00007fff7faec000 	C:\WINDOWS\system32\RPCRT4.dll
0x00007fff7f390000 - 0x00007fff7f4e6000 	C:\WINDOWS\system32\USER32.dll
0x00007fff7eda0000 - 0x00007fff7ef26000 	C:\WINDOWS\system32\GDI32.dll
0x00007fff72c20000 - 0x00007fff72e94000 	C:\WINDOWS\WinSxS\amd64_microsoft.windows.common-controls_6595b64144ccf1df_6.0.10586.0_none_8c15ae12515e1c22\COMCTL32.dll
0x00007fff801a0000 - 0x00007fff8041d000 	C:\WINDOWS\system32\combase.dll
0x00007fff7e160000 - 0x00007fff7e1ca000 	C:\WINDOWS\system32\bcryptPrimitives.dll
0x00007fff7f230000 - 0x00007fff7f26b000 	C:\WINDOWS\system32\IMM32.DLL
0x0000000052560000 - 0x0000000052632000 	C:\Program Files\Java\jdk1.8.0_31\jre\bin\msvcr100.dll
0x0000000052d50000 - 0x00000000535aa000 	C:\Program Files\Java\jdk1.8.0_31\jre\bin\server\jvm.dll
0x00007fff7eb30000 - 0x00007fff7eb53000 	C:\WINDOWS\system32\WINMM.dll
0x00007fff7deb0000 - 0x00007fff7dedc000 	C:\WINDOWS\system32\WINMMBASE.dll
0x00007fff7eae0000 - 0x00007fff7eb23000 	C:\WINDOWS\system32\cfgmgr32.dll
0x00007fff7ef90000 - 0x00007fff7ef98000 	C:\WINDOWS\system32\PSAPI.DLL
0x00007fff74720000 - 0x00007fff74729000 	C:\WINDOWS\SYSTEM32\WSOCK32.dll
0x00007fff7f270000 - 0x00007fff7f2db000 	C:\WINDOWS\system32\WS2_32.dll
0x0000000052c60000 - 0x0000000052c6f000 	C:\Program Files\Java\jdk1.8.0_31\jre\bin\verify.dll
0x0000000052c30000 - 0x0000000052c58000 	C:\Program Files\Java\jdk1.8.0_31\jre\bin\java.dll
0x0000000052c10000 - 0x0000000052c26000 	C:\Program Files\Java\jdk1.8.0_31\jre\bin\zip.dll
0x00007fff80530000 - 0x00007fff81a8f000 	C:\WINDOWS\system32\SHELL32.dll
0x00007fff7e1d0000 - 0x00007fff7e814000 	C:\WINDOWS\system32\windows.storage.dll
0x00007fff7f100000 - 0x00007fff7f152000 	C:\WINDOWS\system32\shlwapi.dll
0x00007fff7dea0000 - 0x00007fff7deaf000 	C:\WINDOWS\system32\kernel.appcore.dll
0x00007fff7eb60000 - 0x00007fff7ec15000 	C:\WINDOWS\system32\shcore.dll
0x00007fff7e0f0000 - 0x00007fff7e13b000 	C:\WINDOWS\system32\powrprof.dll
0x00007fff7de80000 - 0x00007fff7de94000 	C:\WINDOWS\system32\profapi.dll
0x00007fff548f0000 - 0x00007fff54a7c000 	C:\WINDOWS\SYSTEM32\dbghelp.dll

VM Arguments:
jvm_args: -Djava.awt.headless=true -Xmx1024M -Dfile.encoding=GBK -Duser.country=CN -Duser.language=zh -Duser.variant 
java_command: com.android.dx.command.Main --dex --num-threads=4 --output D:\Backup\AndroidStudioProjects\SimlpleMp3Player\app\build\intermediates\pre-dexed\debug\com.android.support-appcompat-v7-23.1.1_ce877f1667ec877e4764564b81e1b27969f69ee9.jar D:\Backup\AndroidStudioProjects\SimlpleMp3Player\app\build\intermediates\exploded-aar\com.android.support\appcompat-v7\23.1.1\jars\classes.jar
java_class_path (initial): D:\SDK\build-tools\23.0.2\lib\dx.jar
Launcher Type: SUN_STANDARD

Environment Variables:
JAVA_HOME=C:\Program Files\Java\jdk1.8.0_31
CLASSPATH=C:\Program Files\Java\jdk1.8.0_31\lib\dt.jar;C:\Program Files\Java\jdk1.8.0_31\bin.tools.jar;.
PATH=C:\ProgramData\Oracle\Java\javapath;C:\WINDOWS\system32;C:\WINDOWS;C:\WINDOWS\System32\Wbem;C:\WINDOWS\System32\WindowsPowerShell\v1.0\;C:\Program Files (x86)\AMD\ATI.ACE\Core-Static;C:\Program Files (x86)\Microsoft SQL Server\100\Tools\Binn\;C:\Program Files\Microsoft SQL Server\100\Tools\Binn\;C:\Program Files\Microsoft SQL Server\100\DTS\Binn\;C:\Program Files (x86)\IDM Computer Solutions\UltraEdit;C:\Python27;C:\Program Files (x86)\Apkdb;C:\Program Files (x86)\ATI Technologies\ATI.ACE\Core-Static;C:\Program Files (x86)\Windows Kits\8.1\Windows Performance Toolkit\;C:\WINDOWS\system32\config\systemprofile\.dnx\bin;C:\Program Files\Microsoft DNX\Dnvm\;C:\Users\Administrator\AppData\Local\Programs\Python\Python35\Scripts\;C:\Users\Administrator\AppData\Local\Programs\Python\Python35\;C:\Program Files\Java\jdk1.8.0_31\bin
USERNAME=Administrator
OS=Windows_NT
PROCESSOR_IDENTIFIER=Intel64 Family 6 Model 60 Stepping 3, GenuineIntel



---------------  S Y S T E M  ---------------

OS: Windows 8.1 , 64 bit Build 9600 

CPU:total 8 (4 cores per cpu, 2 threads per core) family 6 model 60 stepping 3, cmov, cx8, fxsr, mmx, sse, sse2, sse3, ssse3, sse4.1, sse4.2, popcnt, avx, avx2, aes, clmul, erms, lzcnt, ht, tsc, tscinvbit, bmi1, bmi2

Memory: 4k page, physical 8351060k(2310508k free), swap 8351060k(5120k free)

vm_info: Java HotSpot(TM) 64-Bit Server VM (25.31-b07) for windows-amd64 JRE (1.8.0_31-b13), built on Dec 17 2014 21:00:28 by "java_re" with MS VC++ 10.0 (VS2010)

time: Sun Jan 03 19:03:05 2016
elapsed time: 2 seconds (0d 0h 0m 2s)

