#
# There is insufficient memory for the Java Runtime Environment to continue.
# Native memory allocation (malloc) failed to allocate 521856 bytes for Chunk::new
# Possible reasons:
#   The system is out of physical RAM or swap space
#   In 32 bit mode, the process size limit was hit
# Possible solutions:
#   Reduce memory load on the system
#   Increase physical memory or swap space
#   Check if swap backing store is full
#   Use 64 bit Java on a 64 bit OS
#   Decrease Java heap size (-Xmx/-Xms)
#   Decrease number of Java threads
#   Decrease Java thread stack sizes (-Xss)
#   Set larger code cache with -XX:ReservedCodeCacheSize=
# This output file may be truncated or incomplete.
#
#  Out of Memory Error (allocation.cpp:390), pid=4312, tid=3564
#
# JRE version: Java(TM) SE Runtime Environment (8.0_31-b13) (build 1.8.0_31-b13)
# Java VM: Java HotSpot(TM) 64-Bit Server VM (25.31-b07 mixed mode windows-amd64 compressed oops)
# Failed to write core dump. Minidumps are not enabled by default on client versions of Windows
#

---------------  T H R E A D  ---------------

Current thread (0x0000000017306800):  JavaThread "C2 CompilerThread1" daemon [_thread_in_native, id=3564, stack(0x0000000017980000,0x0000000017a80000)]

Stack: [0x0000000017980000,0x0000000017a80000]
Native frames: (J=compiled Java code, j=interpreted, Vv=VM code, C=native code)
V  [jvm.dll+0x3169ba]


Current CompileTask:
C2:   1178 1185   !   4       com.android.dx.cf.cst.ConstantPoolParser::parse0 (731 bytes)


---------------  P R O C E S S  ---------------

Java Threads: ( => current thread )
  0x0000000017e8f800 JavaThread "pool-1-thread-4" [_thread_in_Java, id=7216, stack(0x0000000018a80000,0x0000000018b80000)]
  0x0000000017e8f000 JavaThread "pool-1-thread-3" [_thread_in_Java, id=10220, stack(0x0000000018980000,0x0000000018a80000)]
  0x0000000017e8e000 JavaThread "pool-1-thread-2" [_thread_in_vm, id=696, stack(0x0000000018880000,0x0000000018980000)]
  0x0000000017e8b800 JavaThread "pool-2-thread-1" [_thread_blocked, id=7464, stack(0x0000000018780000,0x0000000018880000)]
  0x0000000017622000 JavaThread "pool-1-thread-1" [_thread_in_Java, id=6268, stack(0x0000000018680000,0x0000000018780000)]
  0x0000000017367800 JavaThread "Service Thread" daemon [_thread_blocked, id=8600, stack(0x0000000017c80000,0x0000000017d80000)]
  0x0000000017361800 JavaThread "C1 CompilerThread3" daemon [_thread_in_native, id=8844, stack(0x0000000017b80000,0x0000000017c80000)]
  0x000000001730b000 JavaThread "C2 CompilerThread2" daemon [_thread_in_native, id=4400, stack(0x0000000017a80000,0x0000000017b80000)]
=>0x0000000017306800 JavaThread "C2 CompilerThread1" daemon [_thread_in_native, id=3564, stack(0x0000000017980000,0x0000000017a80000)]
  0x0000000017304800 JavaThread "C2 CompilerThread0" daemon [_thread_in_native, id=8020, stack(0x0000000017880000,0x0000000017980000)]
  0x0000000017302800 JavaThread "Attach Listener" daemon [_thread_blocked, id=7156, stack(0x0000000017780000,0x0000000017880000)]
  0x00000000172b7800 JavaThread "Signal Dispatcher" daemon [_thread_blocked, id=3724, stack(0x0000000017680000,0x0000000017780000)]
  0x0000000002777800 JavaThread "Finalizer" daemon [_thread_blocked, id=2172, stack(0x0000000017180000,0x0000000017280000)]
  0x0000000002771000 JavaThread "Reference Handler" daemon [_thread_blocked, id=7184, stack(0x0000000017080000,0x0000000017180000)]
  0x000000000247e000 JavaThread "main" [_thread_in_Java, id=9176, stack(0x0000000002580000,0x0000000002680000)]

Other Threads:
  0x0000000015298800 VMThread [stack: 0x0000000016f80000,0x0000000017080000] [id=2092]
  0x000000001736c000 WatcherThread [stack: 0x0000000017d80000,0x0000000017e80000] [id=9676]

VM state:not at safepoint (normal execution)

VM Mutex/Monitor currently owned by a thread: None

Heap:
 PSYoungGen      total 38400K, used 13680K [0x00000000eab00000, 0x00000000ed580000, 0x0000000100000000)
  eden space 33280K, 25% used [0x00000000eab00000,0x00000000eb363d40,0x00000000ecb80000)
  from space 5120K, 99% used [0x00000000ecb80000,0x00000000ed0784d0,0x00000000ed080000)
  to   space 5120K, 0% used [0x00000000ed080000,0x00000000ed080000,0x00000000ed580000)
 ParOldGen       total 87552K, used 356K [0x00000000c0000000, 0x00000000c5580000, 0x00000000eab00000)
  object space 87552K, 0% used [0x00000000c0000000,0x00000000c0059158,0x00000000c5580000)
 Metaspace       used 5960K, capacity 6832K, committed 7040K, reserved 1056768K
  class space    used 595K, capacity 616K, committed 640K, reserved 1048576K

Card table byte_map: [0x0000000011b40000,0x0000000011d50000] byte_map_base: 0x0000000011540000

Marking Bits: (ParMarkBitMap*) 0x000000005139d4f0
 Begin Bits: [0x00000000126b0000, 0x00000000136b0000)
 End Bits:   [0x00000000136b0000, 0x00000000146b0000)

Polling page: 0x0000000001fc0000

CodeCache: size=245760Kb used=4612Kb max_used=4612Kb free=241147Kb
 bounds [0x0000000002780000, 0x0000000002c10000, 0x0000000011780000]
 total_blobs=1492 nmethods=1226 adapters=180
 compilation: enabled

Compilation events (10 events):
Event: 1.165 Thread 0x0000000017361800 nmethod 1192 0x0000000002bcaf50 code [0x0000000002bcb120, 0x0000000002bcb898]
Event: 1.165 Thread 0x0000000017361800 1190       3       com.android.dx.cf.code.LocalVariableList$Item::<init> (115 bytes)
Event: 1.165 Thread 0x0000000017361800 nmethod 1190 0x0000000002bca450 code [0x0000000002bca620, 0x0000000002bcaca8]
Event: 1.165 Thread 0x0000000017361800 1191       3       com.android.dx.cf.code.LocalVariableList::set (23 bytes)
Event: 1.165 Thread 0x0000000017361800 nmethod 1191 0x0000000002beabd0 code [0x0000000002beada0, 0x0000000002beb638]
Event: 1.165 Thread 0x0000000017361800 1188       3       com.android.dx.rop.cst.CstType::isCategory2 (2 bytes)
Event: 1.165 Thread 0x0000000017361800 nmethod 1188 0x0000000002bebc50 code [0x0000000002bebda0, 0x0000000002bebef0]
Event: 1.165 Thread 0x0000000017361800 1186       3       com.android.dx.rop.type.StdTypeList::set (7 bytes)
Event: 1.166 Thread 0x0000000017361800 nmethod 1186 0x0000000002bebf90 code [0x0000000002bec160, 0x0000000002bec908]
Event: 1.166 Thread 0x0000000017361800 1202       3       com.android.dx.cf.code.Simulator$SimVisitor::visitConstant (332 bytes)

GC Heap History (2 events):
Event: 0.863 GC heap before
{Heap before GC invocations=1 (full 0):
 PSYoungGen      total 38400K, used 33280K [0x00000000eab00000, 0x00000000ed580000, 0x0000000100000000)
  eden space 33280K, 100% used [0x00000000eab00000,0x00000000ecb80000,0x00000000ecb80000)
  from space 5120K, 0% used [0x00000000ed080000,0x00000000ed080000,0x00000000ed580000)
  to   space 5120K, 0% used [0x00000000ecb80000,0x00000000ecb80000,0x00000000ed080000)
 ParOldGen       total 87552K, used 0K [0x00000000c0000000, 0x00000000c5580000, 0x00000000eab00000)
  object space 87552K, 0% used [0x00000000c0000000,0x00000000c0000000,0x00000000c5580000)
 Metaspace       used 5871K, capacity 6768K, committed 7040K, reserved 1056768K
  class space    used 594K, capacity 616K, committed 640K, reserved 1048576K
Event: 0.979 GC heap after
Heap after GC invocations=1 (full 0):
 PSYoungGen      total 38400K, used 5089K [0x00000000eab00000, 0x00000000ed580000, 0x0000000100000000)
  eden space 33280K, 0% used [0x00000000eab00000,0x00000000eab00000,0x00000000ecb80000)
  from space 5120K, 99% used [0x00000000ecb80000,0x00000000ed0784d0,0x00000000ed080000)
  to   space 5120K, 0% used [0x00000000ed080000,0x00000000ed080000,0x00000000ed580000)
 ParOldGen       total 87552K, used 356K [0x00000000c0000000, 0x00000000c5580000, 0x00000000eab00000)
  object space 87552K, 0% used [0x00000000c0000000,0x00000000c0059158,0x00000000c5580000)
 Metaspace       used 5871K, capacity 6768K, committed 7040K, reserved 1056768K
  class space    used 594K, capacity 616K, committed 640K, reserved 1048576K
}

Deoptimization events (0 events):
No events

Internal exceptions (10 events):
Event: 0.625 Thread 0x000000000247e000 Exception <a 'java/security/PrivilegedActionException'> (0x00000000ec285068) thrown at [C:\workspace\8-2-build-windows-amd64-cygwin\jdk8u31\2394\hotspot\src\share\vm\prims\jvm.cpp, line 1312]
Event: 0.627 Thread 0x0000000017e8e000 Exception <a 'java/security/PrivilegedActionException'> (0x00000000ec313c28) thrown at [C:\workspace\8-2-build-windows-amd64-cygwin\jdk8u31\2394\hotspot\src\share\vm\prims\jvm.cpp, line 1312]
Event: 0.631 Thread 0x0000000017e8f000 Exception <a 'java/security/PrivilegedActionException'> (0x00000000ebf27a48) thrown at [C:\workspace\8-2-build-windows-amd64-cygwin\jdk8u31\2394\hotspot\src\share\vm\prims\jvm.cpp, line 1312]
Event: 0.632 Thread 0x0000000017e8f000 Exception <a 'java/security/PrivilegedActionException'> (0x00000000ec3ba4f8) thrown at [C:\workspace\8-2-build-windows-amd64-cygwin\jdk8u31\2394\hotspot\src\share\vm\prims\jvm.cpp, line 1312]
Event: 0.638 Thread 0x0000000017e8f000 Exception <a 'java/security/PrivilegedActionException'> (0x00000000ec3d36c8) thrown at [C:\workspace\8-2-build-windows-amd64-cygwin\jdk8u31\2394\hotspot\src\share\vm\prims\jvm.cpp, line 1312]
Event: 0.639 Thread 0x0000000017e8f000 Exception <a 'java/security/PrivilegedActionException'> (0x00000000ec3d8e48) thrown at [C:\workspace\8-2-build-windows-amd64-cygwin\jdk8u31\2394\hotspot\src\share\vm\prims\jvm.cpp, line 1312]
Event: 0.639 Thread 0x0000000017e8f000 Exception <a 'java/security/PrivilegedActionException'> (0x00000000ec3de2a8) thrown at [C:\workspace\8-2-build-windows-amd64-cygwin\jdk8u31\2394\hotspot\src\share\vm\prims\jvm.cpp, line 1312]
Event: 0.640 Thread 0x000000000247e000 Exception <a 'java/security/PrivilegedActionException'> (0x00000000ec2c0620) thrown at [C:\workspace\8-2-build-windows-amd64-cygwin\jdk8u31\2394\hotspot\src\share\vm\prims\jvm.cpp, line 1312]
Event: 0.641 Thread 0x000000000247e000 Exception <a 'java/security/PrivilegedActionException'> (0x00000000ec2c2a38) thrown at [C:\workspace\8-2-build-windows-amd64-cygwin\jdk8u31\2394\hotspot\src\share\vm\prims\jvm.cpp, line 1312]
Event: 0.691 Thread 0x000000000247e000 Exception <a 'java/security/PrivilegedActionException'> (0x00000000ec6802c0) thrown at [C:\workspace\8-2-build-windows-amd64-cygwin\jdk8u31\2394\hotspot\src\share\vm\prims\jvm.cpp, line 1312]

Events (10 events):
Event: 0.675 loading class java/util/ArrayList$1
Event: 0.675 loading class java/util/ArrayList$1 done
Event: 0.687 loading class java/util/DualPivotQuicksort
Event: 0.687 loading class java/util/DualPivotQuicksort done
Event: 0.691 loading class com/android/dx/dex/file/FieldAnnotationStruct
Event: 0.691 loading class com/android/dx/dex/file/FieldAnnotationStruct done
Event: 0.776 Executing VM operation: ForceSafepoint
Event: 0.776 Executing VM operation: ForceSafepoint done
Event: 0.863 Executing VM operation: ParallelGCFailedAllocation
Event: 0.979 Executing VM operation: ParallelGCFailedAllocation done


Dynamic libraries:
0x00007ff7c5360000 - 0x00007ff7c5394000 	C:\Program Files\Java\jdk1.8.0_31\bin\java.exe
0x00007ffed1530000 - 0x00007ffed16f1000 	C:\WINDOWS\SYSTEM32\ntdll.dll
0x00007ffeceba0000 - 0x00007ffecec4d000 	C:\WINDOWS\system32\KERNEL32.DLL
0x00007ffecd990000 - 0x00007ffecdb78000 	C:\WINDOWS\system32\KERNELBASE.dll
0x00007ffeceab0000 - 0x00007ffeceb57000 	C:\WINDOWS\system32\ADVAPI32.dll
0x00007ffecf5f0000 - 0x00007ffecf68d000 	C:\WINDOWS\system32\msvcrt.dll
0x00007ffecfaf0000 - 0x00007ffecfb4b000 	C:\WINDOWS\system32\sechost.dll
0x00007ffecf0a0000 - 0x00007ffecf1bc000 	C:\WINDOWS\system32\RPCRT4.dll
0x00007ffecf770000 - 0x00007ffecf8c6000 	C:\WINDOWS\system32\USER32.dll
0x00007ffecec50000 - 0x00007ffecedd6000 	C:\WINDOWS\system32\GDI32.dll
0x00007ffec1b20000 - 0x00007ffec1d94000 	C:\WINDOWS\WinSxS\amd64_microsoft.windows.common-controls_6595b64144ccf1df_6.0.10586.0_none_8c15ae12515e1c22\COMCTL32.dll
0x00007ffecfc40000 - 0x00007ffecfebd000 	C:\WINDOWS\system32\combase.dll
0x00007ffecdc30000 - 0x00007ffecdc9a000 	C:\WINDOWS\system32\bcryptPrimitives.dll
0x00007ffeceb60000 - 0x00007ffeceb9b000 	C:\WINDOWS\system32\IMM32.DLL
0x0000000050660000 - 0x0000000050732000 	C:\Program Files\Java\jdk1.8.0_31\jre\bin\msvcr100.dll
0x0000000050bc0000 - 0x000000005141a000 	C:\Program Files\Java\jdk1.8.0_31\jre\bin\server\jvm.dll
0x00007ffece670000 - 0x00007ffece693000 	C:\WINDOWS\system32\WINMM.dll
0x00007ffecd950000 - 0x00007ffecd97c000 	C:\WINDOWS\system32\WINMMBASE.dll
0x00007ffecdca0000 - 0x00007ffecdce3000 	C:\WINDOWS\system32\cfgmgr32.dll
0x00007ffecf690000 - 0x00007ffecf698000 	C:\WINDOWS\system32\PSAPI.DLL
0x00007ffec1b10000 - 0x00007ffec1b19000 	C:\WINDOWS\SYSTEM32\WSOCK32.dll
0x00007ffed1420000 - 0x00007ffed148b000 	C:\WINDOWS\system32\WS2_32.dll
0x0000000050ad0000 - 0x0000000050adf000 	C:\Program Files\Java\jdk1.8.0_31\jre\bin\verify.dll
0x0000000050aa0000 - 0x0000000050ac8000 	C:\Program Files\Java\jdk1.8.0_31\jre\bin\java.dll
0x0000000050a80000 - 0x0000000050a96000 	C:\Program Files\Java\jdk1.8.0_31\jre\bin\zip.dll
0x00007ffecfec0000 - 0x00007ffed141f000 	C:\WINDOWS\system32\SHELL32.dll
0x00007ffece010000 - 0x00007ffece654000 	C:\WINDOWS\system32\windows.storage.dll
0x00007ffecf980000 - 0x00007ffecf9d2000 	C:\WINDOWS\system32\shlwapi.dll
0x00007ffecd980000 - 0x00007ffecd98f000 	C:\WINDOWS\system32\kernel.appcore.dll
0x00007ffecdec0000 - 0x00007ffecdf75000 	C:\WINDOWS\system32\shcore.dll
0x00007ffece700000 - 0x00007ffece74b000 	C:\WINDOWS\system32\powrprof.dll
0x00007ffecd920000 - 0x00007ffecd934000 	C:\WINDOWS\system32\profapi.dll

VM Arguments:
jvm_args: -Djava.awt.headless=true -Xmx1024M -Dfile.encoding=GBK -Duser.country=CN -Duser.language=zh -Duser.variant 
java_command: com.android.dx.command.Main --dex --num-threads=4 --output D:\Backup\AndroidStudioProjects\SimlpleMp3Player\app\build\intermediates\pre-dexed\debug\com.android.support-support-v4-23.1.1_c60eac0a7bbe397ecb1b2b529132f775e8960cbe.jar D:\Backup\AndroidStudioProjects\SimlpleMp3Player\app\build\intermediates\exploded-aar\com.android.support\support-v4\23.1.1\jars\classes.jar
java_class_path (initial): D:\SDK\build-tools\23.0.2\lib\dx.jar
Launcher Type: SUN_STANDARD

Environment Variables:
JAVA_HOME=C:\Program Files\Java\jdk1.8.0_31
CLASSPATH=C:\Program Files\Java\jdk1.8.0_31\lib\dt.jar;C:\Program Files\Java\jdk1.8.0_31\bin.tools.jar;.
PATH=C:\ProgramData\Oracle\Java\javapath;C:\WINDOWS\system32;C:\WINDOWS;C:\WINDOWS\System32\Wbem;C:\WINDOWS\System32\WindowsPowerShell\v1.0\;C:\Program Files (x86)\AMD\ATI.ACE\Core-Static;C:\Program Files (x86)\Microsoft SQL Server\100\Tools\Binn\;C:\Program Files\Microsoft SQL Server\100\Tools\Binn\;C:\Program Files\Microsoft SQL Server\100\DTS\Binn\;C:\Program Files (x86)\IDM Computer Solutions\UltraEdit;C:\Python27;C:\Program Files (x86)\Apkdb;C:\Program Files (x86)\ATI Technologies\ATI.ACE\Core-Static;C:\Program Files (x86)\Windows Kits\8.1\Windows Performance Toolkit\;C:\WINDOWS\system32\config\systemprofile\.dnx\bin;C:\Program Files\Microsoft DNX\Dnvm\;C:\Users\Administrator\AppData\Local\Programs\Python\Python35\Scripts\;C:\Users\Administrator\AppData\Local\Programs\Python\Python35\;C:\Program Files\Java\jdk1.8.0_31\bin;C:\Program Files\Genymobile\Genymotion\tools
USERNAME=Administrator
OS=Windows_NT
PROCESSOR_IDENTIFIER=Intel64 Family 6 Model 60 Stepping 3, GenuineIntel



---------------  S Y S T E M  ---------------

OS: Windows 8.1 , 64 bit Build 9600 

CPU:total 8 (4 cores per cpu, 2 threads per core) family 6 model 60 stepping 3, cmov, cx8, fxsr, mmx, sse, sse2, sse3, ssse3, sse4.1, sse4.2, popcnt, avx, avx2, aes, clmul, erms, lzcnt, ht, tsc, tscinvbit, bmi1, bmi2

Memory: 4k page, physical 8351060k(2349180k free), swap 8351060k(2036k free)

vm_info: Java HotSpot(TM) 64-Bit Server VM (25.31-b07) for windows-amd64 JRE (1.8.0_31-b13), built on Dec 17 2014 21:00:28 by "java_re" with MS VC++ 10.0 (VS2010)

time: Tue Jan 05 17:53:43 2016
elapsed time: 1 seconds (0d 0h 0m 1s)

