#
# There is insufficient memory for the Java Runtime Environment to continue.
# Native memory allocation (malloc) failed to allocate 58416 bytes for Chunk::new
# Possible reasons:
#   The system is out of physical RAM or swap space
#   In 32 bit mode, the process size limit was hit
# Possible solutions:
#   Reduce memory load on the system
#   Increase physical memory or swap space
#   Check if swap backing store is full
#   Use 64 bit Java on a 64 bit OS
#   Decrease Java heap size (-Xmx/-Xms)
#   Decrease number of Java threads
#   Decrease Java thread stack sizes (-Xss)
#   Set larger code cache with -XX:ReservedCodeCacheSize=
# This output file may be truncated or incomplete.
#
#  Out of Memory Error (allocation.cpp:390), pid=10128, tid=8992
#
# JRE version: Java(TM) SE Runtime Environment (8.0_31-b13) (build 1.8.0_31-b13)
# Java VM: Java HotSpot(TM) 64-Bit Server VM (25.31-b07 mixed mode windows-amd64 compressed oops)
# Failed to write core dump. Minidumps are not enabled by default on client versions of Windows
#

---------------  T H R E A D  ---------------

Current thread (0x000000001724d800):  JavaThread "C2 CompilerThread2" daemon [_thread_in_native, id=8992, stack(0x00000000179c0000,0x0000000017ac0000)]

Stack: [0x00000000179c0000,0x0000000017ac0000]
Native frames: (J=compiled Java code, j=interpreted, Vv=VM code, C=native code)
V  [jvm.dll+0x3169ba]


Current CompileTask:
C2:   1139 1030       4       com.android.dx.rop.code.BasicBlockList$RegCountVisitor::visit (52 bytes)


---------------  P R O C E S S  ---------------

Java Threads: ( => current thread )
  0x00000000174b2800 JavaThread "pool-1-thread-4" [_thread_blocked, id=196, stack(0x00000000181c0000,0x00000000182c0000)]
  0x00000000173b9000 JavaThread "pool-1-thread-3" [_thread_in_Java, id=7088, stack(0x00000000180c0000,0x00000000181c0000)]
  0x00000000173a8800 JavaThread "pool-1-thread-2" [_thread_blocked, id=5716, stack(0x0000000017fc0000,0x00000000180c0000)]
  0x00000000173b3000 JavaThread "pool-2-thread-1" [_thread_blocked, id=7208, stack(0x0000000017ec0000,0x0000000017fc0000)]
  0x00000000173a4800 JavaThread "pool-1-thread-1" [_thread_blocked, id=1600, stack(0x0000000017dc0000,0x0000000017ec0000)]
  0x0000000017257000 JavaThread "Service Thread" daemon [_thread_blocked, id=4388, stack(0x0000000017bc0000,0x0000000017cc0000)]
  0x0000000017250800 JavaThread "C1 CompilerThread3" daemon [_thread_in_native, id=9120, stack(0x0000000017ac0000,0x0000000017bc0000)]
=>0x000000001724d800 JavaThread "C2 CompilerThread2" daemon [_thread_in_native, id=8992, stack(0x00000000179c0000,0x0000000017ac0000)]
  0x0000000017249000 JavaThread "C2 CompilerThread1" daemon [_thread_in_native, id=568, stack(0x00000000178c0000,0x00000000179c0000)]
  0x0000000017247000 JavaThread "C2 CompilerThread0" daemon [_thread_blocked, id=2988, stack(0x00000000177c0000,0x00000000178c0000)]
  0x0000000017245800 JavaThread "Attach Listener" daemon [_thread_blocked, id=116, stack(0x00000000176c0000,0x00000000177c0000)]
  0x00000000171fa000 JavaThread "Signal Dispatcher" daemon [_thread_blocked, id=9604, stack(0x00000000175c0000,0x00000000176c0000)]
  0x00000000026c9800 JavaThread "Finalizer" daemon [_thread_blocked, id=5040, stack(0x00000000170c0000,0x00000000171c0000)]
  0x00000000026c3000 JavaThread "Reference Handler" daemon [_thread_blocked, id=3652, stack(0x0000000016fc0000,0x00000000170c0000)]
  0x00000000023ce000 JavaThread "main" [_thread_in_native, id=8008, stack(0x00000000024d0000,0x00000000025d0000)]

Other Threads:
  0x00000000151e8800 VMThread [stack: 0x0000000016ec0000,0x0000000016fc0000] [id=1268]
  0x0000000017258000 WatcherThread [stack: 0x0000000017cc0000,0x0000000017dc0000] [id=8480]

VM state:not at safepoint (normal execution)

VM Mutex/Monitor currently owned by a thread: None

Heap:
 PSYoungGen      total 38400K, used 22000K [0x00000000eab00000, 0x00000000ed580000, 0x0000000100000000)
  eden space 33280K, 66% used [0x00000000eab00000,0x00000000ec07c2a8,0x00000000ecb80000)
  from space 5120K, 0% used [0x00000000ed080000,0x00000000ed080000,0x00000000ed580000)
  to   space 5120K, 0% used [0x00000000ecb80000,0x00000000ecb80000,0x00000000ed080000)
 ParOldGen       total 87552K, used 0K [0x00000000c0000000, 0x00000000c5580000, 0x00000000eab00000)
  object space 87552K, 0% used [0x00000000c0000000,0x00000000c0000000,0x00000000c5580000)
 Metaspace       used 5794K, capacity 6832K, committed 7040K, reserved 1056768K
  class space    used 589K, capacity 616K, committed 640K, reserved 1048576K

Card table byte_map: [0x0000000011a90000,0x0000000011ca0000] byte_map_base: 0x0000000011490000

Marking Bits: (ParMarkBitMap*) 0x000000005139d4f0
 Begin Bits: [0x0000000012600000, 0x0000000013600000)
 End Bits:   [0x0000000013600000, 0x0000000014600000)

Polling page: 0x0000000000860000

CodeCache: size=245760Kb used=4010Kb max_used=4010Kb free=241749Kb
 bounds [0x00000000026d0000, 0x0000000002ac0000, 0x00000000116d0000]
 total_blobs=1303 nmethods=1037 adapters=180
 compilation: enabled

Compilation events (10 events):
Event: 1.133 Thread 0x0000000017250800 1025       3       com.android.dx.ssa.SCCP::simulatePhi (169 bytes)
Event: 1.134 Thread 0x0000000017250800 nmethod 1025 0x0000000002ab28d0 code [0x0000000002ab2b40, 0x0000000002ab3cb8]
Event: 1.134 Thread 0x0000000017250800 1028       3       com.android.dx.ssa.SsaMethod::removeFromUseList (57 bytes)
Event: 1.135 Thread 0x000000001724d800 1030       4       com.android.dx.rop.code.BasicBlockList$RegCountVisitor::visit (52 bytes)
Event: 1.135 Thread 0x0000000017250800 nmethod 1028 0x0000000002ab1c10 code [0x0000000002ab1de0, 0x0000000002ab2588]
Event: 1.135 Thread 0x0000000017250800 1027       3       java.util.ArrayList::fastRemove (57 bytes)
Event: 1.135 Thread 0x0000000017250800 nmethod 1027 0x0000000002ab8350 code [0x0000000002ab84c0, 0x0000000002ab88a8]
Event: 1.135 Thread 0x0000000017250800 1029       3       com.android.dx.rop.code.BasicBlockList$RegCountVisitor::visitPlainCstInsn (6 bytes)
Event: 1.135 Thread 0x0000000017250800 nmethod 1029 0x0000000002aad3d0 code [0x0000000002aad540, 0x0000000002aad6c8]
Event: 1.135 Thread 0x0000000017250800 1032       3       com.android.dx.dex.code.RopTranslator$TranslationVisitor::visitThrowingCstInsn (225 bytes)

GC Heap History (0 events):
No events

Deoptimization events (7 events):
Event: 0.985 Thread 0x00000000173a8800 Uncommon trap: reason=class_check action=maybe_recompile pc=0x000000000299f50c method=com.android.dx.ssa.NormalSsaInsn.accept(Lcom/android/dx/ssa/SsaInsn$Visitor;)V @ 9
Event: 1.055 Thread 0x00000000173b9000 Uncommon trap: reason=class_check action=maybe_recompile pc=0x00000000029ea824 method=com.android.dx.rop.type.Type.equals(Ljava/lang/Object;)Z @ 8
Event: 1.056 Thread 0x00000000173b9000 Uncommon trap: reason=class_check action=maybe_recompile pc=0x00000000029ea824 method=com.android.dx.rop.type.Type.equals(Ljava/lang/Object;)Z @ 8
Event: 1.060 Thread 0x00000000173b9000 Uncommon trap: reason=class_check action=maybe_recompile pc=0x00000000029ea824 method=com.android.dx.rop.type.Type.equals(Ljava/lang/Object;)Z @ 8
Event: 1.073 Thread 0x00000000173b9000 Uncommon trap: reason=class_check action=maybe_recompile pc=0x00000000029ea824 method=com.android.dx.rop.type.Type.equals(Ljava/lang/Object;)Z @ 8
Event: 1.083 Thread 0x00000000173b9000 Uncommon trap: reason=bimorphic action=maybe_recompile pc=0x0000000002a4cc2c method=java.util.HashMap.putVal(ILjava/lang/Object;Ljava/lang/Object;ZZ)Ljava/lang/Object; @ 91
Event: 1.133 Thread 0x00000000173b9000 Uncommon trap: reason=bimorphic action=maybe_recompile pc=0x0000000002a4cc2c method=java.util.HashMap.putVal(ILjava/lang/Object;Ljava/lang/Object;ZZ)Ljava/lang/Object; @ 91

Internal exceptions (10 events):
Event: 0.878 Thread 0x00000000023ce000 Exception <a 'java/security/PrivilegedActionException'> (0x00000000eb6ae070) thrown at [C:\workspace\8-2-build-windows-amd64-cygwin\jdk8u31\2394\hotspot\src\share\vm\prims\jvm.cpp, line 1312]
Event: 0.879 Thread 0x00000000023ce000 Exception <a 'java/security/PrivilegedActionException'> (0x00000000eb6b1ba8) thrown at [C:\workspace\8-2-build-windows-amd64-cygwin\jdk8u31\2394\hotspot\src\share\vm\prims\jvm.cpp, line 1312]
Event: 0.880 Thread 0x00000000023ce000 Exception <a 'java/security/PrivilegedActionException'> (0x00000000eb6b46f0) thrown at [C:\workspace\8-2-build-windows-amd64-cygwin\jdk8u31\2394\hotspot\src\share\vm\prims\jvm.cpp, line 1312]
Event: 0.880 Thread 0x00000000173a4800 Exception <a 'java/security/PrivilegedActionException'> (0x00000000eaff77d8) thrown at [C:\workspace\8-2-build-windows-amd64-cygwin\jdk8u31\2394\hotspot\src\share\vm\prims\jvm.cpp, line 1312]
Event: 0.881 Thread 0x00000000173b9000 Exception <a 'java/security/PrivilegedActionException'> (0x00000000eb4b0c80) thrown at [C:\workspace\8-2-build-windows-amd64-cygwin\jdk8u31\2394\hotspot\src\share\vm\prims\jvm.cpp, line 1312]
Event: 0.884 Thread 0x00000000173b9000 Exception <a 'java/security/PrivilegedActionException'> (0x00000000eb4bf768) thrown at [C:\workspace\8-2-build-windows-amd64-cygwin\jdk8u31\2394\hotspot\src\share\vm\prims\jvm.cpp, line 1312]
Event: 0.898 Thread 0x00000000173a4800 Exception <a 'java/security/PrivilegedActionException'> (0x00000000eb960248) thrown at [C:\workspace\8-2-build-windows-amd64-cygwin\jdk8u31\2394\hotspot\src\share\vm\prims\jvm.cpp, line 1312]
Event: 0.976 Thread 0x00000000023ce000 Exception <a 'java/security/PrivilegedActionException'> (0x00000000eb844878) thrown at [C:\workspace\8-2-build-windows-amd64-cygwin\jdk8u31\2394\hotspot\src\share\vm\prims\jvm.cpp, line 1312]
Event: 1.005 Thread 0x00000000174b2800 Exception <a 'java/security/PrivilegedActionException'> (0x00000000ebc4f790) thrown at [C:\workspace\8-2-build-windows-amd64-cygwin\jdk8u31\2394\hotspot\src\share\vm\prims\jvm.cpp, line 1312]
Event: 1.076 Thread 0x00000000173b9000 Exception <a 'java/security/PrivilegedActionException'> (0x00000000ebe6eef0) thrown at [C:\workspace\8-2-build-windows-amd64-cygwin\jdk8u31\2394\hotspot\src\share\vm\prims\jvm.cpp, line 1312]

Events (10 events):
Event: 1.078 loading class java/util/HashMap$Values
Event: 1.078 loading class java/util/HashMap$Values done
Event: 1.078 loading class java/util/HashMap$ValueIterator
Event: 1.079 loading class java/util/HashMap$ValueIterator done
Event: 1.083 Thread 0x00000000173b9000 Uncommon trap: trap_request=0xffffffc6 fr.pc=0x0000000002a4cc2c
Event: 1.083 Thread 0x00000000173b9000 DEOPT PACKING pc=0x0000000002a4cc2c sp=0x00000000181bebf0
Event: 1.083 Thread 0x00000000173b9000 DEOPT UNPACKING pc=0x000000000271556a sp=0x00000000181beb18 mode 2
Event: 1.133 Thread 0x00000000173b9000 Uncommon trap: trap_request=0xffffffc6 fr.pc=0x0000000002a4cc2c
Event: 1.133 Thread 0x00000000173b9000 DEOPT PACKING pc=0x0000000002a4cc2c sp=0x00000000181bebf0
Event: 1.133 Thread 0x00000000173b9000 DEOPT UNPACKING pc=0x000000000271556a sp=0x00000000181beb18 mode 2


Dynamic libraries:
0x00007ff7c5360000 - 0x00007ff7c5394000 	C:\Program Files\Java\jdk1.8.0_31\bin\java.exe
0x00007ffed1530000 - 0x00007ffed16f1000 	C:\WINDOWS\SYSTEM32\ntdll.dll
0x00007ffeceba0000 - 0x00007ffecec4d000 	C:\WINDOWS\system32\KERNEL32.DLL
0x00007ffecd990000 - 0x00007ffecdb78000 	C:\WINDOWS\system32\KERNELBASE.dll
0x00007ffeceab0000 - 0x00007ffeceb57000 	C:\WINDOWS\system32\ADVAPI32.dll
0x00007ffecf5f0000 - 0x00007ffecf68d000 	C:\WINDOWS\system32\msvcrt.dll
0x00007ffecfaf0000 - 0x00007ffecfb4b000 	C:\WINDOWS\system32\sechost.dll
0x00007ffecf0a0000 - 0x00007ffecf1bc000 	C:\WINDOWS\system32\RPCRT4.dll
0x00007ffecf770000 - 0x00007ffecf8c6000 	C:\WINDOWS\system32\USER32.dll
0x00007ffecec50000 - 0x00007ffecedd6000 	C:\WINDOWS\system32\GDI32.dll
0x00007ffec1b20000 - 0x00007ffec1d94000 	C:\WINDOWS\WinSxS\amd64_microsoft.windows.common-controls_6595b64144ccf1df_6.0.10586.0_none_8c15ae12515e1c22\COMCTL32.dll
0x00007ffecfc40000 - 0x00007ffecfebd000 	C:\WINDOWS\system32\combase.dll
0x00007ffecdc30000 - 0x00007ffecdc9a000 	C:\WINDOWS\system32\bcryptPrimitives.dll
0x00007ffeceb60000 - 0x00007ffeceb9b000 	C:\WINDOWS\system32\IMM32.DLL
0x0000000050660000 - 0x0000000050732000 	C:\Program Files\Java\jdk1.8.0_31\jre\bin\msvcr100.dll
0x0000000050bc0000 - 0x000000005141a000 	C:\Program Files\Java\jdk1.8.0_31\jre\bin\server\jvm.dll
0x00007ffece670000 - 0x00007ffece693000 	C:\WINDOWS\system32\WINMM.dll
0x00007ffecd950000 - 0x00007ffecd97c000 	C:\WINDOWS\system32\WINMMBASE.dll
0x00007ffecdca0000 - 0x00007ffecdce3000 	C:\WINDOWS\system32\cfgmgr32.dll
0x00007ffecf690000 - 0x00007ffecf698000 	C:\WINDOWS\system32\PSAPI.DLL
0x00007ffec1b10000 - 0x00007ffec1b19000 	C:\WINDOWS\SYSTEM32\WSOCK32.dll
0x00007ffed1420000 - 0x00007ffed148b000 	C:\WINDOWS\system32\WS2_32.dll
0x0000000050ad0000 - 0x0000000050adf000 	C:\Program Files\Java\jdk1.8.0_31\jre\bin\verify.dll
0x0000000050aa0000 - 0x0000000050ac8000 	C:\Program Files\Java\jdk1.8.0_31\jre\bin\java.dll
0x0000000050a80000 - 0x0000000050a96000 	C:\Program Files\Java\jdk1.8.0_31\jre\bin\zip.dll
0x00007ffecfec0000 - 0x00007ffed141f000 	C:\WINDOWS\system32\SHELL32.dll
0x00007ffece010000 - 0x00007ffece654000 	C:\WINDOWS\system32\windows.storage.dll
0x00007ffecf980000 - 0x00007ffecf9d2000 	C:\WINDOWS\system32\shlwapi.dll
0x00007ffecd980000 - 0x00007ffecd98f000 	C:\WINDOWS\system32\kernel.appcore.dll
0x00007ffecdec0000 - 0x00007ffecdf75000 	C:\WINDOWS\system32\shcore.dll
0x00007ffece700000 - 0x00007ffece74b000 	C:\WINDOWS\system32\powrprof.dll
0x00007ffecd920000 - 0x00007ffecd934000 	C:\WINDOWS\system32\profapi.dll
0x00007ffea90c0000 - 0x00007ffea924c000 	C:\WINDOWS\SYSTEM32\dbghelp.dll

VM Arguments:
jvm_args: -Djava.awt.headless=true -Xmx1024M -Dfile.encoding=GBK -Duser.country=CN -Duser.language=zh -Duser.variant 
java_command: com.android.dx.command.Main --dex --num-threads=4 --output D:\Backup\AndroidStudioProjects\SimlpleMp3Player\app\build\intermediates\pre-dexed\debug\debug_31337e4a66d6e063d2b248477ff5741d7dad9612.jar D:\Backup\AndroidStudioProjects\SimlpleMp3Player\app\build\intermediates\classes\debug
java_class_path (initial): D:\SDK\build-tools\23.0.2\lib\dx.jar
Launcher Type: SUN_STANDARD

Environment Variables:
JAVA_HOME=C:\Program Files\Java\jdk1.8.0_31
CLASSPATH=C:\Program Files\Java\jdk1.8.0_31\lib\dt.jar;C:\Program Files\Java\jdk1.8.0_31\bin.tools.jar;.
PATH=C:\ProgramData\Oracle\Java\javapath;C:\WINDOWS\system32;C:\WINDOWS;C:\WINDOWS\System32\Wbem;C:\WINDOWS\System32\WindowsPowerShell\v1.0\;C:\Program Files (x86)\AMD\ATI.ACE\Core-Static;C:\Program Files (x86)\Microsoft SQL Server\100\Tools\Binn\;C:\Program Files\Microsoft SQL Server\100\Tools\Binn\;C:\Program Files\Microsoft SQL Server\100\DTS\Binn\;C:\Program Files (x86)\IDM Computer Solutions\UltraEdit;C:\Python27;C:\Program Files (x86)\Apkdb;C:\Program Files (x86)\ATI Technologies\ATI.ACE\Core-Static;C:\Program Files (x86)\Windows Kits\8.1\Windows Performance Toolkit\;C:\WINDOWS\system32\config\systemprofile\.dnx\bin;C:\Program Files\Microsoft DNX\Dnvm\;C:\Users\Administrator\AppData\Local\Programs\Python\Python35\Scripts\;C:\Users\Administrator\AppData\Local\Programs\Python\Python35\;C:\Program Files\Java\jdk1.8.0_31\bin;C:\Program Files\Genymobile\Genymotion\tools
USERNAME=Administrator
OS=Windows_NT
PROCESSOR_IDENTIFIER=Intel64 Family 6 Model 60 Stepping 3, GenuineIntel



---------------  S Y S T E M  ---------------

OS: Windows 8.1 , 64 bit Build 9600 

CPU:total 8 (4 cores per cpu, 2 threads per core) family 6 model 60 stepping 3, cmov, cx8, fxsr, mmx, sse, sse2, sse3, ssse3, sse4.1, sse4.2, popcnt, avx, avx2, aes, clmul, erms, lzcnt, ht, tsc, tscinvbit, bmi1, bmi2

Memory: 4k page, physical 8351060k(2352720k free), swap 8351060k(4092k free)

vm_info: Java HotSpot(TM) 64-Bit Server VM (25.31-b07) for windows-amd64 JRE (1.8.0_31-b13), built on Dec 17 2014 21:00:28 by "java_re" with MS VC++ 10.0 (VS2010)

time: Tue Jan 05 17:53:43 2016
elapsed time: 1 seconds (0d 0h 0m 1s)

