#
# There is insufficient memory for the Java Runtime Environment to continue.
# Native memory allocation (malloc) failed to allocate 347296 bytes for Chunk::new
# Possible reasons:
#   The system is out of physical RAM or swap space
#   In 32 bit mode, the process size limit was hit
# Possible solutions:
#   Reduce memory load on the system
#   Increase physical memory or swap space
#   Check if swap backing store is full
#   Use 64 bit Java on a 64 bit OS
#   Decrease Java heap size (-Xmx/-Xms)
#   Decrease number of Java threads
#   Decrease Java thread stack sizes (-Xss)
#   Set larger code cache with -XX:ReservedCodeCacheSize=
# This output file may be truncated or incomplete.
#
#  Out of Memory Error (allocation.cpp:390), pid=6656, tid=5032
#
# JRE version: Java(TM) SE Runtime Environment (8.0_31-b13) (build 1.8.0_31-b13)
# Java VM: Java HotSpot(TM) 64-Bit Server VM (25.31-b07 mixed mode windows-amd64 compressed oops)
# Failed to write core dump. Minidumps are not enabled by default on client versions of Windows
#

---------------  T H R E A D  ---------------

Current thread (0x00000000172d8000):  JavaThread "C2 CompilerThread1" daemon [_thread_in_native, id=5032, stack(0x0000000017950000,0x0000000017a50000)]

Stack: [0x0000000017950000,0x0000000017a50000]
Native frames: (J=compiled Java code, j=interpreted, Vv=VM code, C=native code)
V  [jvm.dll+0x3169ba]
V  [jvm.dll+0x2674c3]
V  [jvm.dll+0x268103]
V  [jvm.dll+0x25f8f5]
V  [jvm.dll+0xbf025]
V  [jvm.dll+0xbf4cc]
V  [jvm.dll+0x45df82]
V  [jvm.dll+0x49f21f]
V  [jvm.dll+0x453401]
V  [jvm.dll+0x454124]
V  [jvm.dll+0x437c62]
V  [jvm.dll+0x988e2]
V  [jvm.dll+0x990d3]
V  [jvm.dll+0x22c194]
V  [jvm.dll+0x28576a]
C  [msvcr100.dll+0x21d9f]
C  [msvcr100.dll+0x21e3b]
C  [KERNEL32.DLL+0x18102]
C  [ntdll.dll+0x5c2e4]


Current CompileTask:
C2:    253  433       4       java.util.TreeMap::put (247 bytes)


---------------  P R O C E S S  ---------------

Java Threads: ( => current thread )
  0x0000000017470800 JavaThread "pool-1-thread-4" [_thread_blocked, id=6568, stack(0x0000000018250000,0x0000000018350000)]
  0x0000000017477000 JavaThread "pool-1-thread-3" [_thread_blocked, id=7088, stack(0x0000000018150000,0x0000000018250000)]
  0x0000000017476000 JavaThread "pool-1-thread-2" [_thread_blocked, id=9340, stack(0x0000000018050000,0x0000000018150000)]
  0x000000001746d800 JavaThread "pool-2-thread-1" [_thread_blocked, id=10520, stack(0x0000000017f50000,0x0000000018050000)]
  0x000000001743a000 JavaThread "pool-1-thread-1" [_thread_blocked, id=10960, stack(0x0000000017e50000,0x0000000017f50000)]
  0x0000000017372000 JavaThread "Service Thread" daemon [_thread_blocked, id=8968, stack(0x0000000017c50000,0x0000000017d50000)]
  0x00000000172e0000 JavaThread "C1 CompilerThread3" daemon [_thread_in_native, id=488, stack(0x0000000017b50000,0x0000000017c50000)]
  0x00000000172da000 JavaThread "C2 CompilerThread2" daemon [_thread_in_vm, id=8984, stack(0x0000000017a50000,0x0000000017b50000)]
=>0x00000000172d8000 JavaThread "C2 CompilerThread1" daemon [_thread_in_native, id=5032, stack(0x0000000017950000,0x0000000017a50000)]
  0x00000000172d6000 JavaThread "C2 CompilerThread0" daemon [_thread_in_native, id=8964, stack(0x0000000017850000,0x0000000017950000)]
  0x00000000172d3800 JavaThread "Attach Listener" daemon [_thread_blocked, id=3556, stack(0x0000000017750000,0x0000000017850000)]
  0x0000000017288000 JavaThread "Signal Dispatcher" daemon [_thread_blocked, id=9024, stack(0x0000000017650000,0x0000000017750000)]
  0x0000000002749000 JavaThread "Finalizer" daemon [_thread_blocked, id=9360, stack(0x0000000017150000,0x0000000017250000)]
  0x000000001526c800 JavaThread "Reference Handler" daemon [_thread_blocked, id=3056, stack(0x0000000017050000,0x0000000017150000)]
  0x000000000264d800 JavaThread "main" [_thread_in_Java, id=8412, stack(0x00000000024e0000,0x00000000025e0000)]

Other Threads:
  0x0000000015268800 VMThread [stack: 0x0000000016f50000,0x0000000017050000] [id=284]
  0x0000000017373000 WatcherThread [stack: 0x0000000017d50000,0x0000000017e50000] [id=7704]

VM state:not at safepoint (normal execution)

VM Mutex/Monitor currently owned by a thread: None

Heap:
 PSYoungGen      total 38400K, used 13585K [0x00000000eab00000, 0x00000000ed580000, 0x0000000100000000)
  eden space 33280K, 40% used [0x00000000eab00000,0x00000000eb8444d8,0x00000000ecb80000)
  from space 5120K, 0% used [0x00000000ed080000,0x00000000ed080000,0x00000000ed580000)
  to   space 5120K, 0% used [0x00000000ecb80000,0x00000000ecb80000,0x00000000ed080000)
 ParOldGen       total 87552K, used 0K [0x00000000c0000000, 0x00000000c5580000, 0x00000000eab00000)
  object space 87552K, 0% used [0x00000000c0000000,0x00000000c0000000,0x00000000c5580000)
 Metaspace       used 5403K, capacity 6448K, committed 6528K, reserved 1056768K
  class space    used 579K, capacity 616K, committed 640K, reserved 1048576K

Card table byte_map: [0x0000000011b10000,0x0000000011d20000] byte_map_base: 0x0000000011510000

Marking Bits: (ParMarkBitMap*) 0x000000005352d4f0
 Begin Bits: [0x0000000012680000, 0x0000000013680000)
 End Bits:   [0x0000000013680000, 0x0000000014680000)

Polling page: 0x0000000000580000

CodeCache: size=245760Kb used=1930Kb max_used=1944Kb free=243829Kb
 bounds [0x0000000002750000, 0x00000000029c0000, 0x0000000011750000]
 total_blobs=691 nmethods=426 adapters=179
 compilation: enabled

Compilation events (10 events):
Event: 0.242 Thread 0x00000000172e0000  434   !   3       com.android.dx.cf.code.BytecodeArray::parseInstruction (2764 bytes)
Event: 0.242 Thread 0x00000000172d6000 nmethod 437 0x0000000002937450 code [0x0000000002937580, 0x0000000002937638]
Event: 0.242 Thread 0x00000000172d6000  446       4       java.util.TreeMap::getEntry (84 bytes)
Event: 0.242 Thread 0x00000000172da000 nmethod 422 0x0000000002936650 code [0x00000000029367c0, 0x0000000002936c68]
Event: 0.242 Thread 0x00000000172da000  445       4       java.util.ArrayList$Itr::hasNext (20 bytes)
Event: 0.242 Thread 0x00000000172da000 nmethod 445 0x0000000002927c90 code [0x0000000002927dc0, 0x0000000002927e38]
Event: 0.242 Thread 0x00000000172da000  455       4       java.util.ArrayList$Itr::next (66 bytes)
Event: 0.243 Thread 0x00000000172da000 nmethod 455 0x00000000029335d0 code [0x0000000002933720, 0x0000000002933818]
Event: 0.243 Thread 0x00000000172da000  459       4       java.util.BitSet::checkInvariants (111 bytes)
Event: 0.243 Thread 0x00000000172da000 nmethod 459 0x0000000002929bd0 code [0x0000000002929d00, 0x0000000002929d58]

GC Heap History (0 events):
No events

Deoptimization events (10 events):
Event: 0.235 Thread 0x0000000017476000 Uncommon trap: reason=class_check action=maybe_recompile pc=0x00000000028e8a88 method=com.android.dx.rop.cst.Constant.compareTo(Ljava/lang/Object;)I @ 2
Event: 0.235 Thread 0x0000000017476000 Uncommon trap: reason=class_check action=maybe_recompile pc=0x00000000028ee770 method=com.android.dx.rop.cst.CstMemberRef.compareTo0(Lcom/android/dx/rop/cst/Constant;)I @ 1
Event: 0.235 Thread 0x0000000017476000 Uncommon trap: reason=class_check action=maybe_recompile pc=0x00000000028e8a88 method=com.android.dx.rop.cst.Constant.compareTo(Ljava/lang/Object;)I @ 2
Event: 0.235 Thread 0x0000000017476000 Uncommon trap: reason=class_check action=maybe_recompile pc=0x00000000028ee770 method=com.android.dx.rop.cst.CstMemberRef.compareTo0(Lcom/android/dx/rop/cst/Constant;)I @ 1
Event: 0.235 Thread 0x000000001743a000 Uncommon trap: reason=class_check action=maybe_recompile pc=0x00000000028e8a88 method=com.android.dx.rop.cst.Constant.compareTo(Ljava/lang/Object;)I @ 2
Event: 0.236 Thread 0x000000001743a000 Uncommon trap: reason=class_check action=maybe_recompile pc=0x00000000028ee770 method=com.android.dx.rop.cst.CstMemberRef.compareTo0(Lcom/android/dx/rop/cst/Constant;)I @ 1
Event: 0.239 Thread 0x0000000017477000 Uncommon trap: reason=speculate_class_check action=maybe_recompile pc=0x000000000292c57c method=com.android.dx.rop.cst.Constant.compareTo(Lcom/android/dx/rop/cst/Constant;)I @ 29
Event: 0.239 Thread 0x0000000017477000 Uncommon trap: reason=speculate_class_check action=maybe_recompile pc=0x000000000292c57c method=com.android.dx.rop.cst.Constant.compareTo(Lcom/android/dx/rop/cst/Constant;)I @ 29
Event: 0.239 Thread 0x0000000017477000 Uncommon trap: reason=speculate_class_check action=maybe_recompile pc=0x000000000292c57c method=com.android.dx.rop.cst.Constant.compareTo(Lcom/android/dx/rop/cst/Constant;)I @ 29
Event: 0.239 Thread 0x0000000017477000 Uncommon trap: reason=speculate_class_check action=maybe_recompile pc=0x000000000292c57c method=com.android.dx.rop.cst.Constant.compareTo(Lcom/android/dx/rop/cst/Constant;)I @ 29

Internal exceptions (10 events):
Event: 0.231 Thread 0x000000000264d800 Exception <a 'java/security/PrivilegedActionException'> (0x00000000eb367ae0) thrown at [C:\workspace\8-2-build-windows-amd64-cygwin\jdk8u31\2394\hotspot\src\share\vm\prims\jvm.cpp, line 1312]
Event: 0.231 Thread 0x0000000017477000 Exception <a 'java/security/PrivilegedActionException'> (0x00000000eb53bba8) thrown at [C:\workspace\8-2-build-windows-amd64-cygwin\jdk8u31\2394\hotspot\src\share\vm\prims\jvm.cpp, line 1312]
Event: 0.233 Thread 0x000000000264d800 Exception <a 'java/security/PrivilegedActionException'> (0x00000000eb36b558) thrown at [C:\workspace\8-2-build-windows-amd64-cygwin\jdk8u31\2394\hotspot\src\share\vm\prims\jvm.cpp, line 1312]
Event: 0.233 Thread 0x000000000264d800 Exception <a 'java/security/PrivilegedActionException'> (0x00000000eb3717d0) thrown at [C:\workspace\8-2-build-windows-amd64-cygwin\jdk8u31\2394\hotspot\src\share\vm\prims\jvm.cpp, line 1312]
Event: 0.233 Thread 0x0000000017476000 Exception <a 'java/security/PrivilegedActionException'> (0x00000000eb1595b0) thrown at [C:\workspace\8-2-build-windows-amd64-cygwin\jdk8u31\2394\hotspot\src\share\vm\prims\jvm.cpp, line 1312]
Event: 0.234 Thread 0x0000000017476000 Exception <a 'java/security/PrivilegedActionException'> (0x00000000eb15ecd0) thrown at [C:\workspace\8-2-build-windows-amd64-cygwin\jdk8u31\2394\hotspot\src\share\vm\prims\jvm.cpp, line 1312]
Event: 0.234 Thread 0x0000000017476000 Exception <a 'java/security/PrivilegedActionException'> (0x00000000eb167498) thrown at [C:\workspace\8-2-build-windows-amd64-cygwin\jdk8u31\2394\hotspot\src\share\vm\prims\jvm.cpp, line 1312]
Event: 0.235 Thread 0x0000000017476000 Exception <a 'java/security/PrivilegedActionException'> (0x00000000eb16c828) thrown at [C:\workspace\8-2-build-windows-amd64-cygwin\jdk8u31\2394\hotspot\src\share\vm\prims\jvm.cpp, line 1312]
Event: 0.235 Thread 0x0000000017476000 Exception <a 'java/security/PrivilegedActionException'> (0x00000000eb16f530) thrown at [C:\workspace\8-2-build-windows-amd64-cygwin\jdk8u31\2394\hotspot\src\share\vm\prims\jvm.cpp, line 1312]
Event: 0.236 Thread 0x000000000264d800 Exception <a 'java/security/PrivilegedActionException'> (0x00000000eb5b0360) thrown at [C:\workspace\8-2-build-windows-amd64-cygwin\jdk8u31\2394\hotspot\src\share\vm\prims\jvm.cpp, line 1312]

Events (10 events):
Event: 0.239 Thread 0x0000000017477000 DEOPT UNPACKING pc=0x000000000279556a sp=0x000000001824eaf0 mode 2
Event: 0.239 Thread 0x0000000017477000 Uncommon trap: trap_request=0xffffff76 fr.pc=0x000000000292c57c
Event: 0.239 Thread 0x0000000017477000 DEOPT PACKING pc=0x000000000292c57c sp=0x000000001824ec30
Event: 0.239 Thread 0x0000000017477000 DEOPT UNPACKING pc=0x000000000279556a sp=0x000000001824eb60 mode 2
Event: 0.239 Thread 0x0000000017477000 Uncommon trap: trap_request=0xffffff76 fr.pc=0x000000000292c57c
Event: 0.239 Thread 0x0000000017477000 DEOPT PACKING pc=0x000000000292c57c sp=0x000000001824ec20
Event: 0.239 Thread 0x0000000017477000 DEOPT UNPACKING pc=0x000000000279556a sp=0x000000001824eb50 mode 2
Event: 0.239 Thread 0x0000000017477000 Uncommon trap: trap_request=0xffffff76 fr.pc=0x000000000292c57c
Event: 0.239 Thread 0x0000000017477000 DEOPT PACKING pc=0x000000000292c57c sp=0x000000001824ec00
Event: 0.239 Thread 0x0000000017477000 DEOPT UNPACKING pc=0x000000000279556a sp=0x000000001824eb30 mode 2


Dynamic libraries:
0x00007ff7e2a80000 - 0x00007ff7e2ab4000 	C:\Program Files\Java\jdk1.8.0_31\bin\java.exe
0x00007fff81a90000 - 0x00007fff81c51000 	C:\WINDOWS\SYSTEM32\ntdll.dll
0x00007fff7f050000 - 0x00007fff7f0fd000 	C:\WINDOWS\system32\KERNEL32.DLL
0x00007fff7def0000 - 0x00007fff7e0d8000 	C:\WINDOWS\system32\KERNELBASE.dll
0x00007fff7f2e0000 - 0x00007fff7f387000 	C:\WINDOWS\system32\ADVAPI32.dll
0x00007fff7f750000 - 0x00007fff7f7ed000 	C:\WINDOWS\system32\msvcrt.dll
0x00007fff7ed40000 - 0x00007fff7ed9b000 	C:\WINDOWS\system32\sechost.dll
0x00007fff7f9d0000 - 0x00007fff7faec000 	C:\WINDOWS\system32\RPCRT4.dll
0x00007fff7f390000 - 0x00007fff7f4e6000 	C:\WINDOWS\system32\USER32.dll
0x00007fff7eda0000 - 0x00007fff7ef26000 	C:\WINDOWS\system32\GDI32.dll
0x00007fff72c20000 - 0x00007fff72e94000 	C:\WINDOWS\WinSxS\amd64_microsoft.windows.common-controls_6595b64144ccf1df_6.0.10586.0_none_8c15ae12515e1c22\COMCTL32.dll
0x00007fff801a0000 - 0x00007fff8041d000 	C:\WINDOWS\system32\combase.dll
0x00007fff7e160000 - 0x00007fff7e1ca000 	C:\WINDOWS\system32\bcryptPrimitives.dll
0x00007fff7f230000 - 0x00007fff7f26b000 	C:\WINDOWS\system32\IMM32.DLL
0x0000000052560000 - 0x0000000052632000 	C:\Program Files\Java\jdk1.8.0_31\jre\bin\msvcr100.dll
0x0000000052d50000 - 0x00000000535aa000 	C:\Program Files\Java\jdk1.8.0_31\jre\bin\server\jvm.dll
0x00007fff7eb30000 - 0x00007fff7eb53000 	C:\WINDOWS\system32\WINMM.dll
0x00007fff7deb0000 - 0x00007fff7dedc000 	C:\WINDOWS\system32\WINMMBASE.dll
0x00007fff74720000 - 0x00007fff74729000 	C:\WINDOWS\SYSTEM32\WSOCK32.dll
0x00007fff7eae0000 - 0x00007fff7eb23000 	C:\WINDOWS\system32\cfgmgr32.dll
0x00007fff7ef90000 - 0x00007fff7ef98000 	C:\WINDOWS\system32\PSAPI.DLL
0x00007fff7f270000 - 0x00007fff7f2db000 	C:\WINDOWS\system32\WS2_32.dll
0x0000000052c60000 - 0x0000000052c6f000 	C:\Program Files\Java\jdk1.8.0_31\jre\bin\verify.dll
0x0000000052c30000 - 0x0000000052c58000 	C:\Program Files\Java\jdk1.8.0_31\jre\bin\java.dll
0x0000000052c10000 - 0x0000000052c26000 	C:\Program Files\Java\jdk1.8.0_31\jre\bin\zip.dll
0x00007fff80530000 - 0x00007fff81a8f000 	C:\WINDOWS\system32\SHELL32.dll
0x00007fff7e1d0000 - 0x00007fff7e814000 	C:\WINDOWS\system32\windows.storage.dll
0x00007fff7f100000 - 0x00007fff7f152000 	C:\WINDOWS\system32\shlwapi.dll
0x00007fff7dea0000 - 0x00007fff7deaf000 	C:\WINDOWS\system32\kernel.appcore.dll
0x00007fff7eb60000 - 0x00007fff7ec15000 	C:\WINDOWS\system32\shcore.dll
0x00007fff7e0f0000 - 0x00007fff7e13b000 	C:\WINDOWS\system32\powrprof.dll
0x00007fff7de80000 - 0x00007fff7de94000 	C:\WINDOWS\system32\profapi.dll
0x00007fff548f0000 - 0x00007fff54a7c000 	C:\WINDOWS\SYSTEM32\dbghelp.dll

VM Arguments:
jvm_args: -Djava.awt.headless=true -Xmx1024M -Dfile.encoding=GBK -Duser.country=CN -Duser.language=zh -Duser.variant 
java_command: com.android.dx.command.Main --dex --num-threads=4 --output D:\Backup\AndroidStudioProjects\SimlpleMp3Player\app\build\intermediates\pre-dexed\debug\debug_31337e4a66d6e063d2b248477ff5741d7dad9612.jar D:\Backup\AndroidStudioProjects\SimlpleMp3Player\app\build\intermediates\classes\debug
java_class_path (initial): D:\SDK\build-tools\23.0.2\lib\dx.jar
Launcher Type: SUN_STANDARD

Environment Variables:
JAVA_HOME=C:\Program Files\Java\jdk1.8.0_31
CLASSPATH=C:\Program Files\Java\jdk1.8.0_31\lib\dt.jar;C:\Program Files\Java\jdk1.8.0_31\bin.tools.jar;.
PATH=C:\ProgramData\Oracle\Java\javapath;C:\WINDOWS\system32;C:\WINDOWS;C:\WINDOWS\System32\Wbem;C:\WINDOWS\System32\WindowsPowerShell\v1.0\;C:\Program Files (x86)\AMD\ATI.ACE\Core-Static;C:\Program Files (x86)\Microsoft SQL Server\100\Tools\Binn\;C:\Program Files\Microsoft SQL Server\100\Tools\Binn\;C:\Program Files\Microsoft SQL Server\100\DTS\Binn\;C:\Program Files (x86)\IDM Computer Solutions\UltraEdit;C:\Python27;C:\Program Files (x86)\Apkdb;C:\Program Files (x86)\ATI Technologies\ATI.ACE\Core-Static;C:\Program Files (x86)\Windows Kits\8.1\Windows Performance Toolkit\;C:\WINDOWS\system32\config\systemprofile\.dnx\bin;C:\Program Files\Microsoft DNX\Dnvm\;C:\Users\Administrator\AppData\Local\Programs\Python\Python35\Scripts\;C:\Users\Administrator\AppData\Local\Programs\Python\Python35\;C:\Program Files\Java\jdk1.8.0_31\bin
USERNAME=Administrator
OS=Windows_NT
PROCESSOR_IDENTIFIER=Intel64 Family 6 Model 60 Stepping 3, GenuineIntel



---------------  S Y S T E M  ---------------

OS: Windows 8.1 , 64 bit Build 9600 

CPU:total 8 (4 cores per cpu, 2 threads per core) family 6 model 60 stepping 3, cmov, cx8, fxsr, mmx, sse, sse2, sse3, ssse3, sse4.1, sse4.2, popcnt, avx, avx2, aes, clmul, erms, lzcnt, ht, tsc, tscinvbit, bmi1, bmi2

Memory: 4k page, physical 8351060k(2083828k free), swap 8351060k(4092k free)

vm_info: Java HotSpot(TM) 64-Bit Server VM (25.31-b07) for windows-amd64 JRE (1.8.0_31-b13), built on Dec 17 2014 21:00:28 by "java_re" with MS VC++ 10.0 (VS2010)

time: Sun Jan 03 19:50:49 2016
elapsed time: 0 seconds (0d 0h 0m 0s)

